Removed Pin From Net: NetName=NetMCP1_27 Pin=ULN1-1
Removed Pin From Net: NetName=NetMCP1_28 Pin=ULN1-2
Removed Pin From Net: NetName=NetMCP1_1 Pin=ULN1-3
Removed Pin From Net: NetName=NetMCP1_2 Pin=ULN1-4
Removed Pin From Net: NetName=NetMCP1_3 Pin=ULN1-5
Removed Pin From Net: NetName=NetMCP1_4 Pin=ULN1-6
Removed Pin From Net: NetName=NetK8_U_rel_ladder2_8 Pin=ULN1-10
Removed Pin From Net: NetName=NetK7_U_rel_ladder2_8 Pin=ULN1-11
Removed Pin From Net: NetName=NetK6_U_rel_ladder2_8 Pin=ULN1-12
Removed Pin From Net: NetName=NetK5_U_rel_ladder2_8 Pin=ULN1-13
Removed Pin From Net: NetName=NetK4_U_rel_ladder2_8 Pin=ULN1-14
Removed Pin From Net: NetName=NetK3_U_rel_ladder2_8 Pin=ULN1-15
Removed Pin From Net: NetName=NetK2_U_rel_ladder2_8 Pin=ULN1-16
Removed Pin From Net: NetName=NetK1_U_rel_ladder2_8 Pin=ULN1-17
Removed Pin From Net: NetName=NetMCP1_25 Pin=ULN1-19
Removed Pin From Net: NetName=NetMCP1_26 Pin=ULN1-20
Removed Pin From Net: NetName=NetMCP1_19 Pin=ULN2-1
Removed Pin From Net: NetName=NetMCP1_20 Pin=ULN2-2
Removed Pin From Net: NetName=NetMCP1_21 Pin=ULN2-3
Removed Pin From Net: NetName=NetMCP1_22 Pin=ULN2-4
Removed Pin From Net: NetName=NetMCP1_23 Pin=ULN2-5
Removed Pin From Net: NetName=NetMCP1_24 Pin=ULN2-6
Removed Pin From Net: NetName=NetK8_U_rel_ladder1_8 Pin=ULN2-10
Removed Pin From Net: NetName=NetK7_U_rel_ladder1_8 Pin=ULN2-11
Removed Pin From Net: NetName=NetK6_U_rel_ladder1_8 Pin=ULN2-12
Removed Pin From Net: NetName=NetK5_U_rel_ladder1_8 Pin=ULN2-13
Removed Pin From Net: NetName=NetK4_U_rel_ladder1_8 Pin=ULN2-14
Removed Pin From Net: NetName=NetK3_U_rel_ladder1_8 Pin=ULN2-15
Removed Pin From Net: NetName=NetK2_U_rel_ladder1_8 Pin=ULN2-16
Removed Pin From Net: NetName=NetK1_U_rel_ladder1_8 Pin=ULN2-17
Removed Pin From Net: NetName=NetMCP1_17 Pin=ULN2-19
Removed Pin From Net: NetName=NetMCP1_18 Pin=ULN2-20
Added Pin To Net: NetName=NetMCP1_22 Pin=ULN1-1
Added Pin To Net: NetName=NetMCP1_21 Pin=ULN1-2
Added Pin To Net: NetName=NetMCP1_20 Pin=ULN1-3
Added Pin To Net: NetName=NetMCP1_19 Pin=ULN1-4
Added Pin To Net: NetName=NetMCP1_18 Pin=ULN1-5
Added Pin To Net: NetName=NetMCP1_17 Pin=ULN1-6
Added Pin To Net: NetName=NetK8_U_rel_ladder1_8 Pin=ULN1-10
Added Pin To Net: NetName=NetK7_U_rel_ladder1_8 Pin=ULN1-11
Added Pin To Net: NetName=NetK6_U_rel_ladder1_8 Pin=ULN1-12
Added Pin To Net: NetName=NetK5_U_rel_ladder1_8 Pin=ULN1-13
Added Pin To Net: NetName=NetK4_U_rel_ladder1_8 Pin=ULN1-14
Added Pin To Net: NetName=NetK3_U_rel_ladder1_8 Pin=ULN1-15
Added Pin To Net: NetName=NetK2_U_rel_ladder1_8 Pin=ULN1-16
Added Pin To Net: NetName=NetK1_U_rel_ladder1_8 Pin=ULN1-17
Added Pin To Net: NetName=NetMCP1_24 Pin=ULN1-19
Added Pin To Net: NetName=NetMCP1_23 Pin=ULN1-20
Added Pin To Net: NetName=NetMCP1_2 Pin=ULN2-1
Added Pin To Net: NetName=NetMCP1_1 Pin=ULN2-2
Added Pin To Net: NetName=NetMCP1_28 Pin=ULN2-3
Added Pin To Net: NetName=NetMCP1_27 Pin=ULN2-4
Added Pin To Net: NetName=NetMCP1_26 Pin=ULN2-5
Added Pin To Net: NetName=NetMCP1_25 Pin=ULN2-6
Added Pin To Net: NetName=NetK8_U_rel_ladder2_8 Pin=ULN2-10
Added Pin To Net: NetName=NetK7_U_rel_ladder2_8 Pin=ULN2-11
Added Pin To Net: NetName=NetK6_U_rel_ladder2_8 Pin=ULN2-12
Added Pin To Net: NetName=NetK5_U_rel_ladder2_8 Pin=ULN2-13
Added Pin To Net: NetName=NetK4_U_rel_ladder2_8 Pin=ULN2-14
Added Pin To Net: NetName=NetK3_U_rel_ladder2_8 Pin=ULN2-15
Added Pin To Net: NetName=NetK2_U_rel_ladder2_8 Pin=ULN2-16
Added Pin To Net: NetName=NetK1_U_rel_ladder2_8 Pin=ULN2-17
Added Pin To Net: NetName=NetMCP1_4 Pin=ULN2-19
Added Pin To Net: NetName=NetMCP1_3 Pin=ULN2-20
Added Room: Name=POT 2x8
