Removed Pin From Net: NetName=C2 Pin=CN2-1
Removed Pin From Net: NetName=C1 Pin=CN4-1
Change Component Designator: OldDesignator=J2_U_rel_ladder1 NewDesignator=J2_U_rel_ladder2
Change Component Designator: OldDesignator=J2_U_rel_ladder2 NewDesignator=J2_U_rel_ladder1
Change Component Designator: OldDesignator=K1_U_rel_ladder1 NewDesignator=K1_U_rel_ladder2
Change Component Designator: OldDesignator=K1_U_rel_ladder2 NewDesignator=K1_U_rel_ladder1
Change Component Designator: OldDesignator=K2_U_rel_ladder1 NewDesignator=K2_U_rel_ladder2
Change Component Designator: OldDesignator=K2_U_rel_ladder2 NewDesignator=K2_U_rel_ladder1
Change Component Designator: OldDesignator=K3_U_rel_ladder1 NewDesignator=K3_U_rel_ladder2
Change Component Designator: OldDesignator=K3_U_rel_ladder2 NewDesignator=K3_U_rel_ladder1
Change Component Designator: OldDesignator=K4_U_rel_ladder1 NewDesignator=K4_U_rel_ladder2
Change Component Designator: OldDesignator=K4_U_rel_ladder2 NewDesignator=K4_U_rel_ladder1
Change Component Designator: OldDesignator=K5_U_rel_ladder1 NewDesignator=K5_U_rel_ladder2
Change Component Designator: OldDesignator=K5_U_rel_ladder2 NewDesignator=K5_U_rel_ladder1
Change Component Designator: OldDesignator=K6_U_rel_ladder1 NewDesignator=K6_U_rel_ladder2
Change Component Designator: OldDesignator=K6_U_rel_ladder2 NewDesignator=K6_U_rel_ladder1
Change Component Designator: OldDesignator=K7_U_rel_ladder1 NewDesignator=K7_U_rel_ladder2
Change Component Designator: OldDesignator=K7_U_rel_ladder2 NewDesignator=K7_U_rel_ladder1
Change Component Designator: OldDesignator=K8_U_rel_ladder1 NewDesignator=K8_U_rel_ladder2
Change Component Designator: OldDesignator=K8_U_rel_ladder2 NewDesignator=K8_U_rel_ladder1
Change Component Designator: OldDesignator=R1_U_rel_ladder1 NewDesignator=R1_U_rel_ladder2
Change Component Designator: OldDesignator=R1_U_rel_ladder2 NewDesignator=R1_U_rel_ladder1
Change Component Designator: OldDesignator=R2_U_rel_ladder1 NewDesignator=R2_U_rel_ladder2
Change Component Designator: OldDesignator=R2_U_rel_ladder2 NewDesignator=R2_U_rel_ladder1
Change Component Designator: OldDesignator=R3_U_rel_ladder1 NewDesignator=R3_U_rel_ladder2
Change Component Designator: OldDesignator=R3_U_rel_ladder2 NewDesignator=R3_U_rel_ladder1
Change Component Designator: OldDesignator=R4_U_rel_ladder1 NewDesignator=R4_U_rel_ladder2
Change Component Designator: OldDesignator=R4_U_rel_ladder2 NewDesignator=R4_U_rel_ladder1
Change Component Designator: OldDesignator=R5_U_rel_ladder1 NewDesignator=R5_U_rel_ladder2
Change Component Designator: OldDesignator=R5_U_rel_ladder2 NewDesignator=R5_U_rel_ladder1
Change Component Designator: OldDesignator=R6_U_rel_ladder1 NewDesignator=R6_U_rel_ladder2
Change Component Designator: OldDesignator=R6_U_rel_ladder2 NewDesignator=R6_U_rel_ladder1
Change Component Designator: OldDesignator=R7_U_rel_ladder1 NewDesignator=R7_U_rel_ladder2
Change Component Designator: OldDesignator=R7_U_rel_ladder2 NewDesignator=R7_U_rel_ladder1
Change Component Designator: OldDesignator=R8_U_rel_ladder1 NewDesignator=R8_U_rel_ladder2
Change Component Designator: OldDesignator=R8_U_rel_ladder2 NewDesignator=R8_U_rel_ladder1
Change Component Designator: OldDesignator=R9_U_rel_ladder1 NewDesignator=R9_U_rel_ladder2
Change Component Designator: OldDesignator=R9_U_rel_ladder2 NewDesignator=R9_U_rel_ladder1
Change Component Designator: OldDesignator=R10_U_rel_ladder1 NewDesignator=R10_U_rel_ladder2
Change Component Designator: OldDesignator=R10_U_rel_ladder2 NewDesignator=R10_U_rel_ladder1
Change Component Designator: OldDesignator=R11_U_rel_ladder1 NewDesignator=R11_U_rel_ladder2
Change Component Designator: OldDesignator=R11_U_rel_ladder2 NewDesignator=R11_U_rel_ladder1
Change Component Designator: OldDesignator=R12_U_rel_ladder1 NewDesignator=R12_U_rel_ladder2
Change Component Designator: OldDesignator=R12_U_rel_ladder2 NewDesignator=R12_U_rel_ladder1
Change Component Designator: OldDesignator=R13_U_rel_ladder1 NewDesignator=R13_U_rel_ladder2
Change Component Designator: OldDesignator=R13_U_rel_ladder2 NewDesignator=R13_U_rel_ladder1
Change Component Designator: OldDesignator=R14_U_rel_ladder1 NewDesignator=R14_U_rel_ladder2
Change Component Designator: OldDesignator=R14_U_rel_ladder2 NewDesignator=R14_U_rel_ladder1
Change Component Designator: OldDesignator=R15_U_rel_ladder1 NewDesignator=R15_U_rel_ladder2
Change Component Designator: OldDesignator=R15_U_rel_ladder2 NewDesignator=R15_U_rel_ladder1
Change Component Designator: OldDesignator=R16_U_rel_ladder1 NewDesignator=R16_U_rel_ladder2
Change Component Designator: OldDesignator=R16_U_rel_ladder2 NewDesignator=R16_U_rel_ladder1
Added Pin To Net: NetName=C2 Pin=CN1-2
Added Pin To Net: NetName=C1 Pin=CN3-2
Change Net Name : Old Net Name=C1 New Net Name=B1
Change Net Name : Old Net Name=C2 New Net Name=B2
Change Net Name : Old Net Name=NetK1_U_rel_ladder1_4 New Net Name=NetK1_U_rel_ladder2_4
Change Net Name : Old Net Name=NetK1_U_rel_ladder1_6 New Net Name=NetK1_U_rel_ladder2_6
Change Net Name : Old Net Name=NetK1_U_rel_ladder1_8 New Net Name=NetK1_U_rel_ladder2_8
Change Net Name : Old Net Name=NetK1_U_rel_ladder2_4 New Net Name=NetK1_U_rel_ladder1_4
Change Net Name : Old Net Name=NetK1_U_rel_ladder2_6 New Net Name=NetK1_U_rel_ladder1_6
Change Net Name : Old Net Name=NetK1_U_rel_ladder2_8 New Net Name=NetK1_U_rel_ladder1_8
Change Net Name : Old Net Name=NetK2_U_rel_ladder1_4 New Net Name=NetK2_U_rel_ladder2_4
Change Net Name : Old Net Name=NetK2_U_rel_ladder1_6 New Net Name=NetK2_U_rel_ladder2_6
Change Net Name : Old Net Name=NetK2_U_rel_ladder1_8 New Net Name=NetK2_U_rel_ladder2_8
Change Net Name : Old Net Name=NetK2_U_rel_ladder2_4 New Net Name=NetK2_U_rel_ladder1_4
Change Net Name : Old Net Name=NetK2_U_rel_ladder2_6 New Net Name=NetK2_U_rel_ladder1_6
Change Net Name : Old Net Name=NetK2_U_rel_ladder2_8 New Net Name=NetK2_U_rel_ladder1_8
Change Net Name : Old Net Name=NetK3_U_rel_ladder1_4 New Net Name=NetK3_U_rel_ladder2_4
Change Net Name : Old Net Name=NetK3_U_rel_ladder1_6 New Net Name=NetK3_U_rel_ladder2_6
Change Net Name : Old Net Name=NetK3_U_rel_ladder1_8 New Net Name=NetK3_U_rel_ladder2_8
Change Net Name : Old Net Name=NetK3_U_rel_ladder2_4 New Net Name=NetK3_U_rel_ladder1_4
Change Net Name : Old Net Name=NetK3_U_rel_ladder2_6 New Net Name=NetK3_U_rel_ladder1_6
Change Net Name : Old Net Name=NetK3_U_rel_ladder2_8 New Net Name=NetK3_U_rel_ladder1_8
Change Net Name : Old Net Name=NetK4_U_rel_ladder1_4 New Net Name=NetK4_U_rel_ladder2_4
Change Net Name : Old Net Name=NetK4_U_rel_ladder1_6 New Net Name=NetK4_U_rel_ladder2_6
Change Net Name : Old Net Name=NetK4_U_rel_ladder1_8 New Net Name=NetK4_U_rel_ladder2_8
Change Net Name : Old Net Name=NetK4_U_rel_ladder2_4 New Net Name=NetK4_U_rel_ladder1_4
Change Net Name : Old Net Name=NetK4_U_rel_ladder2_6 New Net Name=NetK4_U_rel_ladder1_6
Change Net Name : Old Net Name=NetK4_U_rel_ladder2_8 New Net Name=NetK4_U_rel_ladder1_8
Change Net Name : Old Net Name=NetK5_U_rel_ladder1_4 New Net Name=NetK5_U_rel_ladder2_4
Change Net Name : Old Net Name=NetK5_U_rel_ladder1_6 New Net Name=NetK5_U_rel_ladder2_6
Change Net Name : Old Net Name=NetK5_U_rel_ladder1_8 New Net Name=NetK5_U_rel_ladder2_8
Change Net Name : Old Net Name=NetK5_U_rel_ladder2_4 New Net Name=NetK5_U_rel_ladder1_4
Change Net Name : Old Net Name=NetK5_U_rel_ladder2_6 New Net Name=NetK5_U_rel_ladder1_6
Change Net Name : Old Net Name=NetK5_U_rel_ladder2_8 New Net Name=NetK5_U_rel_ladder1_8
Change Net Name : Old Net Name=NetK6_U_rel_ladder1_4 New Net Name=NetK6_U_rel_ladder2_4
Change Net Name : Old Net Name=NetK6_U_rel_ladder1_6 New Net Name=NetK6_U_rel_ladder2_6
Change Net Name : Old Net Name=NetK6_U_rel_ladder1_8 New Net Name=NetK6_U_rel_ladder2_8
Change Net Name : Old Net Name=NetK6_U_rel_ladder2_4 New Net Name=NetK6_U_rel_ladder1_4
Change Net Name : Old Net Name=NetK6_U_rel_ladder2_6 New Net Name=NetK6_U_rel_ladder1_6
Change Net Name : Old Net Name=NetK6_U_rel_ladder2_8 New Net Name=NetK6_U_rel_ladder1_8
Change Net Name : Old Net Name=NetK7_U_rel_ladder1_4 New Net Name=NetK7_U_rel_ladder2_4
Change Net Name : Old Net Name=NetK7_U_rel_ladder1_6 New Net Name=NetK7_U_rel_ladder2_6
Change Net Name : Old Net Name=NetK7_U_rel_ladder1_8 New Net Name=NetK7_U_rel_ladder2_8
Change Net Name : Old Net Name=NetK7_U_rel_ladder2_4 New Net Name=NetK7_U_rel_ladder1_4
Change Net Name : Old Net Name=NetK7_U_rel_ladder2_6 New Net Name=NetK7_U_rel_ladder1_6
Change Net Name : Old Net Name=NetK7_U_rel_ladder2_8 New Net Name=NetK7_U_rel_ladder1_8
Change Net Name : Old Net Name=NetK8_U_rel_ladder1_8 New Net Name=NetK8_U_rel_ladder2_8
Change Net Name : Old Net Name=NetK8_U_rel_ladder2_8 New Net Name=NetK8_U_rel_ladder1_8
Added Pin To Net: NetName=C1 Pin=CN4-1
Added Pin To Net: NetName=C1 Pin=K8_U_rel_ladder1-4
Added Pin To Net: NetName=C1 Pin=R2_U_rel_ladder1-1
Added Net: Name=C1
Added Pin To Net: NetName=C2 Pin=CN2-1
Added Pin To Net: NetName=C2 Pin=K8_U_rel_ladder2-4
Added Pin To Net: NetName=C2 Pin=R2_U_rel_ladder2-1
Added Net: Name=C2
