Removed Pin From Net: NetName=B1 Pin=CN1-2
Removed Pin From Net: NetName=B2 Pin=CN2-2
Removed Pin From Net: NetName=NetMCP1_2 Pin=ULN1-1
Removed Pin From Net: NetName=NetMCP1_1 Pin=ULN1-2
Removed Pin From Net: NetName=NetMCP1_28 Pin=ULN1-3
Removed Pin From Net: NetName=NetMCP1_27 Pin=ULN1-4
Removed Pin From Net: NetName=NetMCP1_26 Pin=ULN1-5
Removed Pin From Net: NetName=NetMCP1_25 Pin=ULN1-6
Removed Pin From Net: NetName=NetMCP1_4 Pin=ULN1-19
Removed Pin From Net: NetName=NetMCP1_3 Pin=ULN1-20
Removed Pin From Net: NetName=NetMCP1_22 Pin=ULN2-1
Removed Pin From Net: NetName=NetMCP1_21 Pin=ULN2-2
Removed Pin From Net: NetName=NetMCP1_20 Pin=ULN2-3
Removed Pin From Net: NetName=NetMCP1_19 Pin=ULN2-4
Removed Pin From Net: NetName=NetMCP1_18 Pin=ULN2-5
Removed Pin From Net: NetName=NetMCP1_17 Pin=ULN2-6
Removed Pin From Net: NetName=NetMCP1_24 Pin=ULN2-19
Removed Pin From Net: NetName=NetMCP1_23 Pin=ULN2-20
Added Pin To Net: NetName=B1 Pin=CN1-3
Added Pin To Net: NetName=B2 Pin=CN2-3
Added Pin To Net: NetName=NetMCP1_27 Pin=ULN1-1
Added Pin To Net: NetName=NetMCP1_28 Pin=ULN1-2
Added Pin To Net: NetName=NetMCP1_1 Pin=ULN1-3
Added Pin To Net: NetName=NetMCP1_2 Pin=ULN1-4
Added Pin To Net: NetName=NetMCP1_3 Pin=ULN1-5
Added Pin To Net: NetName=NetMCP1_4 Pin=ULN1-6
Added Pin To Net: NetName=NetMCP1_25 Pin=ULN1-19
Added Pin To Net: NetName=NetMCP1_26 Pin=ULN1-20
Added Pin To Net: NetName=NetMCP1_19 Pin=ULN2-1
Added Pin To Net: NetName=NetMCP1_20 Pin=ULN2-2
Added Pin To Net: NetName=NetMCP1_21 Pin=ULN2-3
Added Pin To Net: NetName=NetMCP1_22 Pin=ULN2-4
Added Pin To Net: NetName=NetMCP1_23 Pin=ULN2-5
Added Pin To Net: NetName=NetMCP1_24 Pin=ULN2-6
Added Pin To Net: NetName=NetMCP1_17 Pin=ULN2-19
Added Pin To Net: NetName=NetMCP1_18 Pin=ULN2-20
Change Net Name : Old Net Name=B1 New Net Name=C1
Change Net Name : Old Net Name=B2 New Net Name=C2
Added Pin To Net: NetName=B1 Pin=CN1-2
Added Pin To Net: NetName=B1 Pin=K8_U_rel_ladder 2-4
Added Pin To Net: NetName=B1 Pin=R2_U_rel_ladder 2-1
Added Net: Name=B1
Added Pin To Net: NetName=B2 Pin=CN2-2
Added Pin To Net: NetName=B2 Pin=K8_U_rel_ladder 1-4
Added Pin To Net: NetName=B2 Pin=R2_U_rel_ladder 1-1
Added Net: Name=B2
