Removed Pin From Net: NetName=C1 Pin=J2_U_rel_ladder 2-1
Removed Pin From Net: NetName=C1 Pin=J2_U_rel_ladder 2-2
Removed Pin From Net: NetName=+12 Pin=K1_U_rel_ladder 2-1
Removed Pin From Net: NetName=C1 Pin=K1_U_rel_ladder 2-3
Removed Pin From Net: NetName=C1 Pin=K1_U_rel_ladder 2-7
Removed Pin From Net: NetName=+12 Pin=K2_U_rel_ladder 2-1
Removed Pin From Net: NetName=+12 Pin=K3_U_rel_ladder 2-1
Removed Pin From Net: NetName=+12 Pin=K4_U_rel_ladder 2-1
Removed Pin From Net: NetName=+12 Pin=K5_U_rel_ladder 2-1
Removed Pin From Net: NetName=+12 Pin=K6_U_rel_ladder 2-1
Removed Pin From Net: NetName=+12 Pin=K7_U_rel_ladder 2-1
Removed Pin From Net: NetName=+12 Pin=K8_U_rel_ladder 2-1
Removed Pin From Net: NetName=B1 Pin=K8_U_rel_ladder 2-4
Removed Pin From Net: NetName=A1 Pin=K8_U_rel_ladder 2-6
Removed Pin From Net: NetName=A1 Pin=R1_U_rel_ladder 2-1
Removed Pin From Net: NetName=B1 Pin=R2_U_rel_ladder 2-1
Removed Pin From Net: NetName=C1 Pin=R15_U_rel_ladder 2-2
Removed Pin From Net: NetName=C1 Pin=R16_U_rel_ladder 2-2
Change Component Designator: OldDesignator=J2_U_rel_ladder 1 NewDesignator=J2_U_rel_ladder 11
Change Component Designator: OldDesignator=K1_U_rel_ladder 1 NewDesignator=K1_U_rel_ladder 11
Change Component Designator: OldDesignator=K2_U_rel_ladder 1 NewDesignator=K2_U_rel_ladder 11
Change Component Designator: OldDesignator=K3_U_rel_ladder 1 NewDesignator=K3_U_rel_ladder 11
Change Component Designator: OldDesignator=K4_U_rel_ladder 1 NewDesignator=K4_U_rel_ladder 11
Change Component Designator: OldDesignator=K5_U_rel_ladder 1 NewDesignator=K5_U_rel_ladder 11
Change Component Designator: OldDesignator=K6_U_rel_ladder 1 NewDesignator=K6_U_rel_ladder 11
Change Component Designator: OldDesignator=K7_U_rel_ladder 1 NewDesignator=K7_U_rel_ladder 11
Change Component Designator: OldDesignator=K8_U_rel_ladder 1 NewDesignator=K8_U_rel_ladder 11
Change Component Designator: OldDesignator=R1_U_rel_ladder 1 NewDesignator=R1_U_rel_ladder 11
Change Component Designator: OldDesignator=R2_U_rel_ladder 1 NewDesignator=R2_U_rel_ladder 11
Change Component Designator: OldDesignator=R3_U_rel_ladder 1 NewDesignator=R3_U_rel_ladder 11
Change Component Designator: OldDesignator=R4_U_rel_ladder 1 NewDesignator=R4_U_rel_ladder 11
Change Component Designator: OldDesignator=R5_U_rel_ladder 1 NewDesignator=R5_U_rel_ladder 11
Change Component Designator: OldDesignator=R6_U_rel_ladder 1 NewDesignator=R6_U_rel_ladder 11
Change Component Designator: OldDesignator=R7_U_rel_ladder 1 NewDesignator=R7_U_rel_ladder 11
Change Component Designator: OldDesignator=R8_U_rel_ladder 1 NewDesignator=R8_U_rel_ladder 11
Change Component Designator: OldDesignator=R9_U_rel_ladder 1 NewDesignator=R9_U_rel_ladder 11
Change Component Designator: OldDesignator=R10_U_rel_ladder 1 NewDesignator=R10_U_rel_ladder 11
Change Component Designator: OldDesignator=R11_U_rel_ladder 1 NewDesignator=R11_U_rel_ladder 11
Change Component Designator: OldDesignator=R12_U_rel_ladder 1 NewDesignator=R12_U_rel_ladder 11
Change Component Designator: OldDesignator=R13_U_rel_ladder 1 NewDesignator=R13_U_rel_ladder 11
Change Component Designator: OldDesignator=R14_U_rel_ladder 1 NewDesignator=R14_U_rel_ladder 11
Change Component Designator: OldDesignator=R15_U_rel_ladder 1 NewDesignator=R15_U_rel_ladder 11
Change Component Designator: OldDesignator=R16_U_rel_ladder 1 NewDesignator=R16_U_rel_ladder 11
Added Component: Designator=J2_U_rel_ladder 12(solderJumper)
Added Component: Designator=K1_U_rel_ladder 12(AXICOM IM-G Relay)
Add component (AddParameter): Name = "Farnell ID"; Value = "1175070"; VariantName = "[No Variations]"
Add component (AddParameter): Name = "URL"; Value = "http://si.farnell.com/te-connectivity-axicom/im06gr/relay-gull-wing-dpco-12vdc-2a/dp/1175070"; VariantName = "[No Variations]"
Added Component: Designator=K2_U_rel_ladder 12(AXICOM IM-G Relay)
Add component (AddParameter): Name = "Farnell ID"; Value = "1175070"; VariantName = "[No Variations]"
Add component (AddParameter): Name = "URL"; Value = "http://si.farnell.com/te-connectivity-axicom/im06gr/relay-gull-wing-dpco-12vdc-2a/dp/1175070"; VariantName = "[No Variations]"
Added Component: Designator=K3_U_rel_ladder 12(AXICOM IM-G Relay)
Add component (AddParameter): Name = "Farnell ID"; Value = "1175070"; VariantName = "[No Variations]"
Add component (AddParameter): Name = "URL"; Value = "http://si.farnell.com/te-connectivity-axicom/im06gr/relay-gull-wing-dpco-12vdc-2a/dp/1175070"; VariantName = "[No Variations]"
Added Component: Designator=K4_U_rel_ladder 12(AXICOM IM-G Relay)
Add component (AddParameter): Name = "Farnell ID"; Value = "1175070"; VariantName = "[No Variations]"
Add component (AddParameter): Name = "URL"; Value = "http://si.farnell.com/te-connectivity-axicom/im06gr/relay-gull-wing-dpco-12vdc-2a/dp/1175070"; VariantName = "[No Variations]"
Added Component: Designator=K5_U_rel_ladder 12(AXICOM IM-G Relay)
Add component (AddParameter): Name = "Farnell ID"; Value = "1175070"; VariantName = "[No Variations]"
Add component (AddParameter): Name = "URL"; Value = "http://si.farnell.com/te-connectivity-axicom/im06gr/relay-gull-wing-dpco-12vdc-2a/dp/1175070"; VariantName = "[No Variations]"
Added Component: Designator=K6_U_rel_ladder 12(AXICOM IM-G Relay)
Add component (AddParameter): Name = "Farnell ID"; Value = "1175070"; VariantName = "[No Variations]"
Add component (AddParameter): Name = "URL"; Value = "http://si.farnell.com/te-connectivity-axicom/im06gr/relay-gull-wing-dpco-12vdc-2a/dp/1175070"; VariantName = "[No Variations]"
Added Component: Designator=K7_U_rel_ladder 12(AXICOM IM-G Relay)
Add component (AddParameter): Name = "Farnell ID"; Value = "1175070"; VariantName = "[No Variations]"
Add component (AddParameter): Name = "URL"; Value = "http://si.farnell.com/te-connectivity-axicom/im06gr/relay-gull-wing-dpco-12vdc-2a/dp/1175070"; VariantName = "[No Variations]"
Added Component: Designator=K8_U_rel_ladder 12(AXICOM IM-G Relay)
Add component (AddParameter): Name = "Farnell ID"; Value = "1175070"; VariantName = "[No Variations]"
Add component (AddParameter): Name = "URL"; Value = "http://si.farnell.com/te-connectivity-axicom/im06gr/relay-gull-wing-dpco-12vdc-2a/dp/1175070"; VariantName = "[No Variations]"
Added Component: Designator=R1_U_rel_ladder 12(R2012_0805I_L)
Added Component: Designator=R2_U_rel_ladder 12(R2012_0805I_L)
Added Component: Designator=R3_U_rel_ladder 12(R2012_0805I_L)
Added Component: Designator=R4_U_rel_ladder 12(R2012_0805I_L)
Added Component: Designator=R5_U_rel_ladder 12(R2012_0805I_L)
Added Component: Designator=R6_U_rel_ladder 12(R2012_0805I_L)
Added Component: Designator=R7_U_rel_ladder 12(R2012_0805I_L)
Added Component: Designator=R8_U_rel_ladder 12(R2012_0805I_L)
Added Component: Designator=R9_U_rel_ladder 12(R2012_0805I_L)
Added Component: Designator=R10_U_rel_ladder 12(R2012_0805I_L)
Added Component: Designator=R11_U_rel_ladder 12(R2012_0805I_L)
Added Component: Designator=R12_U_rel_ladder 12(R2012_0805I_L)
Added Component: Designator=R13_U_rel_ladder 12(R2012_0805I_L)
Added Component: Designator=R14_U_rel_ladder 12(R2012_0805I_L)
Added Component: Designator=R15_U_rel_ladder 12(R2012_0805I_L)
Added Component: Designator=R16_U_rel_ladder 12(R2012_0805I_L)
Added Pin To Net: NetName=C1 Pin=J2_U_rel_ladder 12-1
Added Pin To Net: NetName=C1 Pin=J2_U_rel_ladder 12-2
Added Pin To Net: NetName=+12 Pin=K1_U_rel_ladder 12-1
Added Pin To Net: NetName=C1 Pin=K1_U_rel_ladder 12-3
Added Pin To Net: NetName=C1 Pin=K1_U_rel_ladder 12-7
Added Pin To Net: NetName=+12 Pin=K2_U_rel_ladder 12-1
Added Pin To Net: NetName=+12 Pin=K3_U_rel_ladder 12-1
Added Pin To Net: NetName=+12 Pin=K4_U_rel_ladder 12-1
Added Pin To Net: NetName=+12 Pin=K5_U_rel_ladder 12-1
Added Pin To Net: NetName=+12 Pin=K6_U_rel_ladder 12-1
Added Pin To Net: NetName=+12 Pin=K7_U_rel_ladder 12-1
Added Pin To Net: NetName=+12 Pin=K8_U_rel_ladder 12-1
Added Pin To Net: NetName=B1 Pin=K8_U_rel_ladder 12-4
Added Pin To Net: NetName=A1 Pin=K8_U_rel_ladder 12-6
Added Pin To Net: NetName=A1 Pin=R1_U_rel_ladder 12-1
Added Pin To Net: NetName=B1 Pin=R2_U_rel_ladder 12-1
Added Pin To Net: NetName=C1 Pin=R15_U_rel_ladder 12-2
Added Pin To Net: NetName=C1 Pin=R16_U_rel_ladder 12-2
Change Net Name : Old Net Name=NetK1_U_rel_ladder 1_4 New Net Name=NetK1_U_rel_ladder 11_4
Change Net Name : Old Net Name=NetK1_U_rel_ladder 1_6 New Net Name=NetK1_U_rel_ladder 11_6
Change Net Name : Old Net Name=NetK2_U_rel_ladder 1_4 New Net Name=NetK2_U_rel_ladder 11_4
Change Net Name : Old Net Name=NetK2_U_rel_ladder 1_6 New Net Name=NetK2_U_rel_ladder 11_6
Change Net Name : Old Net Name=NetK3_U_rel_ladder 1_4 New Net Name=NetK3_U_rel_ladder 11_4
Change Net Name : Old Net Name=NetK3_U_rel_ladder 1_6 New Net Name=NetK3_U_rel_ladder 11_6
Change Net Name : Old Net Name=NetK4_U_rel_ladder 1_4 New Net Name=NetK4_U_rel_ladder 11_4
Change Net Name : Old Net Name=NetK4_U_rel_ladder 1_6 New Net Name=NetK4_U_rel_ladder 11_6
Change Net Name : Old Net Name=NetK5_U_rel_ladder 1_4 New Net Name=NetK5_U_rel_ladder 11_4
Change Net Name : Old Net Name=NetK5_U_rel_ladder 1_6 New Net Name=NetK5_U_rel_ladder 11_6
Change Net Name : Old Net Name=NetK6_U_rel_ladder 1_4 New Net Name=NetK6_U_rel_ladder 11_4
Change Net Name : Old Net Name=NetK6_U_rel_ladder 1_6 New Net Name=NetK6_U_rel_ladder 11_6
Change Net Name : Old Net Name=NetK7_U_rel_ladder 1_4 New Net Name=NetK7_U_rel_ladder 11_4
Change Net Name : Old Net Name=NetK7_U_rel_ladder 1_6 New Net Name=NetK7_U_rel_ladder 11_6
Added Pin To Net: NetName=NetK1_U_rel_ladder 11_8 Pin=K1_U_rel_ladder 11-8
Added Net: Name=NetK1_U_rel_ladder 11_8
Added Pin To Net: NetName=NetK1_U_rel_ladder 12_4 Pin=K1_U_rel_ladder 12-4
Added Pin To Net: NetName=NetK1_U_rel_ladder 12_4 Pin=K2_U_rel_ladder 12-3
Added Pin To Net: NetName=NetK1_U_rel_ladder 12_4 Pin=R14_U_rel_ladder 12-2
Added Pin To Net: NetName=NetK1_U_rel_ladder 12_4 Pin=R16_U_rel_ladder 12-1
Added Net: Name=NetK1_U_rel_ladder 12_4
Added Pin To Net: NetName=NetK1_U_rel_ladder 12_6 Pin=K1_U_rel_ladder 12-6
Added Pin To Net: NetName=NetK1_U_rel_ladder 12_6 Pin=K2_U_rel_ladder 12-7
Added Pin To Net: NetName=NetK1_U_rel_ladder 12_6 Pin=R13_U_rel_ladder 12-2
Added Pin To Net: NetName=NetK1_U_rel_ladder 12_6 Pin=R15_U_rel_ladder 12-1
Added Net: Name=NetK1_U_rel_ladder 12_6
Added Pin To Net: NetName=NetK1_U_rel_ladder 12_8 Pin=K1_U_rel_ladder 12-8
Added Pin To Net: NetName=NetK1_U_rel_ladder 12_8 Pin=ULN1-17
Added Net: Name=NetK1_U_rel_ladder 12_8
Added Pin To Net: NetName=NetK2_U_rel_ladder 11_8 Pin=K2_U_rel_ladder 11-8
Added Net: Name=NetK2_U_rel_ladder 11_8
Added Pin To Net: NetName=NetK2_U_rel_ladder 12_4 Pin=K2_U_rel_ladder 12-4
Added Pin To Net: NetName=NetK2_U_rel_ladder 12_4 Pin=K3_U_rel_ladder 12-3
Added Pin To Net: NetName=NetK2_U_rel_ladder 12_4 Pin=R12_U_rel_ladder 12-2
Added Pin To Net: NetName=NetK2_U_rel_ladder 12_4 Pin=R14_U_rel_ladder 12-1
Added Net: Name=NetK2_U_rel_ladder 12_4
Added Pin To Net: NetName=NetK2_U_rel_ladder 12_6 Pin=K2_U_rel_ladder 12-6
Added Pin To Net: NetName=NetK2_U_rel_ladder 12_6 Pin=K3_U_rel_ladder 12-7
Added Pin To Net: NetName=NetK2_U_rel_ladder 12_6 Pin=R11_U_rel_ladder 12-2
Added Pin To Net: NetName=NetK2_U_rel_ladder 12_6 Pin=R13_U_rel_ladder 12-1
Added Net: Name=NetK2_U_rel_ladder 12_6
Added Pin To Net: NetName=NetK2_U_rel_ladder 12_8 Pin=K2_U_rel_ladder 12-8
Added Pin To Net: NetName=NetK2_U_rel_ladder 12_8 Pin=ULN1-16
Added Net: Name=NetK2_U_rel_ladder 12_8
Added Pin To Net: NetName=NetK3_U_rel_ladder 11_8 Pin=K3_U_rel_ladder 11-8
Added Net: Name=NetK3_U_rel_ladder 11_8
Added Pin To Net: NetName=NetK3_U_rel_ladder 12_4 Pin=K3_U_rel_ladder 12-4
Added Pin To Net: NetName=NetK3_U_rel_ladder 12_4 Pin=K4_U_rel_ladder 12-3
Added Pin To Net: NetName=NetK3_U_rel_ladder 12_4 Pin=R10_U_rel_ladder 12-2
Added Pin To Net: NetName=NetK3_U_rel_ladder 12_4 Pin=R12_U_rel_ladder 12-1
Added Net: Name=NetK3_U_rel_ladder 12_4
Added Pin To Net: NetName=NetK3_U_rel_ladder 12_6 Pin=K3_U_rel_ladder 12-6
Added Pin To Net: NetName=NetK3_U_rel_ladder 12_6 Pin=K4_U_rel_ladder 12-7
Added Pin To Net: NetName=NetK3_U_rel_ladder 12_6 Pin=R9_U_rel_ladder 12-2
Added Pin To Net: NetName=NetK3_U_rel_ladder 12_6 Pin=R11_U_rel_ladder 12-1
Added Net: Name=NetK3_U_rel_ladder 12_6
Added Pin To Net: NetName=NetK3_U_rel_ladder 12_8 Pin=K3_U_rel_ladder 12-8
Added Pin To Net: NetName=NetK3_U_rel_ladder 12_8 Pin=ULN1-15
Added Net: Name=NetK3_U_rel_ladder 12_8
Added Pin To Net: NetName=NetK4_U_rel_ladder 11_8 Pin=K4_U_rel_ladder 11-8
Added Net: Name=NetK4_U_rel_ladder 11_8
Added Pin To Net: NetName=NetK4_U_rel_ladder 12_4 Pin=K4_U_rel_ladder 12-4
Added Pin To Net: NetName=NetK4_U_rel_ladder 12_4 Pin=K5_U_rel_ladder 12-3
Added Pin To Net: NetName=NetK4_U_rel_ladder 12_4 Pin=R8_U_rel_ladder 12-2
Added Pin To Net: NetName=NetK4_U_rel_ladder 12_4 Pin=R10_U_rel_ladder 12-1
Added Net: Name=NetK4_U_rel_ladder 12_4
Added Pin To Net: NetName=NetK4_U_rel_ladder 12_6 Pin=K4_U_rel_ladder 12-6
Added Pin To Net: NetName=NetK4_U_rel_ladder 12_6 Pin=K5_U_rel_ladder 12-7
Added Pin To Net: NetName=NetK4_U_rel_ladder 12_6 Pin=R7_U_rel_ladder 12-2
Added Pin To Net: NetName=NetK4_U_rel_ladder 12_6 Pin=R9_U_rel_ladder 12-1
Added Net: Name=NetK4_U_rel_ladder 12_6
Added Pin To Net: NetName=NetK4_U_rel_ladder 12_8 Pin=K4_U_rel_ladder 12-8
Added Pin To Net: NetName=NetK4_U_rel_ladder 12_8 Pin=ULN1-14
Added Net: Name=NetK4_U_rel_ladder 12_8
Added Pin To Net: NetName=NetK5_U_rel_ladder 11_8 Pin=K5_U_rel_ladder 11-8
Added Net: Name=NetK5_U_rel_ladder 11_8
Added Pin To Net: NetName=NetK5_U_rel_ladder 12_4 Pin=K5_U_rel_ladder 12-4
Added Pin To Net: NetName=NetK5_U_rel_ladder 12_4 Pin=K6_U_rel_ladder 12-3
Added Pin To Net: NetName=NetK5_U_rel_ladder 12_4 Pin=R6_U_rel_ladder 12-2
Added Pin To Net: NetName=NetK5_U_rel_ladder 12_4 Pin=R8_U_rel_ladder 12-1
Added Net: Name=NetK5_U_rel_ladder 12_4
Added Pin To Net: NetName=NetK5_U_rel_ladder 12_6 Pin=K5_U_rel_ladder 12-6
Added Pin To Net: NetName=NetK5_U_rel_ladder 12_6 Pin=K6_U_rel_ladder 12-7
Added Pin To Net: NetName=NetK5_U_rel_ladder 12_6 Pin=R5_U_rel_ladder 12-2
Added Pin To Net: NetName=NetK5_U_rel_ladder 12_6 Pin=R7_U_rel_ladder 12-1
Added Net: Name=NetK5_U_rel_ladder 12_6
Added Pin To Net: NetName=NetK5_U_rel_ladder 12_8 Pin=K5_U_rel_ladder 12-8
Added Pin To Net: NetName=NetK5_U_rel_ladder 12_8 Pin=ULN1-13
Added Net: Name=NetK5_U_rel_ladder 12_8
Added Pin To Net: NetName=NetK6_U_rel_ladder 11_8 Pin=K6_U_rel_ladder 11-8
Added Net: Name=NetK6_U_rel_ladder 11_8
Added Pin To Net: NetName=NetK6_U_rel_ladder 12_4 Pin=K6_U_rel_ladder 12-4
Added Pin To Net: NetName=NetK6_U_rel_ladder 12_4 Pin=K7_U_rel_ladder 12-3
Added Pin To Net: NetName=NetK6_U_rel_ladder 12_4 Pin=R4_U_rel_ladder 12-2
Added Pin To Net: NetName=NetK6_U_rel_ladder 12_4 Pin=R6_U_rel_ladder 12-1
Added Net: Name=NetK6_U_rel_ladder 12_4
Added Pin To Net: NetName=NetK6_U_rel_ladder 12_6 Pin=K6_U_rel_ladder 12-6
Added Pin To Net: NetName=NetK6_U_rel_ladder 12_6 Pin=K7_U_rel_ladder 12-7
Added Pin To Net: NetName=NetK6_U_rel_ladder 12_6 Pin=R3_U_rel_ladder 12-2
Added Pin To Net: NetName=NetK6_U_rel_ladder 12_6 Pin=R5_U_rel_ladder 12-1
Added Net: Name=NetK6_U_rel_ladder 12_6
Added Pin To Net: NetName=NetK6_U_rel_ladder 12_8 Pin=K6_U_rel_ladder 12-8
Added Pin To Net: NetName=NetK6_U_rel_ladder 12_8 Pin=ULN1-12
Added Net: Name=NetK6_U_rel_ladder 12_8
Added Pin To Net: NetName=NetK7_U_rel_ladder 11_8 Pin=K7_U_rel_ladder 11-8
Added Net: Name=NetK7_U_rel_ladder 11_8
Added Pin To Net: NetName=NetK7_U_rel_ladder 12_4 Pin=K7_U_rel_ladder 12-4
Added Pin To Net: NetName=NetK7_U_rel_ladder 12_4 Pin=K8_U_rel_ladder 12-3
Added Pin To Net: NetName=NetK7_U_rel_ladder 12_4 Pin=R2_U_rel_ladder 12-2
Added Pin To Net: NetName=NetK7_U_rel_ladder 12_4 Pin=R4_U_rel_ladder 12-1
Added Net: Name=NetK7_U_rel_ladder 12_4
Added Pin To Net: NetName=NetK7_U_rel_ladder 12_6 Pin=K7_U_rel_ladder 12-6
Added Pin To Net: NetName=NetK7_U_rel_ladder 12_6 Pin=K8_U_rel_ladder 12-7
Added Pin To Net: NetName=NetK7_U_rel_ladder 12_6 Pin=R1_U_rel_ladder 12-2
Added Pin To Net: NetName=NetK7_U_rel_ladder 12_6 Pin=R3_U_rel_ladder 12-1
Added Net: Name=NetK7_U_rel_ladder 12_6
Added Pin To Net: NetName=NetK7_U_rel_ladder 12_8 Pin=K7_U_rel_ladder 12-8
Added Pin To Net: NetName=NetK7_U_rel_ladder 12_8 Pin=ULN1-11
Added Net: Name=NetK7_U_rel_ladder 12_8
Added Pin To Net: NetName=NetK8_U_rel_ladder 11_8 Pin=K8_U_rel_ladder 11-8
Added Net: Name=NetK8_U_rel_ladder 11_8
Added Pin To Net: NetName=NetK8_U_rel_ladder 12_8 Pin=K8_U_rel_ladder 12-8
Added Pin To Net: NetName=NetK8_U_rel_ladder 12_8 Pin=ULN1-10
Added Net: Name=NetK8_U_rel_ladder 12_8
Change Class Name : Old Net Name=U_rel_ladder 1 New Net Name=U_rel_ladder 11
Added Class: Name=U_rel_ladder 12
Change Room Name: Old Name=U_rel_ladder 2 New Name=U_rel_ladder 12
Change Room Scope: Old Scope=InComponentClass('U_rel_ladder 2') New Scope=InComponentClass('U_rel_ladder 12')
Added Room: Name=POT 2x8
Added Room: Name=U_rel_ladder 11
