Added Component: Designator=C1(R1005_0402i_L)
Added Component: Designator=C2(R1005_0402i_L)
Added Component: Designator=C3(R1005_0402i_L)
Added Component: Designator=C4(R1005_0402i_L)
Added Component: Designator=C5(R1005_0402i_L)
Added Component: Designator=C6(C1608_0603I_L)
Added Component: Designator=C7(R1005_0402i_L)
Added Component: Designator=C8(R1005_0402i_L)
Added Component: Designator=C9(R1005_0402i_L)
Added Component: Designator=CN1(VRSTNA SPONKA 2P/16A)
Add component (AddParameter): Name = "Value"; Value = ""; VariantName = "[No Variations]"
Added Component: Designator=CN2(VRSTNA SPONKA 2P/16A)
Add component (AddParameter): Name = "Value"; Value = ""; VariantName = "[No Variations]"
Added Component: Designator=CN3(VRSTNA SPONKA 2P/16A)
Add component (AddParameter): Name = "Value"; Value = ""; VariantName = "[No Variations]"
Added Component: Designator=CN4(VRSTNA SPONKA 2P/16A)
Add component (AddParameter): Name = "Value"; Value = ""; VariantName = "[No Variations]"
Added Component: Designator=FB1(R1608_0603I_L)
Added Component: Designator=J1(solderJumper)
Added Component: Designator=J2_U_rel_ladder1(solderJumper)
Added Component: Designator=J2_U_rel_ladder2(solderJumper)
Added Component: Designator=K1_U_rel_ladder1(AXICOM IM-G Relay)
Add component (AddParameter): Name = "Farnell ID"; Value = "1175070"; VariantName = "[No Variations]"
Add component (AddParameter): Name = "URL"; Value = "http://si.farnell.com/te-connectivity-axicom/im06gr/relay-gull-wing-dpco-12vdc-2a/dp/1175070"; VariantName = "[No Variations]"
Added Component: Designator=K1_U_rel_ladder2(AXICOM IM-G Relay)
Add component (AddParameter): Name = "Farnell ID"; Value = "1175070"; VariantName = "[No Variations]"
Add component (AddParameter): Name = "URL"; Value = "http://si.farnell.com/te-connectivity-axicom/im06gr/relay-gull-wing-dpco-12vdc-2a/dp/1175070"; VariantName = "[No Variations]"
Added Component: Designator=K2_U_rel_ladder1(AXICOM IM-G Relay)
Add component (AddParameter): Name = "Farnell ID"; Value = "1175070"; VariantName = "[No Variations]"
Add component (AddParameter): Name = "URL"; Value = "http://si.farnell.com/te-connectivity-axicom/im06gr/relay-gull-wing-dpco-12vdc-2a/dp/1175070"; VariantName = "[No Variations]"
Added Component: Designator=K2_U_rel_ladder2(AXICOM IM-G Relay)
Add component (AddParameter): Name = "Farnell ID"; Value = "1175070"; VariantName = "[No Variations]"
Add component (AddParameter): Name = "URL"; Value = "http://si.farnell.com/te-connectivity-axicom/im06gr/relay-gull-wing-dpco-12vdc-2a/dp/1175070"; VariantName = "[No Variations]"
Added Component: Designator=K3_U_rel_ladder1(AXICOM IM-G Relay)
Add component (AddParameter): Name = "Farnell ID"; Value = "1175070"; VariantName = "[No Variations]"
Add component (AddParameter): Name = "URL"; Value = "http://si.farnell.com/te-connectivity-axicom/im06gr/relay-gull-wing-dpco-12vdc-2a/dp/1175070"; VariantName = "[No Variations]"
Added Component: Designator=K3_U_rel_ladder2(AXICOM IM-G Relay)
Add component (AddParameter): Name = "Farnell ID"; Value = "1175070"; VariantName = "[No Variations]"
Add component (AddParameter): Name = "URL"; Value = "http://si.farnell.com/te-connectivity-axicom/im06gr/relay-gull-wing-dpco-12vdc-2a/dp/1175070"; VariantName = "[No Variations]"
Added Component: Designator=K4_U_rel_ladder1(AXICOM IM-G Relay)
Add component (AddParameter): Name = "Farnell ID"; Value = "1175070"; VariantName = "[No Variations]"
Add component (AddParameter): Name = "URL"; Value = "http://si.farnell.com/te-connectivity-axicom/im06gr/relay-gull-wing-dpco-12vdc-2a/dp/1175070"; VariantName = "[No Variations]"
Added Component: Designator=K4_U_rel_ladder2(AXICOM IM-G Relay)
Add component (AddParameter): Name = "Farnell ID"; Value = "1175070"; VariantName = "[No Variations]"
Add component (AddParameter): Name = "URL"; Value = "http://si.farnell.com/te-connectivity-axicom/im06gr/relay-gull-wing-dpco-12vdc-2a/dp/1175070"; VariantName = "[No Variations]"
Added Component: Designator=K5_U_rel_ladder1(AXICOM IM-G Relay)
Add component (AddParameter): Name = "Farnell ID"; Value = "1175070"; VariantName = "[No Variations]"
Add component (AddParameter): Name = "URL"; Value = "http://si.farnell.com/te-connectivity-axicom/im06gr/relay-gull-wing-dpco-12vdc-2a/dp/1175070"; VariantName = "[No Variations]"
Added Component: Designator=K5_U_rel_ladder2(AXICOM IM-G Relay)
Add component (AddParameter): Name = "Farnell ID"; Value = "1175070"; VariantName = "[No Variations]"
Add component (AddParameter): Name = "URL"; Value = "http://si.farnell.com/te-connectivity-axicom/im06gr/relay-gull-wing-dpco-12vdc-2a/dp/1175070"; VariantName = "[No Variations]"
Added Component: Designator=K6_U_rel_ladder1(AXICOM IM-G Relay)
Add component (AddParameter): Name = "Farnell ID"; Value = "1175070"; VariantName = "[No Variations]"
Add component (AddParameter): Name = "URL"; Value = "http://si.farnell.com/te-connectivity-axicom/im06gr/relay-gull-wing-dpco-12vdc-2a/dp/1175070"; VariantName = "[No Variations]"
Added Component: Designator=K6_U_rel_ladder2(AXICOM IM-G Relay)
Add component (AddParameter): Name = "Farnell ID"; Value = "1175070"; VariantName = "[No Variations]"
Add component (AddParameter): Name = "URL"; Value = "http://si.farnell.com/te-connectivity-axicom/im06gr/relay-gull-wing-dpco-12vdc-2a/dp/1175070"; VariantName = "[No Variations]"
Added Component: Designator=K7_U_rel_ladder1(AXICOM IM-G Relay)
Add component (AddParameter): Name = "Farnell ID"; Value = "1175070"; VariantName = "[No Variations]"
Add component (AddParameter): Name = "URL"; Value = "http://si.farnell.com/te-connectivity-axicom/im06gr/relay-gull-wing-dpco-12vdc-2a/dp/1175070"; VariantName = "[No Variations]"
Added Component: Designator=K7_U_rel_ladder2(AXICOM IM-G Relay)
Add component (AddParameter): Name = "Farnell ID"; Value = "1175070"; VariantName = "[No Variations]"
Add component (AddParameter): Name = "URL"; Value = "http://si.farnell.com/te-connectivity-axicom/im06gr/relay-gull-wing-dpco-12vdc-2a/dp/1175070"; VariantName = "[No Variations]"
Added Component: Designator=K8_U_rel_ladder1(AXICOM IM-G Relay)
Add component (AddParameter): Name = "Farnell ID"; Value = "1175070"; VariantName = "[No Variations]"
Add component (AddParameter): Name = "URL"; Value = "http://si.farnell.com/te-connectivity-axicom/im06gr/relay-gull-wing-dpco-12vdc-2a/dp/1175070"; VariantName = "[No Variations]"
Added Component: Designator=K8_U_rel_ladder2(AXICOM IM-G Relay)
Add component (AddParameter): Name = "Farnell ID"; Value = "1175070"; VariantName = "[No Variations]"
Add component (AddParameter): Name = "URL"; Value = "http://si.farnell.com/te-connectivity-axicom/im06gr/relay-gull-wing-dpco-12vdc-2a/dp/1175070"; VariantName = "[No Variations]"
Added Component: Designator=LD1(TSOP95P280X110-6L)
Added Component: Designator=P1(HDR1X4)
Add component (AddParameter): Name = "LatestRevisionDate"; Value = "17-Jul-2002"; VariantName = "[No Variations]"
Add component (AddParameter): Name = "LatestRevisionNote"; Value = "Re-released for DXP Platform."; VariantName = "[No Variations]"
Add component (AddParameter): Name = "Publisher"; Value = "Altium Limited"; VariantName = "[No Variations]"
Added Component: Designator=P2(HDR1X4)
Add component (AddParameter): Name = "LatestRevisionDate"; Value = "17-Jul-2002"; VariantName = "[No Variations]"
Add component (AddParameter): Name = "LatestRevisionNote"; Value = "Re-released for DXP Platform."; VariantName = "[No Variations]"
Add component (AddParameter): Name = "Publisher"; Value = "Altium Limited"; VariantName = "[No Variations]"
Added Component: Designator=P3(1.27mm SMD conn)
Add component (AddParameter): Name = "LatestRevisionDate"; Value = "17-Jul-2002"; VariantName = "[No Variations]"
Add component (AddParameter): Name = "LatestRevisionNote"; Value = "Re-released for DXP Platform."; VariantName = "[No Variations]"
Add component (AddParameter): Name = "Publisher"; Value = "Altium Limited"; VariantName = "[No Variations]"
Added Component: Designator=P4(1.27mm SMD conn)
Add component (AddParameter): Name = "LatestRevisionDate"; Value = "17-Jul-2002"; VariantName = "[No Variations]"
Add component (AddParameter): Name = "LatestRevisionNote"; Value = "Re-released for DXP Platform."; VariantName = "[No Variations]"
Add component (AddParameter): Name = "Publisher"; Value = "Altium Limited"; VariantName = "[No Variations]"
Added Component: Designator=R1_U_rel_ladder1(R2012_0805I_L)
Added Component: Designator=R1_U_rel_ladder2(R2012_0805I_L)
Added Component: Designator=R2_U_rel_ladder1(R2012_0805I_L)
Added Component: Designator=R2_U_rel_ladder2(R2012_0805I_L)
Added Component: Designator=R3_U_rel_ladder1(R2012_0805I_L)
Added Component: Designator=R3_U_rel_ladder2(R2012_0805I_L)
Added Component: Designator=R4_U_rel_ladder1(R2012_0805I_L)
Added Component: Designator=R4_U_rel_ladder2(R2012_0805I_L)
Added Component: Designator=R5_U_rel_ladder1(R2012_0805I_L)
Added Component: Designator=R5_U_rel_ladder2(R2012_0805I_L)
Added Component: Designator=R6_U_rel_ladder1(R2012_0805I_L)
Added Component: Designator=R6_U_rel_ladder2(R2012_0805I_L)
Added Component: Designator=R7_U_rel_ladder1(R2012_0805I_L)
Added Component: Designator=R7_U_rel_ladder2(R2012_0805I_L)
Added Component: Designator=R8_U_rel_ladder1(R2012_0805I_L)
Added Component: Designator=R8_U_rel_ladder2(R2012_0805I_L)
Added Component: Designator=R9_U_rel_ladder1(R2012_0805I_L)
Added Component: Designator=R9_U_rel_ladder2(R2012_0805I_L)
Added Component: Designator=R10_U_rel_ladder1(R2012_0805I_L)
Added Component: Designator=R10_U_rel_ladder2(R2012_0805I_L)
Added Component: Designator=R11_U_rel_ladder1(R2012_0805I_L)
Added Component: Designator=R11_U_rel_ladder2(R2012_0805I_L)
Added Component: Designator=R12_U_rel_ladder1(R2012_0805I_L)
Added Component: Designator=R12_U_rel_ladder2(R2012_0805I_L)
Added Component: Designator=R13_U_rel_ladder1(R2012_0805I_L)
Added Component: Designator=R13_U_rel_ladder2(R2012_0805I_L)
Added Component: Designator=R14_U_rel_ladder1(R2012_0805I_L)
Added Component: Designator=R14_U_rel_ladder2(R2012_0805I_L)
Added Component: Designator=R15_U_rel_ladder1(R2012_0805I_L)
Added Component: Designator=R15_U_rel_ladder2(R2012_0805I_L)
Added Component: Designator=R16_U_rel_ladder1(R2012_0805I_L)
Added Component: Designator=R16_U_rel_ladder2(R2012_0805I_L)
Added Component: Designator=R17(R1005_0402i_L)
Added Component: Designator=R18(R1005_0402i_L)
Added Component: Designator=R19(R1005_0402i_L)
Added Component: Designator=R20(R1005_0402i_L)
Added Component: Designator=R21(R1005_0402i_L)
Added Component: Designator=R22(R1005_0402i_L)
Added Component: Designator=R23(R1005_0402i_L)
Added Component: Designator=R24(R1005_0402i_L)
Added Component: Designator=R25(R1005_0402i_L)
Added Component: Designator=TP1(PAD_CIRC_HOLE)
Added Component: Designator=TP2(PAD_CIRC_HOLE)
Added Component: Designator=U1(28M1_N)
Add component (AddParameter): Name = "ComponentLink1Description"; Value = "Manufacturer Link"; VariantName = "[No Variations]"
Add component (AddParameter): Name = "ComponentLink1URL"; Value = "http://www.atmel.com/products/avr/default.asp?"; VariantName = "[No Variations]"
Add component (AddParameter): Name = "ComponentLink2Description"; Value = "ATtiny48/88 Datasheet"; VariantName = "[No Variations]"
Add component (AddParameter): Name = "ComponentLink2URL"; Value = "http://www.atmel.com/dyn/resources/prod_documents/doc8008.pdf"; VariantName = "[No Variations]"
Add component (AddParameter): Name = "ComponentLink3Description"; Value = "ATtiny48/88 Summary"; VariantName = "[No Variations]"
Add component (AddParameter): Name = "ComponentLink3URL"; Value = "http://www.atmel.com/dyn/resources/prod_documents/8008S.pdf"; VariantName = "[No Variations]"
Add component (AddParameter): Name = "ComponentLink4Description"; Value = "Atmel.com Home"; VariantName = "[No Variations]"
Add component (AddParameter): Name = "ComponentLink4URL"; Value = "http://www.atmel.com"; VariantName = "[No Variations]"
Add component (AddParameter): Name = "DatasheetVersion"; Value = "revC, Mar-2009"; VariantName = "[No Variations]"
Add component (AddParameter): Name = "PackageDescription"; Value = "28-pad, 4x4x1.0mm Body, Pitch 0.45mm, 2.4x2.4mm Exposed Pad, Plastic Very Thin QFN Package (VQFN)"; VariantName = "[No Variations]"
Add component (AddParameter): Name = "PackageReference"; Value = "28M1"; VariantName = "[No Variations]"
Add component (AddParameter): Name = "PackageVersion"; Value = "revB, Nov-2008"; VariantName = "[No Variations]"
Add component (AddParameter): Name = "Published"; Value = "1-Apr-2010"; VariantName = "[No Variations]"
Add component (AddParameter): Name = "Publisher"; Value = "Altium Limited"; VariantName = "[No Variations]"
Add component (AddParameter): Name = "Supplier 1"; Value = "Digi-Key"; VariantName = "[No Variations]"
Add component (AddParameter): Name = "Supplier 2"; Value = "Mouser"; VariantName = "[No Variations]"
Add component (AddParameter): Name = "Supplier Part Number 1"; Value = "ATTINY88-MMU-ND"; VariantName = "[No Variations]"
Add component (AddParameter): Name = "Supplier Part Number 2"; Value = "556-ATTINY88-MMU"; VariantName = "[No Variations]"
Added Pin To Net: NetName=+3.3V Pin=C1-2
Added Pin To Net: NetName=+3.3V Pin=C6-1
Added Pin To Net: NetName=+3.3V Pin=C7-1
Added Pin To Net: NetName=+3.3V Pin=C8-1
Added Pin To Net: NetName=+3.3V Pin=FB1-1
Added Pin To Net: NetName=+3.3V Pin=LD1-5
Added Pin To Net: NetName=+3.3V Pin=R17-1
Added Pin To Net: NetName=+3.3V Pin=R19-1
Added Pin To Net: NetName=+3.3V Pin=R20-1
Added Pin To Net: NetName=+3.3V Pin=R21-1
Added Pin To Net: NetName=+3.3V Pin=R22-1
Added Pin To Net: NetName=+3.3V Pin=U1-3
Added Net: Name=+3.3V
Added Pin To Net: NetName=+5 Pin=C5-1
Added Pin To Net: NetName=+5 Pin=LD1-1
Added Pin To Net: NetName=+5 Pin=LD1-3
Added Pin To Net: NetName=+5 Pin=P1-2
Added Pin To Net: NetName=+5 Pin=P2-2
Added Net: Name=+5
Added Pin To Net: NetName=+12 Pin=C2-1
Added Pin To Net: NetName=+12 Pin=C4-1
Added Pin To Net: NetName=+12 Pin=K1_U_rel_ladder1-1
Added Pin To Net: NetName=+12 Pin=K1_U_rel_ladder2-1
Added Pin To Net: NetName=+12 Pin=K2_U_rel_ladder1-1
Added Pin To Net: NetName=+12 Pin=K2_U_rel_ladder2-1
Added Pin To Net: NetName=+12 Pin=K3_U_rel_ladder1-1
Added Pin To Net: NetName=+12 Pin=K3_U_rel_ladder2-1
Added Pin To Net: NetName=+12 Pin=K4_U_rel_ladder1-1
Added Pin To Net: NetName=+12 Pin=K4_U_rel_ladder2-1
Added Pin To Net: NetName=+12 Pin=K5_U_rel_ladder1-1
Added Pin To Net: NetName=+12 Pin=K5_U_rel_ladder2-1
Added Pin To Net: NetName=+12 Pin=K6_U_rel_ladder1-1
Added Pin To Net: NetName=+12 Pin=K6_U_rel_ladder2-1
Added Pin To Net: NetName=+12 Pin=K7_U_rel_ladder1-1
Added Pin To Net: NetName=+12 Pin=K7_U_rel_ladder2-1
Added Pin To Net: NetName=+12 Pin=K8_U_rel_ladder1-1
Added Pin To Net: NetName=+12 Pin=K8_U_rel_ladder2-1
Added Pin To Net: NetName=+12 Pin=P1-3
Added Pin To Net: NetName=+12 Pin=P2-3
Added Net: Name=+12
Added Pin To Net: NetName=A1 Pin=CN3-1
Added Pin To Net: NetName=A1 Pin=K8_U_rel_ladder2-6
Added Pin To Net: NetName=A1 Pin=R1_U_rel_ladder2-1
Added Net: Name=A1
Added Pin To Net: NetName=A2 Pin=CN1-1
Added Pin To Net: NetName=A2 Pin=K8_U_rel_ladder1-6
Added Pin To Net: NetName=A2 Pin=R1_U_rel_ladder1-1
Added Net: Name=A2
Added Pin To Net: NetName=AGND Pin=CN2-2
Added Pin To Net: NetName=AGND Pin=CN4-2
Added Net: Name=AGND
Added Pin To Net: NetName=AVCC Pin=C9-1
Added Pin To Net: NetName=AVCC Pin=FB1-2
Added Pin To Net: NetName=AVCC Pin=U1-16
Added Net: Name=AVCC
Added Pin To Net: NetName=B1 Pin=CN3-2
Added Pin To Net: NetName=B1 Pin=K8_U_rel_ladder2-4
Added Pin To Net: NetName=B1 Pin=R2_U_rel_ladder2-1
Added Net: Name=B1
Added Pin To Net: NetName=B2 Pin=CN1-2
Added Pin To Net: NetName=B2 Pin=K8_U_rel_ladder1-4
Added Pin To Net: NetName=B2 Pin=R2_U_rel_ladder1-1
Added Net: Name=B2
Added Pin To Net: NetName=C1 Pin=CN4-1
Added Pin To Net: NetName=C1 Pin=J2_U_rel_ladder2-1
Added Pin To Net: NetName=C1 Pin=J2_U_rel_ladder2-2
Added Pin To Net: NetName=C1 Pin=K1_U_rel_ladder2-3
Added Pin To Net: NetName=C1 Pin=K1_U_rel_ladder2-7
Added Pin To Net: NetName=C1 Pin=R15_U_rel_ladder2-2
Added Pin To Net: NetName=C1 Pin=R16_U_rel_ladder2-2
Added Pin To Net: NetName=C1 Pin=TP1-1
Added Net: Name=C1
Added Pin To Net: NetName=C2 Pin=CN2-1
Added Pin To Net: NetName=C2 Pin=J2_U_rel_ladder1-1
Added Pin To Net: NetName=C2 Pin=J2_U_rel_ladder1-2
Added Pin To Net: NetName=C2 Pin=K1_U_rel_ladder1-3
Added Pin To Net: NetName=C2 Pin=K1_U_rel_ladder1-7
Added Pin To Net: NetName=C2 Pin=R15_U_rel_ladder1-2
Added Pin To Net: NetName=C2 Pin=R16_U_rel_ladder1-2
Added Pin To Net: NetName=C2 Pin=TP2-1
Added Net: Name=C2
Added Pin To Net: NetName=GND Pin=C1-1
Added Pin To Net: NetName=GND Pin=C2-2
Added Pin To Net: NetName=GND Pin=C3-1
Added Pin To Net: NetName=GND Pin=C4-2
Added Pin To Net: NetName=GND Pin=C5-2
Added Pin To Net: NetName=GND Pin=C6-2
Added Pin To Net: NetName=GND Pin=C7-2
Added Pin To Net: NetName=GND Pin=C8-2
Added Pin To Net: NetName=GND Pin=C9-2
Added Pin To Net: NetName=GND Pin=LD1-2
Added Pin To Net: NetName=GND Pin=P1-1
Added Pin To Net: NetName=GND Pin=P1-4
Added Pin To Net: NetName=GND Pin=P2-1
Added Pin To Net: NetName=GND Pin=P2-4
Added Pin To Net: NetName=GND Pin=P3-1
Added Pin To Net: NetName=GND Pin=P3-3
Added Pin To Net: NetName=GND Pin=P3-5
Added Pin To Net: NetName=GND Pin=P3-7
Added Pin To Net: NetName=GND Pin=P3-9
Added Pin To Net: NetName=GND Pin=P3-11
Added Pin To Net: NetName=GND Pin=P4-1
Added Pin To Net: NetName=GND Pin=P4-3
Added Pin To Net: NetName=GND Pin=P4-5
Added Pin To Net: NetName=GND Pin=P4-7
Added Pin To Net: NetName=GND Pin=P4-9
Added Pin To Net: NetName=GND Pin=P4-11
Added Pin To Net: NetName=GND Pin=U1-4
Added Pin To Net: NetName=GND Pin=U1-18
Added Pin To Net: NetName=GND Pin=U1-29
Added Net: Name=GND
Added Pin To Net: NetName=INT Pin=P3-12
Added Pin To Net: NetName=INT Pin=P4-12
Added Pin To Net: NetName=INT Pin=R18-1
Added Pin To Net: NetName=INT Pin=R20-2
Added Net: Name=INT
Added Pin To Net: NetName=MISO_T88 Pin=J1-1
Added Pin To Net: NetName=MISO_T88 Pin=P4-4
Added Pin To Net: NetName=MISO_T88 Pin=U1-14
Added Net: Name=MISO_T88
Added Pin To Net: NetName=MISO Pin=J1-2
Added Pin To Net: NetName=MISO Pin=P3-2
Added Pin To Net: NetName=MISO Pin=P4-2
Added Net: Name=MISO
Added Pin To Net: NetName=MOSI_T88 Pin=P3-4
Added Pin To Net: NetName=MOSI_T88 Pin=R24-1
Added Net: Name=MOSI_T88
Added Pin To Net: NetName=NetC3_2 Pin=C3-2
Added Pin To Net: NetName=NetC3_2 Pin=R17-2
Added Net: Name=NetC3_2
Added Pin To Net: NetName=NetK1_U_rel_ladder1_4 Pin=K1_U_rel_ladder1-4
Added Pin To Net: NetName=NetK1_U_rel_ladder1_4 Pin=K2_U_rel_ladder1-3
Added Pin To Net: NetName=NetK1_U_rel_ladder1_4 Pin=R14_U_rel_ladder1-2
Added Pin To Net: NetName=NetK1_U_rel_ladder1_4 Pin=R16_U_rel_ladder1-1
Added Net: Name=NetK1_U_rel_ladder1_4
Added Pin To Net: NetName=NetK1_U_rel_ladder1_6 Pin=K1_U_rel_ladder1-6
Added Pin To Net: NetName=NetK1_U_rel_ladder1_6 Pin=K2_U_rel_ladder1-7
Added Pin To Net: NetName=NetK1_U_rel_ladder1_6 Pin=R13_U_rel_ladder1-2
Added Pin To Net: NetName=NetK1_U_rel_ladder1_6 Pin=R15_U_rel_ladder1-1
Added Net: Name=NetK1_U_rel_ladder1_6
Added Pin To Net: NetName=NetK1_U_rel_ladder1_8 Pin=K1_U_rel_ladder1-8
Added Net: Name=NetK1_U_rel_ladder1_8
Added Pin To Net: NetName=NetK1_U_rel_ladder2_4 Pin=K1_U_rel_ladder2-4
Added Pin To Net: NetName=NetK1_U_rel_ladder2_4 Pin=K2_U_rel_ladder2-3
Added Pin To Net: NetName=NetK1_U_rel_ladder2_4 Pin=R14_U_rel_ladder2-2
Added Pin To Net: NetName=NetK1_U_rel_ladder2_4 Pin=R16_U_rel_ladder2-1
Added Net: Name=NetK1_U_rel_ladder2_4
Added Pin To Net: NetName=NetK1_U_rel_ladder2_6 Pin=K1_U_rel_ladder2-6
Added Pin To Net: NetName=NetK1_U_rel_ladder2_6 Pin=K2_U_rel_ladder2-7
Added Pin To Net: NetName=NetK1_U_rel_ladder2_6 Pin=R13_U_rel_ladder2-2
Added Pin To Net: NetName=NetK1_U_rel_ladder2_6 Pin=R15_U_rel_ladder2-1
Added Net: Name=NetK1_U_rel_ladder2_6
Added Pin To Net: NetName=NetK1_U_rel_ladder2_8 Pin=K1_U_rel_ladder2-8
Added Net: Name=NetK1_U_rel_ladder2_8
Added Pin To Net: NetName=NetK2_U_rel_ladder1_4 Pin=K2_U_rel_ladder1-4
Added Pin To Net: NetName=NetK2_U_rel_ladder1_4 Pin=K3_U_rel_ladder1-3
Added Pin To Net: NetName=NetK2_U_rel_ladder1_4 Pin=R12_U_rel_ladder1-2
Added Pin To Net: NetName=NetK2_U_rel_ladder1_4 Pin=R14_U_rel_ladder1-1
Added Net: Name=NetK2_U_rel_ladder1_4
Added Pin To Net: NetName=NetK2_U_rel_ladder1_6 Pin=K2_U_rel_ladder1-6
Added Pin To Net: NetName=NetK2_U_rel_ladder1_6 Pin=K3_U_rel_ladder1-7
Added Pin To Net: NetName=NetK2_U_rel_ladder1_6 Pin=R11_U_rel_ladder1-2
Added Pin To Net: NetName=NetK2_U_rel_ladder1_6 Pin=R13_U_rel_ladder1-1
Added Net: Name=NetK2_U_rel_ladder1_6
Added Pin To Net: NetName=NetK2_U_rel_ladder1_8 Pin=K2_U_rel_ladder1-8
Added Net: Name=NetK2_U_rel_ladder1_8
Added Pin To Net: NetName=NetK2_U_rel_ladder2_4 Pin=K2_U_rel_ladder2-4
Added Pin To Net: NetName=NetK2_U_rel_ladder2_4 Pin=K3_U_rel_ladder2-3
Added Pin To Net: NetName=NetK2_U_rel_ladder2_4 Pin=R12_U_rel_ladder2-2
Added Pin To Net: NetName=NetK2_U_rel_ladder2_4 Pin=R14_U_rel_ladder2-1
Added Net: Name=NetK2_U_rel_ladder2_4
Added Pin To Net: NetName=NetK2_U_rel_ladder2_6 Pin=K2_U_rel_ladder2-6
Added Pin To Net: NetName=NetK2_U_rel_ladder2_6 Pin=K3_U_rel_ladder2-7
Added Pin To Net: NetName=NetK2_U_rel_ladder2_6 Pin=R11_U_rel_ladder2-2
Added Pin To Net: NetName=NetK2_U_rel_ladder2_6 Pin=R13_U_rel_ladder2-1
Added Net: Name=NetK2_U_rel_ladder2_6
Added Pin To Net: NetName=NetK2_U_rel_ladder2_8 Pin=K2_U_rel_ladder2-8
Added Net: Name=NetK2_U_rel_ladder2_8
Added Pin To Net: NetName=NetK3_U_rel_ladder1_4 Pin=K3_U_rel_ladder1-4
Added Pin To Net: NetName=NetK3_U_rel_ladder1_4 Pin=K4_U_rel_ladder1-3
Added Pin To Net: NetName=NetK3_U_rel_ladder1_4 Pin=R10_U_rel_ladder1-2
Added Pin To Net: NetName=NetK3_U_rel_ladder1_4 Pin=R12_U_rel_ladder1-1
Added Net: Name=NetK3_U_rel_ladder1_4
Added Pin To Net: NetName=NetK3_U_rel_ladder1_6 Pin=K3_U_rel_ladder1-6
Added Pin To Net: NetName=NetK3_U_rel_ladder1_6 Pin=K4_U_rel_ladder1-7
Added Pin To Net: NetName=NetK3_U_rel_ladder1_6 Pin=R9_U_rel_ladder1-2
Added Pin To Net: NetName=NetK3_U_rel_ladder1_6 Pin=R11_U_rel_ladder1-1
Added Net: Name=NetK3_U_rel_ladder1_6
Added Pin To Net: NetName=NetK3_U_rel_ladder1_8 Pin=K3_U_rel_ladder1-8
Added Net: Name=NetK3_U_rel_ladder1_8
Added Pin To Net: NetName=NetK3_U_rel_ladder2_4 Pin=K3_U_rel_ladder2-4
Added Pin To Net: NetName=NetK3_U_rel_ladder2_4 Pin=K4_U_rel_ladder2-3
Added Pin To Net: NetName=NetK3_U_rel_ladder2_4 Pin=R10_U_rel_ladder2-2
Added Pin To Net: NetName=NetK3_U_rel_ladder2_4 Pin=R12_U_rel_ladder2-1
Added Net: Name=NetK3_U_rel_ladder2_4
Added Pin To Net: NetName=NetK3_U_rel_ladder2_6 Pin=K3_U_rel_ladder2-6
Added Pin To Net: NetName=NetK3_U_rel_ladder2_6 Pin=K4_U_rel_ladder2-7
Added Pin To Net: NetName=NetK3_U_rel_ladder2_6 Pin=R9_U_rel_ladder2-2
Added Pin To Net: NetName=NetK3_U_rel_ladder2_6 Pin=R11_U_rel_ladder2-1
Added Net: Name=NetK3_U_rel_ladder2_6
Added Pin To Net: NetName=NetK3_U_rel_ladder2_8 Pin=K3_U_rel_ladder2-8
Added Net: Name=NetK3_U_rel_ladder2_8
Added Pin To Net: NetName=NetK4_U_rel_ladder1_4 Pin=K4_U_rel_ladder1-4
Added Pin To Net: NetName=NetK4_U_rel_ladder1_4 Pin=K5_U_rel_ladder1-3
Added Pin To Net: NetName=NetK4_U_rel_ladder1_4 Pin=R8_U_rel_ladder1-2
Added Pin To Net: NetName=NetK4_U_rel_ladder1_4 Pin=R10_U_rel_ladder1-1
Added Net: Name=NetK4_U_rel_ladder1_4
Added Pin To Net: NetName=NetK4_U_rel_ladder1_6 Pin=K4_U_rel_ladder1-6
Added Pin To Net: NetName=NetK4_U_rel_ladder1_6 Pin=K5_U_rel_ladder1-7
Added Pin To Net: NetName=NetK4_U_rel_ladder1_6 Pin=R7_U_rel_ladder1-2
Added Pin To Net: NetName=NetK4_U_rel_ladder1_6 Pin=R9_U_rel_ladder1-1
Added Net: Name=NetK4_U_rel_ladder1_6
Added Pin To Net: NetName=NetK4_U_rel_ladder1_8 Pin=K4_U_rel_ladder1-8
Added Net: Name=NetK4_U_rel_ladder1_8
Added Pin To Net: NetName=NetK4_U_rel_ladder2_4 Pin=K4_U_rel_ladder2-4
Added Pin To Net: NetName=NetK4_U_rel_ladder2_4 Pin=K5_U_rel_ladder2-3
Added Pin To Net: NetName=NetK4_U_rel_ladder2_4 Pin=R8_U_rel_ladder2-2
Added Pin To Net: NetName=NetK4_U_rel_ladder2_4 Pin=R10_U_rel_ladder2-1
Added Net: Name=NetK4_U_rel_ladder2_4
Added Pin To Net: NetName=NetK4_U_rel_ladder2_6 Pin=K4_U_rel_ladder2-6
Added Pin To Net: NetName=NetK4_U_rel_ladder2_6 Pin=K5_U_rel_ladder2-7
Added Pin To Net: NetName=NetK4_U_rel_ladder2_6 Pin=R7_U_rel_ladder2-2
Added Pin To Net: NetName=NetK4_U_rel_ladder2_6 Pin=R9_U_rel_ladder2-1
Added Net: Name=NetK4_U_rel_ladder2_6
Added Pin To Net: NetName=NetK4_U_rel_ladder2_8 Pin=K4_U_rel_ladder2-8
Added Net: Name=NetK4_U_rel_ladder2_8
Added Pin To Net: NetName=NetK5_U_rel_ladder1_4 Pin=K5_U_rel_ladder1-4
Added Pin To Net: NetName=NetK5_U_rel_ladder1_4 Pin=K6_U_rel_ladder1-3
Added Pin To Net: NetName=NetK5_U_rel_ladder1_4 Pin=R6_U_rel_ladder1-2
Added Pin To Net: NetName=NetK5_U_rel_ladder1_4 Pin=R8_U_rel_ladder1-1
Added Net: Name=NetK5_U_rel_ladder1_4
Added Pin To Net: NetName=NetK5_U_rel_ladder1_6 Pin=K5_U_rel_ladder1-6
Added Pin To Net: NetName=NetK5_U_rel_ladder1_6 Pin=K6_U_rel_ladder1-7
Added Pin To Net: NetName=NetK5_U_rel_ladder1_6 Pin=R5_U_rel_ladder1-2
Added Pin To Net: NetName=NetK5_U_rel_ladder1_6 Pin=R7_U_rel_ladder1-1
Added Net: Name=NetK5_U_rel_ladder1_6
Added Pin To Net: NetName=NetK5_U_rel_ladder1_8 Pin=K5_U_rel_ladder1-8
Added Net: Name=NetK5_U_rel_ladder1_8
Added Pin To Net: NetName=NetK5_U_rel_ladder2_4 Pin=K5_U_rel_ladder2-4
Added Pin To Net: NetName=NetK5_U_rel_ladder2_4 Pin=K6_U_rel_ladder2-3
Added Pin To Net: NetName=NetK5_U_rel_ladder2_4 Pin=R6_U_rel_ladder2-2
Added Pin To Net: NetName=NetK5_U_rel_ladder2_4 Pin=R8_U_rel_ladder2-1
Added Net: Name=NetK5_U_rel_ladder2_4
Added Pin To Net: NetName=NetK5_U_rel_ladder2_6 Pin=K5_U_rel_ladder2-6
Added Pin To Net: NetName=NetK5_U_rel_ladder2_6 Pin=K6_U_rel_ladder2-7
Added Pin To Net: NetName=NetK5_U_rel_ladder2_6 Pin=R5_U_rel_ladder2-2
Added Pin To Net: NetName=NetK5_U_rel_ladder2_6 Pin=R7_U_rel_ladder2-1
Added Net: Name=NetK5_U_rel_ladder2_6
Added Pin To Net: NetName=NetK5_U_rel_ladder2_8 Pin=K5_U_rel_ladder2-8
Added Net: Name=NetK5_U_rel_ladder2_8
Added Pin To Net: NetName=NetK6_U_rel_ladder1_4 Pin=K6_U_rel_ladder1-4
Added Pin To Net: NetName=NetK6_U_rel_ladder1_4 Pin=K7_U_rel_ladder1-3
Added Pin To Net: NetName=NetK6_U_rel_ladder1_4 Pin=R4_U_rel_ladder1-2
Added Pin To Net: NetName=NetK6_U_rel_ladder1_4 Pin=R6_U_rel_ladder1-1
Added Net: Name=NetK6_U_rel_ladder1_4
Added Pin To Net: NetName=NetK6_U_rel_ladder1_6 Pin=K6_U_rel_ladder1-6
Added Pin To Net: NetName=NetK6_U_rel_ladder1_6 Pin=K7_U_rel_ladder1-7
Added Pin To Net: NetName=NetK6_U_rel_ladder1_6 Pin=R3_U_rel_ladder1-2
Added Pin To Net: NetName=NetK6_U_rel_ladder1_6 Pin=R5_U_rel_ladder1-1
Added Net: Name=NetK6_U_rel_ladder1_6
Added Pin To Net: NetName=NetK6_U_rel_ladder1_8 Pin=K6_U_rel_ladder1-8
Added Net: Name=NetK6_U_rel_ladder1_8
Added Pin To Net: NetName=NetK6_U_rel_ladder2_4 Pin=K6_U_rel_ladder2-4
Added Pin To Net: NetName=NetK6_U_rel_ladder2_4 Pin=K7_U_rel_ladder2-3
Added Pin To Net: NetName=NetK6_U_rel_ladder2_4 Pin=R4_U_rel_ladder2-2
Added Pin To Net: NetName=NetK6_U_rel_ladder2_4 Pin=R6_U_rel_ladder2-1
Added Net: Name=NetK6_U_rel_ladder2_4
Added Pin To Net: NetName=NetK6_U_rel_ladder2_6 Pin=K6_U_rel_ladder2-6
Added Pin To Net: NetName=NetK6_U_rel_ladder2_6 Pin=K7_U_rel_ladder2-7
Added Pin To Net: NetName=NetK6_U_rel_ladder2_6 Pin=R3_U_rel_ladder2-2
Added Pin To Net: NetName=NetK6_U_rel_ladder2_6 Pin=R5_U_rel_ladder2-1
Added Net: Name=NetK6_U_rel_ladder2_6
Added Pin To Net: NetName=NetK6_U_rel_ladder2_8 Pin=K6_U_rel_ladder2-8
Added Net: Name=NetK6_U_rel_ladder2_8
Added Pin To Net: NetName=NetK7_U_rel_ladder1_4 Pin=K7_U_rel_ladder1-4
Added Pin To Net: NetName=NetK7_U_rel_ladder1_4 Pin=K8_U_rel_ladder1-3
Added Pin To Net: NetName=NetK7_U_rel_ladder1_4 Pin=R2_U_rel_ladder1-2
Added Pin To Net: NetName=NetK7_U_rel_ladder1_4 Pin=R4_U_rel_ladder1-1
Added Net: Name=NetK7_U_rel_ladder1_4
Added Pin To Net: NetName=NetK7_U_rel_ladder1_6 Pin=K7_U_rel_ladder1-6
Added Pin To Net: NetName=NetK7_U_rel_ladder1_6 Pin=K8_U_rel_ladder1-7
Added Pin To Net: NetName=NetK7_U_rel_ladder1_6 Pin=R1_U_rel_ladder1-2
Added Pin To Net: NetName=NetK7_U_rel_ladder1_6 Pin=R3_U_rel_ladder1-1
Added Net: Name=NetK7_U_rel_ladder1_6
Added Pin To Net: NetName=NetK7_U_rel_ladder1_8 Pin=K7_U_rel_ladder1-8
Added Net: Name=NetK7_U_rel_ladder1_8
Added Pin To Net: NetName=NetK7_U_rel_ladder2_4 Pin=K7_U_rel_ladder2-4
Added Pin To Net: NetName=NetK7_U_rel_ladder2_4 Pin=K8_U_rel_ladder2-3
Added Pin To Net: NetName=NetK7_U_rel_ladder2_4 Pin=R2_U_rel_ladder2-2
Added Pin To Net: NetName=NetK7_U_rel_ladder2_4 Pin=R4_U_rel_ladder2-1
Added Net: Name=NetK7_U_rel_ladder2_4
Added Pin To Net: NetName=NetK7_U_rel_ladder2_6 Pin=K7_U_rel_ladder2-6
Added Pin To Net: NetName=NetK7_U_rel_ladder2_6 Pin=K8_U_rel_ladder2-7
Added Pin To Net: NetName=NetK7_U_rel_ladder2_6 Pin=R1_U_rel_ladder2-2
Added Pin To Net: NetName=NetK7_U_rel_ladder2_6 Pin=R3_U_rel_ladder2-1
Added Net: Name=NetK7_U_rel_ladder2_6
Added Pin To Net: NetName=NetK7_U_rel_ladder2_8 Pin=K7_U_rel_ladder2-8
Added Net: Name=NetK7_U_rel_ladder2_8
Added Pin To Net: NetName=NetK8_U_rel_ladder1_8 Pin=K8_U_rel_ladder1-8
Added Net: Name=NetK8_U_rel_ladder1_8
Added Pin To Net: NetName=NetK8_U_rel_ladder2_8 Pin=K8_U_rel_ladder2-8
Added Net: Name=NetK8_U_rel_ladder2_8
Added Net: Name=NetMCP1_1
Added Net: Name=NetMCP1_2
Added Net: Name=NetMCP1_3
Added Net: Name=NetMCP1_4
Added Net: Name=NetMCP1_17
Added Net: Name=NetMCP1_18
Added Net: Name=NetMCP1_19
Added Net: Name=NetMCP1_20
Added Net: Name=NetMCP1_21
Added Net: Name=NetMCP1_22
Added Net: Name=NetMCP1_23
Added Net: Name=NetMCP1_24
Added Net: Name=NetMCP1_25
Added Net: Name=NetMCP1_26
Added Net: Name=NetMCP1_27
Added Net: Name=NetMCP1_28
Added Pin To Net: NetName=NetR18_2 Pin=R18-2
Added Pin To Net: NetName=NetR18_2 Pin=U1-6
Added Net: Name=NetR18_2
Added Pin To Net: NetName=NetR23_2 Pin=R23-2
Added Pin To Net: NetName=NetR23_2 Pin=U1-12
Added Net: Name=NetR23_2
Added Pin To Net: NetName=NetR24_2 Pin=R24-2
Added Pin To Net: NetName=NetR24_2 Pin=U1-13
Added Net: Name=NetR24_2
Added Pin To Net: NetName=NetR25_2 Pin=R25-2
Added Pin To Net: NetName=NetR25_2 Pin=U1-15
Added Net: Name=NetR25_2
Added Pin To Net: NetName=R\E\S\E\T\ Pin=P3-10
Added Pin To Net: NetName=R\E\S\E\T\ Pin=P4-10
Added Pin To Net: NetName=R\E\S\E\T\ Pin=R19-2
Added Pin To Net: NetName=R\E\S\E\T\ Pin=U1-25
Added Net: Name=R\E\S\E\T\
Added Pin To Net: NetName=S\S\ Pin=P3-8
Added Pin To Net: NetName=S\S\ Pin=P4-8
Added Pin To Net: NetName=S\S\ Pin=R23-1
Added Net: Name=S\S\
Added Pin To Net: NetName=SCK Pin=P3-6
Added Pin To Net: NetName=SCK Pin=P4-6
Added Pin To Net: NetName=SCK Pin=R25-1
Added Net: Name=SCK
Added Pin To Net: NetName=SCL Pin=R22-2
Added Pin To Net: NetName=SCL Pin=U1-24
Added Net: Name=SCL
Added Pin To Net: NetName=SDA Pin=R21-2
Added Pin To Net: NetName=SDA Pin=U1-23
Added Net: Name=SDA
Added Class: Name=POT 2x8
Added Class: Name=U_rel_ladder1
Added Class: Name=U_rel_ladder2
Added Class: Name=rel_ladder
Added Room: Name=POT 2x8
Added Room: Name=U_rel_ladder1
Added Room: Name=U_rel_ladder2
