Change Component Comment : Designator=P? Old Comment=2x6 New Comment=AKT
Change Component Comment : Designator=P? Old Comment=2x6 New Comment=UI
Change Component Designator: OldDesignator=C? NewDesignator=C1
Change Component Designator: OldDesignator=C? NewDesignator=C2
Change Component Designator: OldDesignator=C? NewDesignator=C3
Change Component Designator: OldDesignator=C? NewDesignator=C4
Change Component Designator: OldDesignator=C? NewDesignator=C5
Change Component Designator: OldDesignator=P? NewDesignator=P6
Change Component Designator: OldDesignator=P? NewDesignator=P7
Change Component Designator: OldDesignator=R? NewDesignator=R5
Change Component Designator: OldDesignator=R? NewDesignator=R6
Change Component Designator: OldDesignator=R? NewDesignator=R7
Change Component Designator: OldDesignator=R? NewDesignator=R8
Change Component Designator: OldDesignator=R? NewDesignator=R9
Change Component Designator: OldDesignator=R? NewDesignator=R10
Change Component Designator: OldDesignator=R? NewDesignator=R11
Change Component Designator: OldDesignator=R? NewDesignator=R12
Added Pin To Net: NetName=UI_SWDIO Pin=P6-11
Added Pin To Net: NetName=UI_SWCLK Pin=P6-12
Added Pin To Net: NetName=AKT_SWDIO Pin=P7-11
Added Pin To Net: NetName=AKT_SWCLK Pin=P7-12
Added Member To Class: ClassName=MCU Member=Component C1 100n
Added Member To Class: ClassName=MCU Member=Component C2 100n
Added Member To Class: ClassName=MCU Member=Component C4 100n
Added Member To Class: ClassName=MCU Member=Component C5 100n
Added Member To Class: ClassName=MCU Member=Component P6 UI
Added Member To Class: ClassName=MCU Member=Component R5 3k
Added Member To Class: ClassName=MCU Member=Component R6 3k
Added Member To Class: ClassName=MCU Member=Component R7 3k
Added Member To Class: ClassName=MCU Member=Component R8 3k
Added Member To Class: ClassName=MCU Member=Component R10 3k
Added Member To Class: ClassName=MCU Member=Component R11 3k
Added Member To Class: ClassName=MCU Member=Component R12 3k
