Removed Pin From Net: NetName=UI_INT Pin=P?-18
Removed Pin From Net: NetName=UI_R\E\S\E\T\ Pin=P?-22
Added Component: Designator=D?(LED1608_0603I_L)
Added Component: Designator=D?(LED1608_0603I_L)
Added Component: Designator=J?(solder_jumper_triangle)
Added Component: Designator=J?(solder_jumper_triangle)
Added Component: Designator=P?(HDR1X4)
Add component (AddParameter): Name = "LatestRevisionDate"; Value = "17-Jul-2002"; VariantName = "[No Variations]"
Add component (AddParameter): Name = "LatestRevisionNote"; Value = "Re-released for DXP Platform."; VariantName = "[No Variations]"
Add component (AddParameter): Name = "Publisher"; Value = "Altium Limited"; VariantName = "[No Variations]"
Added Component: Designator=P?(HDR1X2)
Add component (AddParameter): Name = "LatestRevisionDate"; Value = "17-Jul-2002"; VariantName = "[No Variations]"
Add component (AddParameter): Name = "LatestRevisionNote"; Value = "Re-released for DXP Platform."; VariantName = "[No Variations]"
Add component (AddParameter): Name = "Publisher"; Value = "Altium Limited"; VariantName = "[No Variations]"
Added Component: Designator=P?(HDR1X2)
Add component (AddParameter): Name = "LatestRevisionDate"; Value = "17-Jul-2002"; VariantName = "[No Variations]"
Add component (AddParameter): Name = "LatestRevisionNote"; Value = "Re-released for DXP Platform."; VariantName = "[No Variations]"
Add component (AddParameter): Name = "Publisher"; Value = "Altium Limited"; VariantName = "[No Variations]"
Added Component: Designator=P?(HDR1X4)
Add component (AddParameter): Name = "LatestRevisionDate"; Value = "17-Jul-2002"; VariantName = "[No Variations]"
Add component (AddParameter): Name = "LatestRevisionNote"; Value = "Re-released for DXP Platform."; VariantName = "[No Variations]"
Add component (AddParameter): Name = "Publisher"; Value = "Altium Limited"; VariantName = "[No Variations]"
Added Component: Designator=R?(R1005_0402i_L)
Added Component: Designator=R?(R1005_0402i_L)
Added Component: Designator=R?(R1005_0402i_L)
Added Component: Designator=R?(R1005_0402i_L)
Added Pin To Net: NetName=GND Pin=D?-1
Added Pin To Net: NetName=GND Pin=D?-1
Added Pin To Net: NetName=GND Pin=P?-1
Added Pin To Net: NetName=GND Pin=P?-1
Added Pin To Net: NetName=GND Pin=P?-2
Added Pin To Net: NetName=GND Pin=P?-2
Added Pin To Net: NetName=GND Pin=P?-4
Added Pin To Net: NetName=GND Pin=P?-4
Added Pin To Net: NetName=UI_S\S\ Pin=P?-4
Added Pin To Net: NetName=UI_INT Pin=P?-16
Added Pin To Net: NetName=UI_R\E\S\E\T\ Pin=P?-18
Added Pin To Net: NetName=+3V3 Pin=P?-1
Added Net: Name=+3V3
Added Pin To Net: NetName=+5 Pin=P?-1
Added Pin To Net: NetName=+5 Pin=P?-2
Added Pin To Net: NetName=+5 Pin=P?-2
Added Pin To Net: NetName=+5 Pin=P?-2
Added Pin To Net: NetName=+5 Pin=P?-3
Added Pin To Net: NetName=+5 Pin=P?-4
Added Pin To Net: NetName=+5 Pin=R?-1
Added Net: Name=+5
Added Pin To Net: NetName=+12 Pin=P?-1
Added Pin To Net: NetName=+12 Pin=P?-3
Added Pin To Net: NetName=+12 Pin=R?-1
Added Net: Name=+12
Added Pin To Net: NetName=AKT_A_N Pin=R?-2
Added Net: Name=AKT_A_N
Added Pin To Net: NetName=AKT_B_P Pin=J?-1
Added Net: Name=AKT_B_P
Added Pin To Net: NetName=AKT_INT Pin=P?-32
Added Net: Name=AKT_INT
Added Pin To Net: NetName=AKT_R\E\S\E\T\ Pin=P?-22
Added Net: Name=AKT_R\E\S\E\T\
Added Pin To Net: NetName=AKT_S\S\ Pin=P?-4
Added Pin To Net: NetName=AKT_S\S\ Pin=P?-26
Added Net: Name=AKT_S\S\
Added Net: Name=AKT_SWCLK
Added Net: Name=AKT_SWDIO
Added Pin To Net: NetName=NetD?_2 Pin=D?-2
Added Pin To Net: NetName=NetD?_2 Pin=R?-2
Added Net: Name=NetD?_2
Added Pin To Net: NetName=NetJ?_2 Pin=J?-2
Added Pin To Net: NetName=NetJ?_2 Pin=R?-1
Added Net: Name=NetJ?_2
Added Pin To Net: NetName=SPI_MISO Pin=P?-1
Added Pin To Net: NetName=SPI_MISO Pin=P?-1
Added Pin To Net: NetName=SPI_MISO Pin=P?-21
Added Net: Name=SPI_MISO
Added Pin To Net: NetName=SPI_MOSI Pin=P?-2
Added Pin To Net: NetName=SPI_MOSI Pin=P?-2
Added Pin To Net: NetName=SPI_MOSI Pin=P?-19
Added Net: Name=SPI_MOSI
Added Pin To Net: NetName=SPI_SCK Pin=P?-3
Added Pin To Net: NetName=SPI_SCK Pin=P?-3
Added Pin To Net: NetName=SPI_SCK Pin=P?-23
Added Net: Name=SPI_SCK
Added Pin To Net: NetName=UI_A_N Pin=R?-2
Added Net: Name=UI_A_N
Added Pin To Net: NetName=UI_B_P Pin=J?-1
Added Net: Name=UI_B_P
Added Net: Name=UI_SWCLK
Added Net: Name=UI_SWDIO
Added Member To Class: ClassName=MCU Member=Component D? LED
Added Member To Class: ClassName=MCU Member=Component D? LED
Added Member To Class: ClassName=MCU Member=Component J? solder_jumper
Added Member To Class: ClassName=MCU Member=Component J? solder_jumper
Added Member To Class: ClassName=MCU Member=Component P? UI
Added Member To Class: ClassName=MCU Member=Component P? ACT PWR
Added Member To Class: ClassName=MCU Member=Component P? RPI Header
Added Member To Class: ClassName=MCU Member=Component P? Header 2
Added Member To Class: ClassName=MCU Member=Component P? UI PWR
Added Member To Class: ClassName=MCU Member=Component P? ACTUATOR
Added Member To Class: ClassName=MCU Member=Component R? 120
Added Member To Class: ClassName=MCU Member=Component R? 300
Added Member To Class: ClassName=MCU Member=Component R? ~3k
Added Member To Class: ClassName=MCU Member=Component R? 120
