Removed Pin From Net: NetName=SPI_MISO Pin=P?-1
Removed Pin From Net: NetName=SPI_MOSI Pin=P?-2
Removed Pin From Net: NetName=SPI_SCK Pin=P?-3
Removed Pin From Net: NetName=AKT_S\S\ Pin=P?-4
Change Component Designator: OldDesignator=D? NewDesignator=D1
Change Component Designator: OldDesignator=D? NewDesignator=D2
Change Component Designator: OldDesignator=J? NewDesignator=J1
Change Component Designator: OldDesignator=J? NewDesignator=J2
Change Component Designator: OldDesignator=P? NewDesignator=P1
Change Component Designator: OldDesignator=P? NewDesignator=P2
Change Component Designator: OldDesignator=P? NewDesignator=P3
Change Component Designator: OldDesignator=P? NewDesignator=P4
Change Component Designator: OldDesignator=P? NewDesignator=P5
Change Component Designator: OldDesignator=R? NewDesignator=R1
Change Component Designator: OldDesignator=R? NewDesignator=R2
Change Component Designator: OldDesignator=R? NewDesignator=R3
Change Component Designator: OldDesignator=R? NewDesignator=R4
Added Component: Designator=P6(1.27mm SMD conn)
Add component (AddParameter): Name = "LatestRevisionDate"; Value = "17-Jul-2002"; VariantName = "[No Variations]"
Add component (AddParameter): Name = "LatestRevisionNote"; Value = "Re-released for DXP Platform."; VariantName = "[No Variations]"
Add component (AddParameter): Name = "Publisher"; Value = "Altium Limited"; VariantName = "[No Variations]"
Added Component: Designator=P7(1.27mm SMD conn)
Add component (AddParameter): Name = "LatestRevisionDate"; Value = "17-Jul-2002"; VariantName = "[No Variations]"
Add component (AddParameter): Name = "LatestRevisionNote"; Value = "Re-released for DXP Platform."; VariantName = "[No Variations]"
Add component (AddParameter): Name = "Publisher"; Value = "Altium Limited"; VariantName = "[No Variations]"
Added Pin To Net: NetName=GND Pin=P2-1
Added Pin To Net: NetName=+5 Pin=P2-2
Added Pin To Net: NetName=+5 Pin=P2-3
Added Pin To Net: NetName=GND Pin=P2-4
Added Pin To Net: NetName=SPI_MISO Pin=P6-1
Added Pin To Net: NetName=SPI_MOSI Pin=P6-2
Added Pin To Net: NetName=SPI_SCK Pin=P6-3
Added Pin To Net: NetName=UI_S\S\ Pin=P6-4
Added Pin To Net: NetName=GND Pin=P6-5
Added Pin To Net: NetName=UI_A_N Pin=P6-6
Added Pin To Net: NetName=UI_B_P Pin=P6-7
Added Pin To Net: NetName=GND Pin=P6-8
Added Pin To Net: NetName=UI_R\E\S\E\T\ Pin=P6-9
Added Pin To Net: NetName=UI_INT Pin=P6-10
Added Pin To Net: NetName=UI_SWDIO Pin=P6-11
Added Pin To Net: NetName=UI_SWCLK Pin=P6-12
Added Pin To Net: NetName=SPI_MISO Pin=P7-1
Added Pin To Net: NetName=SPI_MOSI Pin=P7-2
Added Pin To Net: NetName=SPI_SCK Pin=P7-3
Added Pin To Net: NetName=AKT_S\S\ Pin=P7-4
Added Pin To Net: NetName=GND Pin=P7-5
Added Pin To Net: NetName=AKT_A_N Pin=P7-6
Added Pin To Net: NetName=AKT_B_P Pin=P7-7
Added Pin To Net: NetName=GND Pin=P7-8
Added Pin To Net: NetName=AKT_R\E\S\E\T\ Pin=P7-9
Added Pin To Net: NetName=AKT_INT Pin=P7-10
Added Pin To Net: NetName=AKT_SWDIO Pin=P7-11
Added Pin To Net: NetName=AKT_SWCLK Pin=P7-12
Change Net Name : Old Net Name=NetD?_2 New Net Name=NetD1_2
Change Net Name : Old Net Name=NetJ?_2 New Net Name=NetJ2_2
Added Pin To Net: NetName=NetD2_2 Pin=D2-2
Added Pin To Net: NetName=NetD2_2 Pin=R4-2
Added Net: Name=NetD2_2
Added Pin To Net: NetName=NetJ1_2 Pin=J1-2
Added Pin To Net: NetName=NetJ1_2 Pin=R1-1
Added Net: Name=NetJ1_2
Added Member To Class: ClassName=MCU Member=Component D2 LED
Added Member To Class: ClassName=MCU Member=Component J1 solder_jumper
Added Member To Class: ClassName=MCU Member=Component P1 RPI Header
Added Member To Class: ClassName=MCU Member=Component P2 UI PWR
Added Member To Class: ClassName=MCU Member=Component P4 ACT PWR
Added Member To Class: ClassName=MCU Member=Component P5 Header 2
Added Member To Class: ClassName=MCU Member=Component P6 UI
Added Member To Class: ClassName=MCU Member=Component P7 ACTUATOR
Added Member To Class: ClassName=MCU Member=Component R2 120
Added Member To Class: ClassName=MCU Member=Component R3 ~3k
Added Member To Class: ClassName=MCU Member=Component R4 300
Added Room: Name=MCU
