Removed Pin From Net: NetName=S1 Pin=ACE1-8
Removed Pin From Net: NetName=GND Pin=P1-12
Removed Pin From Net: NetName=NetIS1_32 Pin=R2-1
Removed Pin From Net: NetName=NetIS1_30 Pin=R3-1
Removed Pin From Net: NetName=NetIS1_3 Pin=R4-1
Removed Pin From Net: NetName=NetIS1_1 Pin=R5-1
Removed Pin From Net: NetName=NetIS1_6 Pin=R6-1
Removed Pin From Net: NetName=NetIS1_4 Pin=R7-1
Removed Pin From Net: NetName=NetIS1_10 Pin=R8-1
Removed Pin From Net: NetName=NetIS1_7 Pin=R9-1
Removed Pin From Net: NetName=NetIS1_13 Pin=R10-1
Removed Pin From Net: NetName=NetIS1_11 Pin=R11-1
Change Component Footprint: Designator=P1 Old Footprint=1.27mm SMD conn New Footprint=HDR2X6
Change Component Footprint: Designator=P2 Old Footprint=1.27mm SMD conn New Footprint=HDR2X6
Added Pin To Net: NetName=GND Pin=P2-11
Added Pin To Net: NetName=NetIS1_30 Pin=R2-1
Added Pin To Net: NetName=NetIS1_32 Pin=R3-1
Added Pin To Net: NetName=NetIS1_1 Pin=R4-1
Added Pin To Net: NetName=NetIS1_3 Pin=R5-1
Added Pin To Net: NetName=NetIS1_4 Pin=R6-1
Added Pin To Net: NetName=NetIS1_6 Pin=R7-1
Added Pin To Net: NetName=NetIS1_7 Pin=R8-1
Added Pin To Net: NetName=NetIS1_10 Pin=R9-1
Added Pin To Net: NetName=NetIS1_11 Pin=R10-1
Added Pin To Net: NetName=NetIS1_13 Pin=R11-1
Added Member To Class: ClassName=U_led_ring Member=Component LED6 SMB-LED
Added Member To Class: ClassName=U_led_ring Member=Component R6 R
Added Room: Name=main_sch
Added Room: Name=U_ACE
Added Room: Name=U_led_ring
