Change Component Comment : Designator=R2 Old Comment=R New Comment=20
Change Component Comment : Designator=R4 Old Comment=R New Comment=20
Change Component Comment : Designator=R6 Old Comment=R New Comment=20
Change Component Comment : Designator=R8 Old Comment=R New Comment=20
Change Component Comment : Designator=R10 Old Comment=R New Comment=20
Change Component Comment : Designator=R12 Old Comment=R New Comment=20
Change Component Comment : Designator=R13 Old Comment=R New Comment=20
Change Component Comment : Designator=R14 Old Comment=R New Comment=20
Change Component Comment : Designator=R15 Old Comment=R New Comment=20
Change Component Comment : Designator=R16 Old Comment=R New Comment=20
Change Component Comment : Designator=R3 Old Comment=R New Comment=51
Change Component Comment : Designator=R5 Old Comment=R New Comment=51
Change Component Comment : Designator=R7 Old Comment=R New Comment=51
Change Component Comment : Designator=R9 Old Comment=R New Comment=51
Change Component Comment : Designator=R11 Old Comment=R New Comment=51
Added Component: Designator=P4(HDR1X4)
Add component (AddParameter): Name = "LatestRevisionDate"; Value = "17-Jul-2002"; VariantName = "[No Variations]"
Add component (AddParameter): Name = "LatestRevisionNote"; Value = "Re-released for DXP Platform."; VariantName = "[No Variations]"
Add component (AddParameter): Name = "Publisher"; Value = "Altium Limited"; VariantName = "[No Variations]"
Added Pin To Net: NetName=GND Pin=P4-1
Added Pin To Net: NetName=+5 Pin=P4-2
Added Pin To Net: NetName=+5 Pin=P4-3
Added Pin To Net: NetName=GND Pin=P4-4
Added Member To Class: ClassName=main_sch Member=Component P4 PWR
