Added Pin To Net: NetName=S\S\ Pin=U1-12
Added Pin To Net: NetName=MOSI_T88 Pin=U1-13
Added Pin To Net: NetName=MISO_T88 Pin=U1-14
Added Pin To Net: NetName=SCK Pin=U1-15
Added Pin To Net: NetName=SDA Pin=U1-23
Added Pin To Net: NetName=SCL Pin=U1-24
Added Pin To Net: NetName=R\E\S\E\T\ Pin=U1-25
Added Pin To Net: NetName=D0 Pin=ACE1-1
Added Pin To Net: NetName=D0 Pin=R22-2
Added Pin To Net: NetName=D0 Pin=U1-26
Added Net: Name=D0
Added Pin To Net: NetName=D1 Pin=ACE1-2
Added Pin To Net: NetName=D1 Pin=R23-2
Added Pin To Net: NetName=D1 Pin=U1-27
Added Net: Name=D1
Added Pin To Net: NetName=D2 Pin=ACE1-4
Added Pin To Net: NetName=D2 Pin=R24-2
Added Pin To Net: NetName=D2 Pin=U1-28
Added Net: Name=D2
Added Pin To Net: NetName=D3 Pin=ACE1-5
Added Pin To Net: NetName=D3 Pin=R25-2
Added Pin To Net: NetName=D3 Pin=U1-1
Added Net: Name=D3
Added Pin To Net: NetName=D4 Pin=ACE1-6
Added Pin To Net: NetName=D4 Pin=R18-2
Added Pin To Net: NetName=D4 Pin=U1-2
Added Net: Name=D4
Added Pin To Net: NetName=D5 Pin=ACE1-7
Added Pin To Net: NetName=D5 Pin=R19-2
Added Pin To Net: NetName=D5 Pin=U1-7
Added Net: Name=D5
Added Pin To Net: NetName=D6 Pin=ACE1-9
Added Pin To Net: NetName=D6 Pin=R20-2
Added Pin To Net: NetName=D6 Pin=U1-8
Added Net: Name=D6
Added Pin To Net: NetName=D7 Pin=ACE1-10
Added Pin To Net: NetName=D7 Pin=R21-2
Added Pin To Net: NetName=D7 Pin=U1-9
Added Net: Name=D7
Added Pin To Net: NetName=EN Pin=Q1-1
Added Pin To Net: NetName=EN Pin=R17-1
Added Pin To Net: NetName=EN Pin=U1-10
Added Net: Name=EN
Added Pin To Net: NetName=SDB Pin=IS1-29
Added Pin To Net: NetName=SDB Pin=U1-11
Added Net: Name=SDB
Added Room: Name=main_sch
Added Room: Name=U_ACE
Added Room: Name=U_led_ring
