Removed Pin From Net: NetName=+5 Pin=U1-3
Removed Pin From Net: NetName=+5 Pin=U1-16
Change Component Comment : Designator=R1 Old Comment=R New Comment=10k
Added Component: Designator=C1(C2012_0805I_M)
Added Component: Designator=C2(C2012_0805I_M)
Added Component: Designator=C3(C1608_0603I_L)
Added Component: Designator=C4(C1608_0603I_L)
Added Component: Designator=FB1(R1608_0603I_L)
Added Component: Designator=LD1(SOT230P700X180-4L)
Added Component: Designator=P3(HDR1X4)
Add component (AddParameter): Name = "LatestRevisionDate"; Value = "17-Jul-2002"; VariantName = "[No Variations]"
Add component (AddParameter): Name = "LatestRevisionNote"; Value = "Re-released for DXP Platform."; VariantName = "[No Variations]"
Add component (AddParameter): Name = "Publisher"; Value = "Altium Limited"; VariantName = "[No Variations]"
Added Component: Designator=R26(R1005_0402i_L)
Added Component: Designator=R27(R1005_0402i_L)
Added Component: Designator=R28(R1005_0402i_L)
Added Component: Designator=R29(R1005_0402i_L)
Added Component: Designator=R30(R1005_0402i_L)
Added Pin To Net: NetName=+5 Pin=C1-1
Added Pin To Net: NetName=GND Pin=C1-2
Added Pin To Net: NetName=+3.3V Pin=C2-1
Added Pin To Net: NetName=GND Pin=C2-2
Added Pin To Net: NetName=+3.3V Pin=C3-1
Added Pin To Net: NetName=GND Pin=C3-2
Added Pin To Net: NetName=GND Pin=C4-2
Added Pin To Net: NetName=+3.3V Pin=FB1-1
Added Pin To Net: NetName=GND Pin=LD1-1
Added Pin To Net: NetName=+3.3V Pin=LD1-2
Added Pin To Net: NetName=+5 Pin=LD1-3
Added Pin To Net: NetName=+3.3V Pin=LD1-4
Added Pin To Net: NetName=GND Pin=P3-1
Added Pin To Net: NetName=+5 Pin=P3-2
Added Pin To Net: NetName=+5 Pin=P3-3
Added Pin To Net: NetName=GND Pin=P3-4
Added Pin To Net: NetName=+3.3V Pin=R26-1
Added Pin To Net: NetName=R\E\S\E\T\ Pin=R26-2
Added Pin To Net: NetName=+3.3V Pin=R27-1
Added Pin To Net: NetName=+3.3V Pin=R28-1
Added Pin To Net: NetName=SDA Pin=R28-2
Added Pin To Net: NetName=+3.3V Pin=R29-1
Added Pin To Net: NetName=SCL Pin=R29-2
Added Pin To Net: NetName=+3.3V Pin=R30-1
Added Pin To Net: NetName=SDB Pin=R30-2
Added Pin To Net: NetName=+3.3V Pin=U1-3
Added Pin To Net: NetName=AVCC Pin=C4-1
Added Pin To Net: NetName=AVCC Pin=FB1-2
Added Pin To Net: NetName=AVCC Pin=U1-16
Added Net: Name=AVCC
Added Pin To Net: NetName=INT Pin=P1-12
Added Pin To Net: NetName=INT Pin=P2-12
Added Pin To Net: NetName=INT Pin=R27-2
Added Pin To Net: NetName=INT Pin=U1-6
Added Net: Name=INT
Added Member To Class: ClassName=main_sch Member=Component C1 100n
Added Member To Class: ClassName=main_sch Member=Component C2 10u
Added Member To Class: ClassName=main_sch Member=Component C3 100n
Added Member To Class: ClassName=main_sch Member=Component C4 100n
Added Member To Class: ClassName=main_sch Member=Component FB1 FERITTE BEAD
Added Member To Class: ClassName=main_sch Member=Component LD1 LD1117S33CTR
Added Member To Class: ClassName=main_sch Member=Component P3 PWR
Added Member To Class: ClassName=main_sch Member=Component R26 100k
Added Member To Class: ClassName=main_sch Member=Component R27 100k
Added Member To Class: ClassName=main_sch Member=Component R28 100k
Added Member To Class: ClassName=main_sch Member=Component R29 100k
Added Member To Class: ClassName=main_sch Member=Component R30 100k
Added Room: Name=main_sch
Added Room: Name=U_ACE
Added Room: Name=U_led_ring
