Removed Pin From Net: NetName=EN Pin=Q1-1
Removed Pin From Net: NetName=S1 Pin=Q1-2
Removed Pin From Net: NetName=+5 Pin=Q1-3
Removed Pin From Net: NetName=+5 Pin=R17-2
Change Component Footprint: Designator=R17 Old Footprint=R1005_0402i_L New Footprint=R2012_0805I_M
Change Component Footprint: Designator=Q1 Old Footprint=SOT95P230X110-3L New Footprint=E3
Change Component Comment : Designator=Q1 Old Comment=NX3008 New Comment=NX3008PBKT
Change component parameters: Designator = "Q1" ("Q1"); Footprint = "SOT95P230X110-3L"; UniqueID = "\BODIHJXU\UMDLXTLT" ("\BODIHJXU\UMDLXTLT")
Change component parameters (AddParameter): Name = "LatestRevisionDate"; Value = "17-Jul-2002"; VariantName = "[No Variations]"
Change component parameters (AddParameter): Name = "LatestRevisionNote"; Value = "Re-released for DXP Platform."; VariantName = "[No Variations]"
Change component parameters (AddParameter): Name = "PackageDescription"; Value = "TO, Flat Index; 3 In-Line, Axial Leads; Body Dia. 4.6mm; Lead Dia. 0.5 mm (max)"; VariantName = "[No Variations]"
Change component parameters (AddParameter): Name = "PackageReference"; Value = "E3"; VariantName = "[No Variations]"
Change component parameters (AddParameter): Name = "PackageVersion"; Value = "1995/1996"; VariantName = "[No Variations]"
Change component parameters (AddParameter): Name = "Published"; Value = "8-Jun-2000"; VariantName = "[No Variations]"
Change component parameters (AddParameter): Name = "Publisher"; Value = "Altium Limited"; VariantName = "[No Variations]"
Added Pin To Net: NetName=S1 Pin=Q1-1
Added Pin To Net: NetName=EN Pin=Q1-2
Added Pin To Net: NetName=+3.3V Pin=Q1-3
Added Pin To Net: NetName=+3.3V Pin=R17-2
Added Net: Name=+3.3V
