Added Component: Designator=ACE1(Bourns ACE 128)
Added Component: Designator=IS1(QFN40P400X400X80_HS-33L)
Added Component: Designator=J1(solderJumper)
Added Component: Designator=LED1(ASMB-LED)
Added Component: Designator=LED2(ASMB-LED)
Added Component: Designator=LED3(ASMB-LED)
Added Component: Designator=LED4(ASMB-LED)
Added Component: Designator=LED5(ASMB-LED)
Added Component: Designator=LED6(ASMB-LED)
Added Component: Designator=LED7(ASMB-LED)
Added Component: Designator=LED8(ASMB-LED)
Added Component: Designator=LED9(ASMB-LED)
Added Component: Designator=LED10(ASMB-LED)
Added Component: Designator=LED11(ASMB-LED)
Added Component: Designator=LED12(ASMB-LED)
Added Component: Designator=LED13(ASMB-LED)
Added Component: Designator=LED14(ASMB-LED)
Added Component: Designator=LED15(ASMB-LED)
Added Component: Designator=LED16(ASMB-LED)
Added Component: Designator=LED17(ASMB-LED)
Added Component: Designator=LED18(ASMB-LED)
Added Component: Designator=LED19(ASMB-LED)
Added Component: Designator=LED20(ASMB-LED)
Added Component: Designator=LED21(ASMB-LED)
Added Component: Designator=LED22(ASMB-LED)
Added Component: Designator=LED23(ASMB-LED)
Added Component: Designator=LED24(ASMB-LED)
Added Component: Designator=LED25(ASMB-LED)
Added Component: Designator=LED26(ASMB-LED)
Added Component: Designator=LED27(ASMB-LED)
Added Component: Designator=LED28(ASMB-LED)
Added Component: Designator=LED29(ASMB-LED)
Added Component: Designator=LED30(ASMB-LED)
Added Component: Designator=P1(HDR2X5)
Add component (AddParameter): Name = "LatestRevisionDate"; Value = "17-Jul-2002"; VariantName = "[No Variations]"
Add component (AddParameter): Name = "LatestRevisionNote"; Value = "Re-released for DXP Platform."; VariantName = "[No Variations]"
Add component (AddParameter): Name = "Publisher"; Value = "Altium Limited"; VariantName = "[No Variations]"
Added Component: Designator=P2(HDR2X5)
Add component (AddParameter): Name = "LatestRevisionDate"; Value = "17-Jul-2002"; VariantName = "[No Variations]"
Add component (AddParameter): Name = "LatestRevisionNote"; Value = "Re-released for DXP Platform."; VariantName = "[No Variations]"
Add component (AddParameter): Name = "Publisher"; Value = "Altium Limited"; VariantName = "[No Variations]"
Added Component: Designator=Q1(SOT95P230X110-3L)
Added Component: Designator=R1(R2012_0805I_M)
Added Component: Designator=R2(R2012_0805I_M)
Added Component: Designator=R3(R2012_0805I_M)
Added Component: Designator=R4(R2012_0805I_M)
Added Component: Designator=R5(R2012_0805I_M)
Added Component: Designator=R6(R2012_0805I_M)
Added Component: Designator=R7(R2012_0805I_M)
Added Component: Designator=R8(R2012_0805I_M)
Added Component: Designator=R9(R2012_0805I_M)
Added Component: Designator=R10(R2012_0805I_M)
Added Component: Designator=R11(R2012_0805I_M)
Added Component: Designator=R12(R2012_0805I_M)
Added Component: Designator=R13(R2012_0805I_M)
Added Component: Designator=R14(R2012_0805I_M)
Added Component: Designator=R15(R2012_0805I_M)
Added Component: Designator=R16(R2012_0805I_M)
Added Component: Designator=R17(R2012_0805I_M)
Added Component: Designator=R18(R2012_0805I_M)
Added Component: Designator=R19(R2012_0805I_M)
Added Component: Designator=R20(R2012_0805I_M)
Added Component: Designator=R21(R2012_0805I_M)
Added Component: Designator=R22(R2012_0805I_M)
Added Component: Designator=R23(R2012_0805I_M)
Added Component: Designator=R24(R2012_0805I_M)
Added Component: Designator=R25(R2012_0805I_M)
Added Component: Designator=TP1(PAD)
Added Pin To Net: NetName=GND Pin=IS1-9
Added Pin To Net: NetName=GND Pin=IS1-24
Added Pin To Net: NetName=SDA Pin=IS1-26
Added Pin To Net: NetName=SCL Pin=IS1-27
Added Pin To Net: NetName=GND Pin=IS1-28
Added Pin To Net: NetName=MISO Pin=J1-2
Added Pin To Net: NetName=GND Pin=P1-1
Added Pin To Net: NetName=MISO Pin=P1-2
Added Pin To Net: NetName=GND Pin=P1-3
Added Pin To Net: NetName=GND Pin=P1-5
Added Pin To Net: NetName=SCK Pin=P1-6
Added Pin To Net: NetName=GND Pin=P1-7
Added Pin To Net: NetName=S\S\ Pin=P1-8
Added Pin To Net: NetName=GND Pin=P1-9
Added Pin To Net: NetName=R\E\S\E\T\ Pin=P1-10
Added Pin To Net: NetName=GND Pin=P2-1
Added Pin To Net: NetName=MISO Pin=P2-2
Added Pin To Net: NetName=GND Pin=P2-3
Added Pin To Net: NetName=GND Pin=P2-5
Added Pin To Net: NetName=SCK Pin=P2-6
Added Pin To Net: NetName=GND Pin=P2-7
Added Pin To Net: NetName=S\S\ Pin=P2-8
Added Pin To Net: NetName=GND Pin=P2-9
Added Pin To Net: NetName=R\E\S\E\T\ Pin=P2-10
Added Pin To Net: NetName=GND Pin=R1-2
Added Pin To Net: NetName=GND Pin=R18-1
Added Pin To Net: NetName=GND Pin=R19-1
Added Pin To Net: NetName=GND Pin=R20-1
Added Pin To Net: NetName=GND Pin=R21-1
Added Pin To Net: NetName=GND Pin=R22-1
Added Pin To Net: NetName=GND Pin=R23-1
Added Pin To Net: NetName=GND Pin=R24-1
Added Pin To Net: NetName=GND Pin=R25-1
Added Pin To Net: NetName=+5 Pin=IS1-23
Added Pin To Net: NetName=+5 Pin=Q1-3
Added Pin To Net: NetName=+5 Pin=R17-2
Added Net: Name=+5
Added Pin To Net: NetName=MISO_T88 Pin=J1-1
Added Pin To Net: NetName=MISO_T88 Pin=P2-4
Added Net: Name=MISO_T88
Added Pin To Net: NetName=MOSI_T88 Pin=P1-4
Added Net: Name=MOSI_T88
Added Pin To Net: NetName=NetACE1_1 Pin=ACE1-1
Added Pin To Net: NetName=NetACE1_1 Pin=R22-2
Added Net: Name=NetACE1_1
Added Pin To Net: NetName=NetACE1_2 Pin=ACE1-2
Added Pin To Net: NetName=NetACE1_2 Pin=R23-2
Added Net: Name=NetACE1_2
Added Pin To Net: NetName=NetACE1_4 Pin=ACE1-4
Added Pin To Net: NetName=NetACE1_4 Pin=R24-2
Added Net: Name=NetACE1_4
Added Pin To Net: NetName=NetACE1_5 Pin=ACE1-5
Added Pin To Net: NetName=NetACE1_5 Pin=R25-2
Added Net: Name=NetACE1_5
Added Pin To Net: NetName=NetACE1_6 Pin=ACE1-6
Added Pin To Net: NetName=NetACE1_6 Pin=R18-2
Added Net: Name=NetACE1_6
Added Pin To Net: NetName=NetACE1_7 Pin=ACE1-7
Added Pin To Net: NetName=NetACE1_7 Pin=R19-2
Added Net: Name=NetACE1_7
Added Pin To Net: NetName=NetACE1_9 Pin=ACE1-9
Added Pin To Net: NetName=NetACE1_9 Pin=R20-2
Added Net: Name=NetACE1_9
Added Pin To Net: NetName=NetACE1_10 Pin=ACE1-10
Added Pin To Net: NetName=NetACE1_10 Pin=R21-2
Added Net: Name=NetACE1_10
Added Pin To Net: NetName=NetIS1_1 Pin=IS1-1
Added Pin To Net: NetName=NetIS1_1 Pin=R11-1
Added Net: Name=NetIS1_1
Added Pin To Net: NetName=NetIS1_2 Pin=IS1-2
Added Pin To Net: NetName=NetIS1_2 Pin=R12-1
Added Net: Name=NetIS1_2
Added Pin To Net: NetName=NetIS1_3 Pin=IS1-3
Added Pin To Net: NetName=NetIS1_3 Pin=R13-1
Added Net: Name=NetIS1_3
Added Pin To Net: NetName=NetIS1_4 Pin=IS1-4
Added Pin To Net: NetName=NetIS1_4 Pin=R8-1
Added Net: Name=NetIS1_4
Added Pin To Net: NetName=NetIS1_5 Pin=IS1-5
Added Pin To Net: NetName=NetIS1_5 Pin=R9-1
Added Net: Name=NetIS1_5
Added Pin To Net: NetName=NetIS1_6 Pin=IS1-6
Added Pin To Net: NetName=NetIS1_6 Pin=R10-1
Added Net: Name=NetIS1_6
Added Pin To Net: NetName=NetIS1_7 Pin=IS1-7
Added Pin To Net: NetName=NetIS1_7 Pin=R5-1
Added Net: Name=NetIS1_7
Added Pin To Net: NetName=NetIS1_8 Pin=IS1-8
Added Pin To Net: NetName=NetIS1_8 Pin=R6-1
Added Net: Name=NetIS1_8
Added Pin To Net: NetName=NetIS1_10 Pin=IS1-10
Added Pin To Net: NetName=NetIS1_10 Pin=R7-1
Added Net: Name=NetIS1_10
Added Pin To Net: NetName=NetIS1_11 Pin=IS1-11
Added Pin To Net: NetName=NetIS1_11 Pin=R2-1
Added Net: Name=NetIS1_11
Added Pin To Net: NetName=NetIS1_12 Pin=IS1-12
Added Pin To Net: NetName=NetIS1_12 Pin=R3-1
Added Net: Name=NetIS1_12
Added Pin To Net: NetName=NetIS1_13 Pin=IS1-13
Added Pin To Net: NetName=NetIS1_13 Pin=R4-1
Added Net: Name=NetIS1_13
Added Pin To Net: NetName=NetIS1_17 Pin=IS1-17
Added Pin To Net: NetName=NetIS1_17 Pin=LED6-1
Added Pin To Net: NetName=NetIS1_17 Pin=LED6-3
Added Pin To Net: NetName=NetIS1_17 Pin=LED6-5
Added Pin To Net: NetName=NetIS1_17 Pin=LED12-1
Added Pin To Net: NetName=NetIS1_17 Pin=LED12-3
Added Pin To Net: NetName=NetIS1_17 Pin=LED12-5
Added Pin To Net: NetName=NetIS1_17 Pin=LED18-1
Added Pin To Net: NetName=NetIS1_17 Pin=LED18-3
Added Pin To Net: NetName=NetIS1_17 Pin=LED18-5
Added Pin To Net: NetName=NetIS1_17 Pin=LED24-1
Added Pin To Net: NetName=NetIS1_17 Pin=LED24-3
Added Pin To Net: NetName=NetIS1_17 Pin=LED24-5
Added Pin To Net: NetName=NetIS1_17 Pin=LED30-1
Added Pin To Net: NetName=NetIS1_17 Pin=LED30-3
Added Pin To Net: NetName=NetIS1_17 Pin=LED30-5
Added Net: Name=NetIS1_17
Added Pin To Net: NetName=NetIS1_18 Pin=IS1-18
Added Pin To Net: NetName=NetIS1_18 Pin=LED5-1
Added Pin To Net: NetName=NetIS1_18 Pin=LED5-3
Added Pin To Net: NetName=NetIS1_18 Pin=LED5-5
Added Pin To Net: NetName=NetIS1_18 Pin=LED11-1
Added Pin To Net: NetName=NetIS1_18 Pin=LED11-3
Added Pin To Net: NetName=NetIS1_18 Pin=LED11-5
Added Pin To Net: NetName=NetIS1_18 Pin=LED17-1
Added Pin To Net: NetName=NetIS1_18 Pin=LED17-3
Added Pin To Net: NetName=NetIS1_18 Pin=LED17-5
Added Pin To Net: NetName=NetIS1_18 Pin=LED23-1
Added Pin To Net: NetName=NetIS1_18 Pin=LED23-3
Added Pin To Net: NetName=NetIS1_18 Pin=LED23-5
Added Pin To Net: NetName=NetIS1_18 Pin=LED29-1
Added Pin To Net: NetName=NetIS1_18 Pin=LED29-3
Added Pin To Net: NetName=NetIS1_18 Pin=LED29-5
Added Net: Name=NetIS1_18
Added Pin To Net: NetName=NetIS1_19 Pin=IS1-19
Added Pin To Net: NetName=NetIS1_19 Pin=LED4-1
Added Pin To Net: NetName=NetIS1_19 Pin=LED4-3
Added Pin To Net: NetName=NetIS1_19 Pin=LED4-5
Added Pin To Net: NetName=NetIS1_19 Pin=LED10-1
Added Pin To Net: NetName=NetIS1_19 Pin=LED10-3
Added Pin To Net: NetName=NetIS1_19 Pin=LED10-5
Added Pin To Net: NetName=NetIS1_19 Pin=LED16-1
Added Pin To Net: NetName=NetIS1_19 Pin=LED16-3
Added Pin To Net: NetName=NetIS1_19 Pin=LED16-5
Added Pin To Net: NetName=NetIS1_19 Pin=LED22-1
Added Pin To Net: NetName=NetIS1_19 Pin=LED22-3
Added Pin To Net: NetName=NetIS1_19 Pin=LED22-5
Added Pin To Net: NetName=NetIS1_19 Pin=LED28-1
Added Pin To Net: NetName=NetIS1_19 Pin=LED28-3
Added Pin To Net: NetName=NetIS1_19 Pin=LED28-5
Added Net: Name=NetIS1_19
Added Pin To Net: NetName=NetIS1_20 Pin=IS1-20
Added Pin To Net: NetName=NetIS1_20 Pin=LED3-1
Added Pin To Net: NetName=NetIS1_20 Pin=LED3-3
Added Pin To Net: NetName=NetIS1_20 Pin=LED3-5
Added Pin To Net: NetName=NetIS1_20 Pin=LED9-1
Added Pin To Net: NetName=NetIS1_20 Pin=LED9-3
Added Pin To Net: NetName=NetIS1_20 Pin=LED9-5
Added Pin To Net: NetName=NetIS1_20 Pin=LED15-1
Added Pin To Net: NetName=NetIS1_20 Pin=LED15-3
Added Pin To Net: NetName=NetIS1_20 Pin=LED15-5
Added Pin To Net: NetName=NetIS1_20 Pin=LED21-1
Added Pin To Net: NetName=NetIS1_20 Pin=LED21-3
Added Pin To Net: NetName=NetIS1_20 Pin=LED21-5
Added Pin To Net: NetName=NetIS1_20 Pin=LED27-1
Added Pin To Net: NetName=NetIS1_20 Pin=LED27-3
Added Pin To Net: NetName=NetIS1_20 Pin=LED27-5
Added Net: Name=NetIS1_20
Added Pin To Net: NetName=NetIS1_21 Pin=IS1-21
Added Pin To Net: NetName=NetIS1_21 Pin=LED2-1
Added Pin To Net: NetName=NetIS1_21 Pin=LED2-3
Added Pin To Net: NetName=NetIS1_21 Pin=LED2-5
Added Pin To Net: NetName=NetIS1_21 Pin=LED8-1
Added Pin To Net: NetName=NetIS1_21 Pin=LED8-3
Added Pin To Net: NetName=NetIS1_21 Pin=LED8-5
Added Pin To Net: NetName=NetIS1_21 Pin=LED14-1
Added Pin To Net: NetName=NetIS1_21 Pin=LED14-3
Added Pin To Net: NetName=NetIS1_21 Pin=LED14-5
Added Pin To Net: NetName=NetIS1_21 Pin=LED20-1
Added Pin To Net: NetName=NetIS1_21 Pin=LED20-3
Added Pin To Net: NetName=NetIS1_21 Pin=LED20-5
Added Pin To Net: NetName=NetIS1_21 Pin=LED26-1
Added Pin To Net: NetName=NetIS1_21 Pin=LED26-3
Added Pin To Net: NetName=NetIS1_21 Pin=LED26-5
Added Net: Name=NetIS1_21
Added Pin To Net: NetName=NetIS1_22 Pin=IS1-22
Added Pin To Net: NetName=NetIS1_22 Pin=LED1-1
Added Pin To Net: NetName=NetIS1_22 Pin=LED1-3
Added Pin To Net: NetName=NetIS1_22 Pin=LED1-5
Added Pin To Net: NetName=NetIS1_22 Pin=LED7-1
Added Pin To Net: NetName=NetIS1_22 Pin=LED7-3
Added Pin To Net: NetName=NetIS1_22 Pin=LED7-5
Added Pin To Net: NetName=NetIS1_22 Pin=LED13-1
Added Pin To Net: NetName=NetIS1_22 Pin=LED13-3
Added Pin To Net: NetName=NetIS1_22 Pin=LED13-5
Added Pin To Net: NetName=NetIS1_22 Pin=LED19-1
Added Pin To Net: NetName=NetIS1_22 Pin=LED19-3
Added Pin To Net: NetName=NetIS1_22 Pin=LED19-5
Added Pin To Net: NetName=NetIS1_22 Pin=LED25-1
Added Pin To Net: NetName=NetIS1_22 Pin=LED25-3
Added Pin To Net: NetName=NetIS1_22 Pin=LED25-5
Added Net: Name=NetIS1_22
Added Pin To Net: NetName=NetIS1_25 Pin=IS1-25
Added Pin To Net: NetName=NetIS1_25 Pin=R1-1
Added Net: Name=NetIS1_25
Added Pin To Net: NetName=NetIS1_29 Pin=IS1-29
Added Net: Name=NetIS1_29
Added Pin To Net: NetName=NetIS1_30 Pin=IS1-30
Added Pin To Net: NetName=NetIS1_30 Pin=R14-1
Added Net: Name=NetIS1_30
Added Pin To Net: NetName=NetIS1_31 Pin=IS1-31
Added Pin To Net: NetName=NetIS1_31 Pin=R15-1
Added Net: Name=NetIS1_31
Added Pin To Net: NetName=NetIS1_32 Pin=IS1-32
Added Pin To Net: NetName=NetIS1_32 Pin=R16-1
Added Net: Name=NetIS1_32
Added Pin To Net: NetName=NetLED1_2 Pin=LED1-2
Added Pin To Net: NetName=NetLED1_2 Pin=LED2-2
Added Pin To Net: NetName=NetLED1_2 Pin=LED3-2
Added Pin To Net: NetName=NetLED1_2 Pin=LED4-2
Added Pin To Net: NetName=NetLED1_2 Pin=LED5-2
Added Pin To Net: NetName=NetLED1_2 Pin=LED6-2
Added Pin To Net: NetName=NetLED1_2 Pin=R2-2
Added Net: Name=NetLED1_2
Added Pin To Net: NetName=NetLED1_4 Pin=LED1-4
Added Pin To Net: NetName=NetLED1_4 Pin=LED2-4
Added Pin To Net: NetName=NetLED1_4 Pin=LED3-4
Added Pin To Net: NetName=NetLED1_4 Pin=LED4-4
Added Pin To Net: NetName=NetLED1_4 Pin=LED5-4
Added Pin To Net: NetName=NetLED1_4 Pin=LED6-4
Added Pin To Net: NetName=NetLED1_4 Pin=R3-2
Added Net: Name=NetLED1_4
Added Pin To Net: NetName=NetLED1_6 Pin=LED1-6
Added Pin To Net: NetName=NetLED1_6 Pin=LED2-6
Added Pin To Net: NetName=NetLED1_6 Pin=LED3-6
Added Pin To Net: NetName=NetLED1_6 Pin=LED4-6
Added Pin To Net: NetName=NetLED1_6 Pin=LED5-6
Added Pin To Net: NetName=NetLED1_6 Pin=LED6-6
Added Pin To Net: NetName=NetLED1_6 Pin=R4-2
Added Net: Name=NetLED1_6
Added Pin To Net: NetName=NetLED7_2 Pin=LED7-2
Added Pin To Net: NetName=NetLED7_2 Pin=LED8-2
Added Pin To Net: NetName=NetLED7_2 Pin=LED9-2
Added Pin To Net: NetName=NetLED7_2 Pin=LED10-2
Added Pin To Net: NetName=NetLED7_2 Pin=LED11-2
Added Pin To Net: NetName=NetLED7_2 Pin=LED12-2
Added Pin To Net: NetName=NetLED7_2 Pin=R5-2
Added Net: Name=NetLED7_2
Added Pin To Net: NetName=NetLED7_4 Pin=LED7-4
Added Pin To Net: NetName=NetLED7_4 Pin=LED8-4
Added Pin To Net: NetName=NetLED7_4 Pin=LED9-4
Added Pin To Net: NetName=NetLED7_4 Pin=LED10-4
Added Pin To Net: NetName=NetLED7_4 Pin=LED11-4
Added Pin To Net: NetName=NetLED7_4 Pin=LED12-4
Added Pin To Net: NetName=NetLED7_4 Pin=R6-2
Added Net: Name=NetLED7_4
Added Pin To Net: NetName=NetLED7_6 Pin=LED7-6
Added Pin To Net: NetName=NetLED7_6 Pin=LED8-6
Added Pin To Net: NetName=NetLED7_6 Pin=LED9-6
Added Pin To Net: NetName=NetLED7_6 Pin=LED10-6
Added Pin To Net: NetName=NetLED7_6 Pin=LED11-6
Added Pin To Net: NetName=NetLED7_6 Pin=LED12-6
Added Pin To Net: NetName=NetLED7_6 Pin=R7-2
Added Net: Name=NetLED7_6
Added Pin To Net: NetName=NetLED13_2 Pin=LED13-2
Added Pin To Net: NetName=NetLED13_2 Pin=LED14-2
Added Pin To Net: NetName=NetLED13_2 Pin=LED15-2
Added Pin To Net: NetName=NetLED13_2 Pin=LED16-2
Added Pin To Net: NetName=NetLED13_2 Pin=LED17-2
Added Pin To Net: NetName=NetLED13_2 Pin=LED18-2
Added Pin To Net: NetName=NetLED13_2 Pin=R8-2
Added Net: Name=NetLED13_2
Added Pin To Net: NetName=NetLED13_4 Pin=LED13-4
Added Pin To Net: NetName=NetLED13_4 Pin=LED14-4
Added Pin To Net: NetName=NetLED13_4 Pin=LED15-4
Added Pin To Net: NetName=NetLED13_4 Pin=LED16-4
Added Pin To Net: NetName=NetLED13_4 Pin=LED17-4
Added Pin To Net: NetName=NetLED13_4 Pin=LED18-4
Added Pin To Net: NetName=NetLED13_4 Pin=R9-2
Added Net: Name=NetLED13_4
Added Pin To Net: NetName=NetLED13_6 Pin=LED13-6
Added Pin To Net: NetName=NetLED13_6 Pin=LED14-6
Added Pin To Net: NetName=NetLED13_6 Pin=LED15-6
Added Pin To Net: NetName=NetLED13_6 Pin=LED16-6
Added Pin To Net: NetName=NetLED13_6 Pin=LED17-6
Added Pin To Net: NetName=NetLED13_6 Pin=LED18-6
Added Pin To Net: NetName=NetLED13_6 Pin=R10-2
Added Net: Name=NetLED13_6
Added Pin To Net: NetName=NetLED19_2 Pin=LED19-2
Added Pin To Net: NetName=NetLED19_2 Pin=LED20-2
Added Pin To Net: NetName=NetLED19_2 Pin=LED21-2
Added Pin To Net: NetName=NetLED19_2 Pin=LED22-2
Added Pin To Net: NetName=NetLED19_2 Pin=LED23-2
Added Pin To Net: NetName=NetLED19_2 Pin=LED24-2
Added Pin To Net: NetName=NetLED19_2 Pin=R11-2
Added Net: Name=NetLED19_2
Added Pin To Net: NetName=NetLED19_4 Pin=LED19-4
Added Pin To Net: NetName=NetLED19_4 Pin=LED20-4
Added Pin To Net: NetName=NetLED19_4 Pin=LED21-4
Added Pin To Net: NetName=NetLED19_4 Pin=LED22-4
Added Pin To Net: NetName=NetLED19_4 Pin=LED23-4
Added Pin To Net: NetName=NetLED19_4 Pin=LED24-4
Added Pin To Net: NetName=NetLED19_4 Pin=R12-2
Added Net: Name=NetLED19_4
Added Pin To Net: NetName=NetLED19_6 Pin=LED19-6
Added Pin To Net: NetName=NetLED19_6 Pin=LED20-6
Added Pin To Net: NetName=NetLED19_6 Pin=LED21-6
Added Pin To Net: NetName=NetLED19_6 Pin=LED22-6
Added Pin To Net: NetName=NetLED19_6 Pin=LED23-6
Added Pin To Net: NetName=NetLED19_6 Pin=LED24-6
Added Pin To Net: NetName=NetLED19_6 Pin=R13-2
Added Net: Name=NetLED19_6
Added Pin To Net: NetName=NetLED25_2 Pin=LED25-2
Added Pin To Net: NetName=NetLED25_2 Pin=LED26-2
Added Pin To Net: NetName=NetLED25_2 Pin=LED27-2
Added Pin To Net: NetName=NetLED25_2 Pin=LED28-2
Added Pin To Net: NetName=NetLED25_2 Pin=LED29-2
Added Pin To Net: NetName=NetLED25_2 Pin=LED30-2
Added Pin To Net: NetName=NetLED25_2 Pin=R14-2
Added Net: Name=NetLED25_2
Added Pin To Net: NetName=NetLED25_4 Pin=LED25-4
Added Pin To Net: NetName=NetLED25_4 Pin=LED26-4
Added Pin To Net: NetName=NetLED25_4 Pin=LED27-4
Added Pin To Net: NetName=NetLED25_4 Pin=LED28-4
Added Pin To Net: NetName=NetLED25_4 Pin=LED29-4
Added Pin To Net: NetName=NetLED25_4 Pin=LED30-4
Added Pin To Net: NetName=NetLED25_4 Pin=R15-2
Added Net: Name=NetLED25_4
Added Pin To Net: NetName=NetLED25_6 Pin=LED25-6
Added Pin To Net: NetName=NetLED25_6 Pin=LED26-6
Added Pin To Net: NetName=NetLED25_6 Pin=LED27-6
Added Pin To Net: NetName=NetLED25_6 Pin=LED28-6
Added Pin To Net: NetName=NetLED25_6 Pin=LED29-6
Added Pin To Net: NetName=NetLED25_6 Pin=LED30-6
Added Pin To Net: NetName=NetLED25_6 Pin=R16-2
Added Net: Name=NetLED25_6
Added Pin To Net: NetName=NetQ1_1 Pin=Q1-1
Added Pin To Net: NetName=NetQ1_1 Pin=R17-1
Added Net: Name=NetQ1_1
Added Pin To Net: NetName=NetTP1_1 Pin=TP1-1
Added Net: Name=NetTP1_1
Added Pin To Net: NetName=S1 Pin=ACE1-3
Added Pin To Net: NetName=S1 Pin=Q1-2
Added Net: Name=S1
Added Class: Name=main_sch
Added Class: Name=U_ACE
Added Class: Name=U_led_ring
Added Room: Name=main_sch
Added Room: Name=U_ACE
Added Room: Name=U_led_ring
