Added Component: Designator=J2_U_rel_ladder1(solderJumper)
Added Component: Designator=J2_U_rel_ladder2(solderJumper)
Added Component: Designator=J2_U_rel_ladder3(solderJumper)
Added Component: Designator=J2_U_rel_ladder4(solderJumper)
Added Component: Designator=J2_U_rel_ladder5(solderJumper)
Added Component: Designator=J2_U_rel_ladder6(solderJumper)
Added Component: Designator=J2_U_rel_ladder7(solderJumper)
Added Component: Designator=J2_U_rel_ladder8(solderJumper)
Added Component: Designator=J2_U_rel_ladder9(solderJumper)
Added Component: Designator=J2_U_rel_ladder10(solderJumper)
Added Component: Designator=J5(solderJumper)
Added Pin To Net: NetName=B1 Pin=J2_U_rel_ladder1-1
Added Pin To Net: NetName=B1 Pin=J2_U_rel_ladder1-2
Added Pin To Net: NetName=B2 Pin=J2_U_rel_ladder2-1
Added Pin To Net: NetName=B2 Pin=J2_U_rel_ladder2-2
Added Pin To Net: NetName=B3 Pin=J2_U_rel_ladder3-1
Added Pin To Net: NetName=B3 Pin=J2_U_rel_ladder3-2
Added Pin To Net: NetName=B4 Pin=J2_U_rel_ladder4-1
Added Pin To Net: NetName=B4 Pin=J2_U_rel_ladder4-2
Added Pin To Net: NetName=B5 Pin=J2_U_rel_ladder5-1
Added Pin To Net: NetName=B5 Pin=J2_U_rel_ladder5-2
Added Pin To Net: NetName=B6 Pin=J2_U_rel_ladder6-1
Added Pin To Net: NetName=B6 Pin=J2_U_rel_ladder6-2
Added Pin To Net: NetName=B7 Pin=J2_U_rel_ladder7-1
Added Pin To Net: NetName=B7 Pin=J2_U_rel_ladder7-2
Added Pin To Net: NetName=B8 Pin=J2_U_rel_ladder8-1
Added Pin To Net: NetName=B8 Pin=J2_U_rel_ladder8-2
Added Pin To Net: NetName=B9 Pin=J2_U_rel_ladder9-1
Added Pin To Net: NetName=B9 Pin=J2_U_rel_ladder9-2
Added Pin To Net: NetName=B10 Pin=J2_U_rel_ladder10-1
Added Pin To Net: NetName=B10 Pin=J2_U_rel_ladder10-2
Added Pin To Net: NetName=RGND Pin=J5-1
Added Pin To Net: NetName=GND Pin=J5-2
Added Member To Class: ClassName=U_rel_ladder1 Member=Component J2_U_rel_ladder1 (J2) JMP_mini
Added Member To Class: ClassName=U_rel_ladder2 Member=Component J2_U_rel_ladder2 (J2) JMP_mini
Added Member To Class: ClassName=U_rel_ladder3 Member=Component J2_U_rel_ladder3 (J2) JMP_mini
Added Member To Class: ClassName=U_rel_ladder4 Member=Component J2_U_rel_ladder4 (J2) JMP_mini
Added Member To Class: ClassName=U_rel_ladder5 Member=Component J2_U_rel_ladder5 (J2) JMP_mini
Added Member To Class: ClassName=U_rel_ladder6 Member=Component J2_U_rel_ladder6 (J2) JMP_mini
Added Member To Class: ClassName=U_rel_ladder7 Member=Component J2_U_rel_ladder7 (J2) JMP_mini
Added Member To Class: ClassName=U_rel_ladder8 Member=Component J2_U_rel_ladder8 (J2) JMP_mini
Added Member To Class: ClassName=U_rel_ladder9 Member=Component J2_U_rel_ladder9 (J2) JMP_mini
Added Member To Class: ClassName=U_rel_ladder10 Member=Component J2_U_rel_ladder10 (J2) JMP_mini
Added Member To Class: ClassName=POT 10x8 Member=Component J5 JMP_mini
