Removed Pin From Net: NetName=NetMCP2_22 Pin=ULN3-1
Removed Pin From Net: NetName=NetMCP2_21 Pin=ULN3-2
Removed Pin From Net: NetName=NetMCP2_20 Pin=ULN3-3
Removed Pin From Net: NetName=NetMCP2_19 Pin=ULN3-4
Removed Pin From Net: NetName=NetMCP2_18 Pin=ULN3-5
Removed Pin From Net: NetName=NetMCP2_17 Pin=ULN3-6
Removed Pin From Net: NetName=NetMCP2_24 Pin=ULN3-19
Removed Pin From Net: NetName=NetMCP2_23 Pin=ULN3-20
Removed Pin From Net: NetName=NetMCP2_2 Pin=ULN4-1
Removed Pin From Net: NetName=NetMCP2_1 Pin=ULN4-2
Removed Pin From Net: NetName=NetMCP2_28 Pin=ULN4-3
Removed Pin From Net: NetName=NetMCP2_27 Pin=ULN4-4
Removed Pin From Net: NetName=NetMCP2_26 Pin=ULN4-5
Removed Pin From Net: NetName=NetMCP2_25 Pin=ULN4-6
Removed Pin From Net: NetName=NetMCP2_4 Pin=ULN4-19
Removed Pin From Net: NetName=NetMCP2_3 Pin=ULN4-20
Removed Pin From Net: NetName=NetMCP3_22 Pin=ULN5-1
Removed Pin From Net: NetName=NetMCP3_21 Pin=ULN5-2
Removed Pin From Net: NetName=NetMCP3_20 Pin=ULN5-3
Removed Pin From Net: NetName=NetMCP3_19 Pin=ULN5-4
Removed Pin From Net: NetName=NetMCP3_18 Pin=ULN5-5
Removed Pin From Net: NetName=NetMCP3_17 Pin=ULN5-6
Removed Pin From Net: NetName=NetMCP3_24 Pin=ULN5-19
Removed Pin From Net: NetName=NetMCP3_23 Pin=ULN5-20
Removed Pin From Net: NetName=NetMCP3_2 Pin=ULN6-1
Removed Pin From Net: NetName=NetMCP3_1 Pin=ULN6-2
Removed Pin From Net: NetName=NetMCP3_28 Pin=ULN6-3
Removed Pin From Net: NetName=NetMCP3_27 Pin=ULN6-4
Removed Pin From Net: NetName=NetMCP3_26 Pin=ULN6-5
Removed Pin From Net: NetName=NetMCP3_25 Pin=ULN6-6
Removed Pin From Net: NetName=NetMCP3_4 Pin=ULN6-19
Removed Pin From Net: NetName=NetMCP3_3 Pin=ULN6-20
Removed Pin From Net: NetName=NetMCP4_22 Pin=ULN7-1
Removed Pin From Net: NetName=NetMCP4_21 Pin=ULN7-2
Removed Pin From Net: NetName=NetMCP4_20 Pin=ULN7-3
Removed Pin From Net: NetName=NetMCP4_19 Pin=ULN7-4
Removed Pin From Net: NetName=NetMCP4_18 Pin=ULN7-5
Removed Pin From Net: NetName=NetMCP4_17 Pin=ULN7-6
Removed Pin From Net: NetName=NetMCP4_24 Pin=ULN7-19
Removed Pin From Net: NetName=NetMCP4_23 Pin=ULN7-20
Removed Pin From Net: NetName=NetMCP5_22 Pin=ULN9-1
Removed Pin From Net: NetName=NetMCP5_21 Pin=ULN9-2
Removed Pin From Net: NetName=NetMCP5_20 Pin=ULN9-3
Removed Pin From Net: NetName=NetMCP5_19 Pin=ULN9-4
Removed Pin From Net: NetName=NetMCP5_18 Pin=ULN9-5
Removed Pin From Net: NetName=NetMCP5_17 Pin=ULN9-6
Removed Pin From Net: NetName=NetMCP5_24 Pin=ULN9-19
Removed Pin From Net: NetName=NetMCP5_23 Pin=ULN9-20
Removed Pin From Net: NetName=NetMCP5_2 Pin=ULN10-1
Removed Pin From Net: NetName=NetMCP5_1 Pin=ULN10-2
Removed Pin From Net: NetName=NetMCP5_28 Pin=ULN10-3
Removed Pin From Net: NetName=NetMCP5_27 Pin=ULN10-4
Removed Pin From Net: NetName=NetMCP5_26 Pin=ULN10-5
Removed Pin From Net: NetName=NetMCP5_25 Pin=ULN10-6
Removed Pin From Net: NetName=NetMCP5_4 Pin=ULN10-19
Removed Pin From Net: NetName=NetMCP5_3 Pin=ULN10-20
Removed Pin From Net: NetName=NetMCP6_22 Pin=ULN11-1
Removed Pin From Net: NetName=NetMCP6_21 Pin=ULN11-2
Removed Pin From Net: NetName=NetMCP6_20 Pin=ULN11-3
Removed Pin From Net: NetName=NetMCP6_19 Pin=ULN11-4
Removed Pin From Net: NetName=NetMCP6_18 Pin=ULN11-5
Removed Pin From Net: NetName=NetMCP6_17 Pin=ULN11-6
Removed Pin From Net: NetName=NetMCP6_24 Pin=ULN11-19
Removed Pin From Net: NetName=NetMCP6_23 Pin=ULN11-20
Removed Pin From Net: NetName=NetMCP6_2 Pin=ULN12-1
Removed Pin From Net: NetName=NetMCP6_1 Pin=ULN12-2
Removed Pin From Net: NetName=NetMCP6_28 Pin=ULN12-3
Removed Pin From Net: NetName=NetMCP6_27 Pin=ULN12-4
Removed Pin From Net: NetName=NetMCP6_26 Pin=ULN12-5
Removed Pin From Net: NetName=NetMCP6_25 Pin=ULN12-6
Removed Pin From Net: NetName=NetMCP6_4 Pin=ULN12-19
Removed Pin From Net: NetName=NetMCP6_3 Pin=ULN12-20
Change Component Designator: OldDesignator=J2_U_rel_ladder1 NewDesignator=J2_U_rel_ladder10
Change Component Designator: OldDesignator=J2_U_rel_ladder2 NewDesignator=J2_U_rel_ladder9
Change Component Designator: OldDesignator=J2_U_rel_ladder3 NewDesignator=J2_U_rel_ladder8
Change Component Designator: OldDesignator=J2_U_rel_ladder4 NewDesignator=J2_U_rel_ladder7
Change Component Designator: OldDesignator=J2_U_rel_ladder5 NewDesignator=J2_U_rel_ladder6
Change Component Designator: OldDesignator=J2_U_rel_ladder6 NewDesignator=J2_U_rel_ladder5
Change Component Designator: OldDesignator=J2_U_rel_ladder7 NewDesignator=J2_U_rel_ladder4
Change Component Designator: OldDesignator=J2_U_rel_ladder8 NewDesignator=J2_U_rel_ladder3
Change Component Designator: OldDesignator=J2_U_rel_ladder9 NewDesignator=J2_U_rel_ladder2
Change Component Designator: OldDesignator=J2_U_rel_ladder10 NewDesignator=J2_U_rel_ladder1
Change Component Designator: OldDesignator=K1_U_rel_ladder1 NewDesignator=K1_U_rel_ladder10
Change Component Designator: OldDesignator=K1_U_rel_ladder2 NewDesignator=K1_U_rel_ladder9
Change Component Designator: OldDesignator=K1_U_rel_ladder3 NewDesignator=K1_U_rel_ladder8
Change Component Designator: OldDesignator=K1_U_rel_ladder4 NewDesignator=K1_U_rel_ladder7
Change Component Designator: OldDesignator=K1_U_rel_ladder5 NewDesignator=K1_U_rel_ladder6
Change Component Designator: OldDesignator=K1_U_rel_ladder6 NewDesignator=K1_U_rel_ladder5
Change Component Designator: OldDesignator=K1_U_rel_ladder7 NewDesignator=K1_U_rel_ladder4
Change Component Designator: OldDesignator=K1_U_rel_ladder8 NewDesignator=K1_U_rel_ladder3
Change Component Designator: OldDesignator=K1_U_rel_ladder9 NewDesignator=K1_U_rel_ladder2
Change Component Designator: OldDesignator=K1_U_rel_ladder10 NewDesignator=K1_U_rel_ladder1
Change Component Designator: OldDesignator=K2_U_rel_ladder1 NewDesignator=K2_U_rel_ladder10
Change Component Designator: OldDesignator=K2_U_rel_ladder2 NewDesignator=K2_U_rel_ladder9
Change Component Designator: OldDesignator=K2_U_rel_ladder3 NewDesignator=K2_U_rel_ladder8
Change Component Designator: OldDesignator=K2_U_rel_ladder4 NewDesignator=K2_U_rel_ladder7
Change Component Designator: OldDesignator=K2_U_rel_ladder5 NewDesignator=K2_U_rel_ladder6
Change Component Designator: OldDesignator=K2_U_rel_ladder6 NewDesignator=K2_U_rel_ladder5
Change Component Designator: OldDesignator=K2_U_rel_ladder7 NewDesignator=K2_U_rel_ladder4
Change Component Designator: OldDesignator=K2_U_rel_ladder8 NewDesignator=K2_U_rel_ladder3
Change Component Designator: OldDesignator=K2_U_rel_ladder9 NewDesignator=K2_U_rel_ladder2
Change Component Designator: OldDesignator=K2_U_rel_ladder10 NewDesignator=K2_U_rel_ladder1
Change Component Designator: OldDesignator=K3_U_rel_ladder1 NewDesignator=K3_U_rel_ladder10
Change Component Designator: OldDesignator=K3_U_rel_ladder2 NewDesignator=K3_U_rel_ladder9
Change Component Designator: OldDesignator=K3_U_rel_ladder3 NewDesignator=K3_U_rel_ladder8
Change Component Designator: OldDesignator=K3_U_rel_ladder4 NewDesignator=K3_U_rel_ladder7
Change Component Designator: OldDesignator=K3_U_rel_ladder5 NewDesignator=K3_U_rel_ladder6
Change Component Designator: OldDesignator=K3_U_rel_ladder6 NewDesignator=K3_U_rel_ladder5
Change Component Designator: OldDesignator=K3_U_rel_ladder7 NewDesignator=K3_U_rel_ladder4
Change Component Designator: OldDesignator=K3_U_rel_ladder8 NewDesignator=K3_U_rel_ladder3
Change Component Designator: OldDesignator=K3_U_rel_ladder9 NewDesignator=K3_U_rel_ladder2
Change Component Designator: OldDesignator=K3_U_rel_ladder10 NewDesignator=K3_U_rel_ladder1
Change Component Designator: OldDesignator=K4_U_rel_ladder1 NewDesignator=K4_U_rel_ladder10
Change Component Designator: OldDesignator=K4_U_rel_ladder2 NewDesignator=K4_U_rel_ladder9
Change Component Designator: OldDesignator=K4_U_rel_ladder3 NewDesignator=K4_U_rel_ladder8
Change Component Designator: OldDesignator=K4_U_rel_ladder4 NewDesignator=K4_U_rel_ladder7
Change Component Designator: OldDesignator=K4_U_rel_ladder5 NewDesignator=K4_U_rel_ladder6
Change Component Designator: OldDesignator=K4_U_rel_ladder6 NewDesignator=K4_U_rel_ladder5
Change Component Designator: OldDesignator=K4_U_rel_ladder7 NewDesignator=K4_U_rel_ladder4
Change Component Designator: OldDesignator=K4_U_rel_ladder8 NewDesignator=K4_U_rel_ladder3
Change Component Designator: OldDesignator=K4_U_rel_ladder9 NewDesignator=K4_U_rel_ladder2
Change Component Designator: OldDesignator=K4_U_rel_ladder10 NewDesignator=K4_U_rel_ladder1
Change Component Designator: OldDesignator=K5_U_rel_ladder1 NewDesignator=K5_U_rel_ladder10
Change Component Designator: OldDesignator=K5_U_rel_ladder2 NewDesignator=K5_U_rel_ladder9
Change Component Designator: OldDesignator=K5_U_rel_ladder3 NewDesignator=K5_U_rel_ladder8
Change Component Designator: OldDesignator=K5_U_rel_ladder4 NewDesignator=K5_U_rel_ladder7
Change Component Designator: OldDesignator=K5_U_rel_ladder5 NewDesignator=K5_U_rel_ladder6
Change Component Designator: OldDesignator=K5_U_rel_ladder6 NewDesignator=K5_U_rel_ladder5
Change Component Designator: OldDesignator=K5_U_rel_ladder7 NewDesignator=K5_U_rel_ladder4
Change Component Designator: OldDesignator=K5_U_rel_ladder8 NewDesignator=K5_U_rel_ladder3
Change Component Designator: OldDesignator=K5_U_rel_ladder9 NewDesignator=K5_U_rel_ladder2
Change Component Designator: OldDesignator=K5_U_rel_ladder10 NewDesignator=K5_U_rel_ladder1
Change Component Designator: OldDesignator=K6_U_rel_ladder1 NewDesignator=K6_U_rel_ladder10
Change Component Designator: OldDesignator=K6_U_rel_ladder2 NewDesignator=K6_U_rel_ladder9
Change Component Designator: OldDesignator=K6_U_rel_ladder3 NewDesignator=K6_U_rel_ladder8
Change Component Designator: OldDesignator=K6_U_rel_ladder4 NewDesignator=K6_U_rel_ladder7
Change Component Designator: OldDesignator=K6_U_rel_ladder5 NewDesignator=K6_U_rel_ladder6
Change Component Designator: OldDesignator=K6_U_rel_ladder6 NewDesignator=K6_U_rel_ladder5
Change Component Designator: OldDesignator=K6_U_rel_ladder7 NewDesignator=K6_U_rel_ladder4
Change Component Designator: OldDesignator=K6_U_rel_ladder8 NewDesignator=K6_U_rel_ladder3
Change Component Designator: OldDesignator=K6_U_rel_ladder9 NewDesignator=K6_U_rel_ladder2
Change Component Designator: OldDesignator=K6_U_rel_ladder10 NewDesignator=K6_U_rel_ladder1
Change Component Designator: OldDesignator=K7_U_rel_ladder1 NewDesignator=K7_U_rel_ladder10
Change Component Designator: OldDesignator=K7_U_rel_ladder2 NewDesignator=K7_U_rel_ladder9
Change Component Designator: OldDesignator=K7_U_rel_ladder3 NewDesignator=K7_U_rel_ladder8
Change Component Designator: OldDesignator=K7_U_rel_ladder4 NewDesignator=K7_U_rel_ladder7
Change Component Designator: OldDesignator=K7_U_rel_ladder5 NewDesignator=K7_U_rel_ladder6
Change Component Designator: OldDesignator=K7_U_rel_ladder6 NewDesignator=K7_U_rel_ladder5
Change Component Designator: OldDesignator=K7_U_rel_ladder7 NewDesignator=K7_U_rel_ladder4
Change Component Designator: OldDesignator=K7_U_rel_ladder8 NewDesignator=K7_U_rel_ladder3
Change Component Designator: OldDesignator=K7_U_rel_ladder9 NewDesignator=K7_U_rel_ladder2
Change Component Designator: OldDesignator=K7_U_rel_ladder10 NewDesignator=K7_U_rel_ladder1
Change Component Designator: OldDesignator=K8_U_rel_ladder1 NewDesignator=K8_U_rel_ladder10
Change Component Designator: OldDesignator=K8_U_rel_ladder2 NewDesignator=K8_U_rel_ladder9
Change Component Designator: OldDesignator=K8_U_rel_ladder3 NewDesignator=K8_U_rel_ladder8
Change Component Designator: OldDesignator=K8_U_rel_ladder4 NewDesignator=K8_U_rel_ladder7
Change Component Designator: OldDesignator=K8_U_rel_ladder5 NewDesignator=K8_U_rel_ladder6
Change Component Designator: OldDesignator=K8_U_rel_ladder6 NewDesignator=K8_U_rel_ladder5
Change Component Designator: OldDesignator=K8_U_rel_ladder7 NewDesignator=K8_U_rel_ladder4
Change Component Designator: OldDesignator=K8_U_rel_ladder8 NewDesignator=K8_U_rel_ladder3
Change Component Designator: OldDesignator=K8_U_rel_ladder9 NewDesignator=K8_U_rel_ladder2
Change Component Designator: OldDesignator=K8_U_rel_ladder10 NewDesignator=K8_U_rel_ladder1
Change Component Designator: OldDesignator=R1_U_rel_ladder1 NewDesignator=R1_U_rel_ladder10
Change Component Designator: OldDesignator=R1_U_rel_ladder2 NewDesignator=R1_U_rel_ladder9
Change Component Designator: OldDesignator=R1_U_rel_ladder3 NewDesignator=R1_U_rel_ladder8
Change Component Designator: OldDesignator=R1_U_rel_ladder4 NewDesignator=R1_U_rel_ladder7
Change Component Designator: OldDesignator=R1_U_rel_ladder5 NewDesignator=R1_U_rel_ladder6
Change Component Designator: OldDesignator=R1_U_rel_ladder6 NewDesignator=R1_U_rel_ladder5
Change Component Designator: OldDesignator=R1_U_rel_ladder7 NewDesignator=R1_U_rel_ladder4
Change Component Designator: OldDesignator=R1_U_rel_ladder8 NewDesignator=R1_U_rel_ladder3
Change Component Designator: OldDesignator=R1_U_rel_ladder9 NewDesignator=R1_U_rel_ladder2
Change Component Designator: OldDesignator=R1_U_rel_ladder10 NewDesignator=R1_U_rel_ladder1
Change Component Designator: OldDesignator=R2_U_rel_ladder1 NewDesignator=R2_U_rel_ladder10
Change Component Designator: OldDesignator=R2_U_rel_ladder2 NewDesignator=R2_U_rel_ladder9
Change Component Designator: OldDesignator=R2_U_rel_ladder3 NewDesignator=R2_U_rel_ladder8
Change Component Designator: OldDesignator=R2_U_rel_ladder4 NewDesignator=R2_U_rel_ladder7
Change Component Designator: OldDesignator=R2_U_rel_ladder5 NewDesignator=R2_U_rel_ladder6
Change Component Designator: OldDesignator=R2_U_rel_ladder6 NewDesignator=R2_U_rel_ladder5
Change Component Designator: OldDesignator=R2_U_rel_ladder7 NewDesignator=R2_U_rel_ladder4
Change Component Designator: OldDesignator=R2_U_rel_ladder8 NewDesignator=R2_U_rel_ladder3
Change Component Designator: OldDesignator=R2_U_rel_ladder9 NewDesignator=R2_U_rel_ladder2
Change Component Designator: OldDesignator=R2_U_rel_ladder10 NewDesignator=R2_U_rel_ladder1
Change Component Designator: OldDesignator=R3_U_rel_ladder1 NewDesignator=R3_U_rel_ladder10
Change Component Designator: OldDesignator=R3_U_rel_ladder2 NewDesignator=R3_U_rel_ladder9
Change Component Designator: OldDesignator=R3_U_rel_ladder3 NewDesignator=R3_U_rel_ladder8
Change Component Designator: OldDesignator=R3_U_rel_ladder4 NewDesignator=R3_U_rel_ladder7
Change Component Designator: OldDesignator=R3_U_rel_ladder5 NewDesignator=R3_U_rel_ladder6
Change Component Designator: OldDesignator=R3_U_rel_ladder6 NewDesignator=R3_U_rel_ladder5
Change Component Designator: OldDesignator=R3_U_rel_ladder7 NewDesignator=R3_U_rel_ladder4
Change Component Designator: OldDesignator=R3_U_rel_ladder8 NewDesignator=R3_U_rel_ladder3
Change Component Designator: OldDesignator=R3_U_rel_ladder9 NewDesignator=R3_U_rel_ladder2
Change Component Designator: OldDesignator=R3_U_rel_ladder10 NewDesignator=R3_U_rel_ladder1
Change Component Designator: OldDesignator=R4_U_rel_ladder1 NewDesignator=R4_U_rel_ladder10
Change Component Designator: OldDesignator=R4_U_rel_ladder2 NewDesignator=R4_U_rel_ladder9
Change Component Designator: OldDesignator=R4_U_rel_ladder3 NewDesignator=R4_U_rel_ladder8
Change Component Designator: OldDesignator=R4_U_rel_ladder4 NewDesignator=R4_U_rel_ladder7
Change Component Designator: OldDesignator=R4_U_rel_ladder5 NewDesignator=R4_U_rel_ladder6
Change Component Designator: OldDesignator=R4_U_rel_ladder6 NewDesignator=R4_U_rel_ladder5
Change Component Designator: OldDesignator=R4_U_rel_ladder7 NewDesignator=R4_U_rel_ladder4
Change Component Designator: OldDesignator=R4_U_rel_ladder8 NewDesignator=R4_U_rel_ladder3
Change Component Designator: OldDesignator=R4_U_rel_ladder9 NewDesignator=R4_U_rel_ladder2
Change Component Designator: OldDesignator=R4_U_rel_ladder10 NewDesignator=R4_U_rel_ladder1
Change Component Designator: OldDesignator=R5_U_rel_ladder1 NewDesignator=R5_U_rel_ladder10
Change Component Designator: OldDesignator=R5_U_rel_ladder2 NewDesignator=R5_U_rel_ladder9
Change Component Designator: OldDesignator=R5_U_rel_ladder3 NewDesignator=R5_U_rel_ladder8
Change Component Designator: OldDesignator=R5_U_rel_ladder4 NewDesignator=R5_U_rel_ladder7
Change Component Designator: OldDesignator=R5_U_rel_ladder5 NewDesignator=R5_U_rel_ladder6
Change Component Designator: OldDesignator=R5_U_rel_ladder6 NewDesignator=R5_U_rel_ladder5
Change Component Designator: OldDesignator=R5_U_rel_ladder7 NewDesignator=R5_U_rel_ladder4
Change Component Designator: OldDesignator=R5_U_rel_ladder8 NewDesignator=R5_U_rel_ladder3
Change Component Designator: OldDesignator=R5_U_rel_ladder9 NewDesignator=R5_U_rel_ladder2
Change Component Designator: OldDesignator=R5_U_rel_ladder10 NewDesignator=R5_U_rel_ladder1
Change Component Designator: OldDesignator=R6_U_rel_ladder1 NewDesignator=R6_U_rel_ladder10
Change Component Designator: OldDesignator=R6_U_rel_ladder2 NewDesignator=R6_U_rel_ladder9
Change Component Designator: OldDesignator=R6_U_rel_ladder3 NewDesignator=R6_U_rel_ladder8
Change Component Designator: OldDesignator=R6_U_rel_ladder4 NewDesignator=R6_U_rel_ladder7
Change Component Designator: OldDesignator=R6_U_rel_ladder5 NewDesignator=R6_U_rel_ladder6
Change Component Designator: OldDesignator=R6_U_rel_ladder6 NewDesignator=R6_U_rel_ladder5
Change Component Designator: OldDesignator=R6_U_rel_ladder7 NewDesignator=R6_U_rel_ladder4
Change Component Designator: OldDesignator=R6_U_rel_ladder8 NewDesignator=R6_U_rel_ladder3
Change Component Designator: OldDesignator=R6_U_rel_ladder9 NewDesignator=R6_U_rel_ladder2
Change Component Designator: OldDesignator=R6_U_rel_ladder10 NewDesignator=R6_U_rel_ladder1
Change Component Designator: OldDesignator=R7_U_rel_ladder1 NewDesignator=R7_U_rel_ladder10
Change Component Designator: OldDesignator=R7_U_rel_ladder2 NewDesignator=R7_U_rel_ladder9
Change Component Designator: OldDesignator=R7_U_rel_ladder3 NewDesignator=R7_U_rel_ladder8
Change Component Designator: OldDesignator=R7_U_rel_ladder4 NewDesignator=R7_U_rel_ladder7
Change Component Designator: OldDesignator=R7_U_rel_ladder5 NewDesignator=R7_U_rel_ladder6
Change Component Designator: OldDesignator=R7_U_rel_ladder6 NewDesignator=R7_U_rel_ladder5
Change Component Designator: OldDesignator=R7_U_rel_ladder7 NewDesignator=R7_U_rel_ladder4
Change Component Designator: OldDesignator=R7_U_rel_ladder8 NewDesignator=R7_U_rel_ladder3
Change Component Designator: OldDesignator=R7_U_rel_ladder9 NewDesignator=R7_U_rel_ladder2
Change Component Designator: OldDesignator=R7_U_rel_ladder10 NewDesignator=R7_U_rel_ladder1
Change Component Designator: OldDesignator=R8_U_rel_ladder1 NewDesignator=R8_U_rel_ladder10
Change Component Designator: OldDesignator=R8_U_rel_ladder2 NewDesignator=R8_U_rel_ladder9
Change Component Designator: OldDesignator=R8_U_rel_ladder3 NewDesignator=R8_U_rel_ladder8
Change Component Designator: OldDesignator=R8_U_rel_ladder4 NewDesignator=R8_U_rel_ladder7
Change Component Designator: OldDesignator=R8_U_rel_ladder5 NewDesignator=R8_U_rel_ladder6
Change Component Designator: OldDesignator=R8_U_rel_ladder6 NewDesignator=R8_U_rel_ladder5
Change Component Designator: OldDesignator=R8_U_rel_ladder7 NewDesignator=R8_U_rel_ladder4
Change Component Designator: OldDesignator=R8_U_rel_ladder8 NewDesignator=R8_U_rel_ladder3
Change Component Designator: OldDesignator=R8_U_rel_ladder9 NewDesignator=R8_U_rel_ladder2
Change Component Designator: OldDesignator=R8_U_rel_ladder10 NewDesignator=R8_U_rel_ladder1
Change Component Designator: OldDesignator=R9_U_rel_ladder1 NewDesignator=R9_U_rel_ladder10
Change Component Designator: OldDesignator=R9_U_rel_ladder2 NewDesignator=R9_U_rel_ladder9
Change Component Designator: OldDesignator=R9_U_rel_ladder3 NewDesignator=R9_U_rel_ladder8
Change Component Designator: OldDesignator=R9_U_rel_ladder4 NewDesignator=R9_U_rel_ladder7
Change Component Designator: OldDesignator=R9_U_rel_ladder5 NewDesignator=R9_U_rel_ladder6
Change Component Designator: OldDesignator=R9_U_rel_ladder6 NewDesignator=R9_U_rel_ladder5
Change Component Designator: OldDesignator=R9_U_rel_ladder7 NewDesignator=R9_U_rel_ladder4
Change Component Designator: OldDesignator=R9_U_rel_ladder8 NewDesignator=R9_U_rel_ladder3
Change Component Designator: OldDesignator=R9_U_rel_ladder9 NewDesignator=R9_U_rel_ladder2
Change Component Designator: OldDesignator=R9_U_rel_ladder10 NewDesignator=R9_U_rel_ladder1
Change Component Designator: OldDesignator=R10_U_rel_ladder1 NewDesignator=R10_U_rel_ladder10
Change Component Designator: OldDesignator=R10_U_rel_ladder2 NewDesignator=R10_U_rel_ladder9
Change Component Designator: OldDesignator=R10_U_rel_ladder3 NewDesignator=R10_U_rel_ladder8
Change Component Designator: OldDesignator=R10_U_rel_ladder4 NewDesignator=R10_U_rel_ladder7
Change Component Designator: OldDesignator=R10_U_rel_ladder5 NewDesignator=R10_U_rel_ladder6
Change Component Designator: OldDesignator=R10_U_rel_ladder6 NewDesignator=R10_U_rel_ladder5
Change Component Designator: OldDesignator=R10_U_rel_ladder7 NewDesignator=R10_U_rel_ladder4
Change Component Designator: OldDesignator=R10_U_rel_ladder8 NewDesignator=R10_U_rel_ladder3
Change Component Designator: OldDesignator=R10_U_rel_ladder9 NewDesignator=R10_U_rel_ladder2
Change Component Designator: OldDesignator=R10_U_rel_ladder10 NewDesignator=R10_U_rel_ladder1
Change Component Designator: OldDesignator=R11_U_rel_ladder1 NewDesignator=R11_U_rel_ladder10
Change Component Designator: OldDesignator=R11_U_rel_ladder2 NewDesignator=R11_U_rel_ladder9
Change Component Designator: OldDesignator=R11_U_rel_ladder3 NewDesignator=R11_U_rel_ladder8
Change Component Designator: OldDesignator=R11_U_rel_ladder4 NewDesignator=R11_U_rel_ladder7
Change Component Designator: OldDesignator=R11_U_rel_ladder5 NewDesignator=R11_U_rel_ladder6
Change Component Designator: OldDesignator=R11_U_rel_ladder6 NewDesignator=R11_U_rel_ladder5
Change Component Designator: OldDesignator=R11_U_rel_ladder7 NewDesignator=R11_U_rel_ladder4
Change Component Designator: OldDesignator=R11_U_rel_ladder8 NewDesignator=R11_U_rel_ladder3
Change Component Designator: OldDesignator=R11_U_rel_ladder9 NewDesignator=R11_U_rel_ladder2
Change Component Designator: OldDesignator=R11_U_rel_ladder10 NewDesignator=R11_U_rel_ladder1
Change Component Designator: OldDesignator=R12_U_rel_ladder1 NewDesignator=R12_U_rel_ladder10
Change Component Designator: OldDesignator=R12_U_rel_ladder2 NewDesignator=R12_U_rel_ladder9
Change Component Designator: OldDesignator=R12_U_rel_ladder3 NewDesignator=R12_U_rel_ladder8
Change Component Designator: OldDesignator=R12_U_rel_ladder4 NewDesignator=R12_U_rel_ladder7
Change Component Designator: OldDesignator=R12_U_rel_ladder5 NewDesignator=R12_U_rel_ladder6
Change Component Designator: OldDesignator=R12_U_rel_ladder6 NewDesignator=R12_U_rel_ladder5
Change Component Designator: OldDesignator=R12_U_rel_ladder7 NewDesignator=R12_U_rel_ladder4
Change Component Designator: OldDesignator=R12_U_rel_ladder8 NewDesignator=R12_U_rel_ladder3
Change Component Designator: OldDesignator=R12_U_rel_ladder9 NewDesignator=R12_U_rel_ladder2
Change Component Designator: OldDesignator=R12_U_rel_ladder10 NewDesignator=R12_U_rel_ladder1
Change Component Designator: OldDesignator=R13_U_rel_ladder1 NewDesignator=R13_U_rel_ladder10
Change Component Designator: OldDesignator=R13_U_rel_ladder2 NewDesignator=R13_U_rel_ladder9
Change Component Designator: OldDesignator=R13_U_rel_ladder3 NewDesignator=R13_U_rel_ladder8
Change Component Designator: OldDesignator=R13_U_rel_ladder4 NewDesignator=R13_U_rel_ladder7
Change Component Designator: OldDesignator=R13_U_rel_ladder5 NewDesignator=R13_U_rel_ladder6
Change Component Designator: OldDesignator=R13_U_rel_ladder6 NewDesignator=R13_U_rel_ladder5
Change Component Designator: OldDesignator=R13_U_rel_ladder7 NewDesignator=R13_U_rel_ladder4
Change Component Designator: OldDesignator=R13_U_rel_ladder8 NewDesignator=R13_U_rel_ladder3
Change Component Designator: OldDesignator=R13_U_rel_ladder9 NewDesignator=R13_U_rel_ladder2
Change Component Designator: OldDesignator=R13_U_rel_ladder10 NewDesignator=R13_U_rel_ladder1
Change Component Designator: OldDesignator=R14_U_rel_ladder1 NewDesignator=R14_U_rel_ladder10
Change Component Designator: OldDesignator=R14_U_rel_ladder2 NewDesignator=R14_U_rel_ladder9
Change Component Designator: OldDesignator=R14_U_rel_ladder3 NewDesignator=R14_U_rel_ladder8
Change Component Designator: OldDesignator=R14_U_rel_ladder4 NewDesignator=R14_U_rel_ladder7
Change Component Designator: OldDesignator=R14_U_rel_ladder5 NewDesignator=R14_U_rel_ladder6
Change Component Designator: OldDesignator=R14_U_rel_ladder6 NewDesignator=R14_U_rel_ladder5
Change Component Designator: OldDesignator=R14_U_rel_ladder7 NewDesignator=R14_U_rel_ladder4
Change Component Designator: OldDesignator=R14_U_rel_ladder8 NewDesignator=R14_U_rel_ladder3
Change Component Designator: OldDesignator=R14_U_rel_ladder9 NewDesignator=R14_U_rel_ladder2
Change Component Designator: OldDesignator=R14_U_rel_ladder10 NewDesignator=R14_U_rel_ladder1
Change Component Designator: OldDesignator=R15_U_rel_ladder1 NewDesignator=R15_U_rel_ladder10
Change Component Designator: OldDesignator=R15_U_rel_ladder2 NewDesignator=R15_U_rel_ladder9
Change Component Designator: OldDesignator=R15_U_rel_ladder3 NewDesignator=R15_U_rel_ladder8
Change Component Designator: OldDesignator=R15_U_rel_ladder4 NewDesignator=R15_U_rel_ladder7
Change Component Designator: OldDesignator=R15_U_rel_ladder5 NewDesignator=R15_U_rel_ladder6
Change Component Designator: OldDesignator=R15_U_rel_ladder6 NewDesignator=R15_U_rel_ladder5
Change Component Designator: OldDesignator=R15_U_rel_ladder7 NewDesignator=R15_U_rel_ladder4
Change Component Designator: OldDesignator=R15_U_rel_ladder8 NewDesignator=R15_U_rel_ladder3
Change Component Designator: OldDesignator=R15_U_rel_ladder9 NewDesignator=R15_U_rel_ladder2
Change Component Designator: OldDesignator=R15_U_rel_ladder10 NewDesignator=R15_U_rel_ladder1
Change Component Designator: OldDesignator=R16_U_rel_ladder1 NewDesignator=R16_U_rel_ladder10
Change Component Designator: OldDesignator=R16_U_rel_ladder2 NewDesignator=R16_U_rel_ladder9
Change Component Designator: OldDesignator=R16_U_rel_ladder3 NewDesignator=R16_U_rel_ladder8
Change Component Designator: OldDesignator=R16_U_rel_ladder4 NewDesignator=R16_U_rel_ladder7
Change Component Designator: OldDesignator=R16_U_rel_ladder5 NewDesignator=R16_U_rel_ladder6
Change Component Designator: OldDesignator=R16_U_rel_ladder6 NewDesignator=R16_U_rel_ladder5
Change Component Designator: OldDesignator=R16_U_rel_ladder7 NewDesignator=R16_U_rel_ladder4
Change Component Designator: OldDesignator=R16_U_rel_ladder8 NewDesignator=R16_U_rel_ladder3
Change Component Designator: OldDesignator=R16_U_rel_ladder9 NewDesignator=R16_U_rel_ladder2
Change Component Designator: OldDesignator=R16_U_rel_ladder10 NewDesignator=R16_U_rel_ladder1
Added Pin To Net: NetName=NetMCP2_19 Pin=ULN3-1
Added Pin To Net: NetName=NetMCP2_20 Pin=ULN3-2
Added Pin To Net: NetName=NetMCP2_21 Pin=ULN3-3
Added Pin To Net: NetName=NetMCP2_22 Pin=ULN3-4
Added Pin To Net: NetName=NetMCP2_23 Pin=ULN3-5
Added Pin To Net: NetName=NetMCP2_24 Pin=ULN3-6
Added Pin To Net: NetName=NetMCP2_17 Pin=ULN3-19
Added Pin To Net: NetName=NetMCP2_18 Pin=ULN3-20
Added Pin To Net: NetName=NetMCP2_27 Pin=ULN4-1
Added Pin To Net: NetName=NetMCP2_28 Pin=ULN4-2
Added Pin To Net: NetName=NetMCP2_1 Pin=ULN4-3
Added Pin To Net: NetName=NetMCP2_2 Pin=ULN4-4
Added Pin To Net: NetName=NetMCP2_3 Pin=ULN4-5
Added Pin To Net: NetName=NetMCP2_4 Pin=ULN4-6
Added Pin To Net: NetName=NetMCP2_25 Pin=ULN4-19
Added Pin To Net: NetName=NetMCP2_26 Pin=ULN4-20
Added Pin To Net: NetName=NetMCP3_19 Pin=ULN5-1
Added Pin To Net: NetName=NetMCP3_20 Pin=ULN5-2
Added Pin To Net: NetName=NetMCP3_21 Pin=ULN5-3
Added Pin To Net: NetName=NetMCP3_22 Pin=ULN5-4
Added Pin To Net: NetName=NetMCP3_23 Pin=ULN5-5
Added Pin To Net: NetName=NetMCP3_24 Pin=ULN5-6
Added Pin To Net: NetName=NetMCP3_17 Pin=ULN5-19
Added Pin To Net: NetName=NetMCP3_18 Pin=ULN5-20
Added Pin To Net: NetName=NetMCP3_27 Pin=ULN6-1
Added Pin To Net: NetName=NetMCP3_28 Pin=ULN6-2
Added Pin To Net: NetName=NetMCP3_1 Pin=ULN6-3
Added Pin To Net: NetName=NetMCP3_2 Pin=ULN6-4
Added Pin To Net: NetName=NetMCP3_3 Pin=ULN6-5
Added Pin To Net: NetName=NetMCP3_4 Pin=ULN6-6
Added Pin To Net: NetName=NetMCP3_25 Pin=ULN6-19
Added Pin To Net: NetName=NetMCP3_26 Pin=ULN6-20
Added Pin To Net: NetName=NetMCP4_19 Pin=ULN7-1
Added Pin To Net: NetName=NetMCP4_20 Pin=ULN7-2
Added Pin To Net: NetName=NetMCP4_21 Pin=ULN7-3
Added Pin To Net: NetName=NetMCP4_22 Pin=ULN7-4
Added Pin To Net: NetName=NetMCP4_23 Pin=ULN7-5
Added Pin To Net: NetName=NetMCP4_24 Pin=ULN7-6
Added Pin To Net: NetName=NetMCP4_17 Pin=ULN7-19
Added Pin To Net: NetName=NetMCP4_18 Pin=ULN7-20
Added Pin To Net: NetName=NetMCP5_19 Pin=ULN9-1
Added Pin To Net: NetName=NetMCP5_20 Pin=ULN9-2
Added Pin To Net: NetName=NetMCP5_21 Pin=ULN9-3
Added Pin To Net: NetName=NetMCP5_22 Pin=ULN9-4
Added Pin To Net: NetName=NetMCP5_23 Pin=ULN9-5
Added Pin To Net: NetName=NetMCP5_24 Pin=ULN9-6
Added Pin To Net: NetName=NetMCP5_17 Pin=ULN9-19
Added Pin To Net: NetName=NetMCP5_18 Pin=ULN9-20
Added Pin To Net: NetName=NetMCP5_27 Pin=ULN10-1
Added Pin To Net: NetName=NetMCP5_28 Pin=ULN10-2
Added Pin To Net: NetName=NetMCP5_1 Pin=ULN10-3
Added Pin To Net: NetName=NetMCP5_2 Pin=ULN10-4
Added Pin To Net: NetName=NetMCP5_3 Pin=ULN10-5
Added Pin To Net: NetName=NetMCP5_4 Pin=ULN10-6
Added Pin To Net: NetName=NetMCP5_25 Pin=ULN10-19
Added Pin To Net: NetName=NetMCP5_26 Pin=ULN10-20
Added Pin To Net: NetName=NetMCP6_19 Pin=ULN11-1
Added Pin To Net: NetName=NetMCP6_20 Pin=ULN11-2
Added Pin To Net: NetName=NetMCP6_21 Pin=ULN11-3
Added Pin To Net: NetName=NetMCP6_22 Pin=ULN11-4
Added Pin To Net: NetName=NetMCP6_23 Pin=ULN11-5
Added Pin To Net: NetName=NetMCP6_24 Pin=ULN11-6
Added Pin To Net: NetName=NetMCP6_17 Pin=ULN11-19
Added Pin To Net: NetName=NetMCP6_18 Pin=ULN11-20
Added Pin To Net: NetName=NetMCP6_27 Pin=ULN12-1
Added Pin To Net: NetName=NetMCP6_28 Pin=ULN12-2
Added Pin To Net: NetName=NetMCP6_1 Pin=ULN12-3
Added Pin To Net: NetName=NetMCP6_2 Pin=ULN12-4
Added Pin To Net: NetName=NetMCP6_3 Pin=ULN12-5
Added Pin To Net: NetName=NetMCP6_4 Pin=ULN12-6
Added Pin To Net: NetName=NetMCP6_25 Pin=ULN12-19
Added Pin To Net: NetName=NetMCP6_26 Pin=ULN12-20
Change Net Name : Old Net Name=NetK1_U_rel_ladder1_4 New Net Name=NetK1_U_rel_ladder10_4
Change Net Name : Old Net Name=NetK1_U_rel_ladder1_6 New Net Name=NetK1_U_rel_ladder10_6
Change Net Name : Old Net Name=NetK1_U_rel_ladder1_8 New Net Name=NetK1_U_rel_ladder10_8
Change Net Name : Old Net Name=NetK1_U_rel_ladder2_4 New Net Name=NetK1_U_rel_ladder9_4
Change Net Name : Old Net Name=NetK1_U_rel_ladder2_6 New Net Name=NetK1_U_rel_ladder9_6
Change Net Name : Old Net Name=NetK1_U_rel_ladder2_8 New Net Name=NetK1_U_rel_ladder9_8
Change Net Name : Old Net Name=NetK1_U_rel_ladder3_4 New Net Name=NetK1_U_rel_ladder8_4
Change Net Name : Old Net Name=NetK1_U_rel_ladder3_6 New Net Name=NetK1_U_rel_ladder8_6
Change Net Name : Old Net Name=NetK1_U_rel_ladder3_8 New Net Name=NetK1_U_rel_ladder8_8
Change Net Name : Old Net Name=NetK1_U_rel_ladder4_4 New Net Name=NetK1_U_rel_ladder7_4
Change Net Name : Old Net Name=NetK1_U_rel_ladder4_6 New Net Name=NetK1_U_rel_ladder7_6
Change Net Name : Old Net Name=NetK1_U_rel_ladder4_8 New Net Name=NetK1_U_rel_ladder7_8
Change Net Name : Old Net Name=NetK1_U_rel_ladder5_4 New Net Name=NetK1_U_rel_ladder6_4
Change Net Name : Old Net Name=NetK1_U_rel_ladder5_6 New Net Name=NetK1_U_rel_ladder6_6
Change Net Name : Old Net Name=NetK1_U_rel_ladder5_8 New Net Name=NetK1_U_rel_ladder6_8
Change Net Name : Old Net Name=NetK1_U_rel_ladder6_4 New Net Name=NetK1_U_rel_ladder5_4
Change Net Name : Old Net Name=NetK1_U_rel_ladder6_6 New Net Name=NetK1_U_rel_ladder5_6
Change Net Name : Old Net Name=NetK1_U_rel_ladder6_8 New Net Name=NetK1_U_rel_ladder5_8
Change Net Name : Old Net Name=NetK1_U_rel_ladder7_4 New Net Name=NetK1_U_rel_ladder4_4
Change Net Name : Old Net Name=NetK1_U_rel_ladder7_6 New Net Name=NetK1_U_rel_ladder4_6
Change Net Name : Old Net Name=NetK1_U_rel_ladder7_8 New Net Name=NetK1_U_rel_ladder4_8
Change Net Name : Old Net Name=NetK1_U_rel_ladder8_4 New Net Name=NetK1_U_rel_ladder3_4
Change Net Name : Old Net Name=NetK1_U_rel_ladder8_6 New Net Name=NetK1_U_rel_ladder3_6
Change Net Name : Old Net Name=NetK1_U_rel_ladder8_8 New Net Name=NetK1_U_rel_ladder3_8
Change Net Name : Old Net Name=NetK1_U_rel_ladder9_4 New Net Name=NetK1_U_rel_ladder2_4
Change Net Name : Old Net Name=NetK1_U_rel_ladder9_6 New Net Name=NetK1_U_rel_ladder2_6
Change Net Name : Old Net Name=NetK1_U_rel_ladder9_8 New Net Name=NetK1_U_rel_ladder2_8
Change Net Name : Old Net Name=NetK1_U_rel_ladder10_4 New Net Name=NetK1_U_rel_ladder1_4
Change Net Name : Old Net Name=NetK1_U_rel_ladder10_6 New Net Name=NetK1_U_rel_ladder1_6
Change Net Name : Old Net Name=NetK1_U_rel_ladder10_8 New Net Name=NetK1_U_rel_ladder1_8
Change Net Name : Old Net Name=NetK2_U_rel_ladder1_4 New Net Name=NetK2_U_rel_ladder10_4
Change Net Name : Old Net Name=NetK2_U_rel_ladder1_6 New Net Name=NetK2_U_rel_ladder10_6
Change Net Name : Old Net Name=NetK2_U_rel_ladder1_8 New Net Name=NetK2_U_rel_ladder10_8
Change Net Name : Old Net Name=NetK2_U_rel_ladder2_4 New Net Name=NetK2_U_rel_ladder9_4
Change Net Name : Old Net Name=NetK2_U_rel_ladder2_6 New Net Name=NetK2_U_rel_ladder9_6
Change Net Name : Old Net Name=NetK2_U_rel_ladder2_8 New Net Name=NetK2_U_rel_ladder9_8
Change Net Name : Old Net Name=NetK2_U_rel_ladder3_4 New Net Name=NetK2_U_rel_ladder8_4
Change Net Name : Old Net Name=NetK2_U_rel_ladder3_6 New Net Name=NetK2_U_rel_ladder8_6
Change Net Name : Old Net Name=NetK2_U_rel_ladder3_8 New Net Name=NetK2_U_rel_ladder8_8
Change Net Name : Old Net Name=NetK2_U_rel_ladder4_4 New Net Name=NetK2_U_rel_ladder7_4
Change Net Name : Old Net Name=NetK2_U_rel_ladder4_6 New Net Name=NetK2_U_rel_ladder7_6
Change Net Name : Old Net Name=NetK2_U_rel_ladder4_8 New Net Name=NetK2_U_rel_ladder7_8
Change Net Name : Old Net Name=NetK2_U_rel_ladder5_4 New Net Name=NetK2_U_rel_ladder6_4
Change Net Name : Old Net Name=NetK2_U_rel_ladder5_6 New Net Name=NetK2_U_rel_ladder6_6
Change Net Name : Old Net Name=NetK2_U_rel_ladder5_8 New Net Name=NetK2_U_rel_ladder6_8
Change Net Name : Old Net Name=NetK2_U_rel_ladder6_4 New Net Name=NetK2_U_rel_ladder5_4
Change Net Name : Old Net Name=NetK2_U_rel_ladder6_6 New Net Name=NetK2_U_rel_ladder5_6
Change Net Name : Old Net Name=NetK2_U_rel_ladder6_8 New Net Name=NetK2_U_rel_ladder5_8
Change Net Name : Old Net Name=NetK2_U_rel_ladder7_4 New Net Name=NetK2_U_rel_ladder4_4
Change Net Name : Old Net Name=NetK2_U_rel_ladder7_6 New Net Name=NetK2_U_rel_ladder4_6
Change Net Name : Old Net Name=NetK2_U_rel_ladder7_8 New Net Name=NetK2_U_rel_ladder4_8
Change Net Name : Old Net Name=NetK2_U_rel_ladder8_4 New Net Name=NetK2_U_rel_ladder3_4
Change Net Name : Old Net Name=NetK2_U_rel_ladder8_6 New Net Name=NetK2_U_rel_ladder3_6
Change Net Name : Old Net Name=NetK2_U_rel_ladder8_8 New Net Name=NetK2_U_rel_ladder3_8
Change Net Name : Old Net Name=NetK2_U_rel_ladder9_4 New Net Name=NetK2_U_rel_ladder2_4
Change Net Name : Old Net Name=NetK2_U_rel_ladder9_6 New Net Name=NetK2_U_rel_ladder2_6
Change Net Name : Old Net Name=NetK2_U_rel_ladder9_8 New Net Name=NetK2_U_rel_ladder2_8
Change Net Name : Old Net Name=NetK2_U_rel_ladder10_4 New Net Name=NetK2_U_rel_ladder1_4
Change Net Name : Old Net Name=NetK2_U_rel_ladder10_6 New Net Name=NetK2_U_rel_ladder1_6
Change Net Name : Old Net Name=NetK2_U_rel_ladder10_8 New Net Name=NetK2_U_rel_ladder1_8
Change Net Name : Old Net Name=NetK3_U_rel_ladder1_4 New Net Name=NetK3_U_rel_ladder10_4
Change Net Name : Old Net Name=NetK3_U_rel_ladder1_6 New Net Name=NetK3_U_rel_ladder10_6
Change Net Name : Old Net Name=NetK3_U_rel_ladder1_8 New Net Name=NetK3_U_rel_ladder10_8
Change Net Name : Old Net Name=NetK3_U_rel_ladder2_4 New Net Name=NetK3_U_rel_ladder9_4
Change Net Name : Old Net Name=NetK3_U_rel_ladder2_6 New Net Name=NetK3_U_rel_ladder9_6
Change Net Name : Old Net Name=NetK3_U_rel_ladder2_8 New Net Name=NetK3_U_rel_ladder9_8
Change Net Name : Old Net Name=NetK3_U_rel_ladder3_4 New Net Name=NetK3_U_rel_ladder8_4
Change Net Name : Old Net Name=NetK3_U_rel_ladder3_6 New Net Name=NetK3_U_rel_ladder8_6
Change Net Name : Old Net Name=NetK3_U_rel_ladder3_8 New Net Name=NetK3_U_rel_ladder8_8
Change Net Name : Old Net Name=NetK3_U_rel_ladder4_4 New Net Name=NetK3_U_rel_ladder7_4
Change Net Name : Old Net Name=NetK3_U_rel_ladder4_6 New Net Name=NetK3_U_rel_ladder7_6
Change Net Name : Old Net Name=NetK3_U_rel_ladder4_8 New Net Name=NetK3_U_rel_ladder7_8
Change Net Name : Old Net Name=NetK3_U_rel_ladder5_4 New Net Name=NetK3_U_rel_ladder6_4
Change Net Name : Old Net Name=NetK3_U_rel_ladder5_6 New Net Name=NetK3_U_rel_ladder6_6
Change Net Name : Old Net Name=NetK3_U_rel_ladder5_8 New Net Name=NetK3_U_rel_ladder6_8
Change Net Name : Old Net Name=NetK3_U_rel_ladder6_4 New Net Name=NetK3_U_rel_ladder5_4
Change Net Name : Old Net Name=NetK3_U_rel_ladder6_6 New Net Name=NetK3_U_rel_ladder5_6
Change Net Name : Old Net Name=NetK3_U_rel_ladder6_8 New Net Name=NetK3_U_rel_ladder5_8
Change Net Name : Old Net Name=NetK3_U_rel_ladder7_4 New Net Name=NetK3_U_rel_ladder4_4
Change Net Name : Old Net Name=NetK3_U_rel_ladder7_6 New Net Name=NetK3_U_rel_ladder4_6
Change Net Name : Old Net Name=NetK3_U_rel_ladder7_8 New Net Name=NetK3_U_rel_ladder4_8
Change Net Name : Old Net Name=NetK3_U_rel_ladder8_4 New Net Name=NetK3_U_rel_ladder3_4
Change Net Name : Old Net Name=NetK3_U_rel_ladder8_6 New Net Name=NetK3_U_rel_ladder3_6
Change Net Name : Old Net Name=NetK3_U_rel_ladder8_8 New Net Name=NetK3_U_rel_ladder3_8
Change Net Name : Old Net Name=NetK3_U_rel_ladder9_4 New Net Name=NetK3_U_rel_ladder2_4
Change Net Name : Old Net Name=NetK3_U_rel_ladder9_6 New Net Name=NetK3_U_rel_ladder2_6
Change Net Name : Old Net Name=NetK3_U_rel_ladder9_8 New Net Name=NetK3_U_rel_ladder2_8
Change Net Name : Old Net Name=NetK3_U_rel_ladder10_4 New Net Name=NetK3_U_rel_ladder1_4
Change Net Name : Old Net Name=NetK3_U_rel_ladder10_6 New Net Name=NetK3_U_rel_ladder1_6
Change Net Name : Old Net Name=NetK3_U_rel_ladder10_8 New Net Name=NetK3_U_rel_ladder1_8
Change Net Name : Old Net Name=NetK4_U_rel_ladder1_4 New Net Name=NetK4_U_rel_ladder10_4
Change Net Name : Old Net Name=NetK4_U_rel_ladder1_6 New Net Name=NetK4_U_rel_ladder10_6
Change Net Name : Old Net Name=NetK4_U_rel_ladder1_8 New Net Name=NetK4_U_rel_ladder10_8
Change Net Name : Old Net Name=NetK4_U_rel_ladder2_4 New Net Name=NetK4_U_rel_ladder9_4
Change Net Name : Old Net Name=NetK4_U_rel_ladder2_6 New Net Name=NetK4_U_rel_ladder9_6
Change Net Name : Old Net Name=NetK4_U_rel_ladder2_8 New Net Name=NetK4_U_rel_ladder9_8
Change Net Name : Old Net Name=NetK4_U_rel_ladder3_4 New Net Name=NetK4_U_rel_ladder8_4
Change Net Name : Old Net Name=NetK4_U_rel_ladder3_6 New Net Name=NetK4_U_rel_ladder8_6
Change Net Name : Old Net Name=NetK4_U_rel_ladder3_8 New Net Name=NetK4_U_rel_ladder8_8
Change Net Name : Old Net Name=NetK4_U_rel_ladder4_4 New Net Name=NetK4_U_rel_ladder7_4
Change Net Name : Old Net Name=NetK4_U_rel_ladder4_6 New Net Name=NetK4_U_rel_ladder7_6
Change Net Name : Old Net Name=NetK4_U_rel_ladder4_8 New Net Name=NetK4_U_rel_ladder7_8
Change Net Name : Old Net Name=NetK4_U_rel_ladder5_4 New Net Name=NetK4_U_rel_ladder6_4
Change Net Name : Old Net Name=NetK4_U_rel_ladder5_6 New Net Name=NetK4_U_rel_ladder6_6
Change Net Name : Old Net Name=NetK4_U_rel_ladder5_8 New Net Name=NetK4_U_rel_ladder6_8
Change Net Name : Old Net Name=NetK4_U_rel_ladder6_4 New Net Name=NetK4_U_rel_ladder5_4
Change Net Name : Old Net Name=NetK4_U_rel_ladder6_6 New Net Name=NetK4_U_rel_ladder5_6
Change Net Name : Old Net Name=NetK4_U_rel_ladder6_8 New Net Name=NetK4_U_rel_ladder5_8
Change Net Name : Old Net Name=NetK4_U_rel_ladder7_4 New Net Name=NetK4_U_rel_ladder4_4
Change Net Name : Old Net Name=NetK4_U_rel_ladder7_6 New Net Name=NetK4_U_rel_ladder4_6
Change Net Name : Old Net Name=NetK4_U_rel_ladder7_8 New Net Name=NetK4_U_rel_ladder4_8
Change Net Name : Old Net Name=NetK4_U_rel_ladder8_4 New Net Name=NetK4_U_rel_ladder3_4
Change Net Name : Old Net Name=NetK4_U_rel_ladder8_6 New Net Name=NetK4_U_rel_ladder3_6
Change Net Name : Old Net Name=NetK4_U_rel_ladder8_8 New Net Name=NetK4_U_rel_ladder3_8
Change Net Name : Old Net Name=NetK4_U_rel_ladder9_4 New Net Name=NetK4_U_rel_ladder2_4
Change Net Name : Old Net Name=NetK4_U_rel_ladder9_6 New Net Name=NetK4_U_rel_ladder2_6
Change Net Name : Old Net Name=NetK4_U_rel_ladder9_8 New Net Name=NetK4_U_rel_ladder2_8
Change Net Name : Old Net Name=NetK4_U_rel_ladder10_4 New Net Name=NetK4_U_rel_ladder1_4
Change Net Name : Old Net Name=NetK4_U_rel_ladder10_6 New Net Name=NetK4_U_rel_ladder1_6
Change Net Name : Old Net Name=NetK4_U_rel_ladder10_8 New Net Name=NetK4_U_rel_ladder1_8
Change Net Name : Old Net Name=NetK5_U_rel_ladder1_4 New Net Name=NetK5_U_rel_ladder10_4
Change Net Name : Old Net Name=NetK5_U_rel_ladder1_6 New Net Name=NetK5_U_rel_ladder10_6
Change Net Name : Old Net Name=NetK5_U_rel_ladder1_8 New Net Name=NetK5_U_rel_ladder10_8
Change Net Name : Old Net Name=NetK5_U_rel_ladder2_4 New Net Name=NetK5_U_rel_ladder9_4
Change Net Name : Old Net Name=NetK5_U_rel_ladder2_6 New Net Name=NetK5_U_rel_ladder9_6
Change Net Name : Old Net Name=NetK5_U_rel_ladder2_8 New Net Name=NetK5_U_rel_ladder9_8
Change Net Name : Old Net Name=NetK5_U_rel_ladder3_4 New Net Name=NetK5_U_rel_ladder8_4
Change Net Name : Old Net Name=NetK5_U_rel_ladder3_6 New Net Name=NetK5_U_rel_ladder8_6
Change Net Name : Old Net Name=NetK5_U_rel_ladder3_8 New Net Name=NetK5_U_rel_ladder8_8
Change Net Name : Old Net Name=NetK5_U_rel_ladder4_4 New Net Name=NetK5_U_rel_ladder7_4
Change Net Name : Old Net Name=NetK5_U_rel_ladder4_6 New Net Name=NetK5_U_rel_ladder7_6
Change Net Name : Old Net Name=NetK5_U_rel_ladder4_8 New Net Name=NetK5_U_rel_ladder7_8
Change Net Name : Old Net Name=NetK5_U_rel_ladder5_4 New Net Name=NetK5_U_rel_ladder6_4
Change Net Name : Old Net Name=NetK5_U_rel_ladder5_6 New Net Name=NetK5_U_rel_ladder6_6
Change Net Name : Old Net Name=NetK5_U_rel_ladder5_8 New Net Name=NetK5_U_rel_ladder6_8
Change Net Name : Old Net Name=NetK5_U_rel_ladder6_4 New Net Name=NetK5_U_rel_ladder5_4
Change Net Name : Old Net Name=NetK5_U_rel_ladder6_6 New Net Name=NetK5_U_rel_ladder5_6
Change Net Name : Old Net Name=NetK5_U_rel_ladder6_8 New Net Name=NetK5_U_rel_ladder5_8
Change Net Name : Old Net Name=NetK5_U_rel_ladder7_4 New Net Name=NetK5_U_rel_ladder4_4
Change Net Name : Old Net Name=NetK5_U_rel_ladder7_6 New Net Name=NetK5_U_rel_ladder4_6
Change Net Name : Old Net Name=NetK5_U_rel_ladder7_8 New Net Name=NetK5_U_rel_ladder4_8
Change Net Name : Old Net Name=NetK5_U_rel_ladder8_4 New Net Name=NetK5_U_rel_ladder3_4
Change Net Name : Old Net Name=NetK5_U_rel_ladder8_6 New Net Name=NetK5_U_rel_ladder3_6
Change Net Name : Old Net Name=NetK5_U_rel_ladder8_8 New Net Name=NetK5_U_rel_ladder3_8
Change Net Name : Old Net Name=NetK5_U_rel_ladder9_4 New Net Name=NetK5_U_rel_ladder2_4
Change Net Name : Old Net Name=NetK5_U_rel_ladder9_6 New Net Name=NetK5_U_rel_ladder2_6
Change Net Name : Old Net Name=NetK5_U_rel_ladder9_8 New Net Name=NetK5_U_rel_ladder2_8
Change Net Name : Old Net Name=NetK5_U_rel_ladder10_4 New Net Name=NetK5_U_rel_ladder1_4
Change Net Name : Old Net Name=NetK5_U_rel_ladder10_6 New Net Name=NetK5_U_rel_ladder1_6
Change Net Name : Old Net Name=NetK5_U_rel_ladder10_8 New Net Name=NetK5_U_rel_ladder1_8
Change Net Name : Old Net Name=NetK6_U_rel_ladder1_4 New Net Name=NetK6_U_rel_ladder10_4
Change Net Name : Old Net Name=NetK6_U_rel_ladder1_6 New Net Name=NetK6_U_rel_ladder10_6
Change Net Name : Old Net Name=NetK6_U_rel_ladder1_8 New Net Name=NetK6_U_rel_ladder10_8
Change Net Name : Old Net Name=NetK6_U_rel_ladder2_4 New Net Name=NetK6_U_rel_ladder9_4
Change Net Name : Old Net Name=NetK6_U_rel_ladder2_6 New Net Name=NetK6_U_rel_ladder9_6
Change Net Name : Old Net Name=NetK6_U_rel_ladder2_8 New Net Name=NetK6_U_rel_ladder9_8
Change Net Name : Old Net Name=NetK6_U_rel_ladder3_4 New Net Name=NetK6_U_rel_ladder8_4
Change Net Name : Old Net Name=NetK6_U_rel_ladder3_6 New Net Name=NetK6_U_rel_ladder8_6
Change Net Name : Old Net Name=NetK6_U_rel_ladder3_8 New Net Name=NetK6_U_rel_ladder8_8
Change Net Name : Old Net Name=NetK6_U_rel_ladder4_4 New Net Name=NetK6_U_rel_ladder7_4
Change Net Name : Old Net Name=NetK6_U_rel_ladder4_6 New Net Name=NetK6_U_rel_ladder7_6
Change Net Name : Old Net Name=NetK6_U_rel_ladder4_8 New Net Name=NetK6_U_rel_ladder7_8
Change Net Name : Old Net Name=NetK6_U_rel_ladder5_4 New Net Name=NetK6_U_rel_ladder6_4
Change Net Name : Old Net Name=NetK6_U_rel_ladder5_6 New Net Name=NetK6_U_rel_ladder6_6
Change Net Name : Old Net Name=NetK6_U_rel_ladder5_8 New Net Name=NetK6_U_rel_ladder6_8
Change Net Name : Old Net Name=NetK6_U_rel_ladder6_4 New Net Name=NetK6_U_rel_ladder5_4
Change Net Name : Old Net Name=NetK6_U_rel_ladder6_6 New Net Name=NetK6_U_rel_ladder5_6
Change Net Name : Old Net Name=NetK6_U_rel_ladder6_8 New Net Name=NetK6_U_rel_ladder5_8
Change Net Name : Old Net Name=NetK6_U_rel_ladder7_4 New Net Name=NetK6_U_rel_ladder4_4
Change Net Name : Old Net Name=NetK6_U_rel_ladder7_6 New Net Name=NetK6_U_rel_ladder4_6
Change Net Name : Old Net Name=NetK6_U_rel_ladder7_8 New Net Name=NetK6_U_rel_ladder4_8
Change Net Name : Old Net Name=NetK6_U_rel_ladder8_4 New Net Name=NetK6_U_rel_ladder3_4
Change Net Name : Old Net Name=NetK6_U_rel_ladder8_6 New Net Name=NetK6_U_rel_ladder3_6
Change Net Name : Old Net Name=NetK6_U_rel_ladder8_8 New Net Name=NetK6_U_rel_ladder3_8
Change Net Name : Old Net Name=NetK6_U_rel_ladder9_4 New Net Name=NetK6_U_rel_ladder2_4
Change Net Name : Old Net Name=NetK6_U_rel_ladder9_6 New Net Name=NetK6_U_rel_ladder2_6
Change Net Name : Old Net Name=NetK6_U_rel_ladder9_8 New Net Name=NetK6_U_rel_ladder2_8
Change Net Name : Old Net Name=NetK6_U_rel_ladder10_4 New Net Name=NetK6_U_rel_ladder1_4
Change Net Name : Old Net Name=NetK6_U_rel_ladder10_6 New Net Name=NetK6_U_rel_ladder1_6
Change Net Name : Old Net Name=NetK6_U_rel_ladder10_8 New Net Name=NetK6_U_rel_ladder1_8
Change Net Name : Old Net Name=NetK7_U_rel_ladder1_4 New Net Name=NetK7_U_rel_ladder10_4
Change Net Name : Old Net Name=NetK7_U_rel_ladder1_6 New Net Name=NetK7_U_rel_ladder10_6
Change Net Name : Old Net Name=NetK7_U_rel_ladder1_8 New Net Name=NetK7_U_rel_ladder10_8
Change Net Name : Old Net Name=NetK7_U_rel_ladder2_4 New Net Name=NetK7_U_rel_ladder9_4
Change Net Name : Old Net Name=NetK7_U_rel_ladder2_6 New Net Name=NetK7_U_rel_ladder9_6
Change Net Name : Old Net Name=NetK7_U_rel_ladder2_8 New Net Name=NetK7_U_rel_ladder9_8
Change Net Name : Old Net Name=NetK7_U_rel_ladder3_4 New Net Name=NetK7_U_rel_ladder8_4
Change Net Name : Old Net Name=NetK7_U_rel_ladder3_6 New Net Name=NetK7_U_rel_ladder8_6
Change Net Name : Old Net Name=NetK7_U_rel_ladder3_8 New Net Name=NetK7_U_rel_ladder8_8
Change Net Name : Old Net Name=NetK7_U_rel_ladder4_4 New Net Name=NetK7_U_rel_ladder7_4
Change Net Name : Old Net Name=NetK7_U_rel_ladder4_6 New Net Name=NetK7_U_rel_ladder7_6
Change Net Name : Old Net Name=NetK7_U_rel_ladder4_8 New Net Name=NetK7_U_rel_ladder7_8
Change Net Name : Old Net Name=NetK7_U_rel_ladder5_4 New Net Name=NetK7_U_rel_ladder6_4
Change Net Name : Old Net Name=NetK7_U_rel_ladder5_6 New Net Name=NetK7_U_rel_ladder6_6
Change Net Name : Old Net Name=NetK7_U_rel_ladder5_8 New Net Name=NetK7_U_rel_ladder6_8
Change Net Name : Old Net Name=NetK7_U_rel_ladder6_4 New Net Name=NetK7_U_rel_ladder5_4
Change Net Name : Old Net Name=NetK7_U_rel_ladder6_6 New Net Name=NetK7_U_rel_ladder5_6
Change Net Name : Old Net Name=NetK7_U_rel_ladder6_8 New Net Name=NetK7_U_rel_ladder5_8
Change Net Name : Old Net Name=NetK7_U_rel_ladder7_4 New Net Name=NetK7_U_rel_ladder4_4
Change Net Name : Old Net Name=NetK7_U_rel_ladder7_6 New Net Name=NetK7_U_rel_ladder4_6
Change Net Name : Old Net Name=NetK7_U_rel_ladder7_8 New Net Name=NetK7_U_rel_ladder4_8
Change Net Name : Old Net Name=NetK7_U_rel_ladder8_4 New Net Name=NetK7_U_rel_ladder3_4
Change Net Name : Old Net Name=NetK7_U_rel_ladder8_6 New Net Name=NetK7_U_rel_ladder3_6
Change Net Name : Old Net Name=NetK7_U_rel_ladder8_8 New Net Name=NetK7_U_rel_ladder3_8
Change Net Name : Old Net Name=NetK7_U_rel_ladder9_4 New Net Name=NetK7_U_rel_ladder2_4
Change Net Name : Old Net Name=NetK7_U_rel_ladder9_6 New Net Name=NetK7_U_rel_ladder2_6
Change Net Name : Old Net Name=NetK7_U_rel_ladder9_8 New Net Name=NetK7_U_rel_ladder2_8
Change Net Name : Old Net Name=NetK7_U_rel_ladder10_4 New Net Name=NetK7_U_rel_ladder1_4
Change Net Name : Old Net Name=NetK7_U_rel_ladder10_6 New Net Name=NetK7_U_rel_ladder1_6
Change Net Name : Old Net Name=NetK7_U_rel_ladder10_8 New Net Name=NetK7_U_rel_ladder1_8
Change Net Name : Old Net Name=NetK8_U_rel_ladder1_8 New Net Name=NetK8_U_rel_ladder10_8
Change Net Name : Old Net Name=NetK8_U_rel_ladder2_8 New Net Name=NetK8_U_rel_ladder9_8
Change Net Name : Old Net Name=NetK8_U_rel_ladder3_8 New Net Name=NetK8_U_rel_ladder8_8
Change Net Name : Old Net Name=NetK8_U_rel_ladder4_8 New Net Name=NetK8_U_rel_ladder7_8
Change Net Name : Old Net Name=NetK8_U_rel_ladder5_8 New Net Name=NetK8_U_rel_ladder6_8
Change Net Name : Old Net Name=NetK8_U_rel_ladder6_8 New Net Name=NetK8_U_rel_ladder5_8
Change Net Name : Old Net Name=NetK8_U_rel_ladder7_8 New Net Name=NetK8_U_rel_ladder4_8
Change Net Name : Old Net Name=NetK8_U_rel_ladder8_8 New Net Name=NetK8_U_rel_ladder3_8
Change Net Name : Old Net Name=NetK8_U_rel_ladder9_8 New Net Name=NetK8_U_rel_ladder2_8
Change Net Name : Old Net Name=NetK8_U_rel_ladder10_8 New Net Name=NetK8_U_rel_ladder1_8
Added Pin To Net: NetName=GPIO0_0 Pin=MCP4-25
Added Pin To Net: NetName=GPIO0_0 Pin=ULN8-19
Added Net: Name=GPIO0_0
Added Pin To Net: NetName=GPIO0_1 Pin=MCP4-26
Added Pin To Net: NetName=GPIO0_1 Pin=ULN8-20
Added Net: Name=GPIO0_1
Added Pin To Net: NetName=GPIO0_2 Pin=MCP4-27
Added Pin To Net: NetName=GPIO0_2 Pin=ULN8-1
Added Net: Name=GPIO0_2
Added Pin To Net: NetName=GPIO0_3 Pin=MCP4-28
Added Pin To Net: NetName=GPIO0_3 Pin=ULN8-2
Added Net: Name=GPIO0_3
Added Pin To Net: NetName=GPIO0_4 Pin=MCP4-1
Added Pin To Net: NetName=GPIO0_4 Pin=ULN8-3
Added Net: Name=GPIO0_4
Added Pin To Net: NetName=GPIO0_5 Pin=MCP4-2
Added Pin To Net: NetName=GPIO0_5 Pin=ULN8-4
Added Net: Name=GPIO0_5
Added Pin To Net: NetName=GPIO0_6 Pin=MCP4-3
Added Pin To Net: NetName=GPIO0_6 Pin=ULN8-5
Added Net: Name=GPIO0_6
Added Pin To Net: NetName=GPIO0_7 Pin=MCP4-4
Added Pin To Net: NetName=GPIO0_7 Pin=ULN8-6
Added Net: Name=GPIO0_7
