Added Component: Designator=J2_U_rel_ladder6(solderJumper)
Added Component: Designator=J2_U_rel_ladder7(solderJumper)
Added Component: Designator=J2_U_rel_ladder8(solderJumper)
Added Component: Designator=J2_U_rel_ladder10(solderJumper)
Added Component: Designator=K1_U_rel_ladder6(AXICOM IM-G Relay)
Add component (AddParameter): Name = "Farnell ID"; Value = "1175070"; VariantName = "[No Variations]"
Add component (AddParameter): Name = "URL"; Value = "http://si.farnell.com/te-connectivity-axicom/im06gr/relay-gull-wing-dpco-12vdc-2a/dp/1175070"; VariantName = "[No Variations]"
Added Component: Designator=K1_U_rel_ladder7(AXICOM IM-G Relay)
Add component (AddParameter): Name = "Farnell ID"; Value = "1175070"; VariantName = "[No Variations]"
Add component (AddParameter): Name = "URL"; Value = "http://si.farnell.com/te-connectivity-axicom/im06gr/relay-gull-wing-dpco-12vdc-2a/dp/1175070"; VariantName = "[No Variations]"
Added Component: Designator=K1_U_rel_ladder8(AXICOM IM-G Relay)
Add component (AddParameter): Name = "Farnell ID"; Value = "1175070"; VariantName = "[No Variations]"
Add component (AddParameter): Name = "URL"; Value = "http://si.farnell.com/te-connectivity-axicom/im06gr/relay-gull-wing-dpco-12vdc-2a/dp/1175070"; VariantName = "[No Variations]"
Added Component: Designator=K1_U_rel_ladder10(AXICOM IM-G Relay)
Add component (AddParameter): Name = "Farnell ID"; Value = "1175070"; VariantName = "[No Variations]"
Add component (AddParameter): Name = "URL"; Value = "http://si.farnell.com/te-connectivity-axicom/im06gr/relay-gull-wing-dpco-12vdc-2a/dp/1175070"; VariantName = "[No Variations]"
Added Component: Designator=K2_U_rel_ladder6(AXICOM IM-G Relay)
Add component (AddParameter): Name = "Farnell ID"; Value = "1175070"; VariantName = "[No Variations]"
Add component (AddParameter): Name = "URL"; Value = "http://si.farnell.com/te-connectivity-axicom/im06gr/relay-gull-wing-dpco-12vdc-2a/dp/1175070"; VariantName = "[No Variations]"
Added Component: Designator=K2_U_rel_ladder7(AXICOM IM-G Relay)
Add component (AddParameter): Name = "Farnell ID"; Value = "1175070"; VariantName = "[No Variations]"
Add component (AddParameter): Name = "URL"; Value = "http://si.farnell.com/te-connectivity-axicom/im06gr/relay-gull-wing-dpco-12vdc-2a/dp/1175070"; VariantName = "[No Variations]"
Added Component: Designator=K2_U_rel_ladder8(AXICOM IM-G Relay)
Add component (AddParameter): Name = "Farnell ID"; Value = "1175070"; VariantName = "[No Variations]"
Add component (AddParameter): Name = "URL"; Value = "http://si.farnell.com/te-connectivity-axicom/im06gr/relay-gull-wing-dpco-12vdc-2a/dp/1175070"; VariantName = "[No Variations]"
Added Component: Designator=K2_U_rel_ladder10(AXICOM IM-G Relay)
Add component (AddParameter): Name = "Farnell ID"; Value = "1175070"; VariantName = "[No Variations]"
Add component (AddParameter): Name = "URL"; Value = "http://si.farnell.com/te-connectivity-axicom/im06gr/relay-gull-wing-dpco-12vdc-2a/dp/1175070"; VariantName = "[No Variations]"
Added Component: Designator=K3_U_rel_ladder6(AXICOM IM-G Relay)
Add component (AddParameter): Name = "Farnell ID"; Value = "1175070"; VariantName = "[No Variations]"
Add component (AddParameter): Name = "URL"; Value = "http://si.farnell.com/te-connectivity-axicom/im06gr/relay-gull-wing-dpco-12vdc-2a/dp/1175070"; VariantName = "[No Variations]"
Added Component: Designator=K3_U_rel_ladder7(AXICOM IM-G Relay)
Add component (AddParameter): Name = "Farnell ID"; Value = "1175070"; VariantName = "[No Variations]"
Add component (AddParameter): Name = "URL"; Value = "http://si.farnell.com/te-connectivity-axicom/im06gr/relay-gull-wing-dpco-12vdc-2a/dp/1175070"; VariantName = "[No Variations]"
Added Component: Designator=K3_U_rel_ladder8(AXICOM IM-G Relay)
Add component (AddParameter): Name = "Farnell ID"; Value = "1175070"; VariantName = "[No Variations]"
Add component (AddParameter): Name = "URL"; Value = "http://si.farnell.com/te-connectivity-axicom/im06gr/relay-gull-wing-dpco-12vdc-2a/dp/1175070"; VariantName = "[No Variations]"
Added Component: Designator=K3_U_rel_ladder10(AXICOM IM-G Relay)
Add component (AddParameter): Name = "Farnell ID"; Value = "1175070"; VariantName = "[No Variations]"
Add component (AddParameter): Name = "URL"; Value = "http://si.farnell.com/te-connectivity-axicom/im06gr/relay-gull-wing-dpco-12vdc-2a/dp/1175070"; VariantName = "[No Variations]"
Added Component: Designator=K4_U_rel_ladder6(AXICOM IM-G Relay)
Add component (AddParameter): Name = "Farnell ID"; Value = "1175070"; VariantName = "[No Variations]"
Add component (AddParameter): Name = "URL"; Value = "http://si.farnell.com/te-connectivity-axicom/im06gr/relay-gull-wing-dpco-12vdc-2a/dp/1175070"; VariantName = "[No Variations]"
Added Component: Designator=K4_U_rel_ladder7(AXICOM IM-G Relay)
Add component (AddParameter): Name = "Farnell ID"; Value = "1175070"; VariantName = "[No Variations]"
Add component (AddParameter): Name = "URL"; Value = "http://si.farnell.com/te-connectivity-axicom/im06gr/relay-gull-wing-dpco-12vdc-2a/dp/1175070"; VariantName = "[No Variations]"
Added Component: Designator=K4_U_rel_ladder8(AXICOM IM-G Relay)
Add component (AddParameter): Name = "Farnell ID"; Value = "1175070"; VariantName = "[No Variations]"
Add component (AddParameter): Name = "URL"; Value = "http://si.farnell.com/te-connectivity-axicom/im06gr/relay-gull-wing-dpco-12vdc-2a/dp/1175070"; VariantName = "[No Variations]"
Added Component: Designator=K4_U_rel_ladder10(AXICOM IM-G Relay)
Add component (AddParameter): Name = "Farnell ID"; Value = "1175070"; VariantName = "[No Variations]"
Add component (AddParameter): Name = "URL"; Value = "http://si.farnell.com/te-connectivity-axicom/im06gr/relay-gull-wing-dpco-12vdc-2a/dp/1175070"; VariantName = "[No Variations]"
Added Component: Designator=K5_U_rel_ladder6(AXICOM IM-G Relay)
Add component (AddParameter): Name = "Farnell ID"; Value = "1175070"; VariantName = "[No Variations]"
Add component (AddParameter): Name = "URL"; Value = "http://si.farnell.com/te-connectivity-axicom/im06gr/relay-gull-wing-dpco-12vdc-2a/dp/1175070"; VariantName = "[No Variations]"
Added Component: Designator=K5_U_rel_ladder7(AXICOM IM-G Relay)
Add component (AddParameter): Name = "Farnell ID"; Value = "1175070"; VariantName = "[No Variations]"
Add component (AddParameter): Name = "URL"; Value = "http://si.farnell.com/te-connectivity-axicom/im06gr/relay-gull-wing-dpco-12vdc-2a/dp/1175070"; VariantName = "[No Variations]"
Added Component: Designator=K5_U_rel_ladder8(AXICOM IM-G Relay)
Add component (AddParameter): Name = "Farnell ID"; Value = "1175070"; VariantName = "[No Variations]"
Add component (AddParameter): Name = "URL"; Value = "http://si.farnell.com/te-connectivity-axicom/im06gr/relay-gull-wing-dpco-12vdc-2a/dp/1175070"; VariantName = "[No Variations]"
Added Component: Designator=K5_U_rel_ladder10(AXICOM IM-G Relay)
Add component (AddParameter): Name = "Farnell ID"; Value = "1175070"; VariantName = "[No Variations]"
Add component (AddParameter): Name = "URL"; Value = "http://si.farnell.com/te-connectivity-axicom/im06gr/relay-gull-wing-dpco-12vdc-2a/dp/1175070"; VariantName = "[No Variations]"
Added Component: Designator=K6_U_rel_ladder6(AXICOM IM-G Relay)
Add component (AddParameter): Name = "Farnell ID"; Value = "1175070"; VariantName = "[No Variations]"
Add component (AddParameter): Name = "URL"; Value = "http://si.farnell.com/te-connectivity-axicom/im06gr/relay-gull-wing-dpco-12vdc-2a/dp/1175070"; VariantName = "[No Variations]"
Added Component: Designator=K6_U_rel_ladder7(AXICOM IM-G Relay)
Add component (AddParameter): Name = "Farnell ID"; Value = "1175070"; VariantName = "[No Variations]"
Add component (AddParameter): Name = "URL"; Value = "http://si.farnell.com/te-connectivity-axicom/im06gr/relay-gull-wing-dpco-12vdc-2a/dp/1175070"; VariantName = "[No Variations]"
Added Component: Designator=K6_U_rel_ladder8(AXICOM IM-G Relay)
Add component (AddParameter): Name = "Farnell ID"; Value = "1175070"; VariantName = "[No Variations]"
Add component (AddParameter): Name = "URL"; Value = "http://si.farnell.com/te-connectivity-axicom/im06gr/relay-gull-wing-dpco-12vdc-2a/dp/1175070"; VariantName = "[No Variations]"
Added Component: Designator=K6_U_rel_ladder10(AXICOM IM-G Relay)
Add component (AddParameter): Name = "Farnell ID"; Value = "1175070"; VariantName = "[No Variations]"
Add component (AddParameter): Name = "URL"; Value = "http://si.farnell.com/te-connectivity-axicom/im06gr/relay-gull-wing-dpco-12vdc-2a/dp/1175070"; VariantName = "[No Variations]"
Added Component: Designator=K7_U_rel_ladder6(AXICOM IM-G Relay)
Add component (AddParameter): Name = "Farnell ID"; Value = "1175070"; VariantName = "[No Variations]"
Add component (AddParameter): Name = "URL"; Value = "http://si.farnell.com/te-connectivity-axicom/im06gr/relay-gull-wing-dpco-12vdc-2a/dp/1175070"; VariantName = "[No Variations]"
Added Component: Designator=K7_U_rel_ladder7(AXICOM IM-G Relay)
Add component (AddParameter): Name = "Farnell ID"; Value = "1175070"; VariantName = "[No Variations]"
Add component (AddParameter): Name = "URL"; Value = "http://si.farnell.com/te-connectivity-axicom/im06gr/relay-gull-wing-dpco-12vdc-2a/dp/1175070"; VariantName = "[No Variations]"
Added Component: Designator=K7_U_rel_ladder8(AXICOM IM-G Relay)
Add component (AddParameter): Name = "Farnell ID"; Value = "1175070"; VariantName = "[No Variations]"
Add component (AddParameter): Name = "URL"; Value = "http://si.farnell.com/te-connectivity-axicom/im06gr/relay-gull-wing-dpco-12vdc-2a/dp/1175070"; VariantName = "[No Variations]"
Added Component: Designator=K7_U_rel_ladder10(AXICOM IM-G Relay)
Add component (AddParameter): Name = "Farnell ID"; Value = "1175070"; VariantName = "[No Variations]"
Add component (AddParameter): Name = "URL"; Value = "http://si.farnell.com/te-connectivity-axicom/im06gr/relay-gull-wing-dpco-12vdc-2a/dp/1175070"; VariantName = "[No Variations]"
Added Component: Designator=K8_U_rel_ladder6(AXICOM IM-G Relay)
Add component (AddParameter): Name = "Farnell ID"; Value = "1175070"; VariantName = "[No Variations]"
Add component (AddParameter): Name = "URL"; Value = "http://si.farnell.com/te-connectivity-axicom/im06gr/relay-gull-wing-dpco-12vdc-2a/dp/1175070"; VariantName = "[No Variations]"
Added Component: Designator=K8_U_rel_ladder7(AXICOM IM-G Relay)
Add component (AddParameter): Name = "Farnell ID"; Value = "1175070"; VariantName = "[No Variations]"
Add component (AddParameter): Name = "URL"; Value = "http://si.farnell.com/te-connectivity-axicom/im06gr/relay-gull-wing-dpco-12vdc-2a/dp/1175070"; VariantName = "[No Variations]"
Added Component: Designator=K8_U_rel_ladder8(AXICOM IM-G Relay)
Add component (AddParameter): Name = "Farnell ID"; Value = "1175070"; VariantName = "[No Variations]"
Add component (AddParameter): Name = "URL"; Value = "http://si.farnell.com/te-connectivity-axicom/im06gr/relay-gull-wing-dpco-12vdc-2a/dp/1175070"; VariantName = "[No Variations]"
Added Component: Designator=K8_U_rel_ladder10(AXICOM IM-G Relay)
Add component (AddParameter): Name = "Farnell ID"; Value = "1175070"; VariantName = "[No Variations]"
Add component (AddParameter): Name = "URL"; Value = "http://si.farnell.com/te-connectivity-axicom/im06gr/relay-gull-wing-dpco-12vdc-2a/dp/1175070"; VariantName = "[No Variations]"
Added Component: Designator=R1_U_rel_ladder6(R2012_0805I_L)
Added Component: Designator=R1_U_rel_ladder7(R2012_0805I_L)
Added Component: Designator=R1_U_rel_ladder8(R2012_0805I_L)
Added Component: Designator=R1_U_rel_ladder10(R2012_0805I_L)
Added Component: Designator=R2_U_rel_ladder6(R2012_0805I_L)
Added Component: Designator=R2_U_rel_ladder7(R2012_0805I_L)
Added Component: Designator=R2_U_rel_ladder8(R2012_0805I_L)
Added Component: Designator=R2_U_rel_ladder10(R2012_0805I_L)
Added Component: Designator=R3_U_rel_ladder6(R2012_0805I_L)
Added Component: Designator=R3_U_rel_ladder7(R2012_0805I_L)
Added Component: Designator=R3_U_rel_ladder8(R2012_0805I_L)
Added Component: Designator=R3_U_rel_ladder10(R2012_0805I_L)
Added Component: Designator=R4_U_rel_ladder6(R2012_0805I_L)
Added Component: Designator=R4_U_rel_ladder7(R2012_0805I_L)
Added Component: Designator=R4_U_rel_ladder8(R2012_0805I_L)
Added Component: Designator=R4_U_rel_ladder10(R2012_0805I_L)
Added Component: Designator=R5_U_rel_ladder6(R2012_0805I_L)
Added Component: Designator=R5_U_rel_ladder7(R2012_0805I_L)
Added Component: Designator=R5_U_rel_ladder8(R2012_0805I_L)
Added Component: Designator=R5_U_rel_ladder10(R2012_0805I_L)
Added Component: Designator=R6_U_rel_ladder6(R2012_0805I_L)
Added Component: Designator=R6_U_rel_ladder7(R2012_0805I_L)
Added Component: Designator=R6_U_rel_ladder8(R2012_0805I_L)
Added Component: Designator=R6_U_rel_ladder10(R2012_0805I_L)
Added Component: Designator=R7_U_rel_ladder6(R2012_0805I_L)
Added Component: Designator=R7_U_rel_ladder7(R2012_0805I_L)
Added Component: Designator=R7_U_rel_ladder8(R2012_0805I_L)
Added Component: Designator=R7_U_rel_ladder10(R2012_0805I_L)
Added Component: Designator=R8_U_rel_ladder6(R2012_0805I_L)
Added Component: Designator=R8_U_rel_ladder7(R2012_0805I_L)
Added Component: Designator=R8_U_rel_ladder8(R2012_0805I_L)
Added Component: Designator=R8_U_rel_ladder10(R2012_0805I_L)
Added Component: Designator=R9_U_rel_ladder6(R2012_0805I_L)
Added Component: Designator=R9_U_rel_ladder7(R2012_0805I_L)
Added Component: Designator=R9_U_rel_ladder8(R2012_0805I_L)
Added Component: Designator=R9_U_rel_ladder10(R2012_0805I_L)
Added Component: Designator=R10_U_rel_ladder6(R2012_0805I_L)
Added Component: Designator=R10_U_rel_ladder7(R2012_0805I_L)
Added Component: Designator=R10_U_rel_ladder8(R2012_0805I_L)
Added Component: Designator=R10_U_rel_ladder10(R2012_0805I_L)
Added Component: Designator=R11_U_rel_ladder6(R2012_0805I_L)
Added Component: Designator=R11_U_rel_ladder7(R2012_0805I_L)
Added Component: Designator=R11_U_rel_ladder8(R2012_0805I_L)
Added Component: Designator=R11_U_rel_ladder10(R2012_0805I_L)
Added Component: Designator=R12_U_rel_ladder6(R2012_0805I_L)
Added Component: Designator=R12_U_rel_ladder7(R2012_0805I_L)
Added Component: Designator=R12_U_rel_ladder8(R2012_0805I_L)
Added Component: Designator=R12_U_rel_ladder10(R2012_0805I_L)
Added Component: Designator=R13_U_rel_ladder6(R2012_0805I_L)
Added Component: Designator=R13_U_rel_ladder7(R2012_0805I_L)
Added Component: Designator=R13_U_rel_ladder8(R2012_0805I_L)
Added Component: Designator=R13_U_rel_ladder10(R2012_0805I_L)
Added Component: Designator=R14_U_rel_ladder6(R2012_0805I_L)
Added Component: Designator=R14_U_rel_ladder7(R2012_0805I_L)
Added Component: Designator=R14_U_rel_ladder8(R2012_0805I_L)
Added Component: Designator=R14_U_rel_ladder10(R2012_0805I_L)
Added Component: Designator=R15_U_rel_ladder6(R2012_0805I_L)
Added Component: Designator=R15_U_rel_ladder7(R2012_0805I_L)
Added Component: Designator=R15_U_rel_ladder8(R2012_0805I_L)
Added Component: Designator=R15_U_rel_ladder10(R2012_0805I_L)
Added Component: Designator=R16_U_rel_ladder6(R2012_0805I_L)
Added Component: Designator=R16_U_rel_ladder7(R2012_0805I_L)
Added Component: Designator=R16_U_rel_ladder8(R2012_0805I_L)
Added Component: Designator=R16_U_rel_ladder10(R2012_0805I_L)
Added Pin To Net: NetName=B6 Pin=J2_U_rel_ladder6-1
Added Pin To Net: NetName=B6 Pin=J2_U_rel_ladder6-2
Added Pin To Net: NetName=B7 Pin=J2_U_rel_ladder7-1
Added Pin To Net: NetName=B7 Pin=J2_U_rel_ladder7-2
Added Pin To Net: NetName=B8 Pin=J2_U_rel_ladder8-1
Added Pin To Net: NetName=B8 Pin=J2_U_rel_ladder8-2
Added Pin To Net: NetName=B10 Pin=J2_U_rel_ladder10-1
Added Pin To Net: NetName=B10 Pin=J2_U_rel_ladder10-2
Added Pin To Net: NetName=+12 Pin=K1_U_rel_ladder6-1
Added Pin To Net: NetName=B6 Pin=K1_U_rel_ladder6-3
Added Pin To Net: NetName=NetK1_U_rel_ladder6_4 Pin=K1_U_rel_ladder6-4
Added Pin To Net: NetName=NetK1_U_rel_ladder6_6 Pin=K1_U_rel_ladder6-6
Added Pin To Net: NetName=B6 Pin=K1_U_rel_ladder6-7
Added Pin To Net: NetName=NetK1_U_rel_ladder6_8 Pin=K1_U_rel_ladder6-8
Added Pin To Net: NetName=+12 Pin=K1_U_rel_ladder7-1
Added Pin To Net: NetName=B7 Pin=K1_U_rel_ladder7-3
Added Pin To Net: NetName=NetK1_U_rel_ladder7_4 Pin=K1_U_rel_ladder7-4
Added Pin To Net: NetName=NetK1_U_rel_ladder7_6 Pin=K1_U_rel_ladder7-6
Added Pin To Net: NetName=B7 Pin=K1_U_rel_ladder7-7
Added Pin To Net: NetName=NetK1_U_rel_ladder7_8 Pin=K1_U_rel_ladder7-8
Added Pin To Net: NetName=+12 Pin=K1_U_rel_ladder8-1
Added Pin To Net: NetName=B8 Pin=K1_U_rel_ladder8-3
Added Pin To Net: NetName=NetK1_U_rel_ladder8_4 Pin=K1_U_rel_ladder8-4
Added Pin To Net: NetName=NetK1_U_rel_ladder8_6 Pin=K1_U_rel_ladder8-6
Added Pin To Net: NetName=B8 Pin=K1_U_rel_ladder8-7
Added Pin To Net: NetName=NetK1_U_rel_ladder8_8 Pin=K1_U_rel_ladder8-8
Added Pin To Net: NetName=+12 Pin=K1_U_rel_ladder10-1
Added Pin To Net: NetName=B10 Pin=K1_U_rel_ladder10-3
Added Pin To Net: NetName=NetK1_U_rel_ladder10_4 Pin=K1_U_rel_ladder10-4
Added Pin To Net: NetName=NetK1_U_rel_ladder10_6 Pin=K1_U_rel_ladder10-6
Added Pin To Net: NetName=B10 Pin=K1_U_rel_ladder10-7
Added Pin To Net: NetName=NetK1_U_rel_ladder10_8 Pin=K1_U_rel_ladder10-8
Added Pin To Net: NetName=+12 Pin=K2_U_rel_ladder6-1
Added Pin To Net: NetName=NetK1_U_rel_ladder6_4 Pin=K2_U_rel_ladder6-3
Added Pin To Net: NetName=NetK2_U_rel_ladder6_4 Pin=K2_U_rel_ladder6-4
Added Pin To Net: NetName=NetK2_U_rel_ladder6_6 Pin=K2_U_rel_ladder6-6
Added Pin To Net: NetName=NetK1_U_rel_ladder6_6 Pin=K2_U_rel_ladder6-7
Added Pin To Net: NetName=NetK2_U_rel_ladder6_8 Pin=K2_U_rel_ladder6-8
Added Pin To Net: NetName=+12 Pin=K2_U_rel_ladder7-1
Added Pin To Net: NetName=NetK1_U_rel_ladder7_4 Pin=K2_U_rel_ladder7-3
Added Pin To Net: NetName=NetK2_U_rel_ladder7_4 Pin=K2_U_rel_ladder7-4
Added Pin To Net: NetName=NetK2_U_rel_ladder7_6 Pin=K2_U_rel_ladder7-6
Added Pin To Net: NetName=NetK1_U_rel_ladder7_6 Pin=K2_U_rel_ladder7-7
Added Pin To Net: NetName=NetK2_U_rel_ladder7_8 Pin=K2_U_rel_ladder7-8
Added Pin To Net: NetName=+12 Pin=K2_U_rel_ladder8-1
Added Pin To Net: NetName=NetK1_U_rel_ladder8_4 Pin=K2_U_rel_ladder8-3
Added Pin To Net: NetName=NetK2_U_rel_ladder8_4 Pin=K2_U_rel_ladder8-4
Added Pin To Net: NetName=NetK2_U_rel_ladder8_6 Pin=K2_U_rel_ladder8-6
Added Pin To Net: NetName=NetK1_U_rel_ladder8_6 Pin=K2_U_rel_ladder8-7
Added Pin To Net: NetName=NetK2_U_rel_ladder8_8 Pin=K2_U_rel_ladder8-8
Added Pin To Net: NetName=+12 Pin=K2_U_rel_ladder10-1
Added Pin To Net: NetName=NetK1_U_rel_ladder10_4 Pin=K2_U_rel_ladder10-3
Added Pin To Net: NetName=NetK2_U_rel_ladder10_4 Pin=K2_U_rel_ladder10-4
Added Pin To Net: NetName=NetK2_U_rel_ladder10_6 Pin=K2_U_rel_ladder10-6
Added Pin To Net: NetName=NetK1_U_rel_ladder10_6 Pin=K2_U_rel_ladder10-7
Added Pin To Net: NetName=NetK2_U_rel_ladder10_8 Pin=K2_U_rel_ladder10-8
Added Pin To Net: NetName=+12 Pin=K3_U_rel_ladder6-1
Added Pin To Net: NetName=NetK2_U_rel_ladder6_4 Pin=K3_U_rel_ladder6-3
Added Pin To Net: NetName=NetK3_U_rel_ladder6_4 Pin=K3_U_rel_ladder6-4
Added Pin To Net: NetName=NetK3_U_rel_ladder6_6 Pin=K3_U_rel_ladder6-6
Added Pin To Net: NetName=NetK2_U_rel_ladder6_6 Pin=K3_U_rel_ladder6-7
Added Pin To Net: NetName=NetK3_U_rel_ladder6_8 Pin=K3_U_rel_ladder6-8
Added Pin To Net: NetName=+12 Pin=K3_U_rel_ladder7-1
Added Pin To Net: NetName=NetK2_U_rel_ladder7_4 Pin=K3_U_rel_ladder7-3
Added Pin To Net: NetName=NetK3_U_rel_ladder7_4 Pin=K3_U_rel_ladder7-4
Added Pin To Net: NetName=NetK3_U_rel_ladder7_6 Pin=K3_U_rel_ladder7-6
Added Pin To Net: NetName=NetK2_U_rel_ladder7_6 Pin=K3_U_rel_ladder7-7
Added Pin To Net: NetName=NetK3_U_rel_ladder7_8 Pin=K3_U_rel_ladder7-8
Added Pin To Net: NetName=+12 Pin=K3_U_rel_ladder8-1
Added Pin To Net: NetName=NetK2_U_rel_ladder8_4 Pin=K3_U_rel_ladder8-3
Added Pin To Net: NetName=NetK3_U_rel_ladder8_4 Pin=K3_U_rel_ladder8-4
Added Pin To Net: NetName=NetK3_U_rel_ladder8_6 Pin=K3_U_rel_ladder8-6
Added Pin To Net: NetName=NetK2_U_rel_ladder8_6 Pin=K3_U_rel_ladder8-7
Added Pin To Net: NetName=NetK3_U_rel_ladder8_8 Pin=K3_U_rel_ladder8-8
Added Pin To Net: NetName=+12 Pin=K3_U_rel_ladder10-1
Added Pin To Net: NetName=NetK2_U_rel_ladder10_4 Pin=K3_U_rel_ladder10-3
Added Pin To Net: NetName=NetK3_U_rel_ladder10_4 Pin=K3_U_rel_ladder10-4
Added Pin To Net: NetName=NetK3_U_rel_ladder10_6 Pin=K3_U_rel_ladder10-6
Added Pin To Net: NetName=NetK2_U_rel_ladder10_6 Pin=K3_U_rel_ladder10-7
Added Pin To Net: NetName=NetK3_U_rel_ladder10_8 Pin=K3_U_rel_ladder10-8
Added Pin To Net: NetName=+12 Pin=K4_U_rel_ladder6-1
Added Pin To Net: NetName=NetK3_U_rel_ladder6_4 Pin=K4_U_rel_ladder6-3
Added Pin To Net: NetName=NetK4_U_rel_ladder6_4 Pin=K4_U_rel_ladder6-4
Added Pin To Net: NetName=NetK4_U_rel_ladder6_6 Pin=K4_U_rel_ladder6-6
Added Pin To Net: NetName=NetK3_U_rel_ladder6_6 Pin=K4_U_rel_ladder6-7
Added Pin To Net: NetName=NetK4_U_rel_ladder6_8 Pin=K4_U_rel_ladder6-8
Added Pin To Net: NetName=+12 Pin=K4_U_rel_ladder7-1
Added Pin To Net: NetName=NetK3_U_rel_ladder7_4 Pin=K4_U_rel_ladder7-3
Added Pin To Net: NetName=NetK4_U_rel_ladder7_4 Pin=K4_U_rel_ladder7-4
Added Pin To Net: NetName=NetK4_U_rel_ladder7_6 Pin=K4_U_rel_ladder7-6
Added Pin To Net: NetName=NetK3_U_rel_ladder7_6 Pin=K4_U_rel_ladder7-7
Added Pin To Net: NetName=NetK4_U_rel_ladder7_8 Pin=K4_U_rel_ladder7-8
Added Pin To Net: NetName=+12 Pin=K4_U_rel_ladder8-1
Added Pin To Net: NetName=NetK3_U_rel_ladder8_4 Pin=K4_U_rel_ladder8-3
Added Pin To Net: NetName=NetK4_U_rel_ladder8_4 Pin=K4_U_rel_ladder8-4
Added Pin To Net: NetName=NetK4_U_rel_ladder8_6 Pin=K4_U_rel_ladder8-6
Added Pin To Net: NetName=NetK3_U_rel_ladder8_6 Pin=K4_U_rel_ladder8-7
Added Pin To Net: NetName=NetK4_U_rel_ladder8_8 Pin=K4_U_rel_ladder8-8
Added Pin To Net: NetName=+12 Pin=K4_U_rel_ladder10-1
Added Pin To Net: NetName=NetK3_U_rel_ladder10_4 Pin=K4_U_rel_ladder10-3
Added Pin To Net: NetName=NetK4_U_rel_ladder10_4 Pin=K4_U_rel_ladder10-4
Added Pin To Net: NetName=NetK4_U_rel_ladder10_6 Pin=K4_U_rel_ladder10-6
Added Pin To Net: NetName=NetK3_U_rel_ladder10_6 Pin=K4_U_rel_ladder10-7
Added Pin To Net: NetName=NetK4_U_rel_ladder10_8 Pin=K4_U_rel_ladder10-8
Added Pin To Net: NetName=+12 Pin=K5_U_rel_ladder6-1
Added Pin To Net: NetName=NetK4_U_rel_ladder6_4 Pin=K5_U_rel_ladder6-3
Added Pin To Net: NetName=NetK5_U_rel_ladder6_4 Pin=K5_U_rel_ladder6-4
Added Pin To Net: NetName=NetK5_U_rel_ladder6_6 Pin=K5_U_rel_ladder6-6
Added Pin To Net: NetName=NetK4_U_rel_ladder6_6 Pin=K5_U_rel_ladder6-7
Added Pin To Net: NetName=NetK5_U_rel_ladder6_8 Pin=K5_U_rel_ladder6-8
Added Pin To Net: NetName=+12 Pin=K5_U_rel_ladder7-1
Added Pin To Net: NetName=NetK4_U_rel_ladder7_4 Pin=K5_U_rel_ladder7-3
Added Pin To Net: NetName=NetK5_U_rel_ladder7_4 Pin=K5_U_rel_ladder7-4
Added Pin To Net: NetName=NetK5_U_rel_ladder7_6 Pin=K5_U_rel_ladder7-6
Added Pin To Net: NetName=NetK4_U_rel_ladder7_6 Pin=K5_U_rel_ladder7-7
Added Pin To Net: NetName=NetK5_U_rel_ladder7_8 Pin=K5_U_rel_ladder7-8
Added Pin To Net: NetName=+12 Pin=K5_U_rel_ladder8-1
Added Pin To Net: NetName=NetK4_U_rel_ladder8_4 Pin=K5_U_rel_ladder8-3
Added Pin To Net: NetName=NetK5_U_rel_ladder8_4 Pin=K5_U_rel_ladder8-4
Added Pin To Net: NetName=NetK5_U_rel_ladder8_6 Pin=K5_U_rel_ladder8-6
Added Pin To Net: NetName=NetK4_U_rel_ladder8_6 Pin=K5_U_rel_ladder8-7
Added Pin To Net: NetName=NetK5_U_rel_ladder8_8 Pin=K5_U_rel_ladder8-8
Added Pin To Net: NetName=+12 Pin=K5_U_rel_ladder10-1
Added Pin To Net: NetName=NetK4_U_rel_ladder10_4 Pin=K5_U_rel_ladder10-3
Added Pin To Net: NetName=NetK5_U_rel_ladder10_4 Pin=K5_U_rel_ladder10-4
Added Pin To Net: NetName=NetK5_U_rel_ladder10_6 Pin=K5_U_rel_ladder10-6
Added Pin To Net: NetName=NetK4_U_rel_ladder10_6 Pin=K5_U_rel_ladder10-7
Added Pin To Net: NetName=NetK5_U_rel_ladder10_8 Pin=K5_U_rel_ladder10-8
Added Pin To Net: NetName=+12 Pin=K6_U_rel_ladder6-1
Added Pin To Net: NetName=NetK5_U_rel_ladder6_4 Pin=K6_U_rel_ladder6-3
Added Pin To Net: NetName=NetK6_U_rel_ladder6_4 Pin=K6_U_rel_ladder6-4
Added Pin To Net: NetName=NetK6_U_rel_ladder6_6 Pin=K6_U_rel_ladder6-6
Added Pin To Net: NetName=NetK5_U_rel_ladder6_6 Pin=K6_U_rel_ladder6-7
Added Pin To Net: NetName=NetK6_U_rel_ladder6_8 Pin=K6_U_rel_ladder6-8
Added Pin To Net: NetName=+12 Pin=K6_U_rel_ladder7-1
Added Pin To Net: NetName=NetK5_U_rel_ladder7_4 Pin=K6_U_rel_ladder7-3
Added Pin To Net: NetName=NetK6_U_rel_ladder7_4 Pin=K6_U_rel_ladder7-4
Added Pin To Net: NetName=NetK6_U_rel_ladder7_6 Pin=K6_U_rel_ladder7-6
Added Pin To Net: NetName=NetK5_U_rel_ladder7_6 Pin=K6_U_rel_ladder7-7
Added Pin To Net: NetName=NetK6_U_rel_ladder7_8 Pin=K6_U_rel_ladder7-8
Added Pin To Net: NetName=+12 Pin=K6_U_rel_ladder8-1
Added Pin To Net: NetName=NetK5_U_rel_ladder8_4 Pin=K6_U_rel_ladder8-3
Added Pin To Net: NetName=NetK6_U_rel_ladder8_4 Pin=K6_U_rel_ladder8-4
Added Pin To Net: NetName=NetK6_U_rel_ladder8_6 Pin=K6_U_rel_ladder8-6
Added Pin To Net: NetName=NetK5_U_rel_ladder8_6 Pin=K6_U_rel_ladder8-7
Added Pin To Net: NetName=NetK6_U_rel_ladder8_8 Pin=K6_U_rel_ladder8-8
Added Pin To Net: NetName=+12 Pin=K6_U_rel_ladder10-1
Added Pin To Net: NetName=NetK5_U_rel_ladder10_4 Pin=K6_U_rel_ladder10-3
Added Pin To Net: NetName=NetK6_U_rel_ladder10_4 Pin=K6_U_rel_ladder10-4
Added Pin To Net: NetName=NetK6_U_rel_ladder10_6 Pin=K6_U_rel_ladder10-6
Added Pin To Net: NetName=NetK5_U_rel_ladder10_6 Pin=K6_U_rel_ladder10-7
Added Pin To Net: NetName=NetK6_U_rel_ladder10_8 Pin=K6_U_rel_ladder10-8
Added Pin To Net: NetName=+12 Pin=K7_U_rel_ladder6-1
Added Pin To Net: NetName=NetK6_U_rel_ladder6_4 Pin=K7_U_rel_ladder6-3
Added Pin To Net: NetName=NetK7_U_rel_ladder6_4 Pin=K7_U_rel_ladder6-4
Added Pin To Net: NetName=NetK7_U_rel_ladder6_6 Pin=K7_U_rel_ladder6-6
Added Pin To Net: NetName=NetK6_U_rel_ladder6_6 Pin=K7_U_rel_ladder6-7
Added Pin To Net: NetName=NetK7_U_rel_ladder6_8 Pin=K7_U_rel_ladder6-8
Added Pin To Net: NetName=+12 Pin=K7_U_rel_ladder7-1
Added Pin To Net: NetName=NetK6_U_rel_ladder7_4 Pin=K7_U_rel_ladder7-3
Added Pin To Net: NetName=NetK7_U_rel_ladder7_4 Pin=K7_U_rel_ladder7-4
Added Pin To Net: NetName=NetK7_U_rel_ladder7_6 Pin=K7_U_rel_ladder7-6
Added Pin To Net: NetName=NetK6_U_rel_ladder7_6 Pin=K7_U_rel_ladder7-7
Added Pin To Net: NetName=NetK7_U_rel_ladder7_8 Pin=K7_U_rel_ladder7-8
Added Pin To Net: NetName=+12 Pin=K7_U_rel_ladder8-1
Added Pin To Net: NetName=NetK6_U_rel_ladder8_4 Pin=K7_U_rel_ladder8-3
Added Pin To Net: NetName=NetK7_U_rel_ladder8_4 Pin=K7_U_rel_ladder8-4
Added Pin To Net: NetName=NetK7_U_rel_ladder8_6 Pin=K7_U_rel_ladder8-6
Added Pin To Net: NetName=NetK6_U_rel_ladder8_6 Pin=K7_U_rel_ladder8-7
Added Pin To Net: NetName=NetK7_U_rel_ladder8_8 Pin=K7_U_rel_ladder8-8
Added Pin To Net: NetName=+12 Pin=K7_U_rel_ladder10-1
Added Pin To Net: NetName=NetK6_U_rel_ladder10_4 Pin=K7_U_rel_ladder10-3
Added Pin To Net: NetName=NetK7_U_rel_ladder10_4 Pin=K7_U_rel_ladder10-4
Added Pin To Net: NetName=NetK7_U_rel_ladder10_6 Pin=K7_U_rel_ladder10-6
Added Pin To Net: NetName=NetK6_U_rel_ladder10_6 Pin=K7_U_rel_ladder10-7
Added Pin To Net: NetName=NetK7_U_rel_ladder10_8 Pin=K7_U_rel_ladder10-8
Added Pin To Net: NetName=+12 Pin=K8_U_rel_ladder6-1
Added Pin To Net: NetName=NetK7_U_rel_ladder6_4 Pin=K8_U_rel_ladder6-3
Added Pin To Net: NetName=C6 Pin=K8_U_rel_ladder6-4
Added Pin To Net: NetName=A6 Pin=K8_U_rel_ladder6-6
Added Pin To Net: NetName=NetK7_U_rel_ladder6_6 Pin=K8_U_rel_ladder6-7
Added Pin To Net: NetName=NetK8_U_rel_ladder6_8 Pin=K8_U_rel_ladder6-8
Added Pin To Net: NetName=+12 Pin=K8_U_rel_ladder7-1
Added Pin To Net: NetName=NetK7_U_rel_ladder7_4 Pin=K8_U_rel_ladder7-3
Added Pin To Net: NetName=C7 Pin=K8_U_rel_ladder7-4
Added Pin To Net: NetName=A7 Pin=K8_U_rel_ladder7-6
Added Pin To Net: NetName=NetK7_U_rel_ladder7_6 Pin=K8_U_rel_ladder7-7
Added Pin To Net: NetName=NetK8_U_rel_ladder7_8 Pin=K8_U_rel_ladder7-8
Added Pin To Net: NetName=+12 Pin=K8_U_rel_ladder8-1
Added Pin To Net: NetName=NetK7_U_rel_ladder8_4 Pin=K8_U_rel_ladder8-3
Added Pin To Net: NetName=C8 Pin=K8_U_rel_ladder8-4
Added Pin To Net: NetName=A8 Pin=K8_U_rel_ladder8-6
Added Pin To Net: NetName=NetK7_U_rel_ladder8_6 Pin=K8_U_rel_ladder8-7
Added Pin To Net: NetName=NetK8_U_rel_ladder8_8 Pin=K8_U_rel_ladder8-8
Added Pin To Net: NetName=+12 Pin=K8_U_rel_ladder10-1
Added Pin To Net: NetName=NetK7_U_rel_ladder10_4 Pin=K8_U_rel_ladder10-3
Added Pin To Net: NetName=C10 Pin=K8_U_rel_ladder10-4
Added Pin To Net: NetName=A10 Pin=K8_U_rel_ladder10-6
Added Pin To Net: NetName=NetK7_U_rel_ladder10_6 Pin=K8_U_rel_ladder10-7
Added Pin To Net: NetName=NetK8_U_rel_ladder10_8 Pin=K8_U_rel_ladder10-8
Added Pin To Net: NetName=A6 Pin=R1_U_rel_ladder6-1
Added Pin To Net: NetName=NetK7_U_rel_ladder6_6 Pin=R1_U_rel_ladder6-2
Added Pin To Net: NetName=A7 Pin=R1_U_rel_ladder7-1
Added Pin To Net: NetName=NetK7_U_rel_ladder7_6 Pin=R1_U_rel_ladder7-2
Added Pin To Net: NetName=A8 Pin=R1_U_rel_ladder8-1
Added Pin To Net: NetName=NetK7_U_rel_ladder8_6 Pin=R1_U_rel_ladder8-2
Added Pin To Net: NetName=A10 Pin=R1_U_rel_ladder10-1
Added Pin To Net: NetName=NetK7_U_rel_ladder10_6 Pin=R1_U_rel_ladder10-2
Added Pin To Net: NetName=C6 Pin=R2_U_rel_ladder6-1
Added Pin To Net: NetName=NetK7_U_rel_ladder6_4 Pin=R2_U_rel_ladder6-2
Added Pin To Net: NetName=C7 Pin=R2_U_rel_ladder7-1
Added Pin To Net: NetName=NetK7_U_rel_ladder7_4 Pin=R2_U_rel_ladder7-2
Added Pin To Net: NetName=C8 Pin=R2_U_rel_ladder8-1
Added Pin To Net: NetName=NetK7_U_rel_ladder8_4 Pin=R2_U_rel_ladder8-2
Added Pin To Net: NetName=C10 Pin=R2_U_rel_ladder10-1
Added Pin To Net: NetName=NetK7_U_rel_ladder10_4 Pin=R2_U_rel_ladder10-2
Added Pin To Net: NetName=NetK7_U_rel_ladder6_6 Pin=R3_U_rel_ladder6-1
Added Pin To Net: NetName=NetK6_U_rel_ladder6_6 Pin=R3_U_rel_ladder6-2
Added Pin To Net: NetName=NetK7_U_rel_ladder7_6 Pin=R3_U_rel_ladder7-1
Added Pin To Net: NetName=NetK6_U_rel_ladder7_6 Pin=R3_U_rel_ladder7-2
Added Pin To Net: NetName=NetK7_U_rel_ladder8_6 Pin=R3_U_rel_ladder8-1
Added Pin To Net: NetName=NetK6_U_rel_ladder8_6 Pin=R3_U_rel_ladder8-2
Added Pin To Net: NetName=NetK7_U_rel_ladder10_6 Pin=R3_U_rel_ladder10-1
Added Pin To Net: NetName=NetK6_U_rel_ladder10_6 Pin=R3_U_rel_ladder10-2
Added Pin To Net: NetName=NetK7_U_rel_ladder6_4 Pin=R4_U_rel_ladder6-1
Added Pin To Net: NetName=NetK6_U_rel_ladder6_4 Pin=R4_U_rel_ladder6-2
Added Pin To Net: NetName=NetK7_U_rel_ladder7_4 Pin=R4_U_rel_ladder7-1
Added Pin To Net: NetName=NetK6_U_rel_ladder7_4 Pin=R4_U_rel_ladder7-2
Added Pin To Net: NetName=NetK7_U_rel_ladder8_4 Pin=R4_U_rel_ladder8-1
Added Pin To Net: NetName=NetK6_U_rel_ladder8_4 Pin=R4_U_rel_ladder8-2
Added Pin To Net: NetName=NetK7_U_rel_ladder10_4 Pin=R4_U_rel_ladder10-1
Added Pin To Net: NetName=NetK6_U_rel_ladder10_4 Pin=R4_U_rel_ladder10-2
Added Pin To Net: NetName=NetK6_U_rel_ladder6_6 Pin=R5_U_rel_ladder6-1
Added Pin To Net: NetName=NetK5_U_rel_ladder6_6 Pin=R5_U_rel_ladder6-2
Added Pin To Net: NetName=NetK6_U_rel_ladder7_6 Pin=R5_U_rel_ladder7-1
Added Pin To Net: NetName=NetK5_U_rel_ladder7_6 Pin=R5_U_rel_ladder7-2
Added Pin To Net: NetName=NetK6_U_rel_ladder8_6 Pin=R5_U_rel_ladder8-1
Added Pin To Net: NetName=NetK5_U_rel_ladder8_6 Pin=R5_U_rel_ladder8-2
Added Pin To Net: NetName=NetK6_U_rel_ladder10_6 Pin=R5_U_rel_ladder10-1
Added Pin To Net: NetName=NetK5_U_rel_ladder10_6 Pin=R5_U_rel_ladder10-2
Added Pin To Net: NetName=NetK6_U_rel_ladder6_4 Pin=R6_U_rel_ladder6-1
Added Pin To Net: NetName=NetK5_U_rel_ladder6_4 Pin=R6_U_rel_ladder6-2
Added Pin To Net: NetName=NetK6_U_rel_ladder7_4 Pin=R6_U_rel_ladder7-1
Added Pin To Net: NetName=NetK5_U_rel_ladder7_4 Pin=R6_U_rel_ladder7-2
Added Pin To Net: NetName=NetK6_U_rel_ladder8_4 Pin=R6_U_rel_ladder8-1
Added Pin To Net: NetName=NetK5_U_rel_ladder8_4 Pin=R6_U_rel_ladder8-2
Added Pin To Net: NetName=NetK6_U_rel_ladder10_4 Pin=R6_U_rel_ladder10-1
Added Pin To Net: NetName=NetK5_U_rel_ladder10_4 Pin=R6_U_rel_ladder10-2
Added Pin To Net: NetName=NetK5_U_rel_ladder6_6 Pin=R7_U_rel_ladder6-1
Added Pin To Net: NetName=NetK4_U_rel_ladder6_6 Pin=R7_U_rel_ladder6-2
Added Pin To Net: NetName=NetK5_U_rel_ladder7_6 Pin=R7_U_rel_ladder7-1
Added Pin To Net: NetName=NetK4_U_rel_ladder7_6 Pin=R7_U_rel_ladder7-2
Added Pin To Net: NetName=NetK5_U_rel_ladder8_6 Pin=R7_U_rel_ladder8-1
Added Pin To Net: NetName=NetK4_U_rel_ladder8_6 Pin=R7_U_rel_ladder8-2
Added Pin To Net: NetName=NetK5_U_rel_ladder10_6 Pin=R7_U_rel_ladder10-1
Added Pin To Net: NetName=NetK4_U_rel_ladder10_6 Pin=R7_U_rel_ladder10-2
Added Pin To Net: NetName=NetK5_U_rel_ladder6_4 Pin=R8_U_rel_ladder6-1
Added Pin To Net: NetName=NetK4_U_rel_ladder6_4 Pin=R8_U_rel_ladder6-2
Added Pin To Net: NetName=NetK5_U_rel_ladder7_4 Pin=R8_U_rel_ladder7-1
Added Pin To Net: NetName=NetK4_U_rel_ladder7_4 Pin=R8_U_rel_ladder7-2
Added Pin To Net: NetName=NetK5_U_rel_ladder8_4 Pin=R8_U_rel_ladder8-1
Added Pin To Net: NetName=NetK4_U_rel_ladder8_4 Pin=R8_U_rel_ladder8-2
Added Pin To Net: NetName=NetK5_U_rel_ladder10_4 Pin=R8_U_rel_ladder10-1
Added Pin To Net: NetName=NetK4_U_rel_ladder10_4 Pin=R8_U_rel_ladder10-2
Added Pin To Net: NetName=NetK4_U_rel_ladder6_6 Pin=R9_U_rel_ladder6-1
Added Pin To Net: NetName=NetK3_U_rel_ladder6_6 Pin=R9_U_rel_ladder6-2
Added Pin To Net: NetName=NetK4_U_rel_ladder7_6 Pin=R9_U_rel_ladder7-1
Added Pin To Net: NetName=NetK3_U_rel_ladder7_6 Pin=R9_U_rel_ladder7-2
Added Pin To Net: NetName=NetK4_U_rel_ladder8_6 Pin=R9_U_rel_ladder8-1
Added Pin To Net: NetName=NetK3_U_rel_ladder8_6 Pin=R9_U_rel_ladder8-2
Added Pin To Net: NetName=NetK4_U_rel_ladder10_6 Pin=R9_U_rel_ladder10-1
Added Pin To Net: NetName=NetK3_U_rel_ladder10_6 Pin=R9_U_rel_ladder10-2
Added Pin To Net: NetName=NetK4_U_rel_ladder6_4 Pin=R10_U_rel_ladder6-1
Added Pin To Net: NetName=NetK3_U_rel_ladder6_4 Pin=R10_U_rel_ladder6-2
Added Pin To Net: NetName=NetK4_U_rel_ladder7_4 Pin=R10_U_rel_ladder7-1
Added Pin To Net: NetName=NetK3_U_rel_ladder7_4 Pin=R10_U_rel_ladder7-2
Added Pin To Net: NetName=NetK4_U_rel_ladder8_4 Pin=R10_U_rel_ladder8-1
Added Pin To Net: NetName=NetK3_U_rel_ladder8_4 Pin=R10_U_rel_ladder8-2
Added Pin To Net: NetName=NetK4_U_rel_ladder10_4 Pin=R10_U_rel_ladder10-1
Added Pin To Net: NetName=NetK3_U_rel_ladder10_4 Pin=R10_U_rel_ladder10-2
Added Pin To Net: NetName=NetK3_U_rel_ladder6_6 Pin=R11_U_rel_ladder6-1
Added Pin To Net: NetName=NetK2_U_rel_ladder6_6 Pin=R11_U_rel_ladder6-2
Added Pin To Net: NetName=NetK3_U_rel_ladder7_6 Pin=R11_U_rel_ladder7-1
Added Pin To Net: NetName=NetK2_U_rel_ladder7_6 Pin=R11_U_rel_ladder7-2
Added Pin To Net: NetName=NetK3_U_rel_ladder8_6 Pin=R11_U_rel_ladder8-1
Added Pin To Net: NetName=NetK2_U_rel_ladder8_6 Pin=R11_U_rel_ladder8-2
Added Pin To Net: NetName=NetK3_U_rel_ladder10_6 Pin=R11_U_rel_ladder10-1
Added Pin To Net: NetName=NetK2_U_rel_ladder10_6 Pin=R11_U_rel_ladder10-2
Added Pin To Net: NetName=NetK3_U_rel_ladder6_4 Pin=R12_U_rel_ladder6-1
Added Pin To Net: NetName=NetK2_U_rel_ladder6_4 Pin=R12_U_rel_ladder6-2
Added Pin To Net: NetName=NetK3_U_rel_ladder7_4 Pin=R12_U_rel_ladder7-1
Added Pin To Net: NetName=NetK2_U_rel_ladder7_4 Pin=R12_U_rel_ladder7-2
Added Pin To Net: NetName=NetK3_U_rel_ladder8_4 Pin=R12_U_rel_ladder8-1
Added Pin To Net: NetName=NetK2_U_rel_ladder8_4 Pin=R12_U_rel_ladder8-2
Added Pin To Net: NetName=NetK3_U_rel_ladder10_4 Pin=R12_U_rel_ladder10-1
Added Pin To Net: NetName=NetK2_U_rel_ladder10_4 Pin=R12_U_rel_ladder10-2
Added Pin To Net: NetName=NetK2_U_rel_ladder6_6 Pin=R13_U_rel_ladder6-1
Added Pin To Net: NetName=NetK1_U_rel_ladder6_6 Pin=R13_U_rel_ladder6-2
Added Pin To Net: NetName=NetK2_U_rel_ladder7_6 Pin=R13_U_rel_ladder7-1
Added Pin To Net: NetName=NetK1_U_rel_ladder7_6 Pin=R13_U_rel_ladder7-2
Added Pin To Net: NetName=NetK2_U_rel_ladder8_6 Pin=R13_U_rel_ladder8-1
Added Pin To Net: NetName=NetK1_U_rel_ladder8_6 Pin=R13_U_rel_ladder8-2
Added Pin To Net: NetName=NetK2_U_rel_ladder10_6 Pin=R13_U_rel_ladder10-1
Added Pin To Net: NetName=NetK1_U_rel_ladder10_6 Pin=R13_U_rel_ladder10-2
Added Pin To Net: NetName=NetK2_U_rel_ladder6_4 Pin=R14_U_rel_ladder6-1
Added Pin To Net: NetName=NetK1_U_rel_ladder6_4 Pin=R14_U_rel_ladder6-2
Added Pin To Net: NetName=NetK2_U_rel_ladder7_4 Pin=R14_U_rel_ladder7-1
Added Pin To Net: NetName=NetK1_U_rel_ladder7_4 Pin=R14_U_rel_ladder7-2
Added Pin To Net: NetName=NetK2_U_rel_ladder8_4 Pin=R14_U_rel_ladder8-1
Added Pin To Net: NetName=NetK1_U_rel_ladder8_4 Pin=R14_U_rel_ladder8-2
Added Pin To Net: NetName=NetK2_U_rel_ladder10_4 Pin=R14_U_rel_ladder10-1
Added Pin To Net: NetName=NetK1_U_rel_ladder10_4 Pin=R14_U_rel_ladder10-2
Added Pin To Net: NetName=NetK1_U_rel_ladder6_6 Pin=R15_U_rel_ladder6-1
Added Pin To Net: NetName=B6 Pin=R15_U_rel_ladder6-2
Added Pin To Net: NetName=NetK1_U_rel_ladder7_6 Pin=R15_U_rel_ladder7-1
Added Pin To Net: NetName=B7 Pin=R15_U_rel_ladder7-2
Added Pin To Net: NetName=NetK1_U_rel_ladder8_6 Pin=R15_U_rel_ladder8-1
Added Pin To Net: NetName=B8 Pin=R15_U_rel_ladder8-2
Added Pin To Net: NetName=NetK1_U_rel_ladder10_6 Pin=R15_U_rel_ladder10-1
Added Pin To Net: NetName=B10 Pin=R15_U_rel_ladder10-2
Added Pin To Net: NetName=NetK1_U_rel_ladder6_4 Pin=R16_U_rel_ladder6-1
Added Pin To Net: NetName=B6 Pin=R16_U_rel_ladder6-2
Added Pin To Net: NetName=NetK1_U_rel_ladder7_4 Pin=R16_U_rel_ladder7-1
Added Pin To Net: NetName=B7 Pin=R16_U_rel_ladder7-2
Added Pin To Net: NetName=NetK1_U_rel_ladder8_4 Pin=R16_U_rel_ladder8-1
Added Pin To Net: NetName=B8 Pin=R16_U_rel_ladder8-2
Added Pin To Net: NetName=NetK1_U_rel_ladder10_4 Pin=R16_U_rel_ladder10-1
Added Pin To Net: NetName=B10 Pin=R16_U_rel_ladder10-2
Added Member To Class: ClassName=U_rel_ladder6 Member=Component J2_U_rel_ladder6 (J2) JMP_mini
Added Member To Class: ClassName=U_rel_ladder7 Member=Component J2_U_rel_ladder7 (J2) JMP_mini
Added Member To Class: ClassName=U_rel_ladder8 Member=Component J2_U_rel_ladder8 (J2) JMP_mini
Added Member To Class: ClassName=U_rel_ladder10 Member=Component J2_U_rel_ladder10 (J2) JMP_mini
Added Member To Class: ClassName=U_rel_ladder6 Member=Component K1_U_rel_ladder6 (K1) DPDT
Added Member To Class: ClassName=U_rel_ladder7 Member=Component K1_U_rel_ladder7 (K1) DPDT
Added Member To Class: ClassName=U_rel_ladder8 Member=Component K1_U_rel_ladder8 (K1) DPDT
Added Member To Class: ClassName=U_rel_ladder10 Member=Component K1_U_rel_ladder10 (K1) DPDT
Added Member To Class: ClassName=U_rel_ladder6 Member=Component K2_U_rel_ladder6 (K2) DPDT
Added Member To Class: ClassName=U_rel_ladder7 Member=Component K2_U_rel_ladder7 (K2) DPDT
Added Member To Class: ClassName=U_rel_ladder8 Member=Component K2_U_rel_ladder8 (K2) DPDT
Added Member To Class: ClassName=U_rel_ladder10 Member=Component K2_U_rel_ladder10 (K2) DPDT
Added Member To Class: ClassName=U_rel_ladder6 Member=Component K3_U_rel_ladder6 (K3) DPDT
Added Member To Class: ClassName=U_rel_ladder7 Member=Component K3_U_rel_ladder7 (K3) DPDT
Added Member To Class: ClassName=U_rel_ladder8 Member=Component K3_U_rel_ladder8 (K3) DPDT
Added Member To Class: ClassName=U_rel_ladder10 Member=Component K3_U_rel_ladder10 (K3) DPDT
Added Member To Class: ClassName=U_rel_ladder6 Member=Component K4_U_rel_ladder6 (K4) DPDT
Added Member To Class: ClassName=U_rel_ladder7 Member=Component K4_U_rel_ladder7 (K4) DPDT
Added Member To Class: ClassName=U_rel_ladder8 Member=Component K4_U_rel_ladder8 (K4) DPDT
Added Member To Class: ClassName=U_rel_ladder10 Member=Component K4_U_rel_ladder10 (K4) DPDT
Added Member To Class: ClassName=U_rel_ladder6 Member=Component K5_U_rel_ladder6 (K5) DPDT
Added Member To Class: ClassName=U_rel_ladder7 Member=Component K5_U_rel_ladder7 (K5) DPDT
Added Member To Class: ClassName=U_rel_ladder8 Member=Component K5_U_rel_ladder8 (K5) DPDT
Added Member To Class: ClassName=U_rel_ladder10 Member=Component K5_U_rel_ladder10 (K5) DPDT
Added Member To Class: ClassName=U_rel_ladder6 Member=Component K6_U_rel_ladder6 (K6) DPDT
Added Member To Class: ClassName=U_rel_ladder7 Member=Component K6_U_rel_ladder7 (K6) DPDT
Added Member To Class: ClassName=U_rel_ladder8 Member=Component K6_U_rel_ladder8 (K6) DPDT
Added Member To Class: ClassName=U_rel_ladder10 Member=Component K6_U_rel_ladder10 (K6) DPDT
Added Member To Class: ClassName=U_rel_ladder6 Member=Component K7_U_rel_ladder6 (K7) DPDT
Added Member To Class: ClassName=U_rel_ladder7 Member=Component K7_U_rel_ladder7 (K7) DPDT
Added Member To Class: ClassName=U_rel_ladder8 Member=Component K7_U_rel_ladder8 (K7) DPDT
Added Member To Class: ClassName=U_rel_ladder10 Member=Component K7_U_rel_ladder10 (K7) DPDT
Added Member To Class: ClassName=U_rel_ladder6 Member=Component K8_U_rel_ladder6 (K8) DPDT
Added Member To Class: ClassName=U_rel_ladder7 Member=Component K8_U_rel_ladder7 (K8) DPDT
Added Member To Class: ClassName=U_rel_ladder8 Member=Component K8_U_rel_ladder8 (K8) DPDT
Added Member To Class: ClassName=U_rel_ladder10 Member=Component K8_U_rel_ladder10 (K8) DPDT
Added Member To Class: ClassName=U_rel_ladder6 Member=Component R1_U_rel_ladder6 (R1) R/2
Added Member To Class: ClassName=U_rel_ladder7 Member=Component R1_U_rel_ladder7 (R1) R/2
Added Member To Class: ClassName=U_rel_ladder8 Member=Component R1_U_rel_ladder8 (R1) R/2
Added Member To Class: ClassName=U_rel_ladder10 Member=Component R1_U_rel_ladder10 (R1) R/2
Added Member To Class: ClassName=U_rel_ladder6 Member=Component R2_U_rel_ladder6 (R2) R/2
Added Member To Class: ClassName=U_rel_ladder7 Member=Component R2_U_rel_ladder7 (R2) R/2
Added Member To Class: ClassName=U_rel_ladder8 Member=Component R2_U_rel_ladder8 (R2) R/2
Added Member To Class: ClassName=U_rel_ladder10 Member=Component R2_U_rel_ladder10 (R2) R/2
Added Member To Class: ClassName=U_rel_ladder6 Member=Component R3_U_rel_ladder6 (R3) R/4
Added Member To Class: ClassName=U_rel_ladder7 Member=Component R3_U_rel_ladder7 (R3) R/4
Added Member To Class: ClassName=U_rel_ladder8 Member=Component R3_U_rel_ladder8 (R3) R/4
Added Member To Class: ClassName=U_rel_ladder10 Member=Component R3_U_rel_ladder10 (R3) R/4
Added Member To Class: ClassName=U_rel_ladder6 Member=Component R4_U_rel_ladder6 (R4) R/4
Added Member To Class: ClassName=U_rel_ladder7 Member=Component R4_U_rel_ladder7 (R4) R/4
Added Member To Class: ClassName=U_rel_ladder8 Member=Component R4_U_rel_ladder8 (R4) R/4
Added Member To Class: ClassName=U_rel_ladder10 Member=Component R4_U_rel_ladder10 (R4) R/4
Added Member To Class: ClassName=U_rel_ladder6 Member=Component R5_U_rel_ladder6 (R5) R/8
Added Member To Class: ClassName=U_rel_ladder7 Member=Component R5_U_rel_ladder7 (R5) R/8
Added Member To Class: ClassName=U_rel_ladder8 Member=Component R5_U_rel_ladder8 (R5) R/8
Added Member To Class: ClassName=U_rel_ladder10 Member=Component R5_U_rel_ladder10 (R5) R/8
Added Member To Class: ClassName=U_rel_ladder6 Member=Component R6_U_rel_ladder6 (R6) R/8
Added Member To Class: ClassName=U_rel_ladder7 Member=Component R6_U_rel_ladder7 (R6) R/8
Added Member To Class: ClassName=U_rel_ladder8 Member=Component R6_U_rel_ladder8 (R6) R/8
Added Member To Class: ClassName=U_rel_ladder10 Member=Component R6_U_rel_ladder10 (R6) R/8
Added Member To Class: ClassName=U_rel_ladder6 Member=Component R7_U_rel_ladder6 (R7) R/16
Added Member To Class: ClassName=U_rel_ladder7 Member=Component R7_U_rel_ladder7 (R7) R/16
Added Member To Class: ClassName=U_rel_ladder8 Member=Component R7_U_rel_ladder8 (R7) R/16
Added Member To Class: ClassName=U_rel_ladder10 Member=Component R7_U_rel_ladder10 (R7) R/16
Added Member To Class: ClassName=U_rel_ladder6 Member=Component R8_U_rel_ladder6 (R8) R/16
Added Member To Class: ClassName=U_rel_ladder7 Member=Component R8_U_rel_ladder7 (R8) R/16
Added Member To Class: ClassName=U_rel_ladder8 Member=Component R8_U_rel_ladder8 (R8) R/16
Added Member To Class: ClassName=U_rel_ladder10 Member=Component R8_U_rel_ladder10 (R8) R/16
Added Member To Class: ClassName=U_rel_ladder6 Member=Component R9_U_rel_ladder6 (R9) R/32
Added Member To Class: ClassName=U_rel_ladder7 Member=Component R9_U_rel_ladder7 (R9) R/32
Added Member To Class: ClassName=U_rel_ladder8 Member=Component R9_U_rel_ladder8 (R9) R/32
Added Member To Class: ClassName=U_rel_ladder10 Member=Component R9_U_rel_ladder10 (R9) R/32
Added Member To Class: ClassName=U_rel_ladder6 Member=Component R10_U_rel_ladder6 (R10) R/32
Added Member To Class: ClassName=U_rel_ladder7 Member=Component R10_U_rel_ladder7 (R10) R/32
Added Member To Class: ClassName=U_rel_ladder8 Member=Component R10_U_rel_ladder8 (R10) R/32
Added Member To Class: ClassName=U_rel_ladder10 Member=Component R10_U_rel_ladder10 (R10) R/32
Added Member To Class: ClassName=U_rel_ladder6 Member=Component R11_U_rel_ladder6 (R11) R/64
Added Member To Class: ClassName=U_rel_ladder7 Member=Component R11_U_rel_ladder7 (R11) R/64
Added Member To Class: ClassName=U_rel_ladder8 Member=Component R11_U_rel_ladder8 (R11) R/64
Added Member To Class: ClassName=U_rel_ladder10 Member=Component R11_U_rel_ladder10 (R11) R/64
Added Member To Class: ClassName=U_rel_ladder6 Member=Component R12_U_rel_ladder6 (R12) R/64
Added Member To Class: ClassName=U_rel_ladder7 Member=Component R12_U_rel_ladder7 (R12) R/64
Added Member To Class: ClassName=U_rel_ladder8 Member=Component R12_U_rel_ladder8 (R12) R/64
Added Member To Class: ClassName=U_rel_ladder10 Member=Component R12_U_rel_ladder10 (R12) R/64
Added Member To Class: ClassName=U_rel_ladder6 Member=Component R13_U_rel_ladder6 (R13) R/128
Added Member To Class: ClassName=U_rel_ladder7 Member=Component R13_U_rel_ladder7 (R13) R/128
Added Member To Class: ClassName=U_rel_ladder8 Member=Component R13_U_rel_ladder8 (R13) R/128
Added Member To Class: ClassName=U_rel_ladder10 Member=Component R13_U_rel_ladder10 (R13) R/128
Added Member To Class: ClassName=U_rel_ladder6 Member=Component R14_U_rel_ladder6 (R14) R/128
Added Member To Class: ClassName=U_rel_ladder7 Member=Component R14_U_rel_ladder7 (R14) R/128
Added Member To Class: ClassName=U_rel_ladder8 Member=Component R14_U_rel_ladder8 (R14) R/128
Added Member To Class: ClassName=U_rel_ladder10 Member=Component R14_U_rel_ladder10 (R14) R/128
Added Member To Class: ClassName=U_rel_ladder6 Member=Component R15_U_rel_ladder6 (R15) R/256
Added Member To Class: ClassName=U_rel_ladder7 Member=Component R15_U_rel_ladder7 (R15) R/256
Added Member To Class: ClassName=U_rel_ladder8 Member=Component R15_U_rel_ladder8 (R15) R/256
Added Member To Class: ClassName=U_rel_ladder10 Member=Component R15_U_rel_ladder10 (R15) R/256
Added Member To Class: ClassName=U_rel_ladder6 Member=Component R16_U_rel_ladder6 (R16) R/256
Added Member To Class: ClassName=U_rel_ladder7 Member=Component R16_U_rel_ladder7 (R16) R/256
Added Member To Class: ClassName=U_rel_ladder8 Member=Component R16_U_rel_ladder8 (R16) R/256
Added Member To Class: ClassName=U_rel_ladder10 Member=Component R16_U_rel_ladder10 (R16) R/256
Added Member To Class: ClassName=POT 10x8 Member=Component ULN4 ULN2803
Added Room: Name=U_rel_ladder6
Added Room: Name=U_rel_ladder7
Added Room: Name=U_rel_ladder8
Added Room: Name=U_rel_ladder10
