Removed Pin From Net: NetName=S\S\ Pin=U1-12
Removed Pin From Net: NetName=MOSI_T88 Pin=U1-13
Removed Pin From Net: NetName=SCK Pin=U1-15
Change Component Designator: OldDesignator=J? NewDesignator=J3
Added Component: Designator=R23(R1005_0402i_L)
Added Component: Designator=R24(R1005_0402i_L)
Added Component: Designator=R25(R1005_0402i_L)
Added Pin To Net: NetName=S\S\ Pin=R23-1
Added Pin To Net: NetName=MOSI_T88 Pin=R24-1
Added Pin To Net: NetName=SCK Pin=R25-1
Added Pin To Net: NetName=NetR23_2 Pin=R23-2
Added Pin To Net: NetName=NetR23_2 Pin=U1-12
Added Net: Name=NetR23_2
Added Pin To Net: NetName=NetR24_2 Pin=R24-2
Added Pin To Net: NetName=NetR24_2 Pin=U1-13
Added Net: Name=NetR24_2
Added Pin To Net: NetName=NetR25_2 Pin=R25-2
Added Pin To Net: NetName=NetR25_2 Pin=U1-15
Added Net: Name=NetR25_2
Added Member To Class: ClassName=POT 2x8 Member=Component R23 500
Added Member To Class: ClassName=POT 2x8 Member=Component R24 500
Added Member To Class: ClassName=POT 2x8 Member=Component R25 500
Change Room Name: Old Name=U_rel_ladder 1 New Name=U_rel_ladder 2
Added Room: Name=POT 2x8
