Removed Pin From Net: NetName=Bd21 Pin=P7-1
Removed Pin From Net: NetName=Bs21 Pin=P7-2
Removed Pin From Net: NetName=Ad21 Pin=P7-5
Removed Pin From Net: NetName=As21 Pin=P7-6
Removed Pin From Net: NetName=Bd22 Pin=P7-9
Removed Pin From Net: NetName=Bs22 Pin=P7-10
Removed Pin From Net: NetName=Ad22 Pin=P7-13
Removed Pin From Net: NetName=As22 Pin=P7-14
Removed Pin From Net: NetName=Bd23 Pin=P7-17
Removed Pin From Net: NetName=Bs23 Pin=P7-18
Removed Pin From Net: NetName=Ad23 Pin=P7-21
Removed Pin From Net: NetName=As23 Pin=P7-22
Removed Pin From Net: NetName=Bd24 Pin=P7-25
Removed Pin From Net: NetName=Bs24 Pin=P7-26
Removed Pin From Net: NetName=Ad24 Pin=P7-29
Removed Pin From Net: NetName=As24 Pin=P7-30
Added Pin To Net: NetName=Bs21 Pin=P7-1
Added Pin To Net: NetName=Bd21 Pin=P7-2
Added Pin To Net: NetName=As21 Pin=P7-5
Added Pin To Net: NetName=Ad21 Pin=P7-6
Added Pin To Net: NetName=Bs22 Pin=P7-9
Added Pin To Net: NetName=Bd22 Pin=P7-10
Added Pin To Net: NetName=As22 Pin=P7-13
Added Pin To Net: NetName=Ad22 Pin=P7-14
Added Pin To Net: NetName=Bs23 Pin=P7-17
Added Pin To Net: NetName=Bd23 Pin=P7-18
Added Pin To Net: NetName=As23 Pin=P7-21
Added Pin To Net: NetName=Ad23 Pin=P7-22
Added Pin To Net: NetName=Bs24 Pin=P7-25
Added Pin To Net: NetName=Bd24 Pin=P7-26
Added Pin To Net: NetName=As24 Pin=P7-29
Added Pin To Net: NetName=Ad24 Pin=P7-30
