Removed Pin From Net: NetName=Ad11 Pin=P5-1
Removed Pin From Net: NetName=As11 Pin=P5-2
Removed Pin From Net: NetName=Bd11 Pin=P5-5
Removed Pin From Net: NetName=Bs11 Pin=P5-6
Removed Pin From Net: NetName=Ad12 Pin=P5-9
Removed Pin From Net: NetName=As12 Pin=P5-10
Removed Pin From Net: NetName=Bd12 Pin=P5-13
Removed Pin From Net: NetName=Bs12 Pin=P5-14
Removed Pin From Net: NetName=Ad13 Pin=P5-17
Removed Pin From Net: NetName=As13 Pin=P5-18
Removed Pin From Net: NetName=Bd13 Pin=P5-21
Removed Pin From Net: NetName=Bs13 Pin=P5-22
Removed Pin From Net: NetName=Ad14 Pin=P5-25
Removed Pin From Net: NetName=As14 Pin=P5-26
Removed Pin From Net: NetName=Bd14 Pin=P5-29
Removed Pin From Net: NetName=Bs14 Pin=P5-30
Removed Pin From Net: NetName=Ad15 Pin=P6-1
Removed Pin From Net: NetName=AGND1 Pin=P6-2
Removed Pin From Net: NetName=Bd15 Pin=P6-3
Removed Pin From Net: NetName=AGND1 Pin=P6-4
Removed Pin From Net: NetName=Ad16 Pin=P6-5
Removed Pin From Net: NetName=AGND1 Pin=P6-6
Removed Pin From Net: NetName=Bd16 Pin=P6-7
Removed Pin From Net: NetName=AGND1 Pin=P6-8
Removed Pin From Net: NetName=Ad17 Pin=P6-9
Removed Pin From Net: NetName=AGND1 Pin=P6-10
Removed Pin From Net: NetName=Bd17 Pin=P6-11
Removed Pin From Net: NetName=AGND1 Pin=P6-12
Removed Pin From Net: NetName=Ad18 Pin=P6-13
Removed Pin From Net: NetName=AGND1 Pin=P6-14
Removed Pin From Net: NetName=Bd18 Pin=P6-15
Removed Pin From Net: NetName=AGND1 Pin=P6-16
Removed Pin From Net: NetName=As18 Pin=P6-17
Removed Pin From Net: NetName=AGND1 Pin=P6-18
Removed Pin From Net: NetName=Bs18 Pin=P6-19
Removed Pin From Net: NetName=AGND1 Pin=P6-20
Added Pin To Net: NetName=As11 Pin=P5-1
Added Pin To Net: NetName=Ad11 Pin=P5-2
Added Pin To Net: NetName=Bs11 Pin=P5-5
Added Pin To Net: NetName=Bd11 Pin=P5-6
Added Pin To Net: NetName=As12 Pin=P5-9
Added Pin To Net: NetName=Ad12 Pin=P5-10
Added Pin To Net: NetName=Bs12 Pin=P5-13
Added Pin To Net: NetName=Bd12 Pin=P5-14
Added Pin To Net: NetName=As13 Pin=P5-17
Added Pin To Net: NetName=Ad13 Pin=P5-18
Added Pin To Net: NetName=Bs13 Pin=P5-21
Added Pin To Net: NetName=Bd13 Pin=P5-22
Added Pin To Net: NetName=As14 Pin=P5-25
Added Pin To Net: NetName=Ad14 Pin=P5-26
Added Pin To Net: NetName=Bs14 Pin=P5-29
Added Pin To Net: NetName=Bd14 Pin=P5-30
Added Pin To Net: NetName=AGND1 Pin=P6-1
Added Pin To Net: NetName=Ad15 Pin=P6-2
Added Pin To Net: NetName=AGND1 Pin=P6-3
Added Pin To Net: NetName=Bd15 Pin=P6-4
Added Pin To Net: NetName=AGND1 Pin=P6-5
Added Pin To Net: NetName=Ad16 Pin=P6-6
Added Pin To Net: NetName=AGND1 Pin=P6-7
Added Pin To Net: NetName=Bd16 Pin=P6-8
Added Pin To Net: NetName=AGND1 Pin=P6-9
Added Pin To Net: NetName=Ad17 Pin=P6-10
Added Pin To Net: NetName=AGND1 Pin=P6-11
Added Pin To Net: NetName=Bd17 Pin=P6-12
Added Pin To Net: NetName=AGND1 Pin=P6-13
Added Pin To Net: NetName=Ad18 Pin=P6-14
Added Pin To Net: NetName=AGND1 Pin=P6-15
Added Pin To Net: NetName=Bd18 Pin=P6-16
Added Pin To Net: NetName=AGND1 Pin=P6-17
Added Pin To Net: NetName=As18 Pin=P6-18
Added Pin To Net: NetName=AGND1 Pin=P6-19
Added Pin To Net: NetName=Bs18 Pin=P6-20
Added Member To Class: ClassName=SW SMALL Member=Component K15 DPDT
