Removed Pin From Net: NetName=Ad25 Pin=P8-1
Removed Pin From Net: NetName=Bd25 Pin=P8-3
Removed Pin From Net: NetName=Ad26 Pin=P8-5
Removed Pin From Net: NetName=Bd26 Pin=P8-7
Removed Pin From Net: NetName=Ad27 Pin=P8-9
Removed Pin From Net: NetName=Bd27 Pin=P8-11
Removed Pin From Net: NetName=Ad28 Pin=P8-13
Removed Pin From Net: NetName=Bd28 Pin=P8-15
Removed Pin From Net: NetName=As28 Pin=P8-17
Removed Pin From Net: NetName=Bs28 Pin=P8-19
Added Pin To Net: NetName=Bd25 Pin=P8-1
Added Pin To Net: NetName=Ad25 Pin=P8-3
Added Pin To Net: NetName=Bd26 Pin=P8-5
Added Pin To Net: NetName=Ad26 Pin=P8-7
Added Pin To Net: NetName=Bd27 Pin=P8-9
Added Pin To Net: NetName=Ad27 Pin=P8-11
Added Pin To Net: NetName=Bd28 Pin=P8-13
Added Pin To Net: NetName=Ad28 Pin=P8-15
Added Pin To Net: NetName=Bs28 Pin=P8-17
Added Pin To Net: NetName=As28 Pin=P8-19
