Removed Pin From Net: NetName=As11 Pin=P5-1
Removed Pin From Net: NetName=Ad11 Pin=P5-2
Removed Pin From Net: NetName=Ac11 Pin=P5-3
Removed Pin From Net: NetName=AGND1 Pin=P5-4
Removed Pin From Net: NetName=Bs11 Pin=P5-5
Removed Pin From Net: NetName=Bd11 Pin=P5-6
Removed Pin From Net: NetName=Bc11 Pin=P5-7
Removed Pin From Net: NetName=AGND1 Pin=P5-8
Removed Pin From Net: NetName=As12 Pin=P5-9
Removed Pin From Net: NetName=Ad12 Pin=P5-10
Removed Pin From Net: NetName=Ac12 Pin=P5-11
Removed Pin From Net: NetName=AGND1 Pin=P5-12
Removed Pin From Net: NetName=Bs12 Pin=P5-13
Removed Pin From Net: NetName=Bd12 Pin=P5-14
Removed Pin From Net: NetName=Bc12 Pin=P5-15
Removed Pin From Net: NetName=AGND1 Pin=P5-16
Removed Pin From Net: NetName=As13 Pin=P5-17
Removed Pin From Net: NetName=Ad13 Pin=P5-18
Removed Pin From Net: NetName=Ac13 Pin=P5-19
Removed Pin From Net: NetName=AGND1 Pin=P5-20
Removed Pin From Net: NetName=Bs13 Pin=P5-21
Removed Pin From Net: NetName=Bd13 Pin=P5-22
Removed Pin From Net: NetName=Bc13 Pin=P5-23
Removed Pin From Net: NetName=AGND1 Pin=P5-24
Removed Pin From Net: NetName=As14 Pin=P5-25
Removed Pin From Net: NetName=Ad14 Pin=P5-26
Removed Pin From Net: NetName=Ac14 Pin=P5-27
Removed Pin From Net: NetName=AGND1 Pin=P5-28
Removed Pin From Net: NetName=Bs14 Pin=P5-29
Removed Pin From Net: NetName=Bd14 Pin=P5-30
Removed Pin From Net: NetName=Bc14 Pin=P5-31
Removed Pin From Net: NetName=AGND1 Pin=P5-32
Added Component: Designator=P5(HDR2X16)
Add component (AddParameter): Name = "LatestRevisionDate"; Value = "17-Jul-2002"; VariantName = "[No Variations]"
Add component (AddParameter): Name = "LatestRevisionNote"; Value = "Re-released for DXP Platform."; VariantName = "[No Variations]"
Add component (AddParameter): Name = "Publisher"; Value = "Altium Limited"; VariantName = "[No Variations]"
Added Pin To Net: NetName=Ad11 Pin=P5-1
Added Pin To Net: NetName=As11 Pin=P5-2
Added Pin To Net: NetName=AGND1 Pin=P5-3
Added Pin To Net: NetName=Ac11 Pin=P5-4
Added Pin To Net: NetName=Bd11 Pin=P5-5
Added Pin To Net: NetName=Bs11 Pin=P5-6
Added Pin To Net: NetName=AGND1 Pin=P5-7
Added Pin To Net: NetName=Bc11 Pin=P5-8
Added Pin To Net: NetName=Ad12 Pin=P5-9
Added Pin To Net: NetName=As12 Pin=P5-10
Added Pin To Net: NetName=AGND1 Pin=P5-11
Added Pin To Net: NetName=Ac12 Pin=P5-12
Added Pin To Net: NetName=Bd12 Pin=P5-13
Added Pin To Net: NetName=Bs12 Pin=P5-14
Added Pin To Net: NetName=AGND1 Pin=P5-15
Added Pin To Net: NetName=Bc12 Pin=P5-16
Added Pin To Net: NetName=Ad13 Pin=P5-17
Added Pin To Net: NetName=As13 Pin=P5-18
Added Pin To Net: NetName=AGND1 Pin=P5-19
Added Pin To Net: NetName=Ac13 Pin=P5-20
Added Pin To Net: NetName=Bd13 Pin=P5-21
Added Pin To Net: NetName=Bs13 Pin=P5-22
Added Pin To Net: NetName=AGND1 Pin=P5-23
Added Pin To Net: NetName=Bc13 Pin=P5-24
Added Pin To Net: NetName=Ad14 Pin=P5-25
Added Pin To Net: NetName=As14 Pin=P5-26
Added Pin To Net: NetName=AGND1 Pin=P5-27
Added Pin To Net: NetName=Ac14 Pin=P5-28
Added Pin To Net: NetName=Bd14 Pin=P5-29
Added Pin To Net: NetName=Bs14 Pin=P5-30
Added Pin To Net: NetName=AGND1 Pin=P5-31
Added Pin To Net: NetName=Bc14 Pin=P5-32
Added Room: Name=SW SMALL
