Added Component: Designator=AP1_U_PSU1(SOT95P280X100-6L)
Added Component: Designator=AP1_U_PSU2(SOT95P280X100-6L)
Added Component: Designator=C1_U_PSU1(C3216_1206I_L)
Added Component: Designator=C1_U_PSU2(C3216_1206I_L)
Added Component: Designator=C2_U_PSU1(C3225_1210I_L)
Added Component: Designator=C2_U_PSU2(C3225_1210I_L)
Added Component: Designator=C3_U_PSU1(C3225_1210I_L)
Added Component: Designator=C3_U_PSU2(C3225_1210I_L)
Added Component: Designator=C4_U_PSU1(C3216_1206I_L)
Added Component: Designator=C4_U_PSU2(C3216_1206I_L)
Added Component: Designator=C5_U_PSU1(C3225_1210I_L)
Added Component: Designator=C5_U_PSU2(C3225_1210I_L)
Added Component: Designator=C?_U_PSU1(C3225_1210I_L)
Added Component: Designator=C?_U_PSU2(C3225_1210I_L)
Added Component: Designator=J1_U_PSU1(solderJumper)
Added Component: Designator=J1_U_PSU2(solderJumper)
Added Component: Designator=L1_U_PSU1(INDUCTOR)
Added Component: Designator=L1_U_PSU2(INDUCTOR)
Added Component: Designator=L2_U_PSU1(INDUCTOR)
Added Component: Designator=L2_U_PSU2(INDUCTOR)
Added Component: Designator=P1(HDR2X20)
Add component (AddParameter): Name = "LatestRevisionDate"; Value = "17-Jul-2002"; VariantName = "[No Variations]"
Add component (AddParameter): Name = "LatestRevisionNote"; Value = "Re-released for DXP Platform."; VariantName = "[No Variations]"
Add component (AddParameter): Name = "Publisher"; Value = "Altium Limited"; VariantName = "[No Variations]"
Added Component: Designator=P2(HDR1X4)
Add component (AddParameter): Name = "LatestRevisionDate"; Value = "17-Jul-2002"; VariantName = "[No Variations]"
Add component (AddParameter): Name = "LatestRevisionNote"; Value = "Re-released for DXP Platform."; VariantName = "[No Variations]"
Add component (AddParameter): Name = "Publisher"; Value = "Altium Limited"; VariantName = "[No Variations]"
Added Component: Designator=P3(HDR1X4)
Add component (AddParameter): Name = "LatestRevisionDate"; Value = "17-Jul-2002"; VariantName = "[No Variations]"
Add component (AddParameter): Name = "LatestRevisionNote"; Value = "Re-released for DXP Platform."; VariantName = "[No Variations]"
Add component (AddParameter): Name = "Publisher"; Value = "Altium Limited"; VariantName = "[No Variations]"
Added Component: Designator=P4(HDR2X6)
Add component (AddParameter): Name = "LatestRevisionDate"; Value = "17-Jul-2002"; VariantName = "[No Variations]"
Add component (AddParameter): Name = "LatestRevisionNote"; Value = "Re-released for DXP Platform."; VariantName = "[No Variations]"
Add component (AddParameter): Name = "Publisher"; Value = "Altium Limited"; VariantName = "[No Variations]"
Added Component: Designator=P5(HDR2X6)
Add component (AddParameter): Name = "LatestRevisionDate"; Value = "17-Jul-2002"; VariantName = "[No Variations]"
Add component (AddParameter): Name = "LatestRevisionNote"; Value = "Re-released for DXP Platform."; VariantName = "[No Variations]"
Add component (AddParameter): Name = "Publisher"; Value = "Altium Limited"; VariantName = "[No Variations]"
Added Component: Designator=P6(HDR1X2)
Add component (AddParameter): Name = "LatestRevisionDate"; Value = "17-Jul-2002"; VariantName = "[No Variations]"
Add component (AddParameter): Name = "LatestRevisionNote"; Value = "Re-released for DXP Platform."; VariantName = "[No Variations]"
Add component (AddParameter): Name = "Publisher"; Value = "Altium Limited"; VariantName = "[No Variations]"
Added Component: Designator=R1_U_PSU1(R1005_0402i_L)
Added Component: Designator=R1_U_PSU2(R1005_0402i_L)
Added Component: Designator=R2_U_PSU1(R1005_0402i_L)
Added Component: Designator=R2_U_PSU2(R1005_0402i_L)
Added Pin To Net: NetName=GND Pin=AP1_U_PSU1-1
Added Pin To Net: NetName=NetAP1_U_PSU1_2 Pin=AP1_U_PSU1-2
Added Pin To Net: NetName=+12 Pin=AP1_U_PSU1-3
Added Pin To Net: NetName=NetAP1_U_PSU1_4 Pin=AP1_U_PSU1-4
Added Pin To Net: NetName=NetAP1_U_PSU1_6 Pin=AP1_U_PSU1-6
Added Pin To Net: NetName=GND Pin=AP1_U_PSU2-1
Added Pin To Net: NetName=NetAP1_U_PSU2_2 Pin=AP1_U_PSU2-2
Added Pin To Net: NetName=+12 Pin=AP1_U_PSU2-3
Added Pin To Net: NetName=NetAP1_U_PSU2_4 Pin=AP1_U_PSU2-4
Added Pin To Net: NetName=NetAP1_U_PSU2_6 Pin=AP1_U_PSU2-6
Added Pin To Net: NetName=NetAP1_U_PSU1_6 Pin=C1_U_PSU1-1
Added Pin To Net: NetName=NetAP1_U_PSU1_2 Pin=C1_U_PSU1-2
Added Pin To Net: NetName=NetAP1_U_PSU2_6 Pin=C1_U_PSU2-1
Added Pin To Net: NetName=NetAP1_U_PSU2_2 Pin=C1_U_PSU2-2
Added Pin To Net: NetName=+12 Pin=C2_U_PSU1-1
Added Pin To Net: NetName=GND Pin=C2_U_PSU1-2
Added Pin To Net: NetName=+12 Pin=C2_U_PSU2-1
Added Pin To Net: NetName=GND Pin=C2_U_PSU2-2
Added Pin To Net: NetName=NetC3_U_PSU1_1 Pin=C3_U_PSU1-1
Added Pin To Net: NetName=GND Pin=C3_U_PSU1-2
Added Pin To Net: NetName=NetC3_U_PSU2_1 Pin=C3_U_PSU2-1
Added Pin To Net: NetName=GND Pin=C3_U_PSU2-2
Added Pin To Net: NetName=NetC3_U_PSU1_1 Pin=C4_U_PSU1-1
Added Pin To Net: NetName=GND Pin=C4_U_PSU1-2
Added Pin To Net: NetName=NetC3_U_PSU2_1 Pin=C4_U_PSU2-1
Added Pin To Net: NetName=GND Pin=C4_U_PSU2-2
Added Pin To Net: NetName=OUT +5 Pin=C5_U_PSU1-1
Added Pin To Net: NetName=GND Pin=C5_U_PSU1-2
Added Pin To Net: NetName=RPI +5 Pin=C5_U_PSU2-1
Added Pin To Net: NetName=GND Pin=C5_U_PSU2-2
Added Pin To Net: NetName=NetC3_U_PSU1_1 Pin=C?_U_PSU1-1
Added Pin To Net: NetName=GND Pin=C?_U_PSU1-2
Added Pin To Net: NetName=NetC3_U_PSU2_1 Pin=C?_U_PSU2-1
Added Pin To Net: NetName=GND Pin=C?_U_PSU2-2
Added Pin To Net: NetName=NetC3_U_PSU1_1 Pin=J1_U_PSU1-1
Added Pin To Net: NetName=OUT +5 Pin=J1_U_PSU1-2
Added Pin To Net: NetName=NetC3_U_PSU2_1 Pin=J1_U_PSU2-1
Added Pin To Net: NetName=RPI +5 Pin=J1_U_PSU2-2
Added Pin To Net: NetName=NetAP1_U_PSU1_2 Pin=L1_U_PSU1-1
Added Pin To Net: NetName=NetC3_U_PSU1_1 Pin=L1_U_PSU1-2
Added Pin To Net: NetName=NetAP1_U_PSU2_2 Pin=L1_U_PSU2-1
Added Pin To Net: NetName=NetC3_U_PSU2_1 Pin=L1_U_PSU2-2
Added Pin To Net: NetName=NetC3_U_PSU1_1 Pin=L2_U_PSU1-1
Added Pin To Net: NetName=OUT +5 Pin=L2_U_PSU1-2
Added Pin To Net: NetName=NetC3_U_PSU2_1 Pin=L2_U_PSU2-1
Added Pin To Net: NetName=RPI +5 Pin=L2_U_PSU2-2
Added Pin To Net: NetName=RPI +5 Pin=P1-2
Added Pin To Net: NetName=RPI +5 Pin=P1-4
Added Pin To Net: NetName=GND Pin=P1-6
Added Pin To Net: NetName=GND Pin=P1-9
Added Pin To Net: NetName=GND Pin=P1-14
Added Pin To Net: NetName=UI_INT Pin=P1-18
Added Pin To Net: NetName=UI_MOSI Pin=P1-19
Added Pin To Net: NetName=GND Pin=P1-20
Added Pin To Net: NetName=UI_MISO Pin=P1-21
Added Pin To Net: NetName=UI_R\E\S\E\T\ Pin=P1-22
Added Pin To Net: NetName=UI_SCK Pin=P1-23
Added Pin To Net: NetName=UI_S\S\ Pin=P1-24
Added Pin To Net: NetName=GND Pin=P1-25
Added Pin To Net: NetName=GND Pin=P1-30
Added Pin To Net: NetName=ACT_INT Pin=P1-33
Added Pin To Net: NetName=GND Pin=P1-34
Added Pin To Net: NetName=ACT_MISO Pin=P1-35
Added Pin To Net: NetName=ACT_S\S\ Pin=P1-36
Added Pin To Net: NetName=ACT_R\E\S\E\T\ Pin=P1-37
Added Pin To Net: NetName=ACT_MOSI Pin=P1-38
Added Pin To Net: NetName=GND Pin=P1-39
Added Pin To Net: NetName=ACT_SCK Pin=P1-40
Added Pin To Net: NetName=GND Pin=P2-1
Added Pin To Net: NetName=OUT +5 Pin=P2-2
Added Pin To Net: NetName=OUT +5 Pin=P2-3
Added Pin To Net: NetName=GND Pin=P2-4
Added Pin To Net: NetName=GND Pin=P3-1
Added Pin To Net: NetName=OUT +5 Pin=P3-2
Added Pin To Net: NetName=+12 Pin=P3-3
Added Pin To Net: NetName=GND Pin=P3-4
Added Pin To Net: NetName=GND Pin=P4-1
Added Pin To Net: NetName=UI_MISO Pin=P4-2
Added Pin To Net: NetName=GND Pin=P4-3
Added Pin To Net: NetName=UI_MOSI Pin=P4-4
Added Pin To Net: NetName=GND Pin=P4-5
Added Pin To Net: NetName=UI_SCK Pin=P4-6
Added Pin To Net: NetName=GND Pin=P4-7
Added Pin To Net: NetName=UI_S\S\ Pin=P4-8
Added Pin To Net: NetName=GND Pin=P4-9
Added Pin To Net: NetName=UI_R\E\S\E\T\ Pin=P4-10
Added Pin To Net: NetName=GND Pin=P4-11
Added Pin To Net: NetName=UI_INT Pin=P4-12
Added Pin To Net: NetName=GND Pin=P5-1
Added Pin To Net: NetName=ACT_MISO Pin=P5-2
Added Pin To Net: NetName=GND Pin=P5-3
Added Pin To Net: NetName=ACT_MOSI Pin=P5-4
Added Pin To Net: NetName=GND Pin=P5-5
Added Pin To Net: NetName=ACT_SCK Pin=P5-6
Added Pin To Net: NetName=GND Pin=P5-7
Added Pin To Net: NetName=ACT_S\S\ Pin=P5-8
Added Pin To Net: NetName=GND Pin=P5-9
Added Pin To Net: NetName=ACT_R\E\S\E\T\ Pin=P5-10
Added Pin To Net: NetName=GND Pin=P5-11
Added Pin To Net: NetName=ACT_INT Pin=P5-12
Added Pin To Net: NetName=+12 Pin=P6-1
Added Pin To Net: NetName=GND Pin=P6-2
Added Pin To Net: NetName=NetC3_U_PSU1_1 Pin=R1_U_PSU1-1
Added Pin To Net: NetName=NetAP1_U_PSU1_4 Pin=R1_U_PSU1-2
Added Pin To Net: NetName=NetC3_U_PSU2_1 Pin=R1_U_PSU2-1
Added Pin To Net: NetName=NetAP1_U_PSU2_4 Pin=R1_U_PSU2-2
Added Pin To Net: NetName=NetAP1_U_PSU1_4 Pin=R2_U_PSU1-1
Added Pin To Net: NetName=GND Pin=R2_U_PSU1-2
Added Pin To Net: NetName=NetAP1_U_PSU2_4 Pin=R2_U_PSU2-1
Added Pin To Net: NetName=GND Pin=R2_U_PSU2-2
Added Member To Class: ClassName=U_PSU1 Member=Component AP1_U_PSU1 (AP1) AP62301
Added Member To Class: ClassName=U_PSU2 Member=Component AP1_U_PSU2 (AP1) AP62301
Added Member To Class: ClassName=U_PSU1 Member=Component C1_U_PSU1 (C1) 100n
Added Member To Class: ClassName=U_PSU2 Member=Component C1_U_PSU2 (C1) 100n
Added Member To Class: ClassName=U_PSU1 Member=Component C2_U_PSU1 (C2) 10u
Added Member To Class: ClassName=U_PSU2 Member=Component C2_U_PSU2 (C2) 10u
Added Member To Class: ClassName=U_PSU1 Member=Component C3_U_PSU1 (C3) 22u
Added Member To Class: ClassName=U_PSU2 Member=Component C3_U_PSU2 (C3) 22u
Added Member To Class: ClassName=U_PSU1 Member=Component C4_U_PSU1 (C4) 100n
Added Member To Class: ClassName=U_PSU2 Member=Component C4_U_PSU2 (C4) 100n
Added Member To Class: ClassName=U_PSU1 Member=Component C5_U_PSU1 (C5) 22u
Added Member To Class: ClassName=U_PSU2 Member=Component C5_U_PSU2 (C5) 22u
Added Member To Class: ClassName=U_PSU1 Member=Component C?_U_PSU1 (C?) 22u
Added Member To Class: ClassName=U_PSU2 Member=Component C?_U_PSU2 (C?) 22u
Added Member To Class: ClassName=U_PSU1 Member=Component J1_U_PSU1 (J1) JMP_mini
Added Member To Class: ClassName=U_PSU2 Member=Component J1_U_PSU2 (J1) JMP_mini
Added Member To Class: ClassName=U_PSU1 Member=Component L1_U_PSU1 (L1) 3.3uH
Added Member To Class: ClassName=U_PSU2 Member=Component L1_U_PSU2 (L1) 3.3uH
Added Member To Class: ClassName=U_PSU1 Member=Component L2_U_PSU1 (L2) >15uH
Added Member To Class: ClassName=U_PSU2 Member=Component L2_U_PSU2 (L2) >15uH
Added Member To Class: ClassName=main Member=Component P1 RPI Header
Added Member To Class: ClassName=main Member=Component P2 UI PWR
Added Member To Class: ClassName=main Member=Component P3 ACT PWR
Added Member To Class: ClassName=main Member=Component P4 UI
Added Member To Class: ClassName=main Member=Component P5 ACTUATOR
Added Member To Class: ClassName=main Member=Component P6 Header 2
Added Member To Class: ClassName=U_PSU1 Member=Component R1_U_PSU1 (R1) 52.3k 1%
Added Member To Class: ClassName=U_PSU2 Member=Component R1_U_PSU2 (R1) 52.3k 1%
Added Member To Class: ClassName=U_PSU1 Member=Component R2_U_PSU1 (R2) 10k 1%
Added Member To Class: ClassName=U_PSU2 Member=Component R2_U_PSU2 (R2) 10k 1%
Added Room: Name=main
Added Room: Name=U_PSU1
Added Room: Name=U_PSU2
