Added Component: Designator=C1_U_PSU1(C2012_0805I_M)
Added Component: Designator=C1_U_PSU2(C2012_0805I_M)
Added Component: Designator=C2_U_PSU1(C2012_0805I_M)
Added Component: Designator=C2_U_PSU2(C2012_0805I_M)
Added Component: Designator=C3_U_PSU1(C2012_0805I_M)
Added Component: Designator=C3_U_PSU2(C2012_0805I_M)
Added Component: Designator=C4_U_PSU1(C2012_0805I_M)
Added Component: Designator=C4_U_PSU2(C2012_0805I_M)
Added Component: Designator=C5_U_PSU1(C2012_0805I_M)
Added Component: Designator=C5_U_PSU2(C2012_0805I_M)
Added Component: Designator=J1_U_PSU1(solderJumper)
Added Component: Designator=J1_U_PSU2(solderJumper)
Added Component: Designator=L1_U_PSU1(L6060_2424I_M)
Added Component: Designator=L1_U_PSU2(L6060_2424I_M)
Added Component: Designator=L2_U_PSU1(L6060_2424I_M)
Added Component: Designator=L2_U_PSU2(L6060_2424I_M)
Added Component: Designator=P1(HDR2X20)
Add component (AddParameter): Name = "LatestRevisionDate"; Value = "17-Jul-2002"; VariantName = "[No Variations]"
Add component (AddParameter): Name = "LatestRevisionNote"; Value = "Re-released for DXP Platform."; VariantName = "[No Variations]"
Add component (AddParameter): Name = "Publisher"; Value = "Altium Limited"; VariantName = "[No Variations]"
Added Component: Designator=P2(HDR1X4)
Add component (AddParameter): Name = "LatestRevisionDate"; Value = "17-Jul-2002"; VariantName = "[No Variations]"
Add component (AddParameter): Name = "LatestRevisionNote"; Value = "Re-released for DXP Platform."; VariantName = "[No Variations]"
Add component (AddParameter): Name = "Publisher"; Value = "Altium Limited"; VariantName = "[No Variations]"
Added Component: Designator=P3(HDR1X4)
Add component (AddParameter): Name = "LatestRevisionDate"; Value = "17-Jul-2002"; VariantName = "[No Variations]"
Add component (AddParameter): Name = "LatestRevisionNote"; Value = "Re-released for DXP Platform."; VariantName = "[No Variations]"
Add component (AddParameter): Name = "Publisher"; Value = "Altium Limited"; VariantName = "[No Variations]"
Added Component: Designator=P4(HDR2X6)
Add component (AddParameter): Name = "LatestRevisionDate"; Value = "17-Jul-2002"; VariantName = "[No Variations]"
Add component (AddParameter): Name = "LatestRevisionNote"; Value = "Re-released for DXP Platform."; VariantName = "[No Variations]"
Add component (AddParameter): Name = "Publisher"; Value = "Altium Limited"; VariantName = "[No Variations]"
Added Component: Designator=P5(HDR2X6)
Add component (AddParameter): Name = "LatestRevisionDate"; Value = "17-Jul-2002"; VariantName = "[No Variations]"
Add component (AddParameter): Name = "LatestRevisionNote"; Value = "Re-released for DXP Platform."; VariantName = "[No Variations]"
Add component (AddParameter): Name = "Publisher"; Value = "Altium Limited"; VariantName = "[No Variations]"
Added Component: Designator=P6(HDR1X2)
Add component (AddParameter): Name = "LatestRevisionDate"; Value = "17-Jul-2002"; VariantName = "[No Variations]"
Add component (AddParameter): Name = "LatestRevisionNote"; Value = "Re-released for DXP Platform."; VariantName = "[No Variations]"
Add component (AddParameter): Name = "Publisher"; Value = "Altium Limited"; VariantName = "[No Variations]"
Added Component: Designator=R1_U_PSU1(R2012_0805I_M)
Added Component: Designator=R1_U_PSU2(R2012_0805I_M)
Added Component: Designator=R2_U_PSU1(R2012_0805I_M)
Added Component: Designator=R2_U_PSU2(R2012_0805I_M)
Added Pin To Net: NetName=+12 Pin=C2_U_PSU1-1
Added Pin To Net: NetName=+12 Pin=C2_U_PSU2-1
Added Pin To Net: NetName=+12 Pin=P3-3
Added Pin To Net: NetName=+12 Pin=P6-1
Added Net: Name=+12
Added Pin To Net: NetName=ACT_INT Pin=P1-33
Added Pin To Net: NetName=ACT_INT Pin=P5-12
Added Net: Name=ACT_INT
Added Pin To Net: NetName=ACT_MISO Pin=P1-35
Added Pin To Net: NetName=ACT_MISO Pin=P5-2
Added Net: Name=ACT_MISO
Added Pin To Net: NetName=ACT_MOSI Pin=P1-38
Added Pin To Net: NetName=ACT_MOSI Pin=P5-4
Added Net: Name=ACT_MOSI
Added Pin To Net: NetName=ACT_R\E\S\E\T\ Pin=P1-37
Added Pin To Net: NetName=ACT_R\E\S\E\T\ Pin=P5-10
Added Net: Name=ACT_R\E\S\E\T\
Added Pin To Net: NetName=ACT_S\S\ Pin=P1-36
Added Pin To Net: NetName=ACT_S\S\ Pin=P5-8
Added Net: Name=ACT_S\S\
Added Pin To Net: NetName=ACT_SCK Pin=P1-40
Added Pin To Net: NetName=ACT_SCK Pin=P5-6
Added Net: Name=ACT_SCK
Added Pin To Net: NetName=GND Pin=C2_U_PSU1-2
Added Pin To Net: NetName=GND Pin=C2_U_PSU2-2
Added Pin To Net: NetName=GND Pin=C3_U_PSU1-2
Added Pin To Net: NetName=GND Pin=C3_U_PSU2-2
Added Pin To Net: NetName=GND Pin=C4_U_PSU1-2
Added Pin To Net: NetName=GND Pin=C4_U_PSU2-2
Added Pin To Net: NetName=GND Pin=C5_U_PSU1-2
Added Pin To Net: NetName=GND Pin=C5_U_PSU2-2
Added Pin To Net: NetName=GND Pin=P1-6
Added Pin To Net: NetName=GND Pin=P1-9
Added Pin To Net: NetName=GND Pin=P1-14
Added Pin To Net: NetName=GND Pin=P1-20
Added Pin To Net: NetName=GND Pin=P1-25
Added Pin To Net: NetName=GND Pin=P1-30
Added Pin To Net: NetName=GND Pin=P1-34
Added Pin To Net: NetName=GND Pin=P1-39
Added Pin To Net: NetName=GND Pin=P2-1
Added Pin To Net: NetName=GND Pin=P2-4
Added Pin To Net: NetName=GND Pin=P3-1
Added Pin To Net: NetName=GND Pin=P3-4
Added Pin To Net: NetName=GND Pin=P4-1
Added Pin To Net: NetName=GND Pin=P4-3
Added Pin To Net: NetName=GND Pin=P4-5
Added Pin To Net: NetName=GND Pin=P4-7
Added Pin To Net: NetName=GND Pin=P4-9
Added Pin To Net: NetName=GND Pin=P4-11
Added Pin To Net: NetName=GND Pin=P5-1
Added Pin To Net: NetName=GND Pin=P5-3
Added Pin To Net: NetName=GND Pin=P5-5
Added Pin To Net: NetName=GND Pin=P5-7
Added Pin To Net: NetName=GND Pin=P5-9
Added Pin To Net: NetName=GND Pin=P5-11
Added Pin To Net: NetName=GND Pin=P6-2
Added Pin To Net: NetName=GND Pin=R2_U_PSU1-2
Added Pin To Net: NetName=GND Pin=R2_U_PSU2-2
Added Net: Name=GND
Added Pin To Net: NetName=NetAP1_U_PSU1_2 Pin=C1_U_PSU1-2
Added Pin To Net: NetName=NetAP1_U_PSU1_2 Pin=L1_U_PSU1-1
Added Net: Name=NetAP1_U_PSU1_2
Added Pin To Net: NetName=NetAP1_U_PSU1_4 Pin=R1_U_PSU1-2
Added Pin To Net: NetName=NetAP1_U_PSU1_4 Pin=R2_U_PSU1-1
Added Net: Name=NetAP1_U_PSU1_4
Added Pin To Net: NetName=NetAP1_U_PSU1_6 Pin=C1_U_PSU1-1
Added Net: Name=NetAP1_U_PSU1_6
Added Pin To Net: NetName=NetAP1_U_PSU2_2 Pin=C1_U_PSU2-2
Added Pin To Net: NetName=NetAP1_U_PSU2_2 Pin=L1_U_PSU2-1
Added Net: Name=NetAP1_U_PSU2_2
Added Pin To Net: NetName=NetAP1_U_PSU2_4 Pin=R1_U_PSU2-2
Added Pin To Net: NetName=NetAP1_U_PSU2_4 Pin=R2_U_PSU2-1
Added Net: Name=NetAP1_U_PSU2_4
Added Pin To Net: NetName=NetAP1_U_PSU2_6 Pin=C1_U_PSU2-1
Added Net: Name=NetAP1_U_PSU2_6
Added Pin To Net: NetName=NetC3_U_PSU1_1 Pin=C3_U_PSU1-1
Added Pin To Net: NetName=NetC3_U_PSU1_1 Pin=C4_U_PSU1-1
Added Pin To Net: NetName=NetC3_U_PSU1_1 Pin=J1_U_PSU1-1
Added Pin To Net: NetName=NetC3_U_PSU1_1 Pin=L1_U_PSU1-2
Added Pin To Net: NetName=NetC3_U_PSU1_1 Pin=L2_U_PSU1-1
Added Pin To Net: NetName=NetC3_U_PSU1_1 Pin=R1_U_PSU1-1
Added Net: Name=NetC3_U_PSU1_1
Added Pin To Net: NetName=NetC3_U_PSU2_1 Pin=C3_U_PSU2-1
Added Pin To Net: NetName=NetC3_U_PSU2_1 Pin=C4_U_PSU2-1
Added Pin To Net: NetName=NetC3_U_PSU2_1 Pin=J1_U_PSU2-1
Added Pin To Net: NetName=NetC3_U_PSU2_1 Pin=L1_U_PSU2-2
Added Pin To Net: NetName=NetC3_U_PSU2_1 Pin=L2_U_PSU2-1
Added Pin To Net: NetName=NetC3_U_PSU2_1 Pin=R1_U_PSU2-1
Added Net: Name=NetC3_U_PSU2_1
Added Pin To Net: NetName=OUT +5 Pin=C5_U_PSU1-1
Added Pin To Net: NetName=OUT +5 Pin=J1_U_PSU1-2
Added Pin To Net: NetName=OUT +5 Pin=L2_U_PSU1-2
Added Pin To Net: NetName=OUT +5 Pin=P2-2
Added Pin To Net: NetName=OUT +5 Pin=P2-3
Added Pin To Net: NetName=OUT +5 Pin=P3-2
Added Net: Name=OUT +5
Added Pin To Net: NetName=RPI +5 Pin=C5_U_PSU2-1
Added Pin To Net: NetName=RPI +5 Pin=J1_U_PSU2-2
Added Pin To Net: NetName=RPI +5 Pin=L2_U_PSU2-2
Added Pin To Net: NetName=RPI +5 Pin=P1-2
Added Pin To Net: NetName=RPI +5 Pin=P1-4
Added Net: Name=RPI +5
Added Pin To Net: NetName=UI_INT Pin=P1-18
Added Pin To Net: NetName=UI_INT Pin=P4-12
Added Net: Name=UI_INT
Added Pin To Net: NetName=UI_MISO Pin=P1-21
Added Pin To Net: NetName=UI_MISO Pin=P4-2
Added Net: Name=UI_MISO
Added Pin To Net: NetName=UI_MOSI Pin=P1-19
Added Pin To Net: NetName=UI_MOSI Pin=P4-4
Added Net: Name=UI_MOSI
Added Pin To Net: NetName=UI_R\E\S\E\T\ Pin=P1-22
Added Pin To Net: NetName=UI_R\E\S\E\T\ Pin=P4-10
Added Net: Name=UI_R\E\S\E\T\
Added Pin To Net: NetName=UI_S\S\ Pin=P1-24
Added Pin To Net: NetName=UI_S\S\ Pin=P4-8
Added Net: Name=UI_S\S\
Added Pin To Net: NetName=UI_SCK Pin=P1-23
Added Pin To Net: NetName=UI_SCK Pin=P4-6
Added Net: Name=UI_SCK
Added Class: Name=main
Added Class: Name=U_PSU1
Added Class: Name=U_PSU2
Added Class: Name=PSU
Added Room: Name=main
Added Room: Name=U_PSU1
Added Room: Name=U_PSU2
