Removed Pin From Net: NetName=SWCLK Pin=P3-1
Removed Pin From Net: NetName=SWDIO Pin=P3-2
Removed Pin From Net: NetName=GND Pin=P3-3
Removed Member From Class: ClassName=U_MCU Member=P3
Added Component: Designator=TP1(PAD)
Added Component: Designator=TP2(PAD)
Added Pin To Net: NetName=SWDIO Pin=P1-9
Added Pin To Net: NetName=SWCLK Pin=P1-10
Added Pin To Net: NetName=A_N Pin=P2-6
Added Pin To Net: NetName=B_P Pin=P2-7
Added Pin To Net: NetName=SWDIO Pin=P2-9
Added Pin To Net: NetName=SWCLK Pin=P2-10
Added Pin To Net: NetName=NetB1_1 Pin=B1-1
Added Pin To Net: NetName=NetB1_1 Pin=TP1-1
Added Net: Name=NetB1_1
Added Pin To Net: NetName=NetB1_2 Pin=B1-2
Added Pin To Net: NetName=NetB1_2 Pin=TP2-1
Added Net: Name=NetB1_2
Added Member To Class: ClassName=U_MCU Member=Component TP1 PAD
Added Member To Class: ClassName=U_MCU Member=Component TP2 PAD
