Removed Pin From Net: NetName=GND Pin=P?-1
Removed Pin From Net: NetName=+12 Pin=P?-2
Removed Pin From Net: NetName=VCC 5V Pin=P?-3
Removed Pin From Net: NetName=+12 Pin=P?-4
Removed Pin From Net: NetName=GND Pin=P?-5
Change Component Designator: OldDesignator=P? NewDesignator=P5
Added Component: Designator=C12(R1005_0402i_L)
Added Component: Designator=C13(R1005_0402i_L)
Added Component: Designator=C14(R1005_0402i_L)
Added Component: Designator=C15(R1005_0402i_L)
Added Component: Designator=C16(R1005_0402i_L)
Added Component: Designator=C17(R1005_0402i_L)
Added Component: Designator=C18(R1005_0402i_L)
Added Component: Designator=C19(R1005_0402i_L)
Added Component: Designator=C20(C AlElko 5x11 R2)
Added Component: Designator=C21(C AlElko 5x11 R2)
Added Component: Designator=J3_U_relay_ladder3(solderJumper)
Added Component: Designator=J3_U_relay_ladder4(solderJumper)
Added Component: Designator=J3_U_relay_ladder5(solderJumper)
Added Component: Designator=J3_U_relay_ladder6(solderJumper)
Added Component: Designator=K1_U_relay_ladder3(AXICOM IM-G Relay)
Add component (AddParameter): Name = "Farnell ID"; Value = "1175070"; VariantName = "[No Variations]"
Add component (AddParameter): Name = "URL"; Value = "http://si.farnell.com/te-connectivity-axicom/im06gr/relay-gull-wing-dpco-12vdc-2a/dp/1175070"; VariantName = "[No Variations]"
Added Component: Designator=K1_U_relay_ladder4(AXICOM IM-G Relay)
Add component (AddParameter): Name = "Farnell ID"; Value = "1175070"; VariantName = "[No Variations]"
Add component (AddParameter): Name = "URL"; Value = "http://si.farnell.com/te-connectivity-axicom/im06gr/relay-gull-wing-dpco-12vdc-2a/dp/1175070"; VariantName = "[No Variations]"
Added Component: Designator=K1_U_relay_ladder5(AXICOM IM-G Relay)
Add component (AddParameter): Name = "Farnell ID"; Value = "1175070"; VariantName = "[No Variations]"
Add component (AddParameter): Name = "URL"; Value = "http://si.farnell.com/te-connectivity-axicom/im06gr/relay-gull-wing-dpco-12vdc-2a/dp/1175070"; VariantName = "[No Variations]"
Added Component: Designator=K1_U_relay_ladder6(AXICOM IM-G Relay)
Add component (AddParameter): Name = "Farnell ID"; Value = "1175070"; VariantName = "[No Variations]"
Add component (AddParameter): Name = "URL"; Value = "http://si.farnell.com/te-connectivity-axicom/im06gr/relay-gull-wing-dpco-12vdc-2a/dp/1175070"; VariantName = "[No Variations]"
Added Component: Designator=K2_U_relay_ladder3(AXICOM IM-G Relay)
Add component (AddParameter): Name = "Farnell ID"; Value = "1175070"; VariantName = "[No Variations]"
Add component (AddParameter): Name = "URL"; Value = "http://si.farnell.com/te-connectivity-axicom/im06gr/relay-gull-wing-dpco-12vdc-2a/dp/1175070"; VariantName = "[No Variations]"
Added Component: Designator=K2_U_relay_ladder4(AXICOM IM-G Relay)
Add component (AddParameter): Name = "Farnell ID"; Value = "1175070"; VariantName = "[No Variations]"
Add component (AddParameter): Name = "URL"; Value = "http://si.farnell.com/te-connectivity-axicom/im06gr/relay-gull-wing-dpco-12vdc-2a/dp/1175070"; VariantName = "[No Variations]"
Added Component: Designator=K2_U_relay_ladder5(AXICOM IM-G Relay)
Add component (AddParameter): Name = "Farnell ID"; Value = "1175070"; VariantName = "[No Variations]"
Add component (AddParameter): Name = "URL"; Value = "http://si.farnell.com/te-connectivity-axicom/im06gr/relay-gull-wing-dpco-12vdc-2a/dp/1175070"; VariantName = "[No Variations]"
Added Component: Designator=K2_U_relay_ladder6(AXICOM IM-G Relay)
Add component (AddParameter): Name = "Farnell ID"; Value = "1175070"; VariantName = "[No Variations]"
Add component (AddParameter): Name = "URL"; Value = "http://si.farnell.com/te-connectivity-axicom/im06gr/relay-gull-wing-dpco-12vdc-2a/dp/1175070"; VariantName = "[No Variations]"
Added Component: Designator=K3_U_relay_ladder3(AXICOM IM-G Relay)
Add component (AddParameter): Name = "Farnell ID"; Value = "1175070"; VariantName = "[No Variations]"
Add component (AddParameter): Name = "URL"; Value = "http://si.farnell.com/te-connectivity-axicom/im06gr/relay-gull-wing-dpco-12vdc-2a/dp/1175070"; VariantName = "[No Variations]"
Added Component: Designator=K3_U_relay_ladder4(AXICOM IM-G Relay)
Add component (AddParameter): Name = "Farnell ID"; Value = "1175070"; VariantName = "[No Variations]"
Add component (AddParameter): Name = "URL"; Value = "http://si.farnell.com/te-connectivity-axicom/im06gr/relay-gull-wing-dpco-12vdc-2a/dp/1175070"; VariantName = "[No Variations]"
Added Component: Designator=K3_U_relay_ladder5(AXICOM IM-G Relay)
Add component (AddParameter): Name = "Farnell ID"; Value = "1175070"; VariantName = "[No Variations]"
Add component (AddParameter): Name = "URL"; Value = "http://si.farnell.com/te-connectivity-axicom/im06gr/relay-gull-wing-dpco-12vdc-2a/dp/1175070"; VariantName = "[No Variations]"
Added Component: Designator=K3_U_relay_ladder6(AXICOM IM-G Relay)
Add component (AddParameter): Name = "Farnell ID"; Value = "1175070"; VariantName = "[No Variations]"
Add component (AddParameter): Name = "URL"; Value = "http://si.farnell.com/te-connectivity-axicom/im06gr/relay-gull-wing-dpco-12vdc-2a/dp/1175070"; VariantName = "[No Variations]"
Added Component: Designator=K4_U_relay_ladder3(AXICOM IM-G Relay)
Add component (AddParameter): Name = "Farnell ID"; Value = "1175070"; VariantName = "[No Variations]"
Add component (AddParameter): Name = "URL"; Value = "http://si.farnell.com/te-connectivity-axicom/im06gr/relay-gull-wing-dpco-12vdc-2a/dp/1175070"; VariantName = "[No Variations]"
Added Component: Designator=K4_U_relay_ladder4(AXICOM IM-G Relay)
Add component (AddParameter): Name = "Farnell ID"; Value = "1175070"; VariantName = "[No Variations]"
Add component (AddParameter): Name = "URL"; Value = "http://si.farnell.com/te-connectivity-axicom/im06gr/relay-gull-wing-dpco-12vdc-2a/dp/1175070"; VariantName = "[No Variations]"
Added Component: Designator=K4_U_relay_ladder5(AXICOM IM-G Relay)
Add component (AddParameter): Name = "Farnell ID"; Value = "1175070"; VariantName = "[No Variations]"
Add component (AddParameter): Name = "URL"; Value = "http://si.farnell.com/te-connectivity-axicom/im06gr/relay-gull-wing-dpco-12vdc-2a/dp/1175070"; VariantName = "[No Variations]"
Added Component: Designator=K4_U_relay_ladder6(AXICOM IM-G Relay)
Add component (AddParameter): Name = "Farnell ID"; Value = "1175070"; VariantName = "[No Variations]"
Add component (AddParameter): Name = "URL"; Value = "http://si.farnell.com/te-connectivity-axicom/im06gr/relay-gull-wing-dpco-12vdc-2a/dp/1175070"; VariantName = "[No Variations]"
Added Component: Designator=K5_U_relay_ladder3(AXICOM IM-G Relay)
Add component (AddParameter): Name = "Farnell ID"; Value = "1175070"; VariantName = "[No Variations]"
Add component (AddParameter): Name = "URL"; Value = "http://si.farnell.com/te-connectivity-axicom/im06gr/relay-gull-wing-dpco-12vdc-2a/dp/1175070"; VariantName = "[No Variations]"
Added Component: Designator=K5_U_relay_ladder4(AXICOM IM-G Relay)
Add component (AddParameter): Name = "Farnell ID"; Value = "1175070"; VariantName = "[No Variations]"
Add component (AddParameter): Name = "URL"; Value = "http://si.farnell.com/te-connectivity-axicom/im06gr/relay-gull-wing-dpco-12vdc-2a/dp/1175070"; VariantName = "[No Variations]"
Added Component: Designator=K5_U_relay_ladder5(AXICOM IM-G Relay)
Add component (AddParameter): Name = "Farnell ID"; Value = "1175070"; VariantName = "[No Variations]"
Add component (AddParameter): Name = "URL"; Value = "http://si.farnell.com/te-connectivity-axicom/im06gr/relay-gull-wing-dpco-12vdc-2a/dp/1175070"; VariantName = "[No Variations]"
Added Component: Designator=K5_U_relay_ladder6(AXICOM IM-G Relay)
Add component (AddParameter): Name = "Farnell ID"; Value = "1175070"; VariantName = "[No Variations]"
Add component (AddParameter): Name = "URL"; Value = "http://si.farnell.com/te-connectivity-axicom/im06gr/relay-gull-wing-dpco-12vdc-2a/dp/1175070"; VariantName = "[No Variations]"
Added Component: Designator=K6_U_relay_ladder3(AXICOM IM-G Relay)
Add component (AddParameter): Name = "Farnell ID"; Value = "1175070"; VariantName = "[No Variations]"
Add component (AddParameter): Name = "URL"; Value = "http://si.farnell.com/te-connectivity-axicom/im06gr/relay-gull-wing-dpco-12vdc-2a/dp/1175070"; VariantName = "[No Variations]"
Added Component: Designator=K6_U_relay_ladder4(AXICOM IM-G Relay)
Add component (AddParameter): Name = "Farnell ID"; Value = "1175070"; VariantName = "[No Variations]"
Add component (AddParameter): Name = "URL"; Value = "http://si.farnell.com/te-connectivity-axicom/im06gr/relay-gull-wing-dpco-12vdc-2a/dp/1175070"; VariantName = "[No Variations]"
Added Component: Designator=K6_U_relay_ladder5(AXICOM IM-G Relay)
Add component (AddParameter): Name = "Farnell ID"; Value = "1175070"; VariantName = "[No Variations]"
Add component (AddParameter): Name = "URL"; Value = "http://si.farnell.com/te-connectivity-axicom/im06gr/relay-gull-wing-dpco-12vdc-2a/dp/1175070"; VariantName = "[No Variations]"
Added Component: Designator=K6_U_relay_ladder6(AXICOM IM-G Relay)
Add component (AddParameter): Name = "Farnell ID"; Value = "1175070"; VariantName = "[No Variations]"
Add component (AddParameter): Name = "URL"; Value = "http://si.farnell.com/te-connectivity-axicom/im06gr/relay-gull-wing-dpco-12vdc-2a/dp/1175070"; VariantName = "[No Variations]"
Added Component: Designator=K7_U_relay_ladder3(AXICOM IM-G Relay)
Add component (AddParameter): Name = "Farnell ID"; Value = "1175070"; VariantName = "[No Variations]"
Add component (AddParameter): Name = "URL"; Value = "http://si.farnell.com/te-connectivity-axicom/im06gr/relay-gull-wing-dpco-12vdc-2a/dp/1175070"; VariantName = "[No Variations]"
Added Component: Designator=K7_U_relay_ladder4(AXICOM IM-G Relay)
Add component (AddParameter): Name = "Farnell ID"; Value = "1175070"; VariantName = "[No Variations]"
Add component (AddParameter): Name = "URL"; Value = "http://si.farnell.com/te-connectivity-axicom/im06gr/relay-gull-wing-dpco-12vdc-2a/dp/1175070"; VariantName = "[No Variations]"
Added Component: Designator=K7_U_relay_ladder5(AXICOM IM-G Relay)
Add component (AddParameter): Name = "Farnell ID"; Value = "1175070"; VariantName = "[No Variations]"
Add component (AddParameter): Name = "URL"; Value = "http://si.farnell.com/te-connectivity-axicom/im06gr/relay-gull-wing-dpco-12vdc-2a/dp/1175070"; VariantName = "[No Variations]"
Added Component: Designator=K7_U_relay_ladder6(AXICOM IM-G Relay)
Add component (AddParameter): Name = "Farnell ID"; Value = "1175070"; VariantName = "[No Variations]"
Add component (AddParameter): Name = "URL"; Value = "http://si.farnell.com/te-connectivity-axicom/im06gr/relay-gull-wing-dpco-12vdc-2a/dp/1175070"; VariantName = "[No Variations]"
Added Component: Designator=K8_U_relay_ladder3(AXICOM IM-G Relay)
Add component (AddParameter): Name = "Farnell ID"; Value = "1175070"; VariantName = "[No Variations]"
Add component (AddParameter): Name = "URL"; Value = "http://si.farnell.com/te-connectivity-axicom/im06gr/relay-gull-wing-dpco-12vdc-2a/dp/1175070"; VariantName = "[No Variations]"
Added Component: Designator=K8_U_relay_ladder4(AXICOM IM-G Relay)
Add component (AddParameter): Name = "Farnell ID"; Value = "1175070"; VariantName = "[No Variations]"
Add component (AddParameter): Name = "URL"; Value = "http://si.farnell.com/te-connectivity-axicom/im06gr/relay-gull-wing-dpco-12vdc-2a/dp/1175070"; VariantName = "[No Variations]"
Added Component: Designator=K8_U_relay_ladder5(AXICOM IM-G Relay)
Add component (AddParameter): Name = "Farnell ID"; Value = "1175070"; VariantName = "[No Variations]"
Add component (AddParameter): Name = "URL"; Value = "http://si.farnell.com/te-connectivity-axicom/im06gr/relay-gull-wing-dpco-12vdc-2a/dp/1175070"; VariantName = "[No Variations]"
Added Component: Designator=K8_U_relay_ladder6(AXICOM IM-G Relay)
Add component (AddParameter): Name = "Farnell ID"; Value = "1175070"; VariantName = "[No Variations]"
Add component (AddParameter): Name = "URL"; Value = "http://si.farnell.com/te-connectivity-axicom/im06gr/relay-gull-wing-dpco-12vdc-2a/dp/1175070"; VariantName = "[No Variations]"
Added Component: Designator=MCP2(MCP23017 QFN)
Added Component: Designator=MCP3(MCP23017 QFN)
Added Component: Designator=P4(HDR1X5)
Add component (AddParameter): Name = "LatestRevisionDate"; Value = "17-Jul-2002"; VariantName = "[No Variations]"
Add component (AddParameter): Name = "LatestRevisionNote"; Value = "Re-released for DXP Platform."; VariantName = "[No Variations]"
Add component (AddParameter): Name = "Publisher"; Value = "Altium Limited"; VariantName = "[No Variations]"
Added Component: Designator=R5_U_relay_ladder3(R2012_0805I_L)
Added Component: Designator=R5_U_relay_ladder4(R2012_0805I_L)
Added Component: Designator=R5_U_relay_ladder5(R2012_0805I_L)
Added Component: Designator=R5_U_relay_ladder6(R2012_0805I_L)
Added Component: Designator=R6_U_relay_ladder3(R2012_0805I_L)
Added Component: Designator=R6_U_relay_ladder4(R2012_0805I_L)
Added Component: Designator=R6_U_relay_ladder5(R2012_0805I_L)
Added Component: Designator=R6_U_relay_ladder6(R2012_0805I_L)
Added Component: Designator=R7_U_relay_ladder3(R2012_0805I_L)
Added Component: Designator=R7_U_relay_ladder4(R2012_0805I_L)
Added Component: Designator=R7_U_relay_ladder5(R2012_0805I_L)
Added Component: Designator=R7_U_relay_ladder6(R2012_0805I_L)
Added Component: Designator=R8_U_relay_ladder3(R2012_0805I_L)
Added Component: Designator=R8_U_relay_ladder4(R2012_0805I_L)
Added Component: Designator=R8_U_relay_ladder5(R2012_0805I_L)
Added Component: Designator=R8_U_relay_ladder6(R2012_0805I_L)
Added Component: Designator=R9_U_relay_ladder3(R2012_0805I_L)
Added Component: Designator=R9_U_relay_ladder4(R2012_0805I_L)
Added Component: Designator=R9_U_relay_ladder5(R2012_0805I_L)
Added Component: Designator=R9_U_relay_ladder6(R2012_0805I_L)
Added Component: Designator=R10_U_relay_ladder3(R2012_0805I_L)
Added Component: Designator=R10_U_relay_ladder4(R2012_0805I_L)
Added Component: Designator=R10_U_relay_ladder5(R2012_0805I_L)
Added Component: Designator=R10_U_relay_ladder6(R2012_0805I_L)
Added Component: Designator=R11_U_relay_ladder3(R2012_0805I_L)
Added Component: Designator=R11_U_relay_ladder4(R2012_0805I_L)
Added Component: Designator=R11_U_relay_ladder5(R2012_0805I_L)
Added Component: Designator=R11_U_relay_ladder6(R2012_0805I_L)
Added Component: Designator=R12_U_relay_ladder3(R2012_0805I_L)
Added Component: Designator=R12_U_relay_ladder4(R2012_0805I_L)
Added Component: Designator=R12_U_relay_ladder5(R2012_0805I_L)
Added Component: Designator=R12_U_relay_ladder6(R2012_0805I_L)
Added Component: Designator=R13_U_relay_ladder3(R2012_0805I_L)
Added Component: Designator=R13_U_relay_ladder4(R2012_0805I_L)
Added Component: Designator=R13_U_relay_ladder5(R2012_0805I_L)
Added Component: Designator=R13_U_relay_ladder6(R2012_0805I_L)
Added Component: Designator=R14_U_relay_ladder3(R2012_0805I_L)
Added Component: Designator=R14_U_relay_ladder4(R2012_0805I_L)
Added Component: Designator=R14_U_relay_ladder5(R2012_0805I_L)
Added Component: Designator=R14_U_relay_ladder6(R2012_0805I_L)
Added Component: Designator=R15_U_relay_ladder3(R2012_0805I_L)
Added Component: Designator=R15_U_relay_ladder4(R2012_0805I_L)
Added Component: Designator=R15_U_relay_ladder5(R2012_0805I_L)
Added Component: Designator=R15_U_relay_ladder6(R2012_0805I_L)
Added Component: Designator=R16_U_relay_ladder3(R2012_0805I_L)
Added Component: Designator=R16_U_relay_ladder4(R2012_0805I_L)
Added Component: Designator=R16_U_relay_ladder5(R2012_0805I_L)
Added Component: Designator=R16_U_relay_ladder6(R2012_0805I_L)
Added Component: Designator=R17_U_relay_ladder3(R2012_0805I_L)
Added Component: Designator=R17_U_relay_ladder4(R2012_0805I_L)
Added Component: Designator=R17_U_relay_ladder5(R2012_0805I_L)
Added Component: Designator=R17_U_relay_ladder6(R2012_0805I_L)
Added Component: Designator=R18_U_relay_ladder3(R2012_0805I_L)
Added Component: Designator=R18_U_relay_ladder4(R2012_0805I_L)
Added Component: Designator=R18_U_relay_ladder5(R2012_0805I_L)
Added Component: Designator=R18_U_relay_ladder6(R2012_0805I_L)
Added Component: Designator=R19_U_relay_ladder3(R2012_0805I_L)
Added Component: Designator=R19_U_relay_ladder4(R2012_0805I_L)
Added Component: Designator=R19_U_relay_ladder5(R2012_0805I_L)
Added Component: Designator=R19_U_relay_ladder6(R2012_0805I_L)
Added Component: Designator=R20_U_relay_ladder3(R2012_0805I_L)
Added Component: Designator=R20_U_relay_ladder4(R2012_0805I_L)
Added Component: Designator=R20_U_relay_ladder5(R2012_0805I_L)
Added Component: Designator=R20_U_relay_ladder6(R2012_0805I_L)
Added Component: Designator=R22(R1005_0402i_L)
Added Component: Designator=R23(R1005_0402i_L)
Added Component: Designator=TP3(PAD_CIRC_HOLE)
Added Component: Designator=TP4(PAD_CIRC_HOLE)
Added Component: Designator=TP5(PAD_CIRC_HOLE)
Added Component: Designator=TP6(PAD_CIRC_HOLE)
Added Component: Designator=ULN3(QFN127P600-8N)
Added Component: Designator=ULN4(QFN127P600-8N)
Added Component: Designator=ULN5(QFN127P600-8N)
Added Component: Designator=ULN6(QFN127P600-8N)
Added Pin To Net: NetName=GND Pin=C12-1
Added Pin To Net: NetName=+3V3 Pin=C12-2
Added Pin To Net: NetName=GND Pin=C13-1
Added Pin To Net: NetName=+12 Pin=C14-1
Added Pin To Net: NetName=RGND Pin=C14-2
Added Pin To Net: NetName=+12 Pin=C15-1
Added Pin To Net: NetName=RGND Pin=C15-2
Added Pin To Net: NetName=GND Pin=C16-1
Added Pin To Net: NetName=+3V3 Pin=C16-2
Added Pin To Net: NetName=GND Pin=C17-1
Added Pin To Net: NetName=+12 Pin=C18-1
Added Pin To Net: NetName=RGND Pin=C18-2
Added Pin To Net: NetName=+12 Pin=C19-1
Added Pin To Net: NetName=RGND Pin=C19-2
Added Pin To Net: NetName=+12 Pin=C20-1
Added Pin To Net: NetName=GND Pin=C20-2
Added Pin To Net: NetName=VCC 5V Pin=C21-1
Added Pin To Net: NetName=GND Pin=C21-2
Added Pin To Net: NetName=+12 Pin=K1_U_relay_ladder3-1
Added Pin To Net: NetName=+12 Pin=K1_U_relay_ladder4-1
Added Pin To Net: NetName=+12 Pin=K1_U_relay_ladder5-1
Added Pin To Net: NetName=+12 Pin=K1_U_relay_ladder6-1
Added Pin To Net: NetName=+12 Pin=K2_U_relay_ladder3-1
Added Pin To Net: NetName=+12 Pin=K2_U_relay_ladder4-1
Added Pin To Net: NetName=+12 Pin=K2_U_relay_ladder5-1
Added Pin To Net: NetName=+12 Pin=K2_U_relay_ladder6-1
Added Pin To Net: NetName=+12 Pin=K3_U_relay_ladder3-1
Added Pin To Net: NetName=+12 Pin=K3_U_relay_ladder4-1
Added Pin To Net: NetName=+12 Pin=K3_U_relay_ladder5-1
Added Pin To Net: NetName=+12 Pin=K3_U_relay_ladder6-1
Added Pin To Net: NetName=+12 Pin=K4_U_relay_ladder3-1
Added Pin To Net: NetName=+12 Pin=K4_U_relay_ladder4-1
Added Pin To Net: NetName=+12 Pin=K4_U_relay_ladder5-1
Added Pin To Net: NetName=+12 Pin=K4_U_relay_ladder6-1
Added Pin To Net: NetName=+12 Pin=K5_U_relay_ladder3-1
Added Pin To Net: NetName=+12 Pin=K5_U_relay_ladder4-1
Added Pin To Net: NetName=+12 Pin=K5_U_relay_ladder5-1
Added Pin To Net: NetName=+12 Pin=K5_U_relay_ladder6-1
Added Pin To Net: NetName=+12 Pin=K6_U_relay_ladder3-1
Added Pin To Net: NetName=+12 Pin=K6_U_relay_ladder4-1
Added Pin To Net: NetName=+12 Pin=K6_U_relay_ladder5-1
Added Pin To Net: NetName=+12 Pin=K6_U_relay_ladder6-1
Added Pin To Net: NetName=+12 Pin=K7_U_relay_ladder3-1
Added Pin To Net: NetName=+12 Pin=K7_U_relay_ladder4-1
Added Pin To Net: NetName=+12 Pin=K7_U_relay_ladder5-1
Added Pin To Net: NetName=+12 Pin=K7_U_relay_ladder6-1
Added Pin To Net: NetName=+12 Pin=K8_U_relay_ladder3-1
Added Pin To Net: NetName=+12 Pin=K8_U_relay_ladder4-1
Added Pin To Net: NetName=+12 Pin=K8_U_relay_ladder5-1
Added Pin To Net: NetName=+12 Pin=K8_U_relay_ladder6-1
Added Pin To Net: NetName=+3V3 Pin=MCP2-5
Added Pin To Net: NetName=GND Pin=MCP2-6
Added Pin To Net: NetName=NetB1_1 Pin=MCP2-8
Added Pin To Net: NetName=NetB1_28 Pin=MCP2-9
Added Pin To Net: NetName=GND Pin=MCP2-11
Added Pin To Net: NetName=GND Pin=MCP2-12
Added Pin To Net: NetName=GND Pin=MCP2-13
Added Pin To Net: NetName=+3V3 Pin=MCP3-5
Added Pin To Net: NetName=GND Pin=MCP3-6
Added Pin To Net: NetName=NetB1_1 Pin=MCP3-8
Added Pin To Net: NetName=NetB1_28 Pin=MCP3-9
Added Pin To Net: NetName=GND Pin=MCP3-11
Added Pin To Net: NetName=GND Pin=MCP3-12
Added Pin To Net: NetName=GND Pin=MCP3-13
Added Pin To Net: NetName=AGND Pin=P3-12
Added Pin To Net: NetName=AGND Pin=P3-16
Added Pin To Net: NetName=AGND Pin=P3-20
Added Pin To Net: NetName=GND Pin=P4-1
Added Pin To Net: NetName=+12 Pin=P4-2
Added Pin To Net: NetName=VCC 5V Pin=P4-3
Added Pin To Net: NetName=+12 Pin=P4-4
Added Pin To Net: NetName=GND Pin=P4-5
Added Pin To Net: NetName=+3V3 Pin=R22-1
Added Pin To Net: NetName=+3V3 Pin=R23-1
Added Pin To Net: NetName=RGND Pin=ULN3-8
Added Pin To Net: NetName=+12 Pin=ULN3-9
Added Pin To Net: NetName=RGND Pin=ULN3-21
Added Pin To Net: NetName=RGND Pin=ULN4-8
Added Pin To Net: NetName=+12 Pin=ULN4-9
Added Pin To Net: NetName=RGND Pin=ULN4-21
Added Pin To Net: NetName=RGND Pin=ULN5-8
Added Pin To Net: NetName=+12 Pin=ULN5-9
Added Pin To Net: NetName=RGND Pin=ULN5-21
Added Pin To Net: NetName=RGND Pin=ULN6-8
Added Pin To Net: NetName=+12 Pin=ULN6-9
Added Pin To Net: NetName=RGND Pin=ULN6-21
Change Net Name : Old Net Name=NetB1_1 New Net Name=SCL_DRV
Change Net Name : Old Net Name=NetB1_28 New Net Name=SDA_DRV
Added Pin To Net: NetName=A3 Pin=K1_U_relay_ladder3-6
Added Pin To Net: NetName=A3 Pin=P3-11
Added Pin To Net: NetName=A3 Pin=R13_U_relay_ladder3-1
Added Net: Name=A3
Added Pin To Net: NetName=A4 Pin=K1_U_relay_ladder4-6
Added Pin To Net: NetName=A4 Pin=P3-15
Added Pin To Net: NetName=A4 Pin=R13_U_relay_ladder4-1
Added Net: Name=A4
Added Pin To Net: NetName=A5 Pin=K1_U_relay_ladder5-6
Added Pin To Net: NetName=A5 Pin=P3-19
Added Pin To Net: NetName=A5 Pin=R13_U_relay_ladder5-1
Added Net: Name=A5
Added Pin To Net: NetName=A6 Pin=K1_U_relay_ladder6-6
Added Pin To Net: NetName=A6 Pin=R13_U_relay_ladder6-1
Added Net: Name=A6
Added Pin To Net: NetName=B3 Pin=J3_U_relay_ladder3-1
Added Pin To Net: NetName=B3 Pin=J3_U_relay_ladder3-2
Added Pin To Net: NetName=B3 Pin=K8_U_relay_ladder3-3
Added Pin To Net: NetName=B3 Pin=K8_U_relay_ladder3-7
Added Pin To Net: NetName=B3 Pin=P3-10
Added Pin To Net: NetName=B3 Pin=R12_U_relay_ladder3-2
Added Pin To Net: NetName=B3 Pin=R20_U_relay_ladder3-2
Added Pin To Net: NetName=B3 Pin=TP3-1
Added Net: Name=B3
Added Pin To Net: NetName=B4 Pin=J3_U_relay_ladder4-1
Added Pin To Net: NetName=B4 Pin=J3_U_relay_ladder4-2
Added Pin To Net: NetName=B4 Pin=K8_U_relay_ladder4-3
Added Pin To Net: NetName=B4 Pin=K8_U_relay_ladder4-7
Added Pin To Net: NetName=B4 Pin=P3-14
Added Pin To Net: NetName=B4 Pin=R12_U_relay_ladder4-2
Added Pin To Net: NetName=B4 Pin=R20_U_relay_ladder4-2
Added Pin To Net: NetName=B4 Pin=TP4-1
Added Net: Name=B4
Added Pin To Net: NetName=B5 Pin=J3_U_relay_ladder5-1
Added Pin To Net: NetName=B5 Pin=J3_U_relay_ladder5-2
Added Pin To Net: NetName=B5 Pin=K8_U_relay_ladder5-3
Added Pin To Net: NetName=B5 Pin=K8_U_relay_ladder5-7
Added Pin To Net: NetName=B5 Pin=P3-18
Added Pin To Net: NetName=B5 Pin=R12_U_relay_ladder5-2
Added Pin To Net: NetName=B5 Pin=R20_U_relay_ladder5-2
Added Pin To Net: NetName=B5 Pin=TP5-1
Added Net: Name=B5
Added Pin To Net: NetName=B6 Pin=J3_U_relay_ladder6-1
Added Pin To Net: NetName=B6 Pin=J3_U_relay_ladder6-2
Added Pin To Net: NetName=B6 Pin=K8_U_relay_ladder6-3
Added Pin To Net: NetName=B6 Pin=K8_U_relay_ladder6-7
Added Pin To Net: NetName=B6 Pin=R12_U_relay_ladder6-2
Added Pin To Net: NetName=B6 Pin=R20_U_relay_ladder6-2
Added Pin To Net: NetName=B6 Pin=TP6-1
Added Net: Name=B6
Added Pin To Net: NetName=C3 Pin=K1_U_relay_ladder3-4
Added Pin To Net: NetName=C3 Pin=P3-9
Added Pin To Net: NetName=C3 Pin=R5_U_relay_ladder3-1
Added Net: Name=C3
Added Pin To Net: NetName=C4 Pin=K1_U_relay_ladder4-4
Added Pin To Net: NetName=C4 Pin=P3-13
Added Pin To Net: NetName=C4 Pin=R5_U_relay_ladder4-1
Added Net: Name=C4
Added Pin To Net: NetName=C5 Pin=K1_U_relay_ladder5-4
Added Pin To Net: NetName=C5 Pin=P3-17
Added Pin To Net: NetName=C5 Pin=R5_U_relay_ladder5-1
Added Net: Name=C5
Added Pin To Net: NetName=C6 Pin=K1_U_relay_ladder6-4
Added Pin To Net: NetName=C6 Pin=R5_U_relay_ladder6-1
Added Net: Name=C6
Added Pin To Net: NetName=NetC13_2 Pin=C13-2
Added Pin To Net: NetName=NetC13_2 Pin=MCP2-14
Added Pin To Net: NetName=NetC13_2 Pin=R22-2
Added Net: Name=NetC13_2
Added Pin To Net: NetName=NetC17_2 Pin=C17-2
Added Pin To Net: NetName=NetC17_2 Pin=MCP3-14
Added Pin To Net: NetName=NetC17_2 Pin=R23-2
Added Net: Name=NetC17_2
Added Pin To Net: NetName=NetK1_U_relay_ladder3_3 Pin=K1_U_relay_ladder3-3
Added Pin To Net: NetName=NetK1_U_relay_ladder3_3 Pin=K2_U_relay_ladder3-4
Added Pin To Net: NetName=NetK1_U_relay_ladder3_3 Pin=R5_U_relay_ladder3-2
Added Pin To Net: NetName=NetK1_U_relay_ladder3_3 Pin=R6_U_relay_ladder3-1
Added Net: Name=NetK1_U_relay_ladder3_3
Added Pin To Net: NetName=NetK1_U_relay_ladder3_7 Pin=K1_U_relay_ladder3-7
Added Pin To Net: NetName=NetK1_U_relay_ladder3_7 Pin=K2_U_relay_ladder3-6
Added Pin To Net: NetName=NetK1_U_relay_ladder3_7 Pin=R13_U_relay_ladder3-2
Added Pin To Net: NetName=NetK1_U_relay_ladder3_7 Pin=R14_U_relay_ladder3-1
Added Net: Name=NetK1_U_relay_ladder3_7
Added Pin To Net: NetName=NetK1_U_relay_ladder3_8 Pin=K1_U_relay_ladder3-8
Added Pin To Net: NetName=NetK1_U_relay_ladder3_8 Pin=ULN3-10
Added Net: Name=NetK1_U_relay_ladder3_8
Added Pin To Net: NetName=NetK1_U_relay_ladder4_3 Pin=K1_U_relay_ladder4-3
Added Pin To Net: NetName=NetK1_U_relay_ladder4_3 Pin=K2_U_relay_ladder4-4
Added Pin To Net: NetName=NetK1_U_relay_ladder4_3 Pin=R5_U_relay_ladder4-2
Added Pin To Net: NetName=NetK1_U_relay_ladder4_3 Pin=R6_U_relay_ladder4-1
Added Net: Name=NetK1_U_relay_ladder4_3
Added Pin To Net: NetName=NetK1_U_relay_ladder4_7 Pin=K1_U_relay_ladder4-7
Added Pin To Net: NetName=NetK1_U_relay_ladder4_7 Pin=K2_U_relay_ladder4-6
Added Pin To Net: NetName=NetK1_U_relay_ladder4_7 Pin=R13_U_relay_ladder4-2
Added Pin To Net: NetName=NetK1_U_relay_ladder4_7 Pin=R14_U_relay_ladder4-1
Added Net: Name=NetK1_U_relay_ladder4_7
Added Pin To Net: NetName=NetK1_U_relay_ladder4_8 Pin=K1_U_relay_ladder4-8
Added Pin To Net: NetName=NetK1_U_relay_ladder4_8 Pin=ULN4-10
Added Net: Name=NetK1_U_relay_ladder4_8
Added Pin To Net: NetName=NetK1_U_relay_ladder5_3 Pin=K1_U_relay_ladder5-3
Added Pin To Net: NetName=NetK1_U_relay_ladder5_3 Pin=K2_U_relay_ladder5-4
Added Pin To Net: NetName=NetK1_U_relay_ladder5_3 Pin=R5_U_relay_ladder5-2
Added Pin To Net: NetName=NetK1_U_relay_ladder5_3 Pin=R6_U_relay_ladder5-1
Added Net: Name=NetK1_U_relay_ladder5_3
Added Pin To Net: NetName=NetK1_U_relay_ladder5_7 Pin=K1_U_relay_ladder5-7
Added Pin To Net: NetName=NetK1_U_relay_ladder5_7 Pin=K2_U_relay_ladder5-6
Added Pin To Net: NetName=NetK1_U_relay_ladder5_7 Pin=R13_U_relay_ladder5-2
Added Pin To Net: NetName=NetK1_U_relay_ladder5_7 Pin=R14_U_relay_ladder5-1
Added Net: Name=NetK1_U_relay_ladder5_7
Added Pin To Net: NetName=NetK1_U_relay_ladder5_8 Pin=K1_U_relay_ladder5-8
Added Pin To Net: NetName=NetK1_U_relay_ladder5_8 Pin=ULN5-10
Added Net: Name=NetK1_U_relay_ladder5_8
Added Pin To Net: NetName=NetK1_U_relay_ladder6_3 Pin=K1_U_relay_ladder6-3
Added Pin To Net: NetName=NetK1_U_relay_ladder6_3 Pin=K2_U_relay_ladder6-4
Added Pin To Net: NetName=NetK1_U_relay_ladder6_3 Pin=R5_U_relay_ladder6-2
Added Pin To Net: NetName=NetK1_U_relay_ladder6_3 Pin=R6_U_relay_ladder6-1
Added Net: Name=NetK1_U_relay_ladder6_3
Added Pin To Net: NetName=NetK1_U_relay_ladder6_7 Pin=K1_U_relay_ladder6-7
Added Pin To Net: NetName=NetK1_U_relay_ladder6_7 Pin=K2_U_relay_ladder6-6
Added Pin To Net: NetName=NetK1_U_relay_ladder6_7 Pin=R13_U_relay_ladder6-2
Added Pin To Net: NetName=NetK1_U_relay_ladder6_7 Pin=R14_U_relay_ladder6-1
Added Net: Name=NetK1_U_relay_ladder6_7
Added Pin To Net: NetName=NetK1_U_relay_ladder6_8 Pin=K1_U_relay_ladder6-8
Added Pin To Net: NetName=NetK1_U_relay_ladder6_8 Pin=ULN6-10
Added Net: Name=NetK1_U_relay_ladder6_8
Added Pin To Net: NetName=NetK2_U_relay_ladder3_3 Pin=K2_U_relay_ladder3-3
Added Pin To Net: NetName=NetK2_U_relay_ladder3_3 Pin=K3_U_relay_ladder3-4
Added Pin To Net: NetName=NetK2_U_relay_ladder3_3 Pin=R6_U_relay_ladder3-2
Added Pin To Net: NetName=NetK2_U_relay_ladder3_3 Pin=R7_U_relay_ladder3-1
Added Net: Name=NetK2_U_relay_ladder3_3
Added Pin To Net: NetName=NetK2_U_relay_ladder3_7 Pin=K2_U_relay_ladder3-7
Added Pin To Net: NetName=NetK2_U_relay_ladder3_7 Pin=K3_U_relay_ladder3-6
Added Pin To Net: NetName=NetK2_U_relay_ladder3_7 Pin=R14_U_relay_ladder3-2
Added Pin To Net: NetName=NetK2_U_relay_ladder3_7 Pin=R15_U_relay_ladder3-1
Added Net: Name=NetK2_U_relay_ladder3_7
Added Pin To Net: NetName=NetK2_U_relay_ladder3_8 Pin=K2_U_relay_ladder3-8
Added Pin To Net: NetName=NetK2_U_relay_ladder3_8 Pin=ULN3-11
Added Net: Name=NetK2_U_relay_ladder3_8
Added Pin To Net: NetName=NetK2_U_relay_ladder4_3 Pin=K2_U_relay_ladder4-3
Added Pin To Net: NetName=NetK2_U_relay_ladder4_3 Pin=K3_U_relay_ladder4-4
Added Pin To Net: NetName=NetK2_U_relay_ladder4_3 Pin=R6_U_relay_ladder4-2
Added Pin To Net: NetName=NetK2_U_relay_ladder4_3 Pin=R7_U_relay_ladder4-1
Added Net: Name=NetK2_U_relay_ladder4_3
Added Pin To Net: NetName=NetK2_U_relay_ladder4_7 Pin=K2_U_relay_ladder4-7
Added Pin To Net: NetName=NetK2_U_relay_ladder4_7 Pin=K3_U_relay_ladder4-6
Added Pin To Net: NetName=NetK2_U_relay_ladder4_7 Pin=R14_U_relay_ladder4-2
Added Pin To Net: NetName=NetK2_U_relay_ladder4_7 Pin=R15_U_relay_ladder4-1
Added Net: Name=NetK2_U_relay_ladder4_7
Added Pin To Net: NetName=NetK2_U_relay_ladder4_8 Pin=K2_U_relay_ladder4-8
Added Pin To Net: NetName=NetK2_U_relay_ladder4_8 Pin=ULN4-11
Added Net: Name=NetK2_U_relay_ladder4_8
Added Pin To Net: NetName=NetK2_U_relay_ladder5_3 Pin=K2_U_relay_ladder5-3
Added Pin To Net: NetName=NetK2_U_relay_ladder5_3 Pin=K3_U_relay_ladder5-4
Added Pin To Net: NetName=NetK2_U_relay_ladder5_3 Pin=R6_U_relay_ladder5-2
Added Pin To Net: NetName=NetK2_U_relay_ladder5_3 Pin=R7_U_relay_ladder5-1
Added Net: Name=NetK2_U_relay_ladder5_3
Added Pin To Net: NetName=NetK2_U_relay_ladder5_7 Pin=K2_U_relay_ladder5-7
Added Pin To Net: NetName=NetK2_U_relay_ladder5_7 Pin=K3_U_relay_ladder5-6
Added Pin To Net: NetName=NetK2_U_relay_ladder5_7 Pin=R14_U_relay_ladder5-2
Added Pin To Net: NetName=NetK2_U_relay_ladder5_7 Pin=R15_U_relay_ladder5-1
Added Net: Name=NetK2_U_relay_ladder5_7
Added Pin To Net: NetName=NetK2_U_relay_ladder5_8 Pin=K2_U_relay_ladder5-8
Added Pin To Net: NetName=NetK2_U_relay_ladder5_8 Pin=ULN5-11
Added Net: Name=NetK2_U_relay_ladder5_8
Added Pin To Net: NetName=NetK2_U_relay_ladder6_3 Pin=K2_U_relay_ladder6-3
Added Pin To Net: NetName=NetK2_U_relay_ladder6_3 Pin=K3_U_relay_ladder6-4
Added Pin To Net: NetName=NetK2_U_relay_ladder6_3 Pin=R6_U_relay_ladder6-2
Added Pin To Net: NetName=NetK2_U_relay_ladder6_3 Pin=R7_U_relay_ladder6-1
Added Net: Name=NetK2_U_relay_ladder6_3
Added Pin To Net: NetName=NetK2_U_relay_ladder6_7 Pin=K2_U_relay_ladder6-7
Added Pin To Net: NetName=NetK2_U_relay_ladder6_7 Pin=K3_U_relay_ladder6-6
Added Pin To Net: NetName=NetK2_U_relay_ladder6_7 Pin=R14_U_relay_ladder6-2
Added Pin To Net: NetName=NetK2_U_relay_ladder6_7 Pin=R15_U_relay_ladder6-1
Added Net: Name=NetK2_U_relay_ladder6_7
Added Pin To Net: NetName=NetK2_U_relay_ladder6_8 Pin=K2_U_relay_ladder6-8
Added Pin To Net: NetName=NetK2_U_relay_ladder6_8 Pin=ULN6-11
Added Net: Name=NetK2_U_relay_ladder6_8
Added Pin To Net: NetName=NetK3_U_relay_ladder3_3 Pin=K3_U_relay_ladder3-3
Added Pin To Net: NetName=NetK3_U_relay_ladder3_3 Pin=K4_U_relay_ladder3-4
Added Pin To Net: NetName=NetK3_U_relay_ladder3_3 Pin=R7_U_relay_ladder3-2
Added Pin To Net: NetName=NetK3_U_relay_ladder3_3 Pin=R8_U_relay_ladder3-1
Added Net: Name=NetK3_U_relay_ladder3_3
Added Pin To Net: NetName=NetK3_U_relay_ladder3_7 Pin=K3_U_relay_ladder3-7
Added Pin To Net: NetName=NetK3_U_relay_ladder3_7 Pin=K4_U_relay_ladder3-6
Added Pin To Net: NetName=NetK3_U_relay_ladder3_7 Pin=R15_U_relay_ladder3-2
Added Pin To Net: NetName=NetK3_U_relay_ladder3_7 Pin=R16_U_relay_ladder3-1
Added Net: Name=NetK3_U_relay_ladder3_7
Added Pin To Net: NetName=NetK3_U_relay_ladder3_8 Pin=K3_U_relay_ladder3-8
Added Pin To Net: NetName=NetK3_U_relay_ladder3_8 Pin=ULN3-12
Added Net: Name=NetK3_U_relay_ladder3_8
Added Pin To Net: NetName=NetK3_U_relay_ladder4_3 Pin=K3_U_relay_ladder4-3
Added Pin To Net: NetName=NetK3_U_relay_ladder4_3 Pin=K4_U_relay_ladder4-4
Added Pin To Net: NetName=NetK3_U_relay_ladder4_3 Pin=R7_U_relay_ladder4-2
Added Pin To Net: NetName=NetK3_U_relay_ladder4_3 Pin=R8_U_relay_ladder4-1
Added Net: Name=NetK3_U_relay_ladder4_3
Added Pin To Net: NetName=NetK3_U_relay_ladder4_7 Pin=K3_U_relay_ladder4-7
Added Pin To Net: NetName=NetK3_U_relay_ladder4_7 Pin=K4_U_relay_ladder4-6
Added Pin To Net: NetName=NetK3_U_relay_ladder4_7 Pin=R15_U_relay_ladder4-2
Added Pin To Net: NetName=NetK3_U_relay_ladder4_7 Pin=R16_U_relay_ladder4-1
Added Net: Name=NetK3_U_relay_ladder4_7
Added Pin To Net: NetName=NetK3_U_relay_ladder4_8 Pin=K3_U_relay_ladder4-8
Added Pin To Net: NetName=NetK3_U_relay_ladder4_8 Pin=ULN4-12
Added Net: Name=NetK3_U_relay_ladder4_8
Added Pin To Net: NetName=NetK3_U_relay_ladder5_3 Pin=K3_U_relay_ladder5-3
Added Pin To Net: NetName=NetK3_U_relay_ladder5_3 Pin=K4_U_relay_ladder5-4
Added Pin To Net: NetName=NetK3_U_relay_ladder5_3 Pin=R7_U_relay_ladder5-2
Added Pin To Net: NetName=NetK3_U_relay_ladder5_3 Pin=R8_U_relay_ladder5-1
Added Net: Name=NetK3_U_relay_ladder5_3
Added Pin To Net: NetName=NetK3_U_relay_ladder5_7 Pin=K3_U_relay_ladder5-7
Added Pin To Net: NetName=NetK3_U_relay_ladder5_7 Pin=K4_U_relay_ladder5-6
Added Pin To Net: NetName=NetK3_U_relay_ladder5_7 Pin=R15_U_relay_ladder5-2
Added Pin To Net: NetName=NetK3_U_relay_ladder5_7 Pin=R16_U_relay_ladder5-1
Added Net: Name=NetK3_U_relay_ladder5_7
Added Pin To Net: NetName=NetK3_U_relay_ladder5_8 Pin=K3_U_relay_ladder5-8
Added Pin To Net: NetName=NetK3_U_relay_ladder5_8 Pin=ULN5-12
Added Net: Name=NetK3_U_relay_ladder5_8
Added Pin To Net: NetName=NetK3_U_relay_ladder6_3 Pin=K3_U_relay_ladder6-3
Added Pin To Net: NetName=NetK3_U_relay_ladder6_3 Pin=K4_U_relay_ladder6-4
Added Pin To Net: NetName=NetK3_U_relay_ladder6_3 Pin=R7_U_relay_ladder6-2
Added Pin To Net: NetName=NetK3_U_relay_ladder6_3 Pin=R8_U_relay_ladder6-1
Added Net: Name=NetK3_U_relay_ladder6_3
Added Pin To Net: NetName=NetK3_U_relay_ladder6_7 Pin=K3_U_relay_ladder6-7
Added Pin To Net: NetName=NetK3_U_relay_ladder6_7 Pin=K4_U_relay_ladder6-6
Added Pin To Net: NetName=NetK3_U_relay_ladder6_7 Pin=R15_U_relay_ladder6-2
Added Pin To Net: NetName=NetK3_U_relay_ladder6_7 Pin=R16_U_relay_ladder6-1
Added Net: Name=NetK3_U_relay_ladder6_7
Added Pin To Net: NetName=NetK3_U_relay_ladder6_8 Pin=K3_U_relay_ladder6-8
Added Pin To Net: NetName=NetK3_U_relay_ladder6_8 Pin=ULN6-12
Added Net: Name=NetK3_U_relay_ladder6_8
Added Pin To Net: NetName=NetK4_U_relay_ladder3_3 Pin=K4_U_relay_ladder3-3
Added Pin To Net: NetName=NetK4_U_relay_ladder3_3 Pin=K5_U_relay_ladder3-4
Added Pin To Net: NetName=NetK4_U_relay_ladder3_3 Pin=R8_U_relay_ladder3-2
Added Pin To Net: NetName=NetK4_U_relay_ladder3_3 Pin=R9_U_relay_ladder3-1
Added Net: Name=NetK4_U_relay_ladder3_3
Added Pin To Net: NetName=NetK4_U_relay_ladder3_7 Pin=K4_U_relay_ladder3-7
Added Pin To Net: NetName=NetK4_U_relay_ladder3_7 Pin=K5_U_relay_ladder3-6
Added Pin To Net: NetName=NetK4_U_relay_ladder3_7 Pin=R16_U_relay_ladder3-2
Added Pin To Net: NetName=NetK4_U_relay_ladder3_7 Pin=R17_U_relay_ladder3-1
Added Net: Name=NetK4_U_relay_ladder3_7
Added Pin To Net: NetName=NetK4_U_relay_ladder3_8 Pin=K4_U_relay_ladder3-8
Added Pin To Net: NetName=NetK4_U_relay_ladder3_8 Pin=ULN3-13
Added Net: Name=NetK4_U_relay_ladder3_8
Added Pin To Net: NetName=NetK4_U_relay_ladder4_3 Pin=K4_U_relay_ladder4-3
Added Pin To Net: NetName=NetK4_U_relay_ladder4_3 Pin=K5_U_relay_ladder4-4
Added Pin To Net: NetName=NetK4_U_relay_ladder4_3 Pin=R8_U_relay_ladder4-2
Added Pin To Net: NetName=NetK4_U_relay_ladder4_3 Pin=R9_U_relay_ladder4-1
Added Net: Name=NetK4_U_relay_ladder4_3
Added Pin To Net: NetName=NetK4_U_relay_ladder4_7 Pin=K4_U_relay_ladder4-7
Added Pin To Net: NetName=NetK4_U_relay_ladder4_7 Pin=K5_U_relay_ladder4-6
Added Pin To Net: NetName=NetK4_U_relay_ladder4_7 Pin=R16_U_relay_ladder4-2
Added Pin To Net: NetName=NetK4_U_relay_ladder4_7 Pin=R17_U_relay_ladder4-1
Added Net: Name=NetK4_U_relay_ladder4_7
Added Pin To Net: NetName=NetK4_U_relay_ladder4_8 Pin=K4_U_relay_ladder4-8
Added Pin To Net: NetName=NetK4_U_relay_ladder4_8 Pin=ULN4-13
Added Net: Name=NetK4_U_relay_ladder4_8
Added Pin To Net: NetName=NetK4_U_relay_ladder5_3 Pin=K4_U_relay_ladder5-3
Added Pin To Net: NetName=NetK4_U_relay_ladder5_3 Pin=K5_U_relay_ladder5-4
Added Pin To Net: NetName=NetK4_U_relay_ladder5_3 Pin=R8_U_relay_ladder5-2
Added Pin To Net: NetName=NetK4_U_relay_ladder5_3 Pin=R9_U_relay_ladder5-1
Added Net: Name=NetK4_U_relay_ladder5_3
Added Pin To Net: NetName=NetK4_U_relay_ladder5_7 Pin=K4_U_relay_ladder5-7
Added Pin To Net: NetName=NetK4_U_relay_ladder5_7 Pin=K5_U_relay_ladder5-6
Added Pin To Net: NetName=NetK4_U_relay_ladder5_7 Pin=R16_U_relay_ladder5-2
Added Pin To Net: NetName=NetK4_U_relay_ladder5_7 Pin=R17_U_relay_ladder5-1
Added Net: Name=NetK4_U_relay_ladder5_7
Added Pin To Net: NetName=NetK4_U_relay_ladder5_8 Pin=K4_U_relay_ladder5-8
Added Pin To Net: NetName=NetK4_U_relay_ladder5_8 Pin=ULN5-13
Added Net: Name=NetK4_U_relay_ladder5_8
Added Pin To Net: NetName=NetK4_U_relay_ladder6_3 Pin=K4_U_relay_ladder6-3
Added Pin To Net: NetName=NetK4_U_relay_ladder6_3 Pin=K5_U_relay_ladder6-4
Added Pin To Net: NetName=NetK4_U_relay_ladder6_3 Pin=R8_U_relay_ladder6-2
Added Pin To Net: NetName=NetK4_U_relay_ladder6_3 Pin=R9_U_relay_ladder6-1
Added Net: Name=NetK4_U_relay_ladder6_3
Added Pin To Net: NetName=NetK4_U_relay_ladder6_7 Pin=K4_U_relay_ladder6-7
Added Pin To Net: NetName=NetK4_U_relay_ladder6_7 Pin=K5_U_relay_ladder6-6
Added Pin To Net: NetName=NetK4_U_relay_ladder6_7 Pin=R16_U_relay_ladder6-2
Added Pin To Net: NetName=NetK4_U_relay_ladder6_7 Pin=R17_U_relay_ladder6-1
Added Net: Name=NetK4_U_relay_ladder6_7
Added Pin To Net: NetName=NetK4_U_relay_ladder6_8 Pin=K4_U_relay_ladder6-8
Added Pin To Net: NetName=NetK4_U_relay_ladder6_8 Pin=ULN6-13
Added Net: Name=NetK4_U_relay_ladder6_8
Added Pin To Net: NetName=NetK5_U_relay_ladder3_3 Pin=K5_U_relay_ladder3-3
Added Pin To Net: NetName=NetK5_U_relay_ladder3_3 Pin=K6_U_relay_ladder3-4
Added Pin To Net: NetName=NetK5_U_relay_ladder3_3 Pin=R9_U_relay_ladder3-2
Added Pin To Net: NetName=NetK5_U_relay_ladder3_3 Pin=R10_U_relay_ladder3-1
Added Net: Name=NetK5_U_relay_ladder3_3
Added Pin To Net: NetName=NetK5_U_relay_ladder3_7 Pin=K5_U_relay_ladder3-7
Added Pin To Net: NetName=NetK5_U_relay_ladder3_7 Pin=K6_U_relay_ladder3-6
Added Pin To Net: NetName=NetK5_U_relay_ladder3_7 Pin=R17_U_relay_ladder3-2
Added Pin To Net: NetName=NetK5_U_relay_ladder3_7 Pin=R18_U_relay_ladder3-1
Added Net: Name=NetK5_U_relay_ladder3_7
Added Pin To Net: NetName=NetK5_U_relay_ladder3_8 Pin=K5_U_relay_ladder3-8
Added Pin To Net: NetName=NetK5_U_relay_ladder3_8 Pin=ULN3-14
Added Net: Name=NetK5_U_relay_ladder3_8
Added Pin To Net: NetName=NetK5_U_relay_ladder4_3 Pin=K5_U_relay_ladder4-3
Added Pin To Net: NetName=NetK5_U_relay_ladder4_3 Pin=K6_U_relay_ladder4-4
Added Pin To Net: NetName=NetK5_U_relay_ladder4_3 Pin=R9_U_relay_ladder4-2
Added Pin To Net: NetName=NetK5_U_relay_ladder4_3 Pin=R10_U_relay_ladder4-1
Added Net: Name=NetK5_U_relay_ladder4_3
Added Pin To Net: NetName=NetK5_U_relay_ladder4_7 Pin=K5_U_relay_ladder4-7
Added Pin To Net: NetName=NetK5_U_relay_ladder4_7 Pin=K6_U_relay_ladder4-6
Added Pin To Net: NetName=NetK5_U_relay_ladder4_7 Pin=R17_U_relay_ladder4-2
Added Pin To Net: NetName=NetK5_U_relay_ladder4_7 Pin=R18_U_relay_ladder4-1
Added Net: Name=NetK5_U_relay_ladder4_7
Added Pin To Net: NetName=NetK5_U_relay_ladder4_8 Pin=K5_U_relay_ladder4-8
Added Pin To Net: NetName=NetK5_U_relay_ladder4_8 Pin=ULN4-14
Added Net: Name=NetK5_U_relay_ladder4_8
Added Pin To Net: NetName=NetK5_U_relay_ladder5_3 Pin=K5_U_relay_ladder5-3
Added Pin To Net: NetName=NetK5_U_relay_ladder5_3 Pin=K6_U_relay_ladder5-4
Added Pin To Net: NetName=NetK5_U_relay_ladder5_3 Pin=R9_U_relay_ladder5-2
Added Pin To Net: NetName=NetK5_U_relay_ladder5_3 Pin=R10_U_relay_ladder5-1
Added Net: Name=NetK5_U_relay_ladder5_3
Added Pin To Net: NetName=NetK5_U_relay_ladder5_7 Pin=K5_U_relay_ladder5-7
Added Pin To Net: NetName=NetK5_U_relay_ladder5_7 Pin=K6_U_relay_ladder5-6
Added Pin To Net: NetName=NetK5_U_relay_ladder5_7 Pin=R17_U_relay_ladder5-2
Added Pin To Net: NetName=NetK5_U_relay_ladder5_7 Pin=R18_U_relay_ladder5-1
Added Net: Name=NetK5_U_relay_ladder5_7
Added Pin To Net: NetName=NetK5_U_relay_ladder5_8 Pin=K5_U_relay_ladder5-8
Added Pin To Net: NetName=NetK5_U_relay_ladder5_8 Pin=ULN5-14
Added Net: Name=NetK5_U_relay_ladder5_8
Added Pin To Net: NetName=NetK5_U_relay_ladder6_3 Pin=K5_U_relay_ladder6-3
Added Pin To Net: NetName=NetK5_U_relay_ladder6_3 Pin=K6_U_relay_ladder6-4
Added Pin To Net: NetName=NetK5_U_relay_ladder6_3 Pin=R9_U_relay_ladder6-2
Added Pin To Net: NetName=NetK5_U_relay_ladder6_3 Pin=R10_U_relay_ladder6-1
Added Net: Name=NetK5_U_relay_ladder6_3
Added Pin To Net: NetName=NetK5_U_relay_ladder6_7 Pin=K5_U_relay_ladder6-7
Added Pin To Net: NetName=NetK5_U_relay_ladder6_7 Pin=K6_U_relay_ladder6-6
Added Pin To Net: NetName=NetK5_U_relay_ladder6_7 Pin=R17_U_relay_ladder6-2
Added Pin To Net: NetName=NetK5_U_relay_ladder6_7 Pin=R18_U_relay_ladder6-1
Added Net: Name=NetK5_U_relay_ladder6_7
Added Pin To Net: NetName=NetK5_U_relay_ladder6_8 Pin=K5_U_relay_ladder6-8
Added Pin To Net: NetName=NetK5_U_relay_ladder6_8 Pin=ULN6-14
Added Net: Name=NetK5_U_relay_ladder6_8
Added Pin To Net: NetName=NetK6_U_relay_ladder3_3 Pin=K6_U_relay_ladder3-3
Added Pin To Net: NetName=NetK6_U_relay_ladder3_3 Pin=K7_U_relay_ladder3-4
Added Pin To Net: NetName=NetK6_U_relay_ladder3_3 Pin=R10_U_relay_ladder3-2
Added Pin To Net: NetName=NetK6_U_relay_ladder3_3 Pin=R11_U_relay_ladder3-1
Added Net: Name=NetK6_U_relay_ladder3_3
Added Pin To Net: NetName=NetK6_U_relay_ladder3_7 Pin=K6_U_relay_ladder3-7
Added Pin To Net: NetName=NetK6_U_relay_ladder3_7 Pin=K7_U_relay_ladder3-6
Added Pin To Net: NetName=NetK6_U_relay_ladder3_7 Pin=R18_U_relay_ladder3-2
Added Pin To Net: NetName=NetK6_U_relay_ladder3_7 Pin=R19_U_relay_ladder3-1
Added Net: Name=NetK6_U_relay_ladder3_7
Added Pin To Net: NetName=NetK6_U_relay_ladder3_8 Pin=K6_U_relay_ladder3-8
Added Pin To Net: NetName=NetK6_U_relay_ladder3_8 Pin=ULN3-15
Added Net: Name=NetK6_U_relay_ladder3_8
Added Pin To Net: NetName=NetK6_U_relay_ladder4_3 Pin=K6_U_relay_ladder4-3
Added Pin To Net: NetName=NetK6_U_relay_ladder4_3 Pin=K7_U_relay_ladder4-4
Added Pin To Net: NetName=NetK6_U_relay_ladder4_3 Pin=R10_U_relay_ladder4-2
Added Pin To Net: NetName=NetK6_U_relay_ladder4_3 Pin=R11_U_relay_ladder4-1
Added Net: Name=NetK6_U_relay_ladder4_3
Added Pin To Net: NetName=NetK6_U_relay_ladder4_7 Pin=K6_U_relay_ladder4-7
Added Pin To Net: NetName=NetK6_U_relay_ladder4_7 Pin=K7_U_relay_ladder4-6
Added Pin To Net: NetName=NetK6_U_relay_ladder4_7 Pin=R18_U_relay_ladder4-2
Added Pin To Net: NetName=NetK6_U_relay_ladder4_7 Pin=R19_U_relay_ladder4-1
Added Net: Name=NetK6_U_relay_ladder4_7
Added Pin To Net: NetName=NetK6_U_relay_ladder4_8 Pin=K6_U_relay_ladder4-8
Added Pin To Net: NetName=NetK6_U_relay_ladder4_8 Pin=ULN4-15
Added Net: Name=NetK6_U_relay_ladder4_8
Added Pin To Net: NetName=NetK6_U_relay_ladder5_3 Pin=K6_U_relay_ladder5-3
Added Pin To Net: NetName=NetK6_U_relay_ladder5_3 Pin=K7_U_relay_ladder5-4
Added Pin To Net: NetName=NetK6_U_relay_ladder5_3 Pin=R10_U_relay_ladder5-2
Added Pin To Net: NetName=NetK6_U_relay_ladder5_3 Pin=R11_U_relay_ladder5-1
Added Net: Name=NetK6_U_relay_ladder5_3
Added Pin To Net: NetName=NetK6_U_relay_ladder5_7 Pin=K6_U_relay_ladder5-7
Added Pin To Net: NetName=NetK6_U_relay_ladder5_7 Pin=K7_U_relay_ladder5-6
Added Pin To Net: NetName=NetK6_U_relay_ladder5_7 Pin=R18_U_relay_ladder5-2
Added Pin To Net: NetName=NetK6_U_relay_ladder5_7 Pin=R19_U_relay_ladder5-1
Added Net: Name=NetK6_U_relay_ladder5_7
Added Pin To Net: NetName=NetK6_U_relay_ladder5_8 Pin=K6_U_relay_ladder5-8
Added Pin To Net: NetName=NetK6_U_relay_ladder5_8 Pin=ULN5-15
Added Net: Name=NetK6_U_relay_ladder5_8
Added Pin To Net: NetName=NetK6_U_relay_ladder6_3 Pin=K6_U_relay_ladder6-3
Added Pin To Net: NetName=NetK6_U_relay_ladder6_3 Pin=K7_U_relay_ladder6-4
Added Pin To Net: NetName=NetK6_U_relay_ladder6_3 Pin=R10_U_relay_ladder6-2
Added Pin To Net: NetName=NetK6_U_relay_ladder6_3 Pin=R11_U_relay_ladder6-1
Added Net: Name=NetK6_U_relay_ladder6_3
Added Pin To Net: NetName=NetK6_U_relay_ladder6_7 Pin=K6_U_relay_ladder6-7
Added Pin To Net: NetName=NetK6_U_relay_ladder6_7 Pin=K7_U_relay_ladder6-6
Added Pin To Net: NetName=NetK6_U_relay_ladder6_7 Pin=R18_U_relay_ladder6-2
Added Pin To Net: NetName=NetK6_U_relay_ladder6_7 Pin=R19_U_relay_ladder6-1
Added Net: Name=NetK6_U_relay_ladder6_7
Added Pin To Net: NetName=NetK6_U_relay_ladder6_8 Pin=K6_U_relay_ladder6-8
Added Pin To Net: NetName=NetK6_U_relay_ladder6_8 Pin=ULN6-15
Added Net: Name=NetK6_U_relay_ladder6_8
Added Pin To Net: NetName=NetK7_U_relay_ladder3_3 Pin=K7_U_relay_ladder3-3
Added Pin To Net: NetName=NetK7_U_relay_ladder3_3 Pin=K8_U_relay_ladder3-4
Added Pin To Net: NetName=NetK7_U_relay_ladder3_3 Pin=R11_U_relay_ladder3-2
Added Pin To Net: NetName=NetK7_U_relay_ladder3_3 Pin=R12_U_relay_ladder3-1
Added Net: Name=NetK7_U_relay_ladder3_3
Added Pin To Net: NetName=NetK7_U_relay_ladder3_7 Pin=K7_U_relay_ladder3-7
Added Pin To Net: NetName=NetK7_U_relay_ladder3_7 Pin=K8_U_relay_ladder3-6
Added Pin To Net: NetName=NetK7_U_relay_ladder3_7 Pin=R19_U_relay_ladder3-2
Added Pin To Net: NetName=NetK7_U_relay_ladder3_7 Pin=R20_U_relay_ladder3-1
Added Net: Name=NetK7_U_relay_ladder3_7
Added Pin To Net: NetName=NetK7_U_relay_ladder3_8 Pin=K7_U_relay_ladder3-8
Added Pin To Net: NetName=NetK7_U_relay_ladder3_8 Pin=ULN3-16
Added Net: Name=NetK7_U_relay_ladder3_8
Added Pin To Net: NetName=NetK7_U_relay_ladder4_3 Pin=K7_U_relay_ladder4-3
Added Pin To Net: NetName=NetK7_U_relay_ladder4_3 Pin=K8_U_relay_ladder4-4
Added Pin To Net: NetName=NetK7_U_relay_ladder4_3 Pin=R11_U_relay_ladder4-2
Added Pin To Net: NetName=NetK7_U_relay_ladder4_3 Pin=R12_U_relay_ladder4-1
Added Net: Name=NetK7_U_relay_ladder4_3
Added Pin To Net: NetName=NetK7_U_relay_ladder4_7 Pin=K7_U_relay_ladder4-7
Added Pin To Net: NetName=NetK7_U_relay_ladder4_7 Pin=K8_U_relay_ladder4-6
Added Pin To Net: NetName=NetK7_U_relay_ladder4_7 Pin=R19_U_relay_ladder4-2
Added Pin To Net: NetName=NetK7_U_relay_ladder4_7 Pin=R20_U_relay_ladder4-1
Added Net: Name=NetK7_U_relay_ladder4_7
Added Pin To Net: NetName=NetK7_U_relay_ladder4_8 Pin=K7_U_relay_ladder4-8
Added Pin To Net: NetName=NetK7_U_relay_ladder4_8 Pin=ULN4-16
Added Net: Name=NetK7_U_relay_ladder4_8
Added Pin To Net: NetName=NetK7_U_relay_ladder5_3 Pin=K7_U_relay_ladder5-3
Added Pin To Net: NetName=NetK7_U_relay_ladder5_3 Pin=K8_U_relay_ladder5-4
Added Pin To Net: NetName=NetK7_U_relay_ladder5_3 Pin=R11_U_relay_ladder5-2
Added Pin To Net: NetName=NetK7_U_relay_ladder5_3 Pin=R12_U_relay_ladder5-1
Added Net: Name=NetK7_U_relay_ladder5_3
Added Pin To Net: NetName=NetK7_U_relay_ladder5_7 Pin=K7_U_relay_ladder5-7
Added Pin To Net: NetName=NetK7_U_relay_ladder5_7 Pin=K8_U_relay_ladder5-6
Added Pin To Net: NetName=NetK7_U_relay_ladder5_7 Pin=R19_U_relay_ladder5-2
Added Pin To Net: NetName=NetK7_U_relay_ladder5_7 Pin=R20_U_relay_ladder5-1
Added Net: Name=NetK7_U_relay_ladder5_7
Added Pin To Net: NetName=NetK7_U_relay_ladder5_8 Pin=K7_U_relay_ladder5-8
Added Pin To Net: NetName=NetK7_U_relay_ladder5_8 Pin=ULN5-16
Added Net: Name=NetK7_U_relay_ladder5_8
Added Pin To Net: NetName=NetK7_U_relay_ladder6_3 Pin=K7_U_relay_ladder6-3
Added Pin To Net: NetName=NetK7_U_relay_ladder6_3 Pin=K8_U_relay_ladder6-4
Added Pin To Net: NetName=NetK7_U_relay_ladder6_3 Pin=R11_U_relay_ladder6-2
Added Pin To Net: NetName=NetK7_U_relay_ladder6_3 Pin=R12_U_relay_ladder6-1
Added Net: Name=NetK7_U_relay_ladder6_3
Added Pin To Net: NetName=NetK7_U_relay_ladder6_7 Pin=K7_U_relay_ladder6-7
Added Pin To Net: NetName=NetK7_U_relay_ladder6_7 Pin=K8_U_relay_ladder6-6
Added Pin To Net: NetName=NetK7_U_relay_ladder6_7 Pin=R19_U_relay_ladder6-2
Added Pin To Net: NetName=NetK7_U_relay_ladder6_7 Pin=R20_U_relay_ladder6-1
Added Net: Name=NetK7_U_relay_ladder6_7
Added Pin To Net: NetName=NetK7_U_relay_ladder6_8 Pin=K7_U_relay_ladder6-8
Added Pin To Net: NetName=NetK7_U_relay_ladder6_8 Pin=ULN6-16
Added Net: Name=NetK7_U_relay_ladder6_8
Added Pin To Net: NetName=NetK8_U_relay_ladder3_8 Pin=K8_U_relay_ladder3-8
Added Pin To Net: NetName=NetK8_U_relay_ladder3_8 Pin=ULN3-17
Added Net: Name=NetK8_U_relay_ladder3_8
Added Pin To Net: NetName=NetK8_U_relay_ladder4_8 Pin=K8_U_relay_ladder4-8
Added Pin To Net: NetName=NetK8_U_relay_ladder4_8 Pin=ULN4-17
Added Net: Name=NetK8_U_relay_ladder4_8
Added Pin To Net: NetName=NetK8_U_relay_ladder5_8 Pin=K8_U_relay_ladder5-8
Added Pin To Net: NetName=NetK8_U_relay_ladder5_8 Pin=ULN5-17
Added Net: Name=NetK8_U_relay_ladder5_8
Added Pin To Net: NetName=NetK8_U_relay_ladder6_8 Pin=K8_U_relay_ladder6-8
Added Pin To Net: NetName=NetK8_U_relay_ladder6_8 Pin=ULN6-17
Added Net: Name=NetK8_U_relay_ladder6_8
Added Pin To Net: NetName=NetMCP2_1 Pin=MCP2-1
Added Pin To Net: NetName=NetMCP2_1 Pin=ULN4-2
Added Net: Name=NetMCP2_1
Added Pin To Net: NetName=NetMCP2_2 Pin=MCP2-2
Added Pin To Net: NetName=NetMCP2_2 Pin=ULN4-1
Added Net: Name=NetMCP2_2
Added Pin To Net: NetName=NetMCP2_3 Pin=MCP2-3
Added Pin To Net: NetName=NetMCP2_3 Pin=ULN4-20
Added Net: Name=NetMCP2_3
Added Pin To Net: NetName=NetMCP2_4 Pin=MCP2-4
Added Pin To Net: NetName=NetMCP2_4 Pin=ULN4-19
Added Net: Name=NetMCP2_4
Added Pin To Net: NetName=NetMCP2_17 Pin=MCP2-17
Added Pin To Net: NetName=NetMCP2_17 Pin=ULN3-6
Added Net: Name=NetMCP2_17
Added Pin To Net: NetName=NetMCP2_18 Pin=MCP2-18
Added Pin To Net: NetName=NetMCP2_18 Pin=ULN3-5
Added Net: Name=NetMCP2_18
Added Pin To Net: NetName=NetMCP2_19 Pin=MCP2-19
Added Pin To Net: NetName=NetMCP2_19 Pin=ULN3-4
Added Net: Name=NetMCP2_19
Added Pin To Net: NetName=NetMCP2_20 Pin=MCP2-20
Added Pin To Net: NetName=NetMCP2_20 Pin=ULN3-3
Added Net: Name=NetMCP2_20
Added Pin To Net: NetName=NetMCP2_21 Pin=MCP2-21
Added Pin To Net: NetName=NetMCP2_21 Pin=ULN3-2
Added Net: Name=NetMCP2_21
Added Pin To Net: NetName=NetMCP2_22 Pin=MCP2-22
Added Pin To Net: NetName=NetMCP2_22 Pin=ULN3-1
Added Net: Name=NetMCP2_22
Added Pin To Net: NetName=NetMCP2_23 Pin=MCP2-23
Added Pin To Net: NetName=NetMCP2_23 Pin=ULN3-20
Added Net: Name=NetMCP2_23
Added Pin To Net: NetName=NetMCP2_24 Pin=MCP2-24
Added Pin To Net: NetName=NetMCP2_24 Pin=ULN3-19
Added Net: Name=NetMCP2_24
Added Pin To Net: NetName=NetMCP2_25 Pin=MCP2-25
Added Pin To Net: NetName=NetMCP2_25 Pin=ULN4-6
Added Net: Name=NetMCP2_25
Added Pin To Net: NetName=NetMCP2_26 Pin=MCP2-26
Added Pin To Net: NetName=NetMCP2_26 Pin=ULN4-5
Added Net: Name=NetMCP2_26
Added Pin To Net: NetName=NetMCP2_27 Pin=MCP2-27
Added Pin To Net: NetName=NetMCP2_27 Pin=ULN4-4
Added Net: Name=NetMCP2_27
Added Pin To Net: NetName=NetMCP2_28 Pin=MCP2-28
Added Pin To Net: NetName=NetMCP2_28 Pin=ULN4-3
Added Net: Name=NetMCP2_28
Added Pin To Net: NetName=NetMCP3_1 Pin=MCP3-1
Added Pin To Net: NetName=NetMCP3_1 Pin=ULN6-2
Added Net: Name=NetMCP3_1
Added Pin To Net: NetName=NetMCP3_2 Pin=MCP3-2
Added Pin To Net: NetName=NetMCP3_2 Pin=ULN6-1
Added Net: Name=NetMCP3_2
Added Pin To Net: NetName=NetMCP3_3 Pin=MCP3-3
Added Pin To Net: NetName=NetMCP3_3 Pin=ULN6-20
Added Net: Name=NetMCP3_3
Added Pin To Net: NetName=NetMCP3_4 Pin=MCP3-4
Added Pin To Net: NetName=NetMCP3_4 Pin=ULN6-19
Added Net: Name=NetMCP3_4
Added Pin To Net: NetName=NetMCP3_17 Pin=MCP3-17
Added Pin To Net: NetName=NetMCP3_17 Pin=ULN5-6
Added Net: Name=NetMCP3_17
Added Pin To Net: NetName=NetMCP3_18 Pin=MCP3-18
Added Pin To Net: NetName=NetMCP3_18 Pin=ULN5-5
Added Net: Name=NetMCP3_18
Added Pin To Net: NetName=NetMCP3_19 Pin=MCP3-19
Added Pin To Net: NetName=NetMCP3_19 Pin=ULN5-4
Added Net: Name=NetMCP3_19
Added Pin To Net: NetName=NetMCP3_20 Pin=MCP3-20
Added Pin To Net: NetName=NetMCP3_20 Pin=ULN5-3
Added Net: Name=NetMCP3_20
Added Pin To Net: NetName=NetMCP3_21 Pin=MCP3-21
Added Pin To Net: NetName=NetMCP3_21 Pin=ULN5-2
Added Net: Name=NetMCP3_21
Added Pin To Net: NetName=NetMCP3_22 Pin=MCP3-22
Added Pin To Net: NetName=NetMCP3_22 Pin=ULN5-1
Added Net: Name=NetMCP3_22
Added Pin To Net: NetName=NetMCP3_23 Pin=MCP3-23
Added Pin To Net: NetName=NetMCP3_23 Pin=ULN5-20
Added Net: Name=NetMCP3_23
Added Pin To Net: NetName=NetMCP3_24 Pin=MCP3-24
Added Pin To Net: NetName=NetMCP3_24 Pin=ULN5-19
Added Net: Name=NetMCP3_24
Added Pin To Net: NetName=NetMCP3_25 Pin=MCP3-25
Added Pin To Net: NetName=NetMCP3_25 Pin=ULN6-6
Added Net: Name=NetMCP3_25
Added Pin To Net: NetName=NetMCP3_26 Pin=MCP3-26
Added Pin To Net: NetName=NetMCP3_26 Pin=ULN6-5
Added Net: Name=NetMCP3_26
Added Pin To Net: NetName=NetMCP3_27 Pin=MCP3-27
Added Pin To Net: NetName=NetMCP3_27 Pin=ULN6-4
Added Net: Name=NetMCP3_27
Added Pin To Net: NetName=NetMCP3_28 Pin=MCP3-28
Added Pin To Net: NetName=NetMCP3_28 Pin=ULN6-3
Added Net: Name=NetMCP3_28
Added Member To Class: ClassName=U_MCU Member=Component B1 STM32C031G6U6
Added Member To Class: ClassName=U_MCU Member=Component B2 XR33202EEHBTR-F
Added Member To Class: ClassName=U_MCU Member=Component C1 100n
Added Member To Class: ClassName=U_MCU Member=Component C2 100n
Added Member To Class: ClassName=U_MCU Member=Component C3 100n
Added Member To Class: ClassName=U_relay_driver Member=Component C4 100n
Added Member To Class: ClassName=U_relay_driver Member=Component C5 100n
Added Member To Class: ClassName=U_relay_driver Member=Component C6 100n
Added Member To Class: ClassName=U_relay_driver Member=Component C7 100n
Added Member To Class: ClassName=U_Power Member=Component C8 100n
Added Member To Class: ClassName=U_Power Member=Component C9 22u
Added Member To Class: ClassName=U_Power Member=Component C10 1u
Added Member To Class: ClassName=U_Power Member=Component C11 100n
Added Member To Class: ClassName=U_relay_driver Member=Component C12 100n
Added Member To Class: ClassName=U_relay_driver Member=Component C13 100n
Added Member To Class: ClassName=U_relay_driver Member=Component C14 100n
Added Member To Class: ClassName=U_relay_driver Member=Component C15 100n
Added Member To Class: ClassName=U_relay_driver Member=Component C16 100n
Added Member To Class: ClassName=U_relay_driver Member=Component C17 100n
Added Member To Class: ClassName=U_relay_driver Member=Component C18 100n
Added Member To Class: ClassName=U_relay_driver Member=Component C19 100n
Added Member To Class: ClassName=U_Power Member=Component C20 C+
Added Member To Class: ClassName=U_Power Member=Component C21 C+
Added Member To Class: ClassName=U_MCU Member=Component J1 solder_jumper
Added Member To Class: ClassName=U_MCU Member=Component J2 solder_jumper
Added Member To Class: ClassName=U_relay_ladder1 Member=Component J3_U_relay_ladder1 (J3) JMP_mini
Added Member To Class: ClassName=U_relay_ladder2 Member=Component J3_U_relay_ladder2 (J3) JMP_mini
Added Member To Class: ClassName=U_relay_ladder3 Member=Component J3_U_relay_ladder3 (J3) JMP_mini
Added Member To Class: ClassName=U_relay_ladder4 Member=Component J3_U_relay_ladder4 (J3) JMP_mini
Added Member To Class: ClassName=U_relay_ladder5 Member=Component J3_U_relay_ladder5 (J3) JMP_mini
Added Member To Class: ClassName=U_relay_ladder6 Member=Component J3_U_relay_ladder6 (J3) JMP_mini
Added Member To Class: ClassName=U_relay_ladder1 Member=Component K1_U_relay_ladder1 (K1) DPDT
Added Member To Class: ClassName=U_relay_ladder2 Member=Component K1_U_relay_ladder2 (K1) DPDT
Added Member To Class: ClassName=U_relay_ladder3 Member=Component K1_U_relay_ladder3 (K1) DPDT
Added Member To Class: ClassName=U_relay_ladder4 Member=Component K1_U_relay_ladder4 (K1) DPDT
Added Member To Class: ClassName=U_relay_ladder5 Member=Component K1_U_relay_ladder5 (K1) DPDT
Added Member To Class: ClassName=U_relay_ladder6 Member=Component K1_U_relay_ladder6 (K1) DPDT
Added Member To Class: ClassName=U_relay_ladder1 Member=Component K2_U_relay_ladder1 (K2) DPDT
Added Member To Class: ClassName=U_relay_ladder2 Member=Component K2_U_relay_ladder2 (K2) DPDT
Added Member To Class: ClassName=U_relay_ladder3 Member=Component K2_U_relay_ladder3 (K2) DPDT
Added Member To Class: ClassName=U_relay_ladder4 Member=Component K2_U_relay_ladder4 (K2) DPDT
Added Member To Class: ClassName=U_relay_ladder5 Member=Component K2_U_relay_ladder5 (K2) DPDT
Added Member To Class: ClassName=U_relay_ladder6 Member=Component K2_U_relay_ladder6 (K2) DPDT
Added Member To Class: ClassName=U_relay_ladder1 Member=Component K3_U_relay_ladder1 (K3) DPDT
Added Member To Class: ClassName=U_relay_ladder2 Member=Component K3_U_relay_ladder2 (K3) DPDT
Added Member To Class: ClassName=U_relay_ladder3 Member=Component K3_U_relay_ladder3 (K3) DPDT
Added Member To Class: ClassName=U_relay_ladder4 Member=Component K3_U_relay_ladder4 (K3) DPDT
Added Member To Class: ClassName=U_relay_ladder5 Member=Component K3_U_relay_ladder5 (K3) DPDT
Added Member To Class: ClassName=U_relay_ladder6 Member=Component K3_U_relay_ladder6 (K3) DPDT
Added Member To Class: ClassName=U_relay_ladder1 Member=Component K4_U_relay_ladder1 (K4) DPDT
Added Member To Class: ClassName=U_relay_ladder2 Member=Component K4_U_relay_ladder2 (K4) DPDT
Added Member To Class: ClassName=U_relay_ladder3 Member=Component K4_U_relay_ladder3 (K4) DPDT
Added Member To Class: ClassName=U_relay_ladder4 Member=Component K4_U_relay_ladder4 (K4) DPDT
Added Member To Class: ClassName=U_relay_ladder5 Member=Component K4_U_relay_ladder5 (K4) DPDT
Added Member To Class: ClassName=U_relay_ladder6 Member=Component K4_U_relay_ladder6 (K4) DPDT
Added Member To Class: ClassName=U_relay_ladder1 Member=Component K5_U_relay_ladder1 (K5) DPDT
Added Member To Class: ClassName=U_relay_ladder2 Member=Component K5_U_relay_ladder2 (K5) DPDT
Added Member To Class: ClassName=U_relay_ladder3 Member=Component K5_U_relay_ladder3 (K5) DPDT
Added Member To Class: ClassName=U_relay_ladder4 Member=Component K5_U_relay_ladder4 (K5) DPDT
Added Member To Class: ClassName=U_relay_ladder5 Member=Component K5_U_relay_ladder5 (K5) DPDT
Added Member To Class: ClassName=U_relay_ladder6 Member=Component K5_U_relay_ladder6 (K5) DPDT
Added Member To Class: ClassName=U_relay_ladder1 Member=Component K6_U_relay_ladder1 (K6) DPDT
Added Member To Class: ClassName=U_relay_ladder2 Member=Component K6_U_relay_ladder2 (K6) DPDT
Added Member To Class: ClassName=U_relay_ladder3 Member=Component K6_U_relay_ladder3 (K6) DPDT
Added Member To Class: ClassName=U_relay_ladder4 Member=Component K6_U_relay_ladder4 (K6) DPDT
Added Member To Class: ClassName=U_relay_ladder5 Member=Component K6_U_relay_ladder5 (K6) DPDT
Added Member To Class: ClassName=U_relay_ladder6 Member=Component K6_U_relay_ladder6 (K6) DPDT
Added Member To Class: ClassName=U_relay_ladder1 Member=Component K7_U_relay_ladder1 (K7) DPDT
Added Member To Class: ClassName=U_relay_ladder2 Member=Component K7_U_relay_ladder2 (K7) DPDT
Added Member To Class: ClassName=U_relay_ladder3 Member=Component K7_U_relay_ladder3 (K7) DPDT
Added Member To Class: ClassName=U_relay_ladder4 Member=Component K7_U_relay_ladder4 (K7) DPDT
Added Member To Class: ClassName=U_relay_ladder5 Member=Component K7_U_relay_ladder5 (K7) DPDT
Added Member To Class: ClassName=U_relay_ladder6 Member=Component K7_U_relay_ladder6 (K7) DPDT
Added Member To Class: ClassName=U_relay_ladder1 Member=Component K8_U_relay_ladder1 (K8) DPDT
Added Member To Class: ClassName=U_relay_ladder2 Member=Component K8_U_relay_ladder2 (K8) DPDT
Added Member To Class: ClassName=U_relay_ladder3 Member=Component K8_U_relay_ladder3 (K8) DPDT
Added Member To Class: ClassName=U_relay_ladder4 Member=Component K8_U_relay_ladder4 (K8) DPDT
Added Member To Class: ClassName=U_relay_ladder5 Member=Component K8_U_relay_ladder5 (K8) DPDT
Added Member To Class: ClassName=U_relay_ladder6 Member=Component K8_U_relay_ladder6 (K8) DPDT
Added Member To Class: ClassName=U_Power Member=Component LD1 NCP115 3.3V
Added Member To Class: ClassName=U_relay_driver Member=Component MCP1 MCP32017
Added Member To Class: ClassName=U_relay_driver Member=Component MCP2 MCP32017
Added Member To Class: ClassName=U_relay_driver Member=Component MCP3 MCP32017
Added Member To Class: ClassName=U_MCU Member=Component P1 Input
Added Member To Class: ClassName=U_MCU Member=Component P2 Output
Added Member To Class: ClassName=U_relay_driver Member=Component P3 Header 10X2
Added Member To Class: ClassName=U_Power Member=Component P4 Header 5
Added Member To Class: ClassName=U_Power Member=Component P5 Header 5
Added Member To Class: ClassName=U_MCU Member=Component R1 10k
Added Member To Class: ClassName=U_MCU Member=Component R2 10k
Added Member To Class: ClassName=U_MCU Member=Component R3 120
Added Member To Class: ClassName=U_MCU Member=Component R4 100k
Added Member To Class: ClassName=U_relay_ladder1 Member=Component R5_U_relay_ladder1 (R5) R/2
Added Member To Class: ClassName=U_relay_ladder2 Member=Component R5_U_relay_ladder2 (R5) R/2
Added Member To Class: ClassName=U_relay_ladder3 Member=Component R5_U_relay_ladder3 (R5) R/2
Added Member To Class: ClassName=U_relay_ladder4 Member=Component R5_U_relay_ladder4 (R5) R/2
Added Member To Class: ClassName=U_relay_ladder5 Member=Component R5_U_relay_ladder5 (R5) R/2
Added Member To Class: ClassName=U_relay_ladder6 Member=Component R5_U_relay_ladder6 (R5) R/2
Added Member To Class: ClassName=U_relay_ladder1 Member=Component R6_U_relay_ladder1 (R6) R/4
Added Member To Class: ClassName=U_relay_ladder2 Member=Component R6_U_relay_ladder2 (R6) R/4
Added Member To Class: ClassName=U_relay_ladder3 Member=Component R6_U_relay_ladder3 (R6) R/4
Added Member To Class: ClassName=U_relay_ladder4 Member=Component R6_U_relay_ladder4 (R6) R/4
Added Member To Class: ClassName=U_relay_ladder5 Member=Component R6_U_relay_ladder5 (R6) R/4
Added Member To Class: ClassName=U_relay_ladder6 Member=Component R6_U_relay_ladder6 (R6) R/4
Added Member To Class: ClassName=U_relay_ladder1 Member=Component R7_U_relay_ladder1 (R7) R/8
Added Member To Class: ClassName=U_relay_ladder2 Member=Component R7_U_relay_ladder2 (R7) R/8
Added Member To Class: ClassName=U_relay_ladder3 Member=Component R7_U_relay_ladder3 (R7) R/8
Added Member To Class: ClassName=U_relay_ladder4 Member=Component R7_U_relay_ladder4 (R7) R/8
Added Member To Class: ClassName=U_relay_ladder5 Member=Component R7_U_relay_ladder5 (R7) R/8
Added Member To Class: ClassName=U_relay_ladder6 Member=Component R7_U_relay_ladder6 (R7) R/8
Added Member To Class: ClassName=U_relay_ladder1 Member=Component R8_U_relay_ladder1 (R8) R/16
Added Member To Class: ClassName=U_relay_ladder2 Member=Component R8_U_relay_ladder2 (R8) R/16
Added Member To Class: ClassName=U_relay_ladder3 Member=Component R8_U_relay_ladder3 (R8) R/16
Added Member To Class: ClassName=U_relay_ladder4 Member=Component R8_U_relay_ladder4 (R8) R/16
Added Member To Class: ClassName=U_relay_ladder5 Member=Component R8_U_relay_ladder5 (R8) R/16
Added Member To Class: ClassName=U_relay_ladder6 Member=Component R8_U_relay_ladder6 (R8) R/16
Added Member To Class: ClassName=U_relay_ladder1 Member=Component R9_U_relay_ladder1 (R9) R/32
Added Member To Class: ClassName=U_relay_ladder2 Member=Component R9_U_relay_ladder2 (R9) R/32
Added Member To Class: ClassName=U_relay_ladder3 Member=Component R9_U_relay_ladder3 (R9) R/32
Added Member To Class: ClassName=U_relay_ladder4 Member=Component R9_U_relay_ladder4 (R9) R/32
Added Member To Class: ClassName=U_relay_ladder5 Member=Component R9_U_relay_ladder5 (R9) R/32
Added Member To Class: ClassName=U_relay_ladder6 Member=Component R9_U_relay_ladder6 (R9) R/32
Added Member To Class: ClassName=U_relay_ladder1 Member=Component R10_U_relay_ladder1 (R10) R/64
Added Member To Class: ClassName=U_relay_ladder2 Member=Component R10_U_relay_ladder2 (R10) R/64
Added Member To Class: ClassName=U_relay_ladder3 Member=Component R10_U_relay_ladder3 (R10) R/64
Added Member To Class: ClassName=U_relay_ladder4 Member=Component R10_U_relay_ladder4 (R10) R/64
Added Member To Class: ClassName=U_relay_ladder5 Member=Component R10_U_relay_ladder5 (R10) R/64
Added Member To Class: ClassName=U_relay_ladder6 Member=Component R10_U_relay_ladder6 (R10) R/64
Added Member To Class: ClassName=U_relay_ladder1 Member=Component R11_U_relay_ladder1 (R11) R/128
Added Member To Class: ClassName=U_relay_ladder2 Member=Component R11_U_relay_ladder2 (R11) R/128
Added Member To Class: ClassName=U_relay_ladder3 Member=Component R11_U_relay_ladder3 (R11) R/128
Added Member To Class: ClassName=U_relay_ladder4 Member=Component R11_U_relay_ladder4 (R11) R/128
Added Member To Class: ClassName=U_relay_ladder5 Member=Component R11_U_relay_ladder5 (R11) R/128
Added Member To Class: ClassName=U_relay_ladder6 Member=Component R11_U_relay_ladder6 (R11) R/128
Added Member To Class: ClassName=U_relay_ladder1 Member=Component R12_U_relay_ladder1 (R12) R/256
Added Member To Class: ClassName=U_relay_ladder2 Member=Component R12_U_relay_ladder2 (R12) R/256
Added Member To Class: ClassName=U_relay_ladder3 Member=Component R12_U_relay_ladder3 (R12) R/256
Added Member To Class: ClassName=U_relay_ladder4 Member=Component R12_U_relay_ladder4 (R12) R/256
Added Member To Class: ClassName=U_relay_ladder5 Member=Component R12_U_relay_ladder5 (R12) R/256
Added Member To Class: ClassName=U_relay_ladder6 Member=Component R12_U_relay_ladder6 (R12) R/256
Added Member To Class: ClassName=U_relay_ladder1 Member=Component R13_U_relay_ladder1 (R13) R/2
Added Member To Class: ClassName=U_relay_ladder2 Member=Component R13_U_relay_ladder2 (R13) R/2
Added Member To Class: ClassName=U_relay_ladder3 Member=Component R13_U_relay_ladder3 (R13) R/2
Added Member To Class: ClassName=U_relay_ladder4 Member=Component R13_U_relay_ladder4 (R13) R/2
Added Member To Class: ClassName=U_relay_ladder5 Member=Component R13_U_relay_ladder5 (R13) R/2
Added Member To Class: ClassName=U_relay_ladder6 Member=Component R13_U_relay_ladder6 (R13) R/2
Added Member To Class: ClassName=U_relay_ladder1 Member=Component R14_U_relay_ladder1 (R14) R/4
Added Member To Class: ClassName=U_relay_ladder2 Member=Component R14_U_relay_ladder2 (R14) R/4
Added Member To Class: ClassName=U_relay_ladder3 Member=Component R14_U_relay_ladder3 (R14) R/4
Added Member To Class: ClassName=U_relay_ladder4 Member=Component R14_U_relay_ladder4 (R14) R/4
Added Member To Class: ClassName=U_relay_ladder5 Member=Component R14_U_relay_ladder5 (R14) R/4
Added Member To Class: ClassName=U_relay_ladder6 Member=Component R14_U_relay_ladder6 (R14) R/4
Added Member To Class: ClassName=U_relay_ladder1 Member=Component R15_U_relay_ladder1 (R15) R/8
Added Member To Class: ClassName=U_relay_ladder2 Member=Component R15_U_relay_ladder2 (R15) R/8
Added Member To Class: ClassName=U_relay_ladder3 Member=Component R15_U_relay_ladder3 (R15) R/8
Added Member To Class: ClassName=U_relay_ladder4 Member=Component R15_U_relay_ladder4 (R15) R/8
Added Member To Class: ClassName=U_relay_ladder5 Member=Component R15_U_relay_ladder5 (R15) R/8
Added Member To Class: ClassName=U_relay_ladder6 Member=Component R15_U_relay_ladder6 (R15) R/8
Added Member To Class: ClassName=U_relay_ladder1 Member=Component R16_U_relay_ladder1 (R16) R/16
Added Member To Class: ClassName=U_relay_ladder2 Member=Component R16_U_relay_ladder2 (R16) R/16
Added Member To Class: ClassName=U_relay_ladder3 Member=Component R16_U_relay_ladder3 (R16) R/16
Added Member To Class: ClassName=U_relay_ladder4 Member=Component R16_U_relay_ladder4 (R16) R/16
Added Member To Class: ClassName=U_relay_ladder5 Member=Component R16_U_relay_ladder5 (R16) R/16
Added Member To Class: ClassName=U_relay_ladder6 Member=Component R16_U_relay_ladder6 (R16) R/16
Added Member To Class: ClassName=U_relay_ladder1 Member=Component R17_U_relay_ladder1 (R17) R/32
Added Member To Class: ClassName=U_relay_ladder2 Member=Component R17_U_relay_ladder2 (R17) R/32
Added Member To Class: ClassName=U_relay_ladder3 Member=Component R17_U_relay_ladder3 (R17) R/32
Added Member To Class: ClassName=U_relay_ladder4 Member=Component R17_U_relay_ladder4 (R17) R/32
Added Member To Class: ClassName=U_relay_ladder5 Member=Component R17_U_relay_ladder5 (R17) R/32
Added Member To Class: ClassName=U_relay_ladder6 Member=Component R17_U_relay_ladder6 (R17) R/32
Added Member To Class: ClassName=U_relay_ladder1 Member=Component R18_U_relay_ladder1 (R18) R/64
Added Member To Class: ClassName=U_relay_ladder2 Member=Component R18_U_relay_ladder2 (R18) R/64
Added Member To Class: ClassName=U_relay_ladder3 Member=Component R18_U_relay_ladder3 (R18) R/64
Added Member To Class: ClassName=U_relay_ladder4 Member=Component R18_U_relay_ladder4 (R18) R/64
Added Member To Class: ClassName=U_relay_ladder5 Member=Component R18_U_relay_ladder5 (R18) R/64
Added Member To Class: ClassName=U_relay_ladder6 Member=Component R18_U_relay_ladder6 (R18) R/64
Added Member To Class: ClassName=U_relay_ladder1 Member=Component R19_U_relay_ladder1 (R19) R/128
Added Member To Class: ClassName=U_relay_ladder2 Member=Component R19_U_relay_ladder2 (R19) R/128
Added Member To Class: ClassName=U_relay_ladder3 Member=Component R19_U_relay_ladder3 (R19) R/128
Added Member To Class: ClassName=U_relay_ladder4 Member=Component R19_U_relay_ladder4 (R19) R/128
Added Member To Class: ClassName=U_relay_ladder5 Member=Component R19_U_relay_ladder5 (R19) R/128
Added Member To Class: ClassName=U_relay_ladder6 Member=Component R19_U_relay_ladder6 (R19) R/128
Added Member To Class: ClassName=U_relay_ladder1 Member=Component R20_U_relay_ladder1 (R20) R/256
Added Member To Class: ClassName=U_relay_ladder2 Member=Component R20_U_relay_ladder2 (R20) R/256
Added Member To Class: ClassName=U_relay_ladder3 Member=Component R20_U_relay_ladder3 (R20) R/256
Added Member To Class: ClassName=U_relay_ladder4 Member=Component R20_U_relay_ladder4 (R20) R/256
Added Member To Class: ClassName=U_relay_ladder5 Member=Component R20_U_relay_ladder5 (R20) R/256
Added Member To Class: ClassName=U_relay_ladder6 Member=Component R20_U_relay_ladder6 (R20) R/256
Added Member To Class: ClassName=U_relay_driver Member=Component R21 100k
Added Member To Class: ClassName=U_relay_driver Member=Component R22 100k
Added Member To Class: ClassName=U_relay_driver Member=Component R23 100k
Added Member To Class: ClassName=U_relay_driver Member=Component TP1 PAD
Added Member To Class: ClassName=U_relay_driver Member=Component TP2 PAD
Added Member To Class: ClassName=U_relay_driver Member=Component TP3 PAD
Added Member To Class: ClassName=U_relay_driver Member=Component TP4 PAD
Added Member To Class: ClassName=U_relay_driver Member=Component TP5 PAD
Added Member To Class: ClassName=U_relay_driver Member=Component TP6 PAD
Added Member To Class: ClassName=U_relay_driver Member=Component ULN1 ULN2803
Added Member To Class: ClassName=U_relay_driver Member=Component ULN2 ULN2803
Added Member To Class: ClassName=U_relay_driver Member=Component ULN3 ULN2803
Added Member To Class: ClassName=U_relay_driver Member=Component ULN4 ULN2803
Added Member To Class: ClassName=U_relay_driver Member=Component ULN5 ULN2803
Added Member To Class: ClassName=U_relay_driver Member=Component ULN6 ULN2803
Added Member To Class: ClassName=U_MCU Member=Component X1 PTS636_SM25_SMTR_LFS
Added Room: Name=U_relay_ladder3
Added Room: Name=U_relay_ladder4
Added Room: Name=U_relay_ladder5
Added Room: Name=U_relay_ladder6
