Removed Pin From Net: NetName=B1 Pin=J3_U_relay_ladder1-1
Removed Pin From Net: NetName=B1 Pin=J3_U_relay_ladder1-2
Removed Pin From Net: NetName=B2 Pin=J3_U_relay_ladder2-1
Removed Pin From Net: NetName=B2 Pin=J3_U_relay_ladder2-2
Removed Pin From Net: NetName=B3 Pin=J3_U_relay_ladder3-1
Removed Pin From Net: NetName=B3 Pin=J3_U_relay_ladder3-2
Removed Pin From Net: NetName=+12 Pin=K1_U_relay_ladder1-1
Removed Pin From Net: NetName=C1 Pin=K1_U_relay_ladder1-4
Removed Pin From Net: NetName=A1 Pin=K1_U_relay_ladder1-6
Removed Pin From Net: NetName=+12 Pin=K1_U_relay_ladder2-1
Removed Pin From Net: NetName=C2 Pin=K1_U_relay_ladder2-4
Removed Pin From Net: NetName=A2 Pin=K1_U_relay_ladder2-6
Removed Pin From Net: NetName=+12 Pin=K1_U_relay_ladder3-1
Removed Pin From Net: NetName=C3 Pin=K1_U_relay_ladder3-4
Removed Pin From Net: NetName=A3 Pin=K1_U_relay_ladder3-6
Removed Pin From Net: NetName=+12 Pin=K2_U_relay_ladder1-1
Removed Pin From Net: NetName=+12 Pin=K2_U_relay_ladder2-1
Removed Pin From Net: NetName=+12 Pin=K2_U_relay_ladder3-1
Removed Pin From Net: NetName=+12 Pin=K3_U_relay_ladder1-1
Removed Pin From Net: NetName=+12 Pin=K3_U_relay_ladder2-1
Removed Pin From Net: NetName=+12 Pin=K3_U_relay_ladder3-1
Removed Pin From Net: NetName=+12 Pin=K4_U_relay_ladder1-1
Removed Pin From Net: NetName=+12 Pin=K4_U_relay_ladder2-1
Removed Pin From Net: NetName=+12 Pin=K4_U_relay_ladder3-1
Removed Pin From Net: NetName=+12 Pin=K5_U_relay_ladder1-1
Removed Pin From Net: NetName=+12 Pin=K5_U_relay_ladder2-1
Removed Pin From Net: NetName=+12 Pin=K5_U_relay_ladder3-1
Removed Pin From Net: NetName=+12 Pin=K6_U_relay_ladder1-1
Removed Pin From Net: NetName=+12 Pin=K6_U_relay_ladder2-1
Removed Pin From Net: NetName=+12 Pin=K6_U_relay_ladder3-1
Removed Pin From Net: NetName=+12 Pin=K7_U_relay_ladder1-1
Removed Pin From Net: NetName=+12 Pin=K7_U_relay_ladder2-1
Removed Pin From Net: NetName=+12 Pin=K7_U_relay_ladder3-1
Removed Pin From Net: NetName=+12 Pin=K8_U_relay_ladder1-1
Removed Pin From Net: NetName=B1 Pin=K8_U_relay_ladder1-3
Removed Pin From Net: NetName=B1 Pin=K8_U_relay_ladder1-7
Removed Pin From Net: NetName=+12 Pin=K8_U_relay_ladder2-1
Removed Pin From Net: NetName=B2 Pin=K8_U_relay_ladder2-3
Removed Pin From Net: NetName=B2 Pin=K8_U_relay_ladder2-7
Removed Pin From Net: NetName=+12 Pin=K8_U_relay_ladder3-1
Removed Pin From Net: NetName=B3 Pin=K8_U_relay_ladder3-3
Removed Pin From Net: NetName=B3 Pin=K8_U_relay_ladder3-7
Removed Pin From Net: NetName=C1 Pin=R5_U_relay_ladder1-1
Removed Pin From Net: NetName=C2 Pin=R5_U_relay_ladder2-1
Removed Pin From Net: NetName=C3 Pin=R5_U_relay_ladder3-1
Removed Pin From Net: NetName=B1 Pin=R12_U_relay_ladder1-2
Removed Pin From Net: NetName=B2 Pin=R12_U_relay_ladder2-2
Removed Pin From Net: NetName=B3 Pin=R12_U_relay_ladder3-2
Removed Pin From Net: NetName=A1 Pin=R13_U_relay_ladder1-1
Removed Pin From Net: NetName=A2 Pin=R13_U_relay_ladder2-1
Removed Pin From Net: NetName=A3 Pin=R13_U_relay_ladder3-1
Removed Pin From Net: NetName=B1 Pin=R20_U_relay_ladder1-2
Removed Pin From Net: NetName=B2 Pin=R20_U_relay_ladder2-2
Removed Pin From Net: NetName=B3 Pin=R20_U_relay_ladder3-2
Removed Pin From Net: NetName=B1 Pin=TP1-1
Removed Pin From Net: NetName=B2 Pin=TP2-1
Removed Pin From Net: NetName=B3 Pin=TP3-1
