Removed Pin From Net: NetName=GND Pin=P4-1
Removed Pin From Net: NetName=VCC 5V Pin=P4-2
Removed Pin From Net: NetName=VCC 5V Pin=P4-3
Removed Pin From Net: NetName=GND Pin=P4-4
Removed Pin From Net: NetName=GND Pin=P5-1
Removed Pin From Net: NetName=VCC 5V Pin=P5-2
Removed Pin From Net: NetName=VCC 5V Pin=P5-3
Removed Pin From Net: NetName=GND Pin=P5-4
Removed Member From Class: ClassName=U_Power Member=P4
Removed Member From Class: ClassName=U_Power Member=P5
Added Component: Designator=P?(HDR1X5)
Add component (AddParameter): Name = "LatestRevisionDate"; Value = "17-Jul-2002"; VariantName = "[No Variations]"
Add component (AddParameter): Name = "LatestRevisionNote"; Value = "Re-released for DXP Platform."; VariantName = "[No Variations]"
Add component (AddParameter): Name = "Publisher"; Value = "Altium Limited"; VariantName = "[No Variations]"
Added Component: Designator=P?(HDR1X5)
Add component (AddParameter): Name = "LatestRevisionDate"; Value = "17-Jul-2002"; VariantName = "[No Variations]"
Add component (AddParameter): Name = "LatestRevisionNote"; Value = "Re-released for DXP Platform."; VariantName = "[No Variations]"
Add component (AddParameter): Name = "Publisher"; Value = "Altium Limited"; VariantName = "[No Variations]"
Added Pin To Net: NetName=GND Pin=P?-1
Added Pin To Net: NetName=GND Pin=P?-1
Added Pin To Net: NetName=+12 Pin=P?-2
Added Pin To Net: NetName=+12 Pin=P?-2
Added Pin To Net: NetName=VCC 5V Pin=P?-3
Added Pin To Net: NetName=VCC 5V Pin=P?-3
Added Pin To Net: NetName=+12 Pin=P?-4
Added Pin To Net: NetName=+12 Pin=P?-4
Added Pin To Net: NetName=GND Pin=P?-5
Added Pin To Net: NetName=GND Pin=P?-5
Added Member To Class: ClassName=U_Power Member=Component P? Header 5
Added Member To Class: ClassName=U_Power Member=Component P? Header 5
