Added Component: Designator=J3_U_relay_ladder1(solderJumper)
Added Component: Designator=J3_U_relay_ladder2(solderJumper)
Added Component: Designator=J3_U_relay_ladder3(solderJumper)
Added Component: Designator=J3_U_relay_ladder4(solderJumper)
Added Component: Designator=K1_U_relay_ladder1(AXICOM IM-G Relay)
Add component (AddParameter): Name = "Farnell ID"; Value = "1175070"; VariantName = "[No Variations]"
Add component (AddParameter): Name = "URL"; Value = "http://si.farnell.com/te-connectivity-axicom/im06gr/relay-gull-wing-dpco-12vdc-2a/dp/1175070"; VariantName = "[No Variations]"
Added Component: Designator=K1_U_relay_ladder2(AXICOM IM-G Relay)
Add component (AddParameter): Name = "Farnell ID"; Value = "1175070"; VariantName = "[No Variations]"
Add component (AddParameter): Name = "URL"; Value = "http://si.farnell.com/te-connectivity-axicom/im06gr/relay-gull-wing-dpco-12vdc-2a/dp/1175070"; VariantName = "[No Variations]"
Added Component: Designator=K1_U_relay_ladder3(AXICOM IM-G Relay)
Add component (AddParameter): Name = "Farnell ID"; Value = "1175070"; VariantName = "[No Variations]"
Add component (AddParameter): Name = "URL"; Value = "http://si.farnell.com/te-connectivity-axicom/im06gr/relay-gull-wing-dpco-12vdc-2a/dp/1175070"; VariantName = "[No Variations]"
Added Component: Designator=K1_U_relay_ladder4(AXICOM IM-G Relay)
Add component (AddParameter): Name = "Farnell ID"; Value = "1175070"; VariantName = "[No Variations]"
Add component (AddParameter): Name = "URL"; Value = "http://si.farnell.com/te-connectivity-axicom/im06gr/relay-gull-wing-dpco-12vdc-2a/dp/1175070"; VariantName = "[No Variations]"
Added Component: Designator=K2_U_relay_ladder1(AXICOM IM-G Relay)
Add component (AddParameter): Name = "Farnell ID"; Value = "1175070"; VariantName = "[No Variations]"
Add component (AddParameter): Name = "URL"; Value = "http://si.farnell.com/te-connectivity-axicom/im06gr/relay-gull-wing-dpco-12vdc-2a/dp/1175070"; VariantName = "[No Variations]"
Added Component: Designator=K2_U_relay_ladder2(AXICOM IM-G Relay)
Add component (AddParameter): Name = "Farnell ID"; Value = "1175070"; VariantName = "[No Variations]"
Add component (AddParameter): Name = "URL"; Value = "http://si.farnell.com/te-connectivity-axicom/im06gr/relay-gull-wing-dpco-12vdc-2a/dp/1175070"; VariantName = "[No Variations]"
Added Component: Designator=K2_U_relay_ladder3(AXICOM IM-G Relay)
Add component (AddParameter): Name = "Farnell ID"; Value = "1175070"; VariantName = "[No Variations]"
Add component (AddParameter): Name = "URL"; Value = "http://si.farnell.com/te-connectivity-axicom/im06gr/relay-gull-wing-dpco-12vdc-2a/dp/1175070"; VariantName = "[No Variations]"
Added Component: Designator=K2_U_relay_ladder4(AXICOM IM-G Relay)
Add component (AddParameter): Name = "Farnell ID"; Value = "1175070"; VariantName = "[No Variations]"
Add component (AddParameter): Name = "URL"; Value = "http://si.farnell.com/te-connectivity-axicom/im06gr/relay-gull-wing-dpco-12vdc-2a/dp/1175070"; VariantName = "[No Variations]"
Added Component: Designator=K3_U_relay_ladder1(AXICOM IM-G Relay)
Add component (AddParameter): Name = "Farnell ID"; Value = "1175070"; VariantName = "[No Variations]"
Add component (AddParameter): Name = "URL"; Value = "http://si.farnell.com/te-connectivity-axicom/im06gr/relay-gull-wing-dpco-12vdc-2a/dp/1175070"; VariantName = "[No Variations]"
Added Component: Designator=K3_U_relay_ladder2(AXICOM IM-G Relay)
Add component (AddParameter): Name = "Farnell ID"; Value = "1175070"; VariantName = "[No Variations]"
Add component (AddParameter): Name = "URL"; Value = "http://si.farnell.com/te-connectivity-axicom/im06gr/relay-gull-wing-dpco-12vdc-2a/dp/1175070"; VariantName = "[No Variations]"
Added Component: Designator=K3_U_relay_ladder3(AXICOM IM-G Relay)
Add component (AddParameter): Name = "Farnell ID"; Value = "1175070"; VariantName = "[No Variations]"
Add component (AddParameter): Name = "URL"; Value = "http://si.farnell.com/te-connectivity-axicom/im06gr/relay-gull-wing-dpco-12vdc-2a/dp/1175070"; VariantName = "[No Variations]"
Added Component: Designator=K3_U_relay_ladder4(AXICOM IM-G Relay)
Add component (AddParameter): Name = "Farnell ID"; Value = "1175070"; VariantName = "[No Variations]"
Add component (AddParameter): Name = "URL"; Value = "http://si.farnell.com/te-connectivity-axicom/im06gr/relay-gull-wing-dpco-12vdc-2a/dp/1175070"; VariantName = "[No Variations]"
Added Component: Designator=K4_U_relay_ladder1(AXICOM IM-G Relay)
Add component (AddParameter): Name = "Farnell ID"; Value = "1175070"; VariantName = "[No Variations]"
Add component (AddParameter): Name = "URL"; Value = "http://si.farnell.com/te-connectivity-axicom/im06gr/relay-gull-wing-dpco-12vdc-2a/dp/1175070"; VariantName = "[No Variations]"
Added Component: Designator=K4_U_relay_ladder2(AXICOM IM-G Relay)
Add component (AddParameter): Name = "Farnell ID"; Value = "1175070"; VariantName = "[No Variations]"
Add component (AddParameter): Name = "URL"; Value = "http://si.farnell.com/te-connectivity-axicom/im06gr/relay-gull-wing-dpco-12vdc-2a/dp/1175070"; VariantName = "[No Variations]"
Added Component: Designator=K4_U_relay_ladder3(AXICOM IM-G Relay)
Add component (AddParameter): Name = "Farnell ID"; Value = "1175070"; VariantName = "[No Variations]"
Add component (AddParameter): Name = "URL"; Value = "http://si.farnell.com/te-connectivity-axicom/im06gr/relay-gull-wing-dpco-12vdc-2a/dp/1175070"; VariantName = "[No Variations]"
Added Component: Designator=K4_U_relay_ladder4(AXICOM IM-G Relay)
Add component (AddParameter): Name = "Farnell ID"; Value = "1175070"; VariantName = "[No Variations]"
Add component (AddParameter): Name = "URL"; Value = "http://si.farnell.com/te-connectivity-axicom/im06gr/relay-gull-wing-dpco-12vdc-2a/dp/1175070"; VariantName = "[No Variations]"
Added Component: Designator=K5_U_relay_ladder1(AXICOM IM-G Relay)
Add component (AddParameter): Name = "Farnell ID"; Value = "1175070"; VariantName = "[No Variations]"
Add component (AddParameter): Name = "URL"; Value = "http://si.farnell.com/te-connectivity-axicom/im06gr/relay-gull-wing-dpco-12vdc-2a/dp/1175070"; VariantName = "[No Variations]"
Added Component: Designator=K5_U_relay_ladder2(AXICOM IM-G Relay)
Add component (AddParameter): Name = "Farnell ID"; Value = "1175070"; VariantName = "[No Variations]"
Add component (AddParameter): Name = "URL"; Value = "http://si.farnell.com/te-connectivity-axicom/im06gr/relay-gull-wing-dpco-12vdc-2a/dp/1175070"; VariantName = "[No Variations]"
Added Component: Designator=K5_U_relay_ladder3(AXICOM IM-G Relay)
Add component (AddParameter): Name = "Farnell ID"; Value = "1175070"; VariantName = "[No Variations]"
Add component (AddParameter): Name = "URL"; Value = "http://si.farnell.com/te-connectivity-axicom/im06gr/relay-gull-wing-dpco-12vdc-2a/dp/1175070"; VariantName = "[No Variations]"
Added Component: Designator=K5_U_relay_ladder4(AXICOM IM-G Relay)
Add component (AddParameter): Name = "Farnell ID"; Value = "1175070"; VariantName = "[No Variations]"
Add component (AddParameter): Name = "URL"; Value = "http://si.farnell.com/te-connectivity-axicom/im06gr/relay-gull-wing-dpco-12vdc-2a/dp/1175070"; VariantName = "[No Variations]"
Added Component: Designator=K6_U_relay_ladder1(AXICOM IM-G Relay)
Add component (AddParameter): Name = "Farnell ID"; Value = "1175070"; VariantName = "[No Variations]"
Add component (AddParameter): Name = "URL"; Value = "http://si.farnell.com/te-connectivity-axicom/im06gr/relay-gull-wing-dpco-12vdc-2a/dp/1175070"; VariantName = "[No Variations]"
Added Component: Designator=K6_U_relay_ladder2(AXICOM IM-G Relay)
Add component (AddParameter): Name = "Farnell ID"; Value = "1175070"; VariantName = "[No Variations]"
Add component (AddParameter): Name = "URL"; Value = "http://si.farnell.com/te-connectivity-axicom/im06gr/relay-gull-wing-dpco-12vdc-2a/dp/1175070"; VariantName = "[No Variations]"
Added Component: Designator=K6_U_relay_ladder3(AXICOM IM-G Relay)
Add component (AddParameter): Name = "Farnell ID"; Value = "1175070"; VariantName = "[No Variations]"
Add component (AddParameter): Name = "URL"; Value = "http://si.farnell.com/te-connectivity-axicom/im06gr/relay-gull-wing-dpco-12vdc-2a/dp/1175070"; VariantName = "[No Variations]"
Added Component: Designator=K6_U_relay_ladder4(AXICOM IM-G Relay)
Add component (AddParameter): Name = "Farnell ID"; Value = "1175070"; VariantName = "[No Variations]"
Add component (AddParameter): Name = "URL"; Value = "http://si.farnell.com/te-connectivity-axicom/im06gr/relay-gull-wing-dpco-12vdc-2a/dp/1175070"; VariantName = "[No Variations]"
Added Component: Designator=K7_U_relay_ladder1(AXICOM IM-G Relay)
Add component (AddParameter): Name = "Farnell ID"; Value = "1175070"; VariantName = "[No Variations]"
Add component (AddParameter): Name = "URL"; Value = "http://si.farnell.com/te-connectivity-axicom/im06gr/relay-gull-wing-dpco-12vdc-2a/dp/1175070"; VariantName = "[No Variations]"
Added Component: Designator=K7_U_relay_ladder2(AXICOM IM-G Relay)
Add component (AddParameter): Name = "Farnell ID"; Value = "1175070"; VariantName = "[No Variations]"
Add component (AddParameter): Name = "URL"; Value = "http://si.farnell.com/te-connectivity-axicom/im06gr/relay-gull-wing-dpco-12vdc-2a/dp/1175070"; VariantName = "[No Variations]"
Added Component: Designator=K7_U_relay_ladder3(AXICOM IM-G Relay)
Add component (AddParameter): Name = "Farnell ID"; Value = "1175070"; VariantName = "[No Variations]"
Add component (AddParameter): Name = "URL"; Value = "http://si.farnell.com/te-connectivity-axicom/im06gr/relay-gull-wing-dpco-12vdc-2a/dp/1175070"; VariantName = "[No Variations]"
Added Component: Designator=K7_U_relay_ladder4(AXICOM IM-G Relay)
Add component (AddParameter): Name = "Farnell ID"; Value = "1175070"; VariantName = "[No Variations]"
Add component (AddParameter): Name = "URL"; Value = "http://si.farnell.com/te-connectivity-axicom/im06gr/relay-gull-wing-dpco-12vdc-2a/dp/1175070"; VariantName = "[No Variations]"
Added Component: Designator=K8_U_relay_ladder1(AXICOM IM-G Relay)
Add component (AddParameter): Name = "Farnell ID"; Value = "1175070"; VariantName = "[No Variations]"
Add component (AddParameter): Name = "URL"; Value = "http://si.farnell.com/te-connectivity-axicom/im06gr/relay-gull-wing-dpco-12vdc-2a/dp/1175070"; VariantName = "[No Variations]"
Added Component: Designator=K8_U_relay_ladder2(AXICOM IM-G Relay)
Add component (AddParameter): Name = "Farnell ID"; Value = "1175070"; VariantName = "[No Variations]"
Add component (AddParameter): Name = "URL"; Value = "http://si.farnell.com/te-connectivity-axicom/im06gr/relay-gull-wing-dpco-12vdc-2a/dp/1175070"; VariantName = "[No Variations]"
Added Component: Designator=K8_U_relay_ladder3(AXICOM IM-G Relay)
Add component (AddParameter): Name = "Farnell ID"; Value = "1175070"; VariantName = "[No Variations]"
Add component (AddParameter): Name = "URL"; Value = "http://si.farnell.com/te-connectivity-axicom/im06gr/relay-gull-wing-dpco-12vdc-2a/dp/1175070"; VariantName = "[No Variations]"
Added Component: Designator=K8_U_relay_ladder4(AXICOM IM-G Relay)
Add component (AddParameter): Name = "Farnell ID"; Value = "1175070"; VariantName = "[No Variations]"
Add component (AddParameter): Name = "URL"; Value = "http://si.farnell.com/te-connectivity-axicom/im06gr/relay-gull-wing-dpco-12vdc-2a/dp/1175070"; VariantName = "[No Variations]"
Added Component: Designator=P3(HDR2X10)
Add component (AddParameter): Name = "LatestRevisionDate"; Value = "17-Jul-2002"; VariantName = "[No Variations]"
Add component (AddParameter): Name = "LatestRevisionNote"; Value = "Re-released for DXP Platform."; VariantName = "[No Variations]"
Add component (AddParameter): Name = "Publisher"; Value = "Altium Limited"; VariantName = "[No Variations]"
Added Component: Designator=R5_U_relay_ladder1(R2012_0805I_L)
Added Component: Designator=R5_U_relay_ladder2(R2012_0805I_L)
Added Component: Designator=R5_U_relay_ladder3(R2012_0805I_L)
Added Component: Designator=R5_U_relay_ladder4(R2012_0805I_L)
Added Component: Designator=R6_U_relay_ladder1(R2012_0805I_L)
Added Component: Designator=R6_U_relay_ladder2(R2012_0805I_L)
Added Component: Designator=R6_U_relay_ladder3(R2012_0805I_L)
Added Component: Designator=R6_U_relay_ladder4(R2012_0805I_L)
Added Component: Designator=R7_U_relay_ladder1(R2012_0805I_L)
Added Component: Designator=R7_U_relay_ladder2(R2012_0805I_L)
Added Component: Designator=R7_U_relay_ladder3(R2012_0805I_L)
Added Component: Designator=R7_U_relay_ladder4(R2012_0805I_L)
Added Component: Designator=R8_U_relay_ladder1(R2012_0805I_L)
Added Component: Designator=R8_U_relay_ladder2(R2012_0805I_L)
Added Component: Designator=R8_U_relay_ladder3(R2012_0805I_L)
Added Component: Designator=R8_U_relay_ladder4(R2012_0805I_L)
Added Component: Designator=R9_U_relay_ladder1(R2012_0805I_L)
Added Component: Designator=R9_U_relay_ladder2(R2012_0805I_L)
Added Component: Designator=R9_U_relay_ladder3(R2012_0805I_L)
Added Component: Designator=R9_U_relay_ladder4(R2012_0805I_L)
Added Component: Designator=R10_U_relay_ladder1(R2012_0805I_L)
Added Component: Designator=R10_U_relay_ladder2(R2012_0805I_L)
Added Component: Designator=R10_U_relay_ladder3(R2012_0805I_L)
Added Component: Designator=R10_U_relay_ladder4(R2012_0805I_L)
Added Component: Designator=R11_U_relay_ladder1(R2012_0805I_L)
Added Component: Designator=R11_U_relay_ladder2(R2012_0805I_L)
Added Component: Designator=R11_U_relay_ladder3(R2012_0805I_L)
Added Component: Designator=R11_U_relay_ladder4(R2012_0805I_L)
Added Component: Designator=R12_U_relay_ladder1(R2012_0805I_L)
Added Component: Designator=R12_U_relay_ladder2(R2012_0805I_L)
Added Component: Designator=R12_U_relay_ladder3(R2012_0805I_L)
Added Component: Designator=R12_U_relay_ladder4(R2012_0805I_L)
Added Component: Designator=R13_U_relay_ladder1(R2012_0805I_L)
Added Component: Designator=R13_U_relay_ladder2(R2012_0805I_L)
Added Component: Designator=R13_U_relay_ladder3(R2012_0805I_L)
Added Component: Designator=R13_U_relay_ladder4(R2012_0805I_L)
Added Component: Designator=R14_U_relay_ladder1(R2012_0805I_L)
Added Component: Designator=R14_U_relay_ladder2(R2012_0805I_L)
Added Component: Designator=R14_U_relay_ladder3(R2012_0805I_L)
Added Component: Designator=R14_U_relay_ladder4(R2012_0805I_L)
Added Component: Designator=R15_U_relay_ladder1(R2012_0805I_L)
Added Component: Designator=R15_U_relay_ladder2(R2012_0805I_L)
Added Component: Designator=R15_U_relay_ladder3(R2012_0805I_L)
Added Component: Designator=R15_U_relay_ladder4(R2012_0805I_L)
Added Component: Designator=R16_U_relay_ladder1(R2012_0805I_L)
Added Component: Designator=R16_U_relay_ladder2(R2012_0805I_L)
Added Component: Designator=R16_U_relay_ladder3(R2012_0805I_L)
Added Component: Designator=R16_U_relay_ladder4(R2012_0805I_L)
Added Component: Designator=R17_U_relay_ladder1(R2012_0805I_L)
Added Component: Designator=R17_U_relay_ladder2(R2012_0805I_L)
Added Component: Designator=R17_U_relay_ladder3(R2012_0805I_L)
Added Component: Designator=R17_U_relay_ladder4(R2012_0805I_L)
Added Component: Designator=R18_U_relay_ladder1(R2012_0805I_L)
Added Component: Designator=R18_U_relay_ladder2(R2012_0805I_L)
Added Component: Designator=R18_U_relay_ladder3(R2012_0805I_L)
Added Component: Designator=R18_U_relay_ladder4(R2012_0805I_L)
Added Component: Designator=R19_U_relay_ladder1(R2012_0805I_L)
Added Component: Designator=R19_U_relay_ladder2(R2012_0805I_L)
Added Component: Designator=R19_U_relay_ladder3(R2012_0805I_L)
Added Component: Designator=R19_U_relay_ladder4(R2012_0805I_L)
Added Component: Designator=R20_U_relay_ladder1(R2012_0805I_L)
Added Component: Designator=R20_U_relay_ladder2(R2012_0805I_L)
Added Component: Designator=R20_U_relay_ladder3(R2012_0805I_L)
Added Component: Designator=R20_U_relay_ladder4(R2012_0805I_L)
Added Component: Designator=TP1(PAD_CIRC_HOLE)
Added Component: Designator=TP2(PAD_CIRC_HOLE)
Added Pin To Net: NetName=B6 Pin=J3_U_relay_ladder1-1
Added Pin To Net: NetName=B6 Pin=J3_U_relay_ladder1-2
Added Pin To Net: NetName=B5 Pin=J3_U_relay_ladder2-1
Added Pin To Net: NetName=B5 Pin=J3_U_relay_ladder2-2
Added Pin To Net: NetName=B4 Pin=J3_U_relay_ladder3-1
Added Pin To Net: NetName=B4 Pin=J3_U_relay_ladder3-2
Added Pin To Net: NetName=B3 Pin=J3_U_relay_ladder4-1
Added Pin To Net: NetName=B3 Pin=J3_U_relay_ladder4-2
Added Pin To Net: NetName=+12 Pin=K1_U_relay_ladder1-1
Added Pin To Net: NetName=NetK1_U_relay_ladder1_3 Pin=K1_U_relay_ladder1-3
Added Pin To Net: NetName=C6 Pin=K1_U_relay_ladder1-4
Added Pin To Net: NetName=A6 Pin=K1_U_relay_ladder1-6
Added Pin To Net: NetName=NetK1_U_relay_ladder1_7 Pin=K1_U_relay_ladder1-7
Added Pin To Net: NetName=NetK1_U_relay_ladder1_8 Pin=K1_U_relay_ladder1-8
Added Pin To Net: NetName=+12 Pin=K1_U_relay_ladder2-1
Added Pin To Net: NetName=NetK1_U_relay_ladder2_3 Pin=K1_U_relay_ladder2-3
Added Pin To Net: NetName=C5 Pin=K1_U_relay_ladder2-4
Added Pin To Net: NetName=A5 Pin=K1_U_relay_ladder2-6
Added Pin To Net: NetName=NetK1_U_relay_ladder2_7 Pin=K1_U_relay_ladder2-7
Added Pin To Net: NetName=NetK1_U_relay_ladder2_8 Pin=K1_U_relay_ladder2-8
Added Pin To Net: NetName=+12 Pin=K1_U_relay_ladder3-1
Added Pin To Net: NetName=NetK1_U_relay_ladder3_3 Pin=K1_U_relay_ladder3-3
Added Pin To Net: NetName=C4 Pin=K1_U_relay_ladder3-4
Added Pin To Net: NetName=A4 Pin=K1_U_relay_ladder3-6
Added Pin To Net: NetName=NetK1_U_relay_ladder3_7 Pin=K1_U_relay_ladder3-7
Added Pin To Net: NetName=NetK1_U_relay_ladder3_8 Pin=K1_U_relay_ladder3-8
Added Pin To Net: NetName=+12 Pin=K1_U_relay_ladder4-1
Added Pin To Net: NetName=NetK1_U_relay_ladder4_3 Pin=K1_U_relay_ladder4-3
Added Pin To Net: NetName=C3 Pin=K1_U_relay_ladder4-4
Added Pin To Net: NetName=A3 Pin=K1_U_relay_ladder4-6
Added Pin To Net: NetName=NetK1_U_relay_ladder4_7 Pin=K1_U_relay_ladder4-7
Added Pin To Net: NetName=NetK1_U_relay_ladder4_8 Pin=K1_U_relay_ladder4-8
Added Pin To Net: NetName=+12 Pin=K2_U_relay_ladder1-1
Added Pin To Net: NetName=NetK2_U_relay_ladder1_3 Pin=K2_U_relay_ladder1-3
Added Pin To Net: NetName=NetK1_U_relay_ladder1_3 Pin=K2_U_relay_ladder1-4
Added Pin To Net: NetName=NetK1_U_relay_ladder1_7 Pin=K2_U_relay_ladder1-6
Added Pin To Net: NetName=NetK2_U_relay_ladder1_7 Pin=K2_U_relay_ladder1-7
Added Pin To Net: NetName=NetK2_U_relay_ladder1_8 Pin=K2_U_relay_ladder1-8
Added Pin To Net: NetName=+12 Pin=K2_U_relay_ladder2-1
Added Pin To Net: NetName=NetK2_U_relay_ladder2_3 Pin=K2_U_relay_ladder2-3
Added Pin To Net: NetName=NetK1_U_relay_ladder2_3 Pin=K2_U_relay_ladder2-4
Added Pin To Net: NetName=NetK1_U_relay_ladder2_7 Pin=K2_U_relay_ladder2-6
Added Pin To Net: NetName=NetK2_U_relay_ladder2_7 Pin=K2_U_relay_ladder2-7
Added Pin To Net: NetName=NetK2_U_relay_ladder2_8 Pin=K2_U_relay_ladder2-8
Added Pin To Net: NetName=+12 Pin=K2_U_relay_ladder3-1
Added Pin To Net: NetName=NetK2_U_relay_ladder3_3 Pin=K2_U_relay_ladder3-3
Added Pin To Net: NetName=NetK1_U_relay_ladder3_3 Pin=K2_U_relay_ladder3-4
Added Pin To Net: NetName=NetK1_U_relay_ladder3_7 Pin=K2_U_relay_ladder3-6
Added Pin To Net: NetName=NetK2_U_relay_ladder3_7 Pin=K2_U_relay_ladder3-7
Added Pin To Net: NetName=NetK2_U_relay_ladder3_8 Pin=K2_U_relay_ladder3-8
Added Pin To Net: NetName=+12 Pin=K2_U_relay_ladder4-1
Added Pin To Net: NetName=NetK2_U_relay_ladder4_3 Pin=K2_U_relay_ladder4-3
Added Pin To Net: NetName=NetK1_U_relay_ladder4_3 Pin=K2_U_relay_ladder4-4
Added Pin To Net: NetName=NetK1_U_relay_ladder4_7 Pin=K2_U_relay_ladder4-6
Added Pin To Net: NetName=NetK2_U_relay_ladder4_7 Pin=K2_U_relay_ladder4-7
Added Pin To Net: NetName=NetK2_U_relay_ladder4_8 Pin=K2_U_relay_ladder4-8
Added Pin To Net: NetName=+12 Pin=K3_U_relay_ladder1-1
Added Pin To Net: NetName=NetK3_U_relay_ladder1_3 Pin=K3_U_relay_ladder1-3
Added Pin To Net: NetName=NetK2_U_relay_ladder1_3 Pin=K3_U_relay_ladder1-4
Added Pin To Net: NetName=NetK2_U_relay_ladder1_7 Pin=K3_U_relay_ladder1-6
Added Pin To Net: NetName=NetK3_U_relay_ladder1_7 Pin=K3_U_relay_ladder1-7
Added Pin To Net: NetName=NetK3_U_relay_ladder1_8 Pin=K3_U_relay_ladder1-8
Added Pin To Net: NetName=+12 Pin=K3_U_relay_ladder2-1
Added Pin To Net: NetName=NetK3_U_relay_ladder2_3 Pin=K3_U_relay_ladder2-3
Added Pin To Net: NetName=NetK2_U_relay_ladder2_3 Pin=K3_U_relay_ladder2-4
Added Pin To Net: NetName=NetK2_U_relay_ladder2_7 Pin=K3_U_relay_ladder2-6
Added Pin To Net: NetName=NetK3_U_relay_ladder2_7 Pin=K3_U_relay_ladder2-7
Added Pin To Net: NetName=NetK3_U_relay_ladder2_8 Pin=K3_U_relay_ladder2-8
Added Pin To Net: NetName=+12 Pin=K3_U_relay_ladder3-1
Added Pin To Net: NetName=NetK3_U_relay_ladder3_3 Pin=K3_U_relay_ladder3-3
Added Pin To Net: NetName=NetK2_U_relay_ladder3_3 Pin=K3_U_relay_ladder3-4
Added Pin To Net: NetName=NetK2_U_relay_ladder3_7 Pin=K3_U_relay_ladder3-6
Added Pin To Net: NetName=NetK3_U_relay_ladder3_7 Pin=K3_U_relay_ladder3-7
Added Pin To Net: NetName=NetK3_U_relay_ladder3_8 Pin=K3_U_relay_ladder3-8
Added Pin To Net: NetName=+12 Pin=K3_U_relay_ladder4-1
Added Pin To Net: NetName=NetK3_U_relay_ladder4_3 Pin=K3_U_relay_ladder4-3
Added Pin To Net: NetName=NetK2_U_relay_ladder4_3 Pin=K3_U_relay_ladder4-4
Added Pin To Net: NetName=NetK2_U_relay_ladder4_7 Pin=K3_U_relay_ladder4-6
Added Pin To Net: NetName=NetK3_U_relay_ladder4_7 Pin=K3_U_relay_ladder4-7
Added Pin To Net: NetName=NetK3_U_relay_ladder4_8 Pin=K3_U_relay_ladder4-8
Added Pin To Net: NetName=+12 Pin=K4_U_relay_ladder1-1
Added Pin To Net: NetName=NetK4_U_relay_ladder1_3 Pin=K4_U_relay_ladder1-3
Added Pin To Net: NetName=NetK3_U_relay_ladder1_3 Pin=K4_U_relay_ladder1-4
Added Pin To Net: NetName=NetK3_U_relay_ladder1_7 Pin=K4_U_relay_ladder1-6
Added Pin To Net: NetName=NetK4_U_relay_ladder1_7 Pin=K4_U_relay_ladder1-7
Added Pin To Net: NetName=NetK4_U_relay_ladder1_8 Pin=K4_U_relay_ladder1-8
Added Pin To Net: NetName=+12 Pin=K4_U_relay_ladder2-1
Added Pin To Net: NetName=NetK4_U_relay_ladder2_3 Pin=K4_U_relay_ladder2-3
Added Pin To Net: NetName=NetK3_U_relay_ladder2_3 Pin=K4_U_relay_ladder2-4
Added Pin To Net: NetName=NetK3_U_relay_ladder2_7 Pin=K4_U_relay_ladder2-6
Added Pin To Net: NetName=NetK4_U_relay_ladder2_7 Pin=K4_U_relay_ladder2-7
Added Pin To Net: NetName=NetK4_U_relay_ladder2_8 Pin=K4_U_relay_ladder2-8
Added Pin To Net: NetName=+12 Pin=K4_U_relay_ladder3-1
Added Pin To Net: NetName=NetK4_U_relay_ladder3_3 Pin=K4_U_relay_ladder3-3
Added Pin To Net: NetName=NetK3_U_relay_ladder3_3 Pin=K4_U_relay_ladder3-4
Added Pin To Net: NetName=NetK3_U_relay_ladder3_7 Pin=K4_U_relay_ladder3-6
Added Pin To Net: NetName=NetK4_U_relay_ladder3_7 Pin=K4_U_relay_ladder3-7
Added Pin To Net: NetName=NetK4_U_relay_ladder3_8 Pin=K4_U_relay_ladder3-8
Added Pin To Net: NetName=+12 Pin=K4_U_relay_ladder4-1
Added Pin To Net: NetName=NetK4_U_relay_ladder4_3 Pin=K4_U_relay_ladder4-3
Added Pin To Net: NetName=NetK3_U_relay_ladder4_3 Pin=K4_U_relay_ladder4-4
Added Pin To Net: NetName=NetK3_U_relay_ladder4_7 Pin=K4_U_relay_ladder4-6
Added Pin To Net: NetName=NetK4_U_relay_ladder4_7 Pin=K4_U_relay_ladder4-7
Added Pin To Net: NetName=NetK4_U_relay_ladder4_8 Pin=K4_U_relay_ladder4-8
Added Pin To Net: NetName=+12 Pin=K5_U_relay_ladder1-1
Added Pin To Net: NetName=NetK5_U_relay_ladder1_3 Pin=K5_U_relay_ladder1-3
Added Pin To Net: NetName=NetK4_U_relay_ladder1_3 Pin=K5_U_relay_ladder1-4
Added Pin To Net: NetName=NetK4_U_relay_ladder1_7 Pin=K5_U_relay_ladder1-6
Added Pin To Net: NetName=NetK5_U_relay_ladder1_7 Pin=K5_U_relay_ladder1-7
Added Pin To Net: NetName=NetK5_U_relay_ladder1_8 Pin=K5_U_relay_ladder1-8
Added Pin To Net: NetName=+12 Pin=K5_U_relay_ladder2-1
Added Pin To Net: NetName=NetK5_U_relay_ladder2_3 Pin=K5_U_relay_ladder2-3
Added Pin To Net: NetName=NetK4_U_relay_ladder2_3 Pin=K5_U_relay_ladder2-4
Added Pin To Net: NetName=NetK4_U_relay_ladder2_7 Pin=K5_U_relay_ladder2-6
Added Pin To Net: NetName=NetK5_U_relay_ladder2_7 Pin=K5_U_relay_ladder2-7
Added Pin To Net: NetName=NetK5_U_relay_ladder2_8 Pin=K5_U_relay_ladder2-8
Added Pin To Net: NetName=+12 Pin=K5_U_relay_ladder3-1
Added Pin To Net: NetName=NetK5_U_relay_ladder3_3 Pin=K5_U_relay_ladder3-3
Added Pin To Net: NetName=NetK4_U_relay_ladder3_3 Pin=K5_U_relay_ladder3-4
Added Pin To Net: NetName=NetK4_U_relay_ladder3_7 Pin=K5_U_relay_ladder3-6
Added Pin To Net: NetName=NetK5_U_relay_ladder3_7 Pin=K5_U_relay_ladder3-7
Added Pin To Net: NetName=NetK5_U_relay_ladder3_8 Pin=K5_U_relay_ladder3-8
Added Pin To Net: NetName=+12 Pin=K5_U_relay_ladder4-1
Added Pin To Net: NetName=NetK5_U_relay_ladder4_3 Pin=K5_U_relay_ladder4-3
Added Pin To Net: NetName=NetK4_U_relay_ladder4_3 Pin=K5_U_relay_ladder4-4
Added Pin To Net: NetName=NetK4_U_relay_ladder4_7 Pin=K5_U_relay_ladder4-6
Added Pin To Net: NetName=NetK5_U_relay_ladder4_7 Pin=K5_U_relay_ladder4-7
Added Pin To Net: NetName=NetK5_U_relay_ladder4_8 Pin=K5_U_relay_ladder4-8
Added Pin To Net: NetName=+12 Pin=K6_U_relay_ladder1-1
Added Pin To Net: NetName=NetK6_U_relay_ladder1_3 Pin=K6_U_relay_ladder1-3
Added Pin To Net: NetName=NetK5_U_relay_ladder1_3 Pin=K6_U_relay_ladder1-4
Added Pin To Net: NetName=NetK5_U_relay_ladder1_7 Pin=K6_U_relay_ladder1-6
Added Pin To Net: NetName=NetK6_U_relay_ladder1_7 Pin=K6_U_relay_ladder1-7
Added Pin To Net: NetName=NetK6_U_relay_ladder1_8 Pin=K6_U_relay_ladder1-8
Added Pin To Net: NetName=+12 Pin=K6_U_relay_ladder2-1
Added Pin To Net: NetName=NetK6_U_relay_ladder2_3 Pin=K6_U_relay_ladder2-3
Added Pin To Net: NetName=NetK5_U_relay_ladder2_3 Pin=K6_U_relay_ladder2-4
Added Pin To Net: NetName=NetK5_U_relay_ladder2_7 Pin=K6_U_relay_ladder2-6
Added Pin To Net: NetName=NetK6_U_relay_ladder2_7 Pin=K6_U_relay_ladder2-7
Added Pin To Net: NetName=NetK6_U_relay_ladder2_8 Pin=K6_U_relay_ladder2-8
Added Pin To Net: NetName=+12 Pin=K6_U_relay_ladder3-1
Added Pin To Net: NetName=NetK6_U_relay_ladder3_3 Pin=K6_U_relay_ladder3-3
Added Pin To Net: NetName=NetK5_U_relay_ladder3_3 Pin=K6_U_relay_ladder3-4
Added Pin To Net: NetName=NetK5_U_relay_ladder3_7 Pin=K6_U_relay_ladder3-6
Added Pin To Net: NetName=NetK6_U_relay_ladder3_7 Pin=K6_U_relay_ladder3-7
Added Pin To Net: NetName=NetK6_U_relay_ladder3_8 Pin=K6_U_relay_ladder3-8
Added Pin To Net: NetName=+12 Pin=K6_U_relay_ladder4-1
Added Pin To Net: NetName=NetK6_U_relay_ladder4_3 Pin=K6_U_relay_ladder4-3
Added Pin To Net: NetName=NetK5_U_relay_ladder4_3 Pin=K6_U_relay_ladder4-4
Added Pin To Net: NetName=NetK5_U_relay_ladder4_7 Pin=K6_U_relay_ladder4-6
Added Pin To Net: NetName=NetK6_U_relay_ladder4_7 Pin=K6_U_relay_ladder4-7
Added Pin To Net: NetName=NetK6_U_relay_ladder4_8 Pin=K6_U_relay_ladder4-8
Added Pin To Net: NetName=+12 Pin=K7_U_relay_ladder1-1
Added Pin To Net: NetName=NetK7_U_relay_ladder1_3 Pin=K7_U_relay_ladder1-3
Added Pin To Net: NetName=NetK6_U_relay_ladder1_3 Pin=K7_U_relay_ladder1-4
Added Pin To Net: NetName=NetK6_U_relay_ladder1_7 Pin=K7_U_relay_ladder1-6
Added Pin To Net: NetName=NetK7_U_relay_ladder1_7 Pin=K7_U_relay_ladder1-7
Added Pin To Net: NetName=NetK7_U_relay_ladder1_8 Pin=K7_U_relay_ladder1-8
Added Pin To Net: NetName=+12 Pin=K7_U_relay_ladder2-1
Added Pin To Net: NetName=NetK7_U_relay_ladder2_3 Pin=K7_U_relay_ladder2-3
Added Pin To Net: NetName=NetK6_U_relay_ladder2_3 Pin=K7_U_relay_ladder2-4
Added Pin To Net: NetName=NetK6_U_relay_ladder2_7 Pin=K7_U_relay_ladder2-6
Added Pin To Net: NetName=NetK7_U_relay_ladder2_7 Pin=K7_U_relay_ladder2-7
Added Pin To Net: NetName=NetK7_U_relay_ladder2_8 Pin=K7_U_relay_ladder2-8
Added Pin To Net: NetName=+12 Pin=K7_U_relay_ladder3-1
Added Pin To Net: NetName=NetK7_U_relay_ladder3_3 Pin=K7_U_relay_ladder3-3
Added Pin To Net: NetName=NetK6_U_relay_ladder3_3 Pin=K7_U_relay_ladder3-4
Added Pin To Net: NetName=NetK6_U_relay_ladder3_7 Pin=K7_U_relay_ladder3-6
Added Pin To Net: NetName=NetK7_U_relay_ladder3_7 Pin=K7_U_relay_ladder3-7
Added Pin To Net: NetName=NetK7_U_relay_ladder3_8 Pin=K7_U_relay_ladder3-8
Added Pin To Net: NetName=+12 Pin=K7_U_relay_ladder4-1
Added Pin To Net: NetName=NetK7_U_relay_ladder4_3 Pin=K7_U_relay_ladder4-3
Added Pin To Net: NetName=NetK6_U_relay_ladder4_3 Pin=K7_U_relay_ladder4-4
Added Pin To Net: NetName=NetK6_U_relay_ladder4_7 Pin=K7_U_relay_ladder4-6
Added Pin To Net: NetName=NetK7_U_relay_ladder4_7 Pin=K7_U_relay_ladder4-7
Added Pin To Net: NetName=NetK7_U_relay_ladder4_8 Pin=K7_U_relay_ladder4-8
Added Pin To Net: NetName=+12 Pin=K8_U_relay_ladder1-1
Added Pin To Net: NetName=B6 Pin=K8_U_relay_ladder1-3
Added Pin To Net: NetName=NetK7_U_relay_ladder1_3 Pin=K8_U_relay_ladder1-4
Added Pin To Net: NetName=NetK7_U_relay_ladder1_7 Pin=K8_U_relay_ladder1-6
Added Pin To Net: NetName=B6 Pin=K8_U_relay_ladder1-7
Added Pin To Net: NetName=NetK8_U_relay_ladder1_8 Pin=K8_U_relay_ladder1-8
Added Pin To Net: NetName=+12 Pin=K8_U_relay_ladder2-1
Added Pin To Net: NetName=B5 Pin=K8_U_relay_ladder2-3
Added Pin To Net: NetName=NetK7_U_relay_ladder2_3 Pin=K8_U_relay_ladder2-4
Added Pin To Net: NetName=NetK7_U_relay_ladder2_7 Pin=K8_U_relay_ladder2-6
Added Pin To Net: NetName=B5 Pin=K8_U_relay_ladder2-7
Added Pin To Net: NetName=NetK8_U_relay_ladder2_8 Pin=K8_U_relay_ladder2-8
Added Pin To Net: NetName=+12 Pin=K8_U_relay_ladder3-1
Added Pin To Net: NetName=B4 Pin=K8_U_relay_ladder3-3
Added Pin To Net: NetName=NetK7_U_relay_ladder3_3 Pin=K8_U_relay_ladder3-4
Added Pin To Net: NetName=NetK7_U_relay_ladder3_7 Pin=K8_U_relay_ladder3-6
Added Pin To Net: NetName=B4 Pin=K8_U_relay_ladder3-7
Added Pin To Net: NetName=NetK8_U_relay_ladder3_8 Pin=K8_U_relay_ladder3-8
Added Pin To Net: NetName=+12 Pin=K8_U_relay_ladder4-1
Added Pin To Net: NetName=B3 Pin=K8_U_relay_ladder4-3
Added Pin To Net: NetName=NetK7_U_relay_ladder4_3 Pin=K8_U_relay_ladder4-4
Added Pin To Net: NetName=NetK7_U_relay_ladder4_7 Pin=K8_U_relay_ladder4-6
Added Pin To Net: NetName=B3 Pin=K8_U_relay_ladder4-7
Added Pin To Net: NetName=NetK8_U_relay_ladder4_8 Pin=K8_U_relay_ladder4-8
Added Pin To Net: NetName=C1 Pin=P3-1
Added Pin To Net: NetName=B1 Pin=P3-2
Added Pin To Net: NetName=A1 Pin=P3-3
Added Pin To Net: NetName=AGND Pin=P3-4
Added Pin To Net: NetName=C2 Pin=P3-5
Added Pin To Net: NetName=B2 Pin=P3-6
Added Pin To Net: NetName=A2 Pin=P3-7
Added Pin To Net: NetName=AGND Pin=P3-8
Added Pin To Net: NetName=C3 Pin=P3-9
Added Pin To Net: NetName=B3 Pin=P3-10
Added Pin To Net: NetName=A3 Pin=P3-11
Added Pin To Net: NetName=AGND Pin=P3-12
Added Pin To Net: NetName=C4 Pin=P3-13
Added Pin To Net: NetName=B4 Pin=P3-14
Added Pin To Net: NetName=A4 Pin=P3-15
Added Pin To Net: NetName=AGND Pin=P3-16
Added Pin To Net: NetName=C5 Pin=P3-17
Added Pin To Net: NetName=B5 Pin=P3-18
Added Pin To Net: NetName=A5 Pin=P3-19
Added Pin To Net: NetName=AGND Pin=P3-20
Added Pin To Net: NetName=C6 Pin=R5_U_relay_ladder1-1
Added Pin To Net: NetName=NetK1_U_relay_ladder1_3 Pin=R5_U_relay_ladder1-2
Added Pin To Net: NetName=C5 Pin=R5_U_relay_ladder2-1
Added Pin To Net: NetName=NetK1_U_relay_ladder2_3 Pin=R5_U_relay_ladder2-2
Added Pin To Net: NetName=C4 Pin=R5_U_relay_ladder3-1
Added Pin To Net: NetName=NetK1_U_relay_ladder3_3 Pin=R5_U_relay_ladder3-2
Added Pin To Net: NetName=C3 Pin=R5_U_relay_ladder4-1
Added Pin To Net: NetName=NetK1_U_relay_ladder4_3 Pin=R5_U_relay_ladder4-2
Added Pin To Net: NetName=NetK1_U_relay_ladder1_3 Pin=R6_U_relay_ladder1-1
Added Pin To Net: NetName=NetK2_U_relay_ladder1_3 Pin=R6_U_relay_ladder1-2
Added Pin To Net: NetName=NetK1_U_relay_ladder2_3 Pin=R6_U_relay_ladder2-1
Added Pin To Net: NetName=NetK2_U_relay_ladder2_3 Pin=R6_U_relay_ladder2-2
Added Pin To Net: NetName=NetK1_U_relay_ladder3_3 Pin=R6_U_relay_ladder3-1
Added Pin To Net: NetName=NetK2_U_relay_ladder3_3 Pin=R6_U_relay_ladder3-2
Added Pin To Net: NetName=NetK1_U_relay_ladder4_3 Pin=R6_U_relay_ladder4-1
Added Pin To Net: NetName=NetK2_U_relay_ladder4_3 Pin=R6_U_relay_ladder4-2
Added Pin To Net: NetName=NetK2_U_relay_ladder1_3 Pin=R7_U_relay_ladder1-1
Added Pin To Net: NetName=NetK3_U_relay_ladder1_3 Pin=R7_U_relay_ladder1-2
Added Pin To Net: NetName=NetK2_U_relay_ladder2_3 Pin=R7_U_relay_ladder2-1
Added Pin To Net: NetName=NetK3_U_relay_ladder2_3 Pin=R7_U_relay_ladder2-2
Added Pin To Net: NetName=NetK2_U_relay_ladder3_3 Pin=R7_U_relay_ladder3-1
Added Pin To Net: NetName=NetK3_U_relay_ladder3_3 Pin=R7_U_relay_ladder3-2
Added Pin To Net: NetName=NetK2_U_relay_ladder4_3 Pin=R7_U_relay_ladder4-1
Added Pin To Net: NetName=NetK3_U_relay_ladder4_3 Pin=R7_U_relay_ladder4-2
Added Pin To Net: NetName=NetK3_U_relay_ladder1_3 Pin=R8_U_relay_ladder1-1
Added Pin To Net: NetName=NetK4_U_relay_ladder1_3 Pin=R8_U_relay_ladder1-2
Added Pin To Net: NetName=NetK3_U_relay_ladder2_3 Pin=R8_U_relay_ladder2-1
Added Pin To Net: NetName=NetK4_U_relay_ladder2_3 Pin=R8_U_relay_ladder2-2
Added Pin To Net: NetName=NetK3_U_relay_ladder3_3 Pin=R8_U_relay_ladder3-1
Added Pin To Net: NetName=NetK4_U_relay_ladder3_3 Pin=R8_U_relay_ladder3-2
Added Pin To Net: NetName=NetK3_U_relay_ladder4_3 Pin=R8_U_relay_ladder4-1
Added Pin To Net: NetName=NetK4_U_relay_ladder4_3 Pin=R8_U_relay_ladder4-2
Added Pin To Net: NetName=NetK4_U_relay_ladder1_3 Pin=R9_U_relay_ladder1-1
Added Pin To Net: NetName=NetK5_U_relay_ladder1_3 Pin=R9_U_relay_ladder1-2
Added Pin To Net: NetName=NetK4_U_relay_ladder2_3 Pin=R9_U_relay_ladder2-1
Added Pin To Net: NetName=NetK5_U_relay_ladder2_3 Pin=R9_U_relay_ladder2-2
Added Pin To Net: NetName=NetK4_U_relay_ladder3_3 Pin=R9_U_relay_ladder3-1
Added Pin To Net: NetName=NetK5_U_relay_ladder3_3 Pin=R9_U_relay_ladder3-2
Added Pin To Net: NetName=NetK4_U_relay_ladder4_3 Pin=R9_U_relay_ladder4-1
Added Pin To Net: NetName=NetK5_U_relay_ladder4_3 Pin=R9_U_relay_ladder4-2
Added Pin To Net: NetName=NetK5_U_relay_ladder1_3 Pin=R10_U_relay_ladder1-1
Added Pin To Net: NetName=NetK6_U_relay_ladder1_3 Pin=R10_U_relay_ladder1-2
Added Pin To Net: NetName=NetK5_U_relay_ladder2_3 Pin=R10_U_relay_ladder2-1
Added Pin To Net: NetName=NetK6_U_relay_ladder2_3 Pin=R10_U_relay_ladder2-2
Added Pin To Net: NetName=NetK5_U_relay_ladder3_3 Pin=R10_U_relay_ladder3-1
Added Pin To Net: NetName=NetK6_U_relay_ladder3_3 Pin=R10_U_relay_ladder3-2
Added Pin To Net: NetName=NetK5_U_relay_ladder4_3 Pin=R10_U_relay_ladder4-1
Added Pin To Net: NetName=NetK6_U_relay_ladder4_3 Pin=R10_U_relay_ladder4-2
Added Pin To Net: NetName=NetK6_U_relay_ladder1_3 Pin=R11_U_relay_ladder1-1
Added Pin To Net: NetName=NetK7_U_relay_ladder1_3 Pin=R11_U_relay_ladder1-2
Added Pin To Net: NetName=NetK6_U_relay_ladder2_3 Pin=R11_U_relay_ladder2-1
Added Pin To Net: NetName=NetK7_U_relay_ladder2_3 Pin=R11_U_relay_ladder2-2
Added Pin To Net: NetName=NetK6_U_relay_ladder3_3 Pin=R11_U_relay_ladder3-1
Added Pin To Net: NetName=NetK7_U_relay_ladder3_3 Pin=R11_U_relay_ladder3-2
Added Pin To Net: NetName=NetK6_U_relay_ladder4_3 Pin=R11_U_relay_ladder4-1
Added Pin To Net: NetName=NetK7_U_relay_ladder4_3 Pin=R11_U_relay_ladder4-2
Added Pin To Net: NetName=NetK7_U_relay_ladder1_3 Pin=R12_U_relay_ladder1-1
Added Pin To Net: NetName=B6 Pin=R12_U_relay_ladder1-2
Added Pin To Net: NetName=NetK7_U_relay_ladder2_3 Pin=R12_U_relay_ladder2-1
Added Pin To Net: NetName=B5 Pin=R12_U_relay_ladder2-2
Added Pin To Net: NetName=NetK7_U_relay_ladder3_3 Pin=R12_U_relay_ladder3-1
Added Pin To Net: NetName=B4 Pin=R12_U_relay_ladder3-2
Added Pin To Net: NetName=NetK7_U_relay_ladder4_3 Pin=R12_U_relay_ladder4-1
Added Pin To Net: NetName=B3 Pin=R12_U_relay_ladder4-2
Added Pin To Net: NetName=A6 Pin=R13_U_relay_ladder1-1
Added Pin To Net: NetName=NetK1_U_relay_ladder1_7 Pin=R13_U_relay_ladder1-2
Added Pin To Net: NetName=A5 Pin=R13_U_relay_ladder2-1
Added Pin To Net: NetName=NetK1_U_relay_ladder2_7 Pin=R13_U_relay_ladder2-2
Added Pin To Net: NetName=A4 Pin=R13_U_relay_ladder3-1
Added Pin To Net: NetName=NetK1_U_relay_ladder3_7 Pin=R13_U_relay_ladder3-2
Added Pin To Net: NetName=A3 Pin=R13_U_relay_ladder4-1
Added Pin To Net: NetName=NetK1_U_relay_ladder4_7 Pin=R13_U_relay_ladder4-2
Added Pin To Net: NetName=NetK1_U_relay_ladder1_7 Pin=R14_U_relay_ladder1-1
Added Pin To Net: NetName=NetK2_U_relay_ladder1_7 Pin=R14_U_relay_ladder1-2
Added Pin To Net: NetName=NetK1_U_relay_ladder2_7 Pin=R14_U_relay_ladder2-1
Added Pin To Net: NetName=NetK2_U_relay_ladder2_7 Pin=R14_U_relay_ladder2-2
Added Pin To Net: NetName=NetK1_U_relay_ladder3_7 Pin=R14_U_relay_ladder3-1
Added Pin To Net: NetName=NetK2_U_relay_ladder3_7 Pin=R14_U_relay_ladder3-2
Added Pin To Net: NetName=NetK1_U_relay_ladder4_7 Pin=R14_U_relay_ladder4-1
Added Pin To Net: NetName=NetK2_U_relay_ladder4_7 Pin=R14_U_relay_ladder4-2
Added Pin To Net: NetName=NetK2_U_relay_ladder1_7 Pin=R15_U_relay_ladder1-1
Added Pin To Net: NetName=NetK3_U_relay_ladder1_7 Pin=R15_U_relay_ladder1-2
Added Pin To Net: NetName=NetK2_U_relay_ladder2_7 Pin=R15_U_relay_ladder2-1
Added Pin To Net: NetName=NetK3_U_relay_ladder2_7 Pin=R15_U_relay_ladder2-2
Added Pin To Net: NetName=NetK2_U_relay_ladder3_7 Pin=R15_U_relay_ladder3-1
Added Pin To Net: NetName=NetK3_U_relay_ladder3_7 Pin=R15_U_relay_ladder3-2
Added Pin To Net: NetName=NetK2_U_relay_ladder4_7 Pin=R15_U_relay_ladder4-1
Added Pin To Net: NetName=NetK3_U_relay_ladder4_7 Pin=R15_U_relay_ladder4-2
Added Pin To Net: NetName=NetK3_U_relay_ladder1_7 Pin=R16_U_relay_ladder1-1
Added Pin To Net: NetName=NetK4_U_relay_ladder1_7 Pin=R16_U_relay_ladder1-2
Added Pin To Net: NetName=NetK3_U_relay_ladder2_7 Pin=R16_U_relay_ladder2-1
Added Pin To Net: NetName=NetK4_U_relay_ladder2_7 Pin=R16_U_relay_ladder2-2
Added Pin To Net: NetName=NetK3_U_relay_ladder3_7 Pin=R16_U_relay_ladder3-1
Added Pin To Net: NetName=NetK4_U_relay_ladder3_7 Pin=R16_U_relay_ladder3-2
Added Pin To Net: NetName=NetK3_U_relay_ladder4_7 Pin=R16_U_relay_ladder4-1
Added Pin To Net: NetName=NetK4_U_relay_ladder4_7 Pin=R16_U_relay_ladder4-2
Added Pin To Net: NetName=NetK4_U_relay_ladder1_7 Pin=R17_U_relay_ladder1-1
Added Pin To Net: NetName=NetK5_U_relay_ladder1_7 Pin=R17_U_relay_ladder1-2
Added Pin To Net: NetName=NetK4_U_relay_ladder2_7 Pin=R17_U_relay_ladder2-1
Added Pin To Net: NetName=NetK5_U_relay_ladder2_7 Pin=R17_U_relay_ladder2-2
Added Pin To Net: NetName=NetK4_U_relay_ladder3_7 Pin=R17_U_relay_ladder3-1
Added Pin To Net: NetName=NetK5_U_relay_ladder3_7 Pin=R17_U_relay_ladder3-2
Added Pin To Net: NetName=NetK4_U_relay_ladder4_7 Pin=R17_U_relay_ladder4-1
Added Pin To Net: NetName=NetK5_U_relay_ladder4_7 Pin=R17_U_relay_ladder4-2
Added Pin To Net: NetName=NetK5_U_relay_ladder1_7 Pin=R18_U_relay_ladder1-1
Added Pin To Net: NetName=NetK6_U_relay_ladder1_7 Pin=R18_U_relay_ladder1-2
Added Pin To Net: NetName=NetK5_U_relay_ladder2_7 Pin=R18_U_relay_ladder2-1
Added Pin To Net: NetName=NetK6_U_relay_ladder2_7 Pin=R18_U_relay_ladder2-2
Added Pin To Net: NetName=NetK5_U_relay_ladder3_7 Pin=R18_U_relay_ladder3-1
Added Pin To Net: NetName=NetK6_U_relay_ladder3_7 Pin=R18_U_relay_ladder3-2
Added Pin To Net: NetName=NetK5_U_relay_ladder4_7 Pin=R18_U_relay_ladder4-1
Added Pin To Net: NetName=NetK6_U_relay_ladder4_7 Pin=R18_U_relay_ladder4-2
Added Pin To Net: NetName=NetK6_U_relay_ladder1_7 Pin=R19_U_relay_ladder1-1
Added Pin To Net: NetName=NetK7_U_relay_ladder1_7 Pin=R19_U_relay_ladder1-2
Added Pin To Net: NetName=NetK6_U_relay_ladder2_7 Pin=R19_U_relay_ladder2-1
Added Pin To Net: NetName=NetK7_U_relay_ladder2_7 Pin=R19_U_relay_ladder2-2
Added Pin To Net: NetName=NetK6_U_relay_ladder3_7 Pin=R19_U_relay_ladder3-1
Added Pin To Net: NetName=NetK7_U_relay_ladder3_7 Pin=R19_U_relay_ladder3-2
Added Pin To Net: NetName=NetK6_U_relay_ladder4_7 Pin=R19_U_relay_ladder4-1
Added Pin To Net: NetName=NetK7_U_relay_ladder4_7 Pin=R19_U_relay_ladder4-2
Added Pin To Net: NetName=NetK7_U_relay_ladder1_7 Pin=R20_U_relay_ladder1-1
Added Pin To Net: NetName=B6 Pin=R20_U_relay_ladder1-2
Added Pin To Net: NetName=NetK7_U_relay_ladder2_7 Pin=R20_U_relay_ladder2-1
Added Pin To Net: NetName=B5 Pin=R20_U_relay_ladder2-2
Added Pin To Net: NetName=NetK7_U_relay_ladder3_7 Pin=R20_U_relay_ladder3-1
Added Pin To Net: NetName=B4 Pin=R20_U_relay_ladder3-2
Added Pin To Net: NetName=NetK7_U_relay_ladder4_7 Pin=R20_U_relay_ladder4-1
Added Pin To Net: NetName=B3 Pin=R20_U_relay_ladder4-2
Added Pin To Net: NetName=B1 Pin=TP1-1
Added Pin To Net: NetName=B2 Pin=TP2-1
Change Class Name : Old Net Name=U_relay_ladder1 New Net Name=U_relay_ladder5
Change Class Name : Old Net Name=U_relay_ladder2 New Net Name=U_relay_ladder6
Added Class: Name=U_relay_ladder1
Added Class: Name=U_relay_ladder2
Added Member To Class: ClassName=U_relay_ladder3 Member=Component J3_U_relay_ladder3 (J3) JMP_mini
Added Member To Class: ClassName=U_relay_ladder4 Member=Component J3_U_relay_ladder4 (J3) JMP_mini
Added Member To Class: ClassName=U_relay_ladder5 Member=Component J3_U_relay_ladder5 (J3) JMP_mini
Added Member To Class: ClassName=U_relay_ladder6 Member=Component J3_U_relay_ladder6 (J3) JMP_mini
Added Member To Class: ClassName=U_relay_ladder3 Member=Component K1_U_relay_ladder3 (K1) DPDT
Added Member To Class: ClassName=U_relay_ladder4 Member=Component K1_U_relay_ladder4 (K1) DPDT
Added Member To Class: ClassName=U_relay_ladder5 Member=Component K1_U_relay_ladder5 (K1) DPDT
Added Member To Class: ClassName=U_relay_ladder6 Member=Component K1_U_relay_ladder6 (K1) DPDT
Added Member To Class: ClassName=U_relay_ladder3 Member=Component K2_U_relay_ladder3 (K2) DPDT
Added Member To Class: ClassName=U_relay_ladder4 Member=Component K2_U_relay_ladder4 (K2) DPDT
Added Member To Class: ClassName=U_relay_ladder6 Member=Component K2_U_relay_ladder6 (K2) DPDT
Added Member To Class: ClassName=U_relay_ladder3 Member=Component K3_U_relay_ladder3 (K3) DPDT
Added Member To Class: ClassName=U_relay_ladder4 Member=Component K3_U_relay_ladder4 (K3) DPDT
Added Member To Class: ClassName=U_relay_ladder6 Member=Component K3_U_relay_ladder6 (K3) DPDT
Added Member To Class: ClassName=U_relay_ladder3 Member=Component K4_U_relay_ladder3 (K4) DPDT
Added Member To Class: ClassName=U_relay_ladder4 Member=Component K4_U_relay_ladder4 (K4) DPDT
Added Member To Class: ClassName=U_relay_ladder6 Member=Component K4_U_relay_ladder6 (K4) DPDT
Added Member To Class: ClassName=U_relay_ladder3 Member=Component K5_U_relay_ladder3 (K5) DPDT
Added Member To Class: ClassName=U_relay_ladder4 Member=Component K5_U_relay_ladder4 (K5) DPDT
Added Member To Class: ClassName=U_relay_ladder6 Member=Component K5_U_relay_ladder6 (K5) DPDT
Added Member To Class: ClassName=U_relay_ladder3 Member=Component K6_U_relay_ladder3 (K6) DPDT
Added Member To Class: ClassName=U_relay_ladder4 Member=Component K6_U_relay_ladder4 (K6) DPDT
Added Member To Class: ClassName=U_relay_ladder6 Member=Component K6_U_relay_ladder6 (K6) DPDT
Added Member To Class: ClassName=U_relay_ladder3 Member=Component K7_U_relay_ladder3 (K7) DPDT
Added Member To Class: ClassName=U_relay_ladder4 Member=Component K7_U_relay_ladder4 (K7) DPDT
Added Member To Class: ClassName=U_relay_ladder5 Member=Component K7_U_relay_ladder5 (K7) DPDT
Added Member To Class: ClassName=U_relay_ladder6 Member=Component K7_U_relay_ladder6 (K7) DPDT
Added Member To Class: ClassName=U_relay_ladder3 Member=Component K8_U_relay_ladder3 (K8) DPDT
Added Member To Class: ClassName=U_relay_ladder4 Member=Component K8_U_relay_ladder4 (K8) DPDT
Added Member To Class: ClassName=U_relay_ladder5 Member=Component K8_U_relay_ladder5 (K8) DPDT
Added Member To Class: ClassName=U_relay_ladder6 Member=Component K8_U_relay_ladder6 (K8) DPDT
Added Member To Class: ClassName=U_relay_driver Member=Component P3 Header 10X2
Added Member To Class: ClassName=U_relay_ladder3 Member=Component R5_U_relay_ladder3 (R5) R/2
Added Member To Class: ClassName=U_relay_ladder4 Member=Component R5_U_relay_ladder4 (R5) R/2
Added Member To Class: ClassName=U_relay_ladder6 Member=Component R5_U_relay_ladder6 (R5) R/2
Added Member To Class: ClassName=U_relay_ladder3 Member=Component R6_U_relay_ladder3 (R6) R/4
Added Member To Class: ClassName=U_relay_ladder4 Member=Component R6_U_relay_ladder4 (R6) R/4
Added Member To Class: ClassName=U_relay_ladder5 Member=Component R6_U_relay_ladder5 (R6) R/4
Added Member To Class: ClassName=U_relay_ladder6 Member=Component R6_U_relay_ladder6 (R6) R/4
Added Member To Class: ClassName=U_relay_ladder3 Member=Component R7_U_relay_ladder3 (R7) R/8
Added Member To Class: ClassName=U_relay_ladder4 Member=Component R7_U_relay_ladder4 (R7) R/8
Added Member To Class: ClassName=U_relay_ladder5 Member=Component R7_U_relay_ladder5 (R7) R/8
Added Member To Class: ClassName=U_relay_ladder6 Member=Component R7_U_relay_ladder6 (R7) R/8
Added Member To Class: ClassName=U_relay_ladder3 Member=Component R8_U_relay_ladder3 (R8) R/16
Added Member To Class: ClassName=U_relay_ladder4 Member=Component R8_U_relay_ladder4 (R8) R/16
Added Member To Class: ClassName=U_relay_ladder5 Member=Component R8_U_relay_ladder5 (R8) R/16
Added Member To Class: ClassName=U_relay_ladder3 Member=Component R9_U_relay_ladder3 (R9) R/32
Added Member To Class: ClassName=U_relay_ladder4 Member=Component R9_U_relay_ladder4 (R9) R/32
Added Member To Class: ClassName=U_relay_ladder5 Member=Component R9_U_relay_ladder5 (R9) R/32
Added Member To Class: ClassName=U_relay_ladder3 Member=Component R10_U_relay_ladder3 (R10) R/64
Added Member To Class: ClassName=U_relay_ladder4 Member=Component R10_U_relay_ladder4 (R10) R/64
Added Member To Class: ClassName=U_relay_ladder5 Member=Component R10_U_relay_ladder5 (R10) R/64
Added Member To Class: ClassName=U_relay_ladder6 Member=Component R10_U_relay_ladder6 (R10) R/64
Added Member To Class: ClassName=U_relay_ladder3 Member=Component R11_U_relay_ladder3 (R11) R/128
Added Member To Class: ClassName=U_relay_ladder4 Member=Component R11_U_relay_ladder4 (R11) R/128
Added Member To Class: ClassName=U_relay_ladder5 Member=Component R11_U_relay_ladder5 (R11) R/128
Added Member To Class: ClassName=U_relay_ladder6 Member=Component R11_U_relay_ladder6 (R11) R/128
Added Member To Class: ClassName=U_relay_ladder3 Member=Component R12_U_relay_ladder3 (R12) R/256
Added Member To Class: ClassName=U_relay_ladder4 Member=Component R12_U_relay_ladder4 (R12) R/256
Added Member To Class: ClassName=U_relay_ladder5 Member=Component R12_U_relay_ladder5 (R12) R/256
Added Member To Class: ClassName=U_relay_ladder6 Member=Component R12_U_relay_ladder6 (R12) R/256
Added Member To Class: ClassName=U_relay_ladder3 Member=Component R13_U_relay_ladder3 (R13) R/2
Added Member To Class: ClassName=U_relay_ladder4 Member=Component R13_U_relay_ladder4 (R13) R/2
Added Member To Class: ClassName=U_relay_ladder5 Member=Component R13_U_relay_ladder5 (R13) R/2
Added Member To Class: ClassName=U_relay_ladder6 Member=Component R13_U_relay_ladder6 (R13) R/2
Added Member To Class: ClassName=U_relay_ladder3 Member=Component R14_U_relay_ladder3 (R14) R/4
Added Member To Class: ClassName=U_relay_ladder4 Member=Component R14_U_relay_ladder4 (R14) R/4
Added Member To Class: ClassName=U_relay_ladder5 Member=Component R14_U_relay_ladder5 (R14) R/4
Added Member To Class: ClassName=U_relay_ladder3 Member=Component R15_U_relay_ladder3 (R15) R/8
Added Member To Class: ClassName=U_relay_ladder4 Member=Component R15_U_relay_ladder4 (R15) R/8
Added Member To Class: ClassName=U_relay_ladder5 Member=Component R15_U_relay_ladder5 (R15) R/8
Added Member To Class: ClassName=U_relay_ladder3 Member=Component R16_U_relay_ladder3 (R16) R/16
Added Member To Class: ClassName=U_relay_ladder4 Member=Component R16_U_relay_ladder4 (R16) R/16
Added Member To Class: ClassName=U_relay_ladder5 Member=Component R16_U_relay_ladder5 (R16) R/16
Added Member To Class: ClassName=U_relay_ladder6 Member=Component R16_U_relay_ladder6 (R16) R/16
Added Member To Class: ClassName=U_relay_ladder3 Member=Component R17_U_relay_ladder3 (R17) R/32
Added Member To Class: ClassName=U_relay_ladder4 Member=Component R17_U_relay_ladder4 (R17) R/32
Added Member To Class: ClassName=U_relay_ladder5 Member=Component R17_U_relay_ladder5 (R17) R/32
Added Member To Class: ClassName=U_relay_ladder6 Member=Component R17_U_relay_ladder6 (R17) R/32
Added Member To Class: ClassName=U_relay_ladder3 Member=Component R18_U_relay_ladder3 (R18) R/64
Added Member To Class: ClassName=U_relay_ladder4 Member=Component R18_U_relay_ladder4 (R18) R/64
Added Member To Class: ClassName=U_relay_ladder6 Member=Component R18_U_relay_ladder6 (R18) R/64
Added Member To Class: ClassName=U_relay_ladder3 Member=Component R19_U_relay_ladder3 (R19) R/128
Added Member To Class: ClassName=U_relay_ladder4 Member=Component R19_U_relay_ladder4 (R19) R/128
Added Member To Class: ClassName=U_relay_ladder6 Member=Component R19_U_relay_ladder6 (R19) R/128
Added Member To Class: ClassName=U_relay_ladder3 Member=Component R20_U_relay_ladder3 (R20) R/256
Added Member To Class: ClassName=U_relay_ladder4 Member=Component R20_U_relay_ladder4 (R20) R/256
Added Member To Class: ClassName=U_relay_ladder6 Member=Component R20_U_relay_ladder6 (R20) R/256
Added Member To Class: ClassName=U_relay_driver Member=Component TP1 PAD
Added Member To Class: ClassName=U_relay_driver Member=Component TP2 PAD
Added Room: Name=U_relay_ladder1
Added Room: Name=U_relay_ladder2
Added Room: Name=U_relay_ladder3
Added Room: Name=U_relay_ladder4
Added Room: Name=U_relay_ladder5
Added Room: Name=U_relay_ladder6
