Change Component Designator: OldDesignator=J3_U_relay_ladder01 NewDesignator=J3_U_relay_ladder10
Change Component Designator: OldDesignator=J3_U_relay_ladder02 NewDesignator=J3_U_relay_ladder9
Change Component Designator: OldDesignator=J3_U_relay_ladder3 NewDesignator=J3_U_relay_ladder8
Change Component Designator: OldDesignator=J3_U_relay_ladder4 NewDesignator=J3_U_relay_ladder7
Change Component Designator: OldDesignator=J3_U_relay_ladder5 NewDesignator=J3_U_relay_ladder6
Change Component Designator: OldDesignator=J3_U_relay_ladder6 NewDesignator=J3_U_relay_ladder5
Change Component Designator: OldDesignator=J3_U_relay_ladder7 NewDesignator=J3_U_relay_ladder4
Change Component Designator: OldDesignator=J3_U_relay_ladder8 NewDesignator=J3_U_relay_ladder3
Change Component Designator: OldDesignator=J3_U_relay_ladder9 NewDesignator=J3_U_relay_ladder2
Change Component Designator: OldDesignator=J3_U_relay_ladder10 NewDesignator=J3_U_relay_ladder1
Change Component Designator: OldDesignator=K1_U_relay_ladder01 NewDesignator=K1_U_relay_ladder10
Change Component Designator: OldDesignator=K1_U_relay_ladder02 NewDesignator=K1_U_relay_ladder9
Change Component Designator: OldDesignator=K1_U_relay_ladder3 NewDesignator=K1_U_relay_ladder8
Change Component Designator: OldDesignator=K1_U_relay_ladder4 NewDesignator=K1_U_relay_ladder7
Change Component Designator: OldDesignator=K1_U_relay_ladder5 NewDesignator=K1_U_relay_ladder6
Change Component Designator: OldDesignator=K1_U_relay_ladder6 NewDesignator=K1_U_relay_ladder5
Change Component Designator: OldDesignator=K1_U_relay_ladder7 NewDesignator=K1_U_relay_ladder4
Change Component Designator: OldDesignator=K1_U_relay_ladder8 NewDesignator=K1_U_relay_ladder3
Change Component Designator: OldDesignator=K1_U_relay_ladder9 NewDesignator=K1_U_relay_ladder2
Change Component Designator: OldDesignator=K1_U_relay_ladder10 NewDesignator=K1_U_relay_ladder1
Change Component Designator: OldDesignator=K2_U_relay_ladder01 NewDesignator=K2_U_relay_ladder10
Change Component Designator: OldDesignator=K2_U_relay_ladder02 NewDesignator=K2_U_relay_ladder9
Change Component Designator: OldDesignator=K2_U_relay_ladder3 NewDesignator=K2_U_relay_ladder8
Change Component Designator: OldDesignator=K2_U_relay_ladder4 NewDesignator=K2_U_relay_ladder7
Change Component Designator: OldDesignator=K2_U_relay_ladder5 NewDesignator=K2_U_relay_ladder6
Change Component Designator: OldDesignator=K2_U_relay_ladder6 NewDesignator=K2_U_relay_ladder5
Change Component Designator: OldDesignator=K2_U_relay_ladder7 NewDesignator=K2_U_relay_ladder4
Change Component Designator: OldDesignator=K2_U_relay_ladder8 NewDesignator=K2_U_relay_ladder3
Change Component Designator: OldDesignator=K2_U_relay_ladder9 NewDesignator=K2_U_relay_ladder2
Change Component Designator: OldDesignator=K2_U_relay_ladder10 NewDesignator=K2_U_relay_ladder1
Change Component Designator: OldDesignator=K3_U_relay_ladder01 NewDesignator=K3_U_relay_ladder10
Change Component Designator: OldDesignator=K3_U_relay_ladder02 NewDesignator=K3_U_relay_ladder9
Change Component Designator: OldDesignator=K3_U_relay_ladder3 NewDesignator=K3_U_relay_ladder8
Change Component Designator: OldDesignator=K3_U_relay_ladder4 NewDesignator=K3_U_relay_ladder7
Change Component Designator: OldDesignator=K3_U_relay_ladder5 NewDesignator=K3_U_relay_ladder6
Change Component Designator: OldDesignator=K3_U_relay_ladder6 NewDesignator=K3_U_relay_ladder5
Change Component Designator: OldDesignator=K3_U_relay_ladder7 NewDesignator=K3_U_relay_ladder4
Change Component Designator: OldDesignator=K3_U_relay_ladder8 NewDesignator=K3_U_relay_ladder3
Change Component Designator: OldDesignator=K3_U_relay_ladder9 NewDesignator=K3_U_relay_ladder2
Change Component Designator: OldDesignator=K3_U_relay_ladder10 NewDesignator=K3_U_relay_ladder1
Change Component Designator: OldDesignator=K4_U_relay_ladder01 NewDesignator=K4_U_relay_ladder10
Change Component Designator: OldDesignator=K4_U_relay_ladder02 NewDesignator=K4_U_relay_ladder9
Change Component Designator: OldDesignator=K4_U_relay_ladder3 NewDesignator=K4_U_relay_ladder8
Change Component Designator: OldDesignator=K4_U_relay_ladder4 NewDesignator=K4_U_relay_ladder7
Change Component Designator: OldDesignator=K4_U_relay_ladder5 NewDesignator=K4_U_relay_ladder6
Change Component Designator: OldDesignator=K4_U_relay_ladder6 NewDesignator=K4_U_relay_ladder5
Change Component Designator: OldDesignator=K4_U_relay_ladder7 NewDesignator=K4_U_relay_ladder4
Change Component Designator: OldDesignator=K4_U_relay_ladder8 NewDesignator=K4_U_relay_ladder3
Change Component Designator: OldDesignator=K4_U_relay_ladder9 NewDesignator=K4_U_relay_ladder2
Change Component Designator: OldDesignator=K4_U_relay_ladder10 NewDesignator=K4_U_relay_ladder1
Change Component Designator: OldDesignator=K5_U_relay_ladder01 NewDesignator=K5_U_relay_ladder10
Change Component Designator: OldDesignator=K5_U_relay_ladder02 NewDesignator=K5_U_relay_ladder9
Change Component Designator: OldDesignator=K5_U_relay_ladder3 NewDesignator=K5_U_relay_ladder8
Change Component Designator: OldDesignator=K5_U_relay_ladder4 NewDesignator=K5_U_relay_ladder7
Change Component Designator: OldDesignator=K5_U_relay_ladder5 NewDesignator=K5_U_relay_ladder6
Change Component Designator: OldDesignator=K5_U_relay_ladder6 NewDesignator=K5_U_relay_ladder5
Change Component Designator: OldDesignator=K5_U_relay_ladder7 NewDesignator=K5_U_relay_ladder4
Change Component Designator: OldDesignator=K5_U_relay_ladder8 NewDesignator=K5_U_relay_ladder3
Change Component Designator: OldDesignator=K5_U_relay_ladder9 NewDesignator=K5_U_relay_ladder2
Change Component Designator: OldDesignator=K5_U_relay_ladder10 NewDesignator=K5_U_relay_ladder1
Change Component Designator: OldDesignator=K6_U_relay_ladder01 NewDesignator=K6_U_relay_ladder10
Change Component Designator: OldDesignator=K6_U_relay_ladder02 NewDesignator=K6_U_relay_ladder9
Change Component Designator: OldDesignator=K6_U_relay_ladder3 NewDesignator=K6_U_relay_ladder8
Change Component Designator: OldDesignator=K6_U_relay_ladder4 NewDesignator=K6_U_relay_ladder7
Change Component Designator: OldDesignator=K6_U_relay_ladder5 NewDesignator=K6_U_relay_ladder6
Change Component Designator: OldDesignator=K6_U_relay_ladder6 NewDesignator=K6_U_relay_ladder5
Change Component Designator: OldDesignator=K6_U_relay_ladder7 NewDesignator=K6_U_relay_ladder4
Change Component Designator: OldDesignator=K6_U_relay_ladder8 NewDesignator=K6_U_relay_ladder3
Change Component Designator: OldDesignator=K6_U_relay_ladder9 NewDesignator=K6_U_relay_ladder2
Change Component Designator: OldDesignator=K6_U_relay_ladder10 NewDesignator=K6_U_relay_ladder1
Change Component Designator: OldDesignator=K7_U_relay_ladder01 NewDesignator=K7_U_relay_ladder10
Change Component Designator: OldDesignator=K7_U_relay_ladder02 NewDesignator=K7_U_relay_ladder9
Change Component Designator: OldDesignator=K7_U_relay_ladder3 NewDesignator=K7_U_relay_ladder8
Change Component Designator: OldDesignator=K7_U_relay_ladder4 NewDesignator=K7_U_relay_ladder7
Change Component Designator: OldDesignator=K7_U_relay_ladder5 NewDesignator=K7_U_relay_ladder6
Change Component Designator: OldDesignator=K7_U_relay_ladder6 NewDesignator=K7_U_relay_ladder5
Change Component Designator: OldDesignator=K7_U_relay_ladder7 NewDesignator=K7_U_relay_ladder4
Change Component Designator: OldDesignator=K7_U_relay_ladder8 NewDesignator=K7_U_relay_ladder3
Change Component Designator: OldDesignator=K7_U_relay_ladder9 NewDesignator=K7_U_relay_ladder2
Change Component Designator: OldDesignator=K7_U_relay_ladder10 NewDesignator=K7_U_relay_ladder1
Change Component Designator: OldDesignator=K8_U_relay_ladder01 NewDesignator=K8_U_relay_ladder10
Change Component Designator: OldDesignator=K8_U_relay_ladder02 NewDesignator=K8_U_relay_ladder9
Change Component Designator: OldDesignator=K8_U_relay_ladder3 NewDesignator=K8_U_relay_ladder8
Change Component Designator: OldDesignator=K8_U_relay_ladder4 NewDesignator=K8_U_relay_ladder7
Change Component Designator: OldDesignator=K8_U_relay_ladder5 NewDesignator=K8_U_relay_ladder6
Change Component Designator: OldDesignator=K8_U_relay_ladder6 NewDesignator=K8_U_relay_ladder5
Change Component Designator: OldDesignator=K8_U_relay_ladder7 NewDesignator=K8_U_relay_ladder4
Change Component Designator: OldDesignator=K8_U_relay_ladder8 NewDesignator=K8_U_relay_ladder3
Change Component Designator: OldDesignator=K8_U_relay_ladder9 NewDesignator=K8_U_relay_ladder2
Change Component Designator: OldDesignator=K8_U_relay_ladder10 NewDesignator=K8_U_relay_ladder1
Change Component Designator: OldDesignator=R5_U_relay_ladder01 NewDesignator=R5_U_relay_ladder10
Change Component Designator: OldDesignator=R5_U_relay_ladder02 NewDesignator=R5_U_relay_ladder9
Change Component Designator: OldDesignator=R5_U_relay_ladder3 NewDesignator=R5_U_relay_ladder8
Change Component Designator: OldDesignator=R5_U_relay_ladder4 NewDesignator=R5_U_relay_ladder7
Change Component Designator: OldDesignator=R5_U_relay_ladder5 NewDesignator=R5_U_relay_ladder6
Change Component Designator: OldDesignator=R5_U_relay_ladder6 NewDesignator=R5_U_relay_ladder5
Change Component Designator: OldDesignator=R5_U_relay_ladder7 NewDesignator=R5_U_relay_ladder4
Change Component Designator: OldDesignator=R5_U_relay_ladder8 NewDesignator=R5_U_relay_ladder3
Change Component Designator: OldDesignator=R5_U_relay_ladder9 NewDesignator=R5_U_relay_ladder2
Change Component Designator: OldDesignator=R5_U_relay_ladder10 NewDesignator=R5_U_relay_ladder1
Change Component Designator: OldDesignator=R6_U_relay_ladder01 NewDesignator=R6_U_relay_ladder10
Change Component Designator: OldDesignator=R6_U_relay_ladder02 NewDesignator=R6_U_relay_ladder9
Change Component Designator: OldDesignator=R6_U_relay_ladder3 NewDesignator=R6_U_relay_ladder8
Change Component Designator: OldDesignator=R6_U_relay_ladder4 NewDesignator=R6_U_relay_ladder7
Change Component Designator: OldDesignator=R6_U_relay_ladder5 NewDesignator=R6_U_relay_ladder6
Change Component Designator: OldDesignator=R6_U_relay_ladder6 NewDesignator=R6_U_relay_ladder5
Change Component Designator: OldDesignator=R6_U_relay_ladder7 NewDesignator=R6_U_relay_ladder4
Change Component Designator: OldDesignator=R6_U_relay_ladder8 NewDesignator=R6_U_relay_ladder3
Change Component Designator: OldDesignator=R6_U_relay_ladder9 NewDesignator=R6_U_relay_ladder2
Change Component Designator: OldDesignator=R6_U_relay_ladder10 NewDesignator=R6_U_relay_ladder1
Change Component Designator: OldDesignator=R7_U_relay_ladder01 NewDesignator=R7_U_relay_ladder10
Change Component Designator: OldDesignator=R7_U_relay_ladder02 NewDesignator=R7_U_relay_ladder9
Change Component Designator: OldDesignator=R7_U_relay_ladder3 NewDesignator=R7_U_relay_ladder8
Change Component Designator: OldDesignator=R7_U_relay_ladder4 NewDesignator=R7_U_relay_ladder7
Change Component Designator: OldDesignator=R7_U_relay_ladder5 NewDesignator=R7_U_relay_ladder6
Change Component Designator: OldDesignator=R7_U_relay_ladder6 NewDesignator=R7_U_relay_ladder5
Change Component Designator: OldDesignator=R7_U_relay_ladder7 NewDesignator=R7_U_relay_ladder4
Change Component Designator: OldDesignator=R7_U_relay_ladder8 NewDesignator=R7_U_relay_ladder3
Change Component Designator: OldDesignator=R7_U_relay_ladder9 NewDesignator=R7_U_relay_ladder2
Change Component Designator: OldDesignator=R7_U_relay_ladder10 NewDesignator=R7_U_relay_ladder1
Change Component Designator: OldDesignator=R8_U_relay_ladder01 NewDesignator=R8_U_relay_ladder10
Change Component Designator: OldDesignator=R8_U_relay_ladder02 NewDesignator=R8_U_relay_ladder9
Change Component Designator: OldDesignator=R8_U_relay_ladder3 NewDesignator=R8_U_relay_ladder8
Change Component Designator: OldDesignator=R8_U_relay_ladder4 NewDesignator=R8_U_relay_ladder7
Change Component Designator: OldDesignator=R8_U_relay_ladder5 NewDesignator=R8_U_relay_ladder6
Change Component Designator: OldDesignator=R8_U_relay_ladder6 NewDesignator=R8_U_relay_ladder5
Change Component Designator: OldDesignator=R8_U_relay_ladder7 NewDesignator=R8_U_relay_ladder4
Change Component Designator: OldDesignator=R8_U_relay_ladder8 NewDesignator=R8_U_relay_ladder3
Change Component Designator: OldDesignator=R8_U_relay_ladder9 NewDesignator=R8_U_relay_ladder2
Change Component Designator: OldDesignator=R8_U_relay_ladder10 NewDesignator=R8_U_relay_ladder1
Change Component Designator: OldDesignator=R9_U_relay_ladder01 NewDesignator=R9_U_relay_ladder10
Change Component Designator: OldDesignator=R9_U_relay_ladder02 NewDesignator=R9_U_relay_ladder9
Change Component Designator: OldDesignator=R9_U_relay_ladder3 NewDesignator=R9_U_relay_ladder8
Change Component Designator: OldDesignator=R9_U_relay_ladder4 NewDesignator=R9_U_relay_ladder7
Change Component Designator: OldDesignator=R9_U_relay_ladder5 NewDesignator=R9_U_relay_ladder6
Change Component Designator: OldDesignator=R9_U_relay_ladder6 NewDesignator=R9_U_relay_ladder5
Change Component Designator: OldDesignator=R9_U_relay_ladder7 NewDesignator=R9_U_relay_ladder4
Change Component Designator: OldDesignator=R9_U_relay_ladder8 NewDesignator=R9_U_relay_ladder3
Change Component Designator: OldDesignator=R9_U_relay_ladder9 NewDesignator=R9_U_relay_ladder2
Change Component Designator: OldDesignator=R9_U_relay_ladder10 NewDesignator=R9_U_relay_ladder1
Change Component Designator: OldDesignator=R10_U_relay_ladder01 NewDesignator=R10_U_relay_ladder10
Change Component Designator: OldDesignator=R10_U_relay_ladder02 NewDesignator=R10_U_relay_ladder9
Change Component Designator: OldDesignator=R10_U_relay_ladder3 NewDesignator=R10_U_relay_ladder8
Change Component Designator: OldDesignator=R10_U_relay_ladder4 NewDesignator=R10_U_relay_ladder7
Change Component Designator: OldDesignator=R10_U_relay_ladder5 NewDesignator=R10_U_relay_ladder6
Change Component Designator: OldDesignator=R10_U_relay_ladder6 NewDesignator=R10_U_relay_ladder5
Change Component Designator: OldDesignator=R10_U_relay_ladder7 NewDesignator=R10_U_relay_ladder4
Change Component Designator: OldDesignator=R10_U_relay_ladder8 NewDesignator=R10_U_relay_ladder3
Change Component Designator: OldDesignator=R10_U_relay_ladder9 NewDesignator=R10_U_relay_ladder2
Change Component Designator: OldDesignator=R10_U_relay_ladder10 NewDesignator=R10_U_relay_ladder1
Change Component Designator: OldDesignator=R11_U_relay_ladder01 NewDesignator=R11_U_relay_ladder10
Change Component Designator: OldDesignator=R11_U_relay_ladder02 NewDesignator=R11_U_relay_ladder9
Change Component Designator: OldDesignator=R11_U_relay_ladder3 NewDesignator=R11_U_relay_ladder8
Change Component Designator: OldDesignator=R11_U_relay_ladder4 NewDesignator=R11_U_relay_ladder7
Change Component Designator: OldDesignator=R11_U_relay_ladder5 NewDesignator=R11_U_relay_ladder6
Change Component Designator: OldDesignator=R11_U_relay_ladder6 NewDesignator=R11_U_relay_ladder5
Change Component Designator: OldDesignator=R11_U_relay_ladder7 NewDesignator=R11_U_relay_ladder4
Change Component Designator: OldDesignator=R11_U_relay_ladder8 NewDesignator=R11_U_relay_ladder3
Change Component Designator: OldDesignator=R11_U_relay_ladder9 NewDesignator=R11_U_relay_ladder2
Change Component Designator: OldDesignator=R11_U_relay_ladder10 NewDesignator=R11_U_relay_ladder1
Change Component Designator: OldDesignator=R12_U_relay_ladder01 NewDesignator=R12_U_relay_ladder10
Change Component Designator: OldDesignator=R12_U_relay_ladder02 NewDesignator=R12_U_relay_ladder9
Change Component Designator: OldDesignator=R12_U_relay_ladder3 NewDesignator=R12_U_relay_ladder8
Change Component Designator: OldDesignator=R12_U_relay_ladder4 NewDesignator=R12_U_relay_ladder7
Change Component Designator: OldDesignator=R12_U_relay_ladder5 NewDesignator=R12_U_relay_ladder6
Change Component Designator: OldDesignator=R12_U_relay_ladder6 NewDesignator=R12_U_relay_ladder5
Change Component Designator: OldDesignator=R12_U_relay_ladder7 NewDesignator=R12_U_relay_ladder4
Change Component Designator: OldDesignator=R12_U_relay_ladder8 NewDesignator=R12_U_relay_ladder3
Change Component Designator: OldDesignator=R12_U_relay_ladder9 NewDesignator=R12_U_relay_ladder2
Change Component Designator: OldDesignator=R12_U_relay_ladder10 NewDesignator=R12_U_relay_ladder1
Change Component Designator: OldDesignator=R13_U_relay_ladder01 NewDesignator=R13_U_relay_ladder10
Change Component Designator: OldDesignator=R13_U_relay_ladder02 NewDesignator=R13_U_relay_ladder9
Change Component Designator: OldDesignator=R13_U_relay_ladder3 NewDesignator=R13_U_relay_ladder8
Change Component Designator: OldDesignator=R13_U_relay_ladder4 NewDesignator=R13_U_relay_ladder7
Change Component Designator: OldDesignator=R13_U_relay_ladder5 NewDesignator=R13_U_relay_ladder6
Change Component Designator: OldDesignator=R13_U_relay_ladder6 NewDesignator=R13_U_relay_ladder5
Change Component Designator: OldDesignator=R13_U_relay_ladder7 NewDesignator=R13_U_relay_ladder4
Change Component Designator: OldDesignator=R13_U_relay_ladder8 NewDesignator=R13_U_relay_ladder3
Change Component Designator: OldDesignator=R13_U_relay_ladder9 NewDesignator=R13_U_relay_ladder2
Change Component Designator: OldDesignator=R13_U_relay_ladder10 NewDesignator=R13_U_relay_ladder1
Change Component Designator: OldDesignator=R14_U_relay_ladder01 NewDesignator=R14_U_relay_ladder10
Change Component Designator: OldDesignator=R14_U_relay_ladder02 NewDesignator=R14_U_relay_ladder9
Change Component Designator: OldDesignator=R14_U_relay_ladder3 NewDesignator=R14_U_relay_ladder8
Change Component Designator: OldDesignator=R14_U_relay_ladder4 NewDesignator=R14_U_relay_ladder7
Change Component Designator: OldDesignator=R14_U_relay_ladder5 NewDesignator=R14_U_relay_ladder6
Change Component Designator: OldDesignator=R14_U_relay_ladder6 NewDesignator=R14_U_relay_ladder5
Change Component Designator: OldDesignator=R14_U_relay_ladder7 NewDesignator=R14_U_relay_ladder4
Change Component Designator: OldDesignator=R14_U_relay_ladder8 NewDesignator=R14_U_relay_ladder3
Change Component Designator: OldDesignator=R14_U_relay_ladder9 NewDesignator=R14_U_relay_ladder2
Change Component Designator: OldDesignator=R14_U_relay_ladder10 NewDesignator=R14_U_relay_ladder1
Change Component Designator: OldDesignator=R15_U_relay_ladder01 NewDesignator=R15_U_relay_ladder10
Change Component Designator: OldDesignator=R15_U_relay_ladder02 NewDesignator=R15_U_relay_ladder9
Change Component Designator: OldDesignator=R15_U_relay_ladder3 NewDesignator=R15_U_relay_ladder8
Change Component Designator: OldDesignator=R15_U_relay_ladder4 NewDesignator=R15_U_relay_ladder7
Change Component Designator: OldDesignator=R15_U_relay_ladder5 NewDesignator=R15_U_relay_ladder6
Change Component Designator: OldDesignator=R15_U_relay_ladder6 NewDesignator=R15_U_relay_ladder5
Change Component Designator: OldDesignator=R15_U_relay_ladder7 NewDesignator=R15_U_relay_ladder4
Change Component Designator: OldDesignator=R15_U_relay_ladder8 NewDesignator=R15_U_relay_ladder3
Change Component Designator: OldDesignator=R15_U_relay_ladder9 NewDesignator=R15_U_relay_ladder2
Change Component Designator: OldDesignator=R15_U_relay_ladder10 NewDesignator=R15_U_relay_ladder1
Change Component Designator: OldDesignator=R16_U_relay_ladder01 NewDesignator=R16_U_relay_ladder10
Change Component Designator: OldDesignator=R16_U_relay_ladder02 NewDesignator=R16_U_relay_ladder9
Change Component Designator: OldDesignator=R16_U_relay_ladder3 NewDesignator=R16_U_relay_ladder8
Change Component Designator: OldDesignator=R16_U_relay_ladder4 NewDesignator=R16_U_relay_ladder7
Change Component Designator: OldDesignator=R16_U_relay_ladder5 NewDesignator=R16_U_relay_ladder6
Change Component Designator: OldDesignator=R16_U_relay_ladder6 NewDesignator=R16_U_relay_ladder5
Change Component Designator: OldDesignator=R16_U_relay_ladder7 NewDesignator=R16_U_relay_ladder4
Change Component Designator: OldDesignator=R16_U_relay_ladder8 NewDesignator=R16_U_relay_ladder3
Change Component Designator: OldDesignator=R16_U_relay_ladder9 NewDesignator=R16_U_relay_ladder2
Change Component Designator: OldDesignator=R16_U_relay_ladder10 NewDesignator=R16_U_relay_ladder1
Change Component Designator: OldDesignator=R17_U_relay_ladder01 NewDesignator=R17_U_relay_ladder10
Change Component Designator: OldDesignator=R17_U_relay_ladder02 NewDesignator=R17_U_relay_ladder9
Change Component Designator: OldDesignator=R17_U_relay_ladder3 NewDesignator=R17_U_relay_ladder8
Change Component Designator: OldDesignator=R17_U_relay_ladder4 NewDesignator=R17_U_relay_ladder7
Change Component Designator: OldDesignator=R17_U_relay_ladder5 NewDesignator=R17_U_relay_ladder6
Change Component Designator: OldDesignator=R17_U_relay_ladder6 NewDesignator=R17_U_relay_ladder5
Change Component Designator: OldDesignator=R17_U_relay_ladder7 NewDesignator=R17_U_relay_ladder4
Change Component Designator: OldDesignator=R17_U_relay_ladder8 NewDesignator=R17_U_relay_ladder3
Change Component Designator: OldDesignator=R17_U_relay_ladder9 NewDesignator=R17_U_relay_ladder2
Change Component Designator: OldDesignator=R17_U_relay_ladder10 NewDesignator=R17_U_relay_ladder1
Change Component Designator: OldDesignator=R18_U_relay_ladder01 NewDesignator=R18_U_relay_ladder10
Change Component Designator: OldDesignator=R18_U_relay_ladder02 NewDesignator=R18_U_relay_ladder9
Change Component Designator: OldDesignator=R18_U_relay_ladder3 NewDesignator=R18_U_relay_ladder8
Change Component Designator: OldDesignator=R18_U_relay_ladder4 NewDesignator=R18_U_relay_ladder7
Change Component Designator: OldDesignator=R18_U_relay_ladder5 NewDesignator=R18_U_relay_ladder6
Change Component Designator: OldDesignator=R18_U_relay_ladder6 NewDesignator=R18_U_relay_ladder5
Change Component Designator: OldDesignator=R18_U_relay_ladder7 NewDesignator=R18_U_relay_ladder4
Change Component Designator: OldDesignator=R18_U_relay_ladder8 NewDesignator=R18_U_relay_ladder3
Change Component Designator: OldDesignator=R18_U_relay_ladder9 NewDesignator=R18_U_relay_ladder2
Change Component Designator: OldDesignator=R18_U_relay_ladder10 NewDesignator=R18_U_relay_ladder1
Change Component Designator: OldDesignator=R19_U_relay_ladder01 NewDesignator=R19_U_relay_ladder10
Change Component Designator: OldDesignator=R19_U_relay_ladder02 NewDesignator=R19_U_relay_ladder9
Change Component Designator: OldDesignator=R19_U_relay_ladder3 NewDesignator=R19_U_relay_ladder8
Change Component Designator: OldDesignator=R19_U_relay_ladder4 NewDesignator=R19_U_relay_ladder7
Change Component Designator: OldDesignator=R19_U_relay_ladder5 NewDesignator=R19_U_relay_ladder6
Change Component Designator: OldDesignator=R19_U_relay_ladder6 NewDesignator=R19_U_relay_ladder5
Change Component Designator: OldDesignator=R19_U_relay_ladder7 NewDesignator=R19_U_relay_ladder4
Change Component Designator: OldDesignator=R19_U_relay_ladder8 NewDesignator=R19_U_relay_ladder3
Change Component Designator: OldDesignator=R19_U_relay_ladder9 NewDesignator=R19_U_relay_ladder2
Change Component Designator: OldDesignator=R19_U_relay_ladder10 NewDesignator=R19_U_relay_ladder1
Change Component Designator: OldDesignator=R20_U_relay_ladder01 NewDesignator=R20_U_relay_ladder10
Change Component Designator: OldDesignator=R20_U_relay_ladder02 NewDesignator=R20_U_relay_ladder9
Change Component Designator: OldDesignator=R20_U_relay_ladder3 NewDesignator=R20_U_relay_ladder8
Change Component Designator: OldDesignator=R20_U_relay_ladder4 NewDesignator=R20_U_relay_ladder7
Change Component Designator: OldDesignator=R20_U_relay_ladder5 NewDesignator=R20_U_relay_ladder6
Change Component Designator: OldDesignator=R20_U_relay_ladder6 NewDesignator=R20_U_relay_ladder5
Change Component Designator: OldDesignator=R20_U_relay_ladder7 NewDesignator=R20_U_relay_ladder4
Change Component Designator: OldDesignator=R20_U_relay_ladder8 NewDesignator=R20_U_relay_ladder3
Change Component Designator: OldDesignator=R20_U_relay_ladder9 NewDesignator=R20_U_relay_ladder2
Change Component Designator: OldDesignator=R20_U_relay_ladder10 NewDesignator=R20_U_relay_ladder1
Change Net Name : Old Net Name=NetK1_U_relay_ladder01_3 New Net Name=NetK1_U_relay_ladder10_3
Change Net Name : Old Net Name=NetK1_U_relay_ladder01_7 New Net Name=NetK1_U_relay_ladder10_7
Change Net Name : Old Net Name=NetK1_U_relay_ladder01_8 New Net Name=NetK1_U_relay_ladder10_8
Change Net Name : Old Net Name=NetK1_U_relay_ladder02_3 New Net Name=NetK1_U_relay_ladder9_3
Change Net Name : Old Net Name=NetK1_U_relay_ladder02_7 New Net Name=NetK1_U_relay_ladder9_7
Change Net Name : Old Net Name=NetK1_U_relay_ladder02_8 New Net Name=NetK1_U_relay_ladder9_8
Change Net Name : Old Net Name=NetK1_U_relay_ladder3_3 New Net Name=NetK1_U_relay_ladder8_3
Change Net Name : Old Net Name=NetK1_U_relay_ladder3_7 New Net Name=NetK1_U_relay_ladder8_7
Change Net Name : Old Net Name=NetK1_U_relay_ladder3_8 New Net Name=NetK1_U_relay_ladder8_8
Change Net Name : Old Net Name=NetK1_U_relay_ladder4_3 New Net Name=NetK1_U_relay_ladder7_3
Change Net Name : Old Net Name=NetK1_U_relay_ladder4_7 New Net Name=NetK1_U_relay_ladder7_7
Change Net Name : Old Net Name=NetK1_U_relay_ladder4_8 New Net Name=NetK1_U_relay_ladder7_8
Change Net Name : Old Net Name=NetK1_U_relay_ladder5_3 New Net Name=NetK1_U_relay_ladder6_3
Change Net Name : Old Net Name=NetK1_U_relay_ladder5_7 New Net Name=NetK1_U_relay_ladder6_7
Change Net Name : Old Net Name=NetK1_U_relay_ladder5_8 New Net Name=NetK1_U_relay_ladder6_8
Change Net Name : Old Net Name=NetK1_U_relay_ladder6_3 New Net Name=NetK1_U_relay_ladder5_3
Change Net Name : Old Net Name=NetK1_U_relay_ladder6_7 New Net Name=NetK1_U_relay_ladder5_7
Change Net Name : Old Net Name=NetK1_U_relay_ladder6_8 New Net Name=NetK1_U_relay_ladder5_8
Change Net Name : Old Net Name=NetK1_U_relay_ladder7_3 New Net Name=NetK1_U_relay_ladder4_3
Change Net Name : Old Net Name=NetK1_U_relay_ladder7_7 New Net Name=NetK1_U_relay_ladder4_7
Change Net Name : Old Net Name=NetK1_U_relay_ladder7_8 New Net Name=NetK1_U_relay_ladder4_8
Change Net Name : Old Net Name=NetK1_U_relay_ladder8_3 New Net Name=NetK1_U_relay_ladder3_3
Change Net Name : Old Net Name=NetK1_U_relay_ladder8_7 New Net Name=NetK1_U_relay_ladder3_7
Change Net Name : Old Net Name=NetK1_U_relay_ladder8_8 New Net Name=NetK1_U_relay_ladder3_8
Change Net Name : Old Net Name=NetK1_U_relay_ladder9_3 New Net Name=NetK1_U_relay_ladder2_3
Change Net Name : Old Net Name=NetK1_U_relay_ladder9_7 New Net Name=NetK1_U_relay_ladder2_7
Change Net Name : Old Net Name=NetK1_U_relay_ladder9_8 New Net Name=NetK1_U_relay_ladder2_8
Change Net Name : Old Net Name=NetK1_U_relay_ladder10_3 New Net Name=NetK1_U_relay_ladder1_3
Change Net Name : Old Net Name=NetK1_U_relay_ladder10_7 New Net Name=NetK1_U_relay_ladder1_7
Change Net Name : Old Net Name=NetK1_U_relay_ladder10_8 New Net Name=NetK1_U_relay_ladder1_8
Change Net Name : Old Net Name=NetK2_U_relay_ladder01_3 New Net Name=NetK2_U_relay_ladder10_3
Change Net Name : Old Net Name=NetK2_U_relay_ladder01_7 New Net Name=NetK2_U_relay_ladder10_7
Change Net Name : Old Net Name=NetK2_U_relay_ladder01_8 New Net Name=NetK2_U_relay_ladder10_8
Change Net Name : Old Net Name=NetK2_U_relay_ladder02_3 New Net Name=NetK2_U_relay_ladder9_3
Change Net Name : Old Net Name=NetK2_U_relay_ladder02_7 New Net Name=NetK2_U_relay_ladder9_7
Change Net Name : Old Net Name=NetK2_U_relay_ladder02_8 New Net Name=NetK2_U_relay_ladder9_8
Change Net Name : Old Net Name=NetK2_U_relay_ladder3_3 New Net Name=NetK2_U_relay_ladder8_3
Change Net Name : Old Net Name=NetK2_U_relay_ladder3_7 New Net Name=NetK2_U_relay_ladder8_7
Change Net Name : Old Net Name=NetK2_U_relay_ladder3_8 New Net Name=NetK2_U_relay_ladder8_8
Change Net Name : Old Net Name=NetK2_U_relay_ladder4_3 New Net Name=NetK2_U_relay_ladder7_3
Change Net Name : Old Net Name=NetK2_U_relay_ladder4_7 New Net Name=NetK2_U_relay_ladder7_7
Change Net Name : Old Net Name=NetK2_U_relay_ladder4_8 New Net Name=NetK2_U_relay_ladder7_8
Change Net Name : Old Net Name=NetK2_U_relay_ladder5_3 New Net Name=NetK2_U_relay_ladder6_3
Change Net Name : Old Net Name=NetK2_U_relay_ladder5_7 New Net Name=NetK2_U_relay_ladder6_7
Change Net Name : Old Net Name=NetK2_U_relay_ladder5_8 New Net Name=NetK2_U_relay_ladder6_8
Change Net Name : Old Net Name=NetK2_U_relay_ladder6_3 New Net Name=NetK2_U_relay_ladder5_3
Change Net Name : Old Net Name=NetK2_U_relay_ladder6_7 New Net Name=NetK2_U_relay_ladder5_7
Change Net Name : Old Net Name=NetK2_U_relay_ladder6_8 New Net Name=NetK2_U_relay_ladder5_8
Change Net Name : Old Net Name=NetK2_U_relay_ladder7_3 New Net Name=NetK2_U_relay_ladder4_3
Change Net Name : Old Net Name=NetK2_U_relay_ladder7_7 New Net Name=NetK2_U_relay_ladder4_7
Change Net Name : Old Net Name=NetK2_U_relay_ladder7_8 New Net Name=NetK2_U_relay_ladder4_8
Change Net Name : Old Net Name=NetK2_U_relay_ladder8_3 New Net Name=NetK2_U_relay_ladder3_3
Change Net Name : Old Net Name=NetK2_U_relay_ladder8_7 New Net Name=NetK2_U_relay_ladder3_7
Change Net Name : Old Net Name=NetK2_U_relay_ladder8_8 New Net Name=NetK2_U_relay_ladder3_8
Change Net Name : Old Net Name=NetK2_U_relay_ladder9_3 New Net Name=NetK2_U_relay_ladder2_3
Change Net Name : Old Net Name=NetK2_U_relay_ladder9_7 New Net Name=NetK2_U_relay_ladder2_7
Change Net Name : Old Net Name=NetK2_U_relay_ladder9_8 New Net Name=NetK2_U_relay_ladder2_8
Change Net Name : Old Net Name=NetK2_U_relay_ladder10_3 New Net Name=NetK2_U_relay_ladder1_3
Change Net Name : Old Net Name=NetK2_U_relay_ladder10_7 New Net Name=NetK2_U_relay_ladder1_7
Change Net Name : Old Net Name=NetK2_U_relay_ladder10_8 New Net Name=NetK2_U_relay_ladder1_8
Change Net Name : Old Net Name=NetK3_U_relay_ladder01_3 New Net Name=NetK3_U_relay_ladder10_3
Change Net Name : Old Net Name=NetK3_U_relay_ladder01_7 New Net Name=NetK3_U_relay_ladder10_7
Change Net Name : Old Net Name=NetK3_U_relay_ladder01_8 New Net Name=NetK3_U_relay_ladder10_8
Change Net Name : Old Net Name=NetK3_U_relay_ladder02_3 New Net Name=NetK3_U_relay_ladder9_3
Change Net Name : Old Net Name=NetK3_U_relay_ladder02_7 New Net Name=NetK3_U_relay_ladder9_7
Change Net Name : Old Net Name=NetK3_U_relay_ladder02_8 New Net Name=NetK3_U_relay_ladder9_8
Change Net Name : Old Net Name=NetK3_U_relay_ladder3_3 New Net Name=NetK3_U_relay_ladder8_3
Change Net Name : Old Net Name=NetK3_U_relay_ladder3_7 New Net Name=NetK3_U_relay_ladder8_7
Change Net Name : Old Net Name=NetK3_U_relay_ladder3_8 New Net Name=NetK3_U_relay_ladder8_8
Change Net Name : Old Net Name=NetK3_U_relay_ladder4_3 New Net Name=NetK3_U_relay_ladder7_3
Change Net Name : Old Net Name=NetK3_U_relay_ladder4_7 New Net Name=NetK3_U_relay_ladder7_7
Change Net Name : Old Net Name=NetK3_U_relay_ladder4_8 New Net Name=NetK3_U_relay_ladder7_8
Change Net Name : Old Net Name=NetK3_U_relay_ladder5_3 New Net Name=NetK3_U_relay_ladder6_3
Change Net Name : Old Net Name=NetK3_U_relay_ladder5_7 New Net Name=NetK3_U_relay_ladder6_7
Change Net Name : Old Net Name=NetK3_U_relay_ladder5_8 New Net Name=NetK3_U_relay_ladder6_8
Change Net Name : Old Net Name=NetK3_U_relay_ladder6_3 New Net Name=NetK3_U_relay_ladder5_3
Change Net Name : Old Net Name=NetK3_U_relay_ladder6_7 New Net Name=NetK3_U_relay_ladder5_7
Change Net Name : Old Net Name=NetK3_U_relay_ladder6_8 New Net Name=NetK3_U_relay_ladder5_8
Change Net Name : Old Net Name=NetK3_U_relay_ladder7_3 New Net Name=NetK3_U_relay_ladder4_3
Change Net Name : Old Net Name=NetK3_U_relay_ladder7_7 New Net Name=NetK3_U_relay_ladder4_7
Change Net Name : Old Net Name=NetK3_U_relay_ladder7_8 New Net Name=NetK3_U_relay_ladder4_8
Change Net Name : Old Net Name=NetK3_U_relay_ladder8_3 New Net Name=NetK3_U_relay_ladder3_3
Change Net Name : Old Net Name=NetK3_U_relay_ladder8_7 New Net Name=NetK3_U_relay_ladder3_7
Change Net Name : Old Net Name=NetK3_U_relay_ladder8_8 New Net Name=NetK3_U_relay_ladder3_8
Change Net Name : Old Net Name=NetK3_U_relay_ladder9_3 New Net Name=NetK3_U_relay_ladder2_3
Change Net Name : Old Net Name=NetK3_U_relay_ladder9_7 New Net Name=NetK3_U_relay_ladder2_7
Change Net Name : Old Net Name=NetK3_U_relay_ladder9_8 New Net Name=NetK3_U_relay_ladder2_8
Change Net Name : Old Net Name=NetK3_U_relay_ladder10_3 New Net Name=NetK3_U_relay_ladder1_3
Change Net Name : Old Net Name=NetK3_U_relay_ladder10_7 New Net Name=NetK3_U_relay_ladder1_7
Change Net Name : Old Net Name=NetK3_U_relay_ladder10_8 New Net Name=NetK3_U_relay_ladder1_8
Change Net Name : Old Net Name=NetK4_U_relay_ladder01_3 New Net Name=NetK4_U_relay_ladder10_3
Change Net Name : Old Net Name=NetK4_U_relay_ladder01_7 New Net Name=NetK4_U_relay_ladder10_7
Change Net Name : Old Net Name=NetK4_U_relay_ladder01_8 New Net Name=NetK4_U_relay_ladder10_8
Change Net Name : Old Net Name=NetK4_U_relay_ladder02_3 New Net Name=NetK4_U_relay_ladder9_3
Change Net Name : Old Net Name=NetK4_U_relay_ladder02_7 New Net Name=NetK4_U_relay_ladder9_7
Change Net Name : Old Net Name=NetK4_U_relay_ladder02_8 New Net Name=NetK4_U_relay_ladder9_8
Change Net Name : Old Net Name=NetK4_U_relay_ladder3_3 New Net Name=NetK4_U_relay_ladder8_3
Change Net Name : Old Net Name=NetK4_U_relay_ladder3_7 New Net Name=NetK4_U_relay_ladder8_7
Change Net Name : Old Net Name=NetK4_U_relay_ladder3_8 New Net Name=NetK4_U_relay_ladder8_8
Change Net Name : Old Net Name=NetK4_U_relay_ladder4_3 New Net Name=NetK4_U_relay_ladder7_3
Change Net Name : Old Net Name=NetK4_U_relay_ladder4_7 New Net Name=NetK4_U_relay_ladder7_7
Change Net Name : Old Net Name=NetK4_U_relay_ladder4_8 New Net Name=NetK4_U_relay_ladder7_8
Change Net Name : Old Net Name=NetK4_U_relay_ladder5_3 New Net Name=NetK4_U_relay_ladder6_3
Change Net Name : Old Net Name=NetK4_U_relay_ladder5_7 New Net Name=NetK4_U_relay_ladder6_7
Change Net Name : Old Net Name=NetK4_U_relay_ladder5_8 New Net Name=NetK4_U_relay_ladder6_8
Change Net Name : Old Net Name=NetK4_U_relay_ladder6_3 New Net Name=NetK4_U_relay_ladder5_3
Change Net Name : Old Net Name=NetK4_U_relay_ladder6_7 New Net Name=NetK4_U_relay_ladder5_7
Change Net Name : Old Net Name=NetK4_U_relay_ladder6_8 New Net Name=NetK4_U_relay_ladder5_8
Change Net Name : Old Net Name=NetK4_U_relay_ladder7_3 New Net Name=NetK4_U_relay_ladder4_3
Change Net Name : Old Net Name=NetK4_U_relay_ladder7_7 New Net Name=NetK4_U_relay_ladder4_7
Change Net Name : Old Net Name=NetK4_U_relay_ladder7_8 New Net Name=NetK4_U_relay_ladder4_8
Change Net Name : Old Net Name=NetK4_U_relay_ladder8_3 New Net Name=NetK4_U_relay_ladder3_3
Change Net Name : Old Net Name=NetK4_U_relay_ladder8_7 New Net Name=NetK4_U_relay_ladder3_7
Change Net Name : Old Net Name=NetK4_U_relay_ladder8_8 New Net Name=NetK4_U_relay_ladder3_8
Change Net Name : Old Net Name=NetK4_U_relay_ladder9_3 New Net Name=NetK4_U_relay_ladder2_3
Change Net Name : Old Net Name=NetK4_U_relay_ladder9_7 New Net Name=NetK4_U_relay_ladder2_7
Change Net Name : Old Net Name=NetK4_U_relay_ladder9_8 New Net Name=NetK4_U_relay_ladder2_8
Change Net Name : Old Net Name=NetK4_U_relay_ladder10_3 New Net Name=NetK4_U_relay_ladder1_3
Change Net Name : Old Net Name=NetK4_U_relay_ladder10_7 New Net Name=NetK4_U_relay_ladder1_7
Change Net Name : Old Net Name=NetK4_U_relay_ladder10_8 New Net Name=NetK4_U_relay_ladder1_8
Change Net Name : Old Net Name=NetK5_U_relay_ladder01_3 New Net Name=NetK5_U_relay_ladder10_3
Change Net Name : Old Net Name=NetK5_U_relay_ladder01_7 New Net Name=NetK5_U_relay_ladder10_7
Change Net Name : Old Net Name=NetK5_U_relay_ladder01_8 New Net Name=NetK5_U_relay_ladder10_8
Change Net Name : Old Net Name=NetK5_U_relay_ladder02_3 New Net Name=NetK5_U_relay_ladder9_3
Change Net Name : Old Net Name=NetK5_U_relay_ladder02_7 New Net Name=NetK5_U_relay_ladder9_7
Change Net Name : Old Net Name=NetK5_U_relay_ladder02_8 New Net Name=NetK5_U_relay_ladder9_8
Change Net Name : Old Net Name=NetK5_U_relay_ladder3_3 New Net Name=NetK5_U_relay_ladder8_3
Change Net Name : Old Net Name=NetK5_U_relay_ladder3_7 New Net Name=NetK5_U_relay_ladder8_7
Change Net Name : Old Net Name=NetK5_U_relay_ladder3_8 New Net Name=NetK5_U_relay_ladder8_8
Change Net Name : Old Net Name=NetK5_U_relay_ladder4_3 New Net Name=NetK5_U_relay_ladder7_3
Change Net Name : Old Net Name=NetK5_U_relay_ladder4_7 New Net Name=NetK5_U_relay_ladder7_7
Change Net Name : Old Net Name=NetK5_U_relay_ladder4_8 New Net Name=NetK5_U_relay_ladder7_8
Change Net Name : Old Net Name=NetK5_U_relay_ladder5_3 New Net Name=NetK5_U_relay_ladder6_3
Change Net Name : Old Net Name=NetK5_U_relay_ladder5_7 New Net Name=NetK5_U_relay_ladder6_7
Change Net Name : Old Net Name=NetK5_U_relay_ladder5_8 New Net Name=NetK5_U_relay_ladder6_8
Change Net Name : Old Net Name=NetK5_U_relay_ladder6_3 New Net Name=NetK5_U_relay_ladder5_3
Change Net Name : Old Net Name=NetK5_U_relay_ladder6_7 New Net Name=NetK5_U_relay_ladder5_7
Change Net Name : Old Net Name=NetK5_U_relay_ladder6_8 New Net Name=NetK5_U_relay_ladder5_8
Change Net Name : Old Net Name=NetK5_U_relay_ladder7_3 New Net Name=NetK5_U_relay_ladder4_3
Change Net Name : Old Net Name=NetK5_U_relay_ladder7_7 New Net Name=NetK5_U_relay_ladder4_7
Change Net Name : Old Net Name=NetK5_U_relay_ladder7_8 New Net Name=NetK5_U_relay_ladder4_8
Change Net Name : Old Net Name=NetK5_U_relay_ladder8_3 New Net Name=NetK5_U_relay_ladder3_3
Change Net Name : Old Net Name=NetK5_U_relay_ladder8_7 New Net Name=NetK5_U_relay_ladder3_7
Change Net Name : Old Net Name=NetK5_U_relay_ladder8_8 New Net Name=NetK5_U_relay_ladder3_8
Change Net Name : Old Net Name=NetK5_U_relay_ladder9_3 New Net Name=NetK5_U_relay_ladder2_3
Change Net Name : Old Net Name=NetK5_U_relay_ladder9_7 New Net Name=NetK5_U_relay_ladder2_7
Change Net Name : Old Net Name=NetK5_U_relay_ladder9_8 New Net Name=NetK5_U_relay_ladder2_8
Change Net Name : Old Net Name=NetK5_U_relay_ladder10_3 New Net Name=NetK5_U_relay_ladder1_3
Change Net Name : Old Net Name=NetK5_U_relay_ladder10_7 New Net Name=NetK5_U_relay_ladder1_7
Change Net Name : Old Net Name=NetK5_U_relay_ladder10_8 New Net Name=NetK5_U_relay_ladder1_8
Change Net Name : Old Net Name=NetK6_U_relay_ladder01_3 New Net Name=NetK6_U_relay_ladder10_3
Change Net Name : Old Net Name=NetK6_U_relay_ladder01_7 New Net Name=NetK6_U_relay_ladder10_7
Change Net Name : Old Net Name=NetK6_U_relay_ladder01_8 New Net Name=NetK6_U_relay_ladder10_8
Change Net Name : Old Net Name=NetK6_U_relay_ladder02_3 New Net Name=NetK6_U_relay_ladder9_3
Change Net Name : Old Net Name=NetK6_U_relay_ladder02_7 New Net Name=NetK6_U_relay_ladder9_7
Change Net Name : Old Net Name=NetK6_U_relay_ladder02_8 New Net Name=NetK6_U_relay_ladder9_8
Change Net Name : Old Net Name=NetK6_U_relay_ladder3_3 New Net Name=NetK6_U_relay_ladder8_3
Change Net Name : Old Net Name=NetK6_U_relay_ladder3_7 New Net Name=NetK6_U_relay_ladder8_7
Change Net Name : Old Net Name=NetK6_U_relay_ladder3_8 New Net Name=NetK6_U_relay_ladder8_8
Change Net Name : Old Net Name=NetK6_U_relay_ladder4_3 New Net Name=NetK6_U_relay_ladder7_3
Change Net Name : Old Net Name=NetK6_U_relay_ladder4_7 New Net Name=NetK6_U_relay_ladder7_7
Change Net Name : Old Net Name=NetK6_U_relay_ladder4_8 New Net Name=NetK6_U_relay_ladder7_8
Change Net Name : Old Net Name=NetK6_U_relay_ladder5_3 New Net Name=NetK6_U_relay_ladder6_3
Change Net Name : Old Net Name=NetK6_U_relay_ladder5_7 New Net Name=NetK6_U_relay_ladder6_7
Change Net Name : Old Net Name=NetK6_U_relay_ladder5_8 New Net Name=NetK6_U_relay_ladder6_8
Change Net Name : Old Net Name=NetK6_U_relay_ladder6_3 New Net Name=NetK6_U_relay_ladder5_3
Change Net Name : Old Net Name=NetK6_U_relay_ladder6_7 New Net Name=NetK6_U_relay_ladder5_7
Change Net Name : Old Net Name=NetK6_U_relay_ladder6_8 New Net Name=NetK6_U_relay_ladder5_8
Change Net Name : Old Net Name=NetK6_U_relay_ladder7_3 New Net Name=NetK6_U_relay_ladder4_3
Change Net Name : Old Net Name=NetK6_U_relay_ladder7_7 New Net Name=NetK6_U_relay_ladder4_7
Change Net Name : Old Net Name=NetK6_U_relay_ladder7_8 New Net Name=NetK6_U_relay_ladder4_8
Change Net Name : Old Net Name=NetK6_U_relay_ladder8_3 New Net Name=NetK6_U_relay_ladder3_3
Change Net Name : Old Net Name=NetK6_U_relay_ladder8_7 New Net Name=NetK6_U_relay_ladder3_7
Change Net Name : Old Net Name=NetK6_U_relay_ladder8_8 New Net Name=NetK6_U_relay_ladder3_8
Change Net Name : Old Net Name=NetK6_U_relay_ladder9_3 New Net Name=NetK6_U_relay_ladder2_3
Change Net Name : Old Net Name=NetK6_U_relay_ladder9_7 New Net Name=NetK6_U_relay_ladder2_7
Change Net Name : Old Net Name=NetK6_U_relay_ladder9_8 New Net Name=NetK6_U_relay_ladder2_8
Change Net Name : Old Net Name=NetK6_U_relay_ladder10_3 New Net Name=NetK6_U_relay_ladder1_3
Change Net Name : Old Net Name=NetK6_U_relay_ladder10_7 New Net Name=NetK6_U_relay_ladder1_7
Change Net Name : Old Net Name=NetK6_U_relay_ladder10_8 New Net Name=NetK6_U_relay_ladder1_8
Change Net Name : Old Net Name=NetK7_U_relay_ladder01_3 New Net Name=NetK7_U_relay_ladder10_3
Change Net Name : Old Net Name=NetK7_U_relay_ladder01_7 New Net Name=NetK7_U_relay_ladder10_7
Change Net Name : Old Net Name=NetK7_U_relay_ladder01_8 New Net Name=NetK7_U_relay_ladder10_8
Change Net Name : Old Net Name=NetK7_U_relay_ladder02_3 New Net Name=NetK7_U_relay_ladder9_3
Change Net Name : Old Net Name=NetK7_U_relay_ladder02_7 New Net Name=NetK7_U_relay_ladder9_7
Change Net Name : Old Net Name=NetK7_U_relay_ladder02_8 New Net Name=NetK7_U_relay_ladder9_8
Change Net Name : Old Net Name=NetK7_U_relay_ladder3_3 New Net Name=NetK7_U_relay_ladder8_3
Change Net Name : Old Net Name=NetK7_U_relay_ladder3_7 New Net Name=NetK7_U_relay_ladder8_7
Change Net Name : Old Net Name=NetK7_U_relay_ladder3_8 New Net Name=NetK7_U_relay_ladder8_8
Change Net Name : Old Net Name=NetK7_U_relay_ladder4_3 New Net Name=NetK7_U_relay_ladder7_3
Change Net Name : Old Net Name=NetK7_U_relay_ladder4_7 New Net Name=NetK7_U_relay_ladder7_7
Change Net Name : Old Net Name=NetK7_U_relay_ladder4_8 New Net Name=NetK7_U_relay_ladder7_8
Change Net Name : Old Net Name=NetK7_U_relay_ladder5_3 New Net Name=NetK7_U_relay_ladder6_3
Change Net Name : Old Net Name=NetK7_U_relay_ladder5_7 New Net Name=NetK7_U_relay_ladder6_7
Change Net Name : Old Net Name=NetK7_U_relay_ladder5_8 New Net Name=NetK7_U_relay_ladder6_8
Change Net Name : Old Net Name=NetK7_U_relay_ladder6_3 New Net Name=NetK7_U_relay_ladder5_3
Change Net Name : Old Net Name=NetK7_U_relay_ladder6_7 New Net Name=NetK7_U_relay_ladder5_7
Change Net Name : Old Net Name=NetK7_U_relay_ladder6_8 New Net Name=NetK7_U_relay_ladder5_8
Change Net Name : Old Net Name=NetK7_U_relay_ladder7_3 New Net Name=NetK7_U_relay_ladder4_3
Change Net Name : Old Net Name=NetK7_U_relay_ladder7_7 New Net Name=NetK7_U_relay_ladder4_7
Change Net Name : Old Net Name=NetK7_U_relay_ladder7_8 New Net Name=NetK7_U_relay_ladder4_8
Change Net Name : Old Net Name=NetK7_U_relay_ladder8_3 New Net Name=NetK7_U_relay_ladder3_3
Change Net Name : Old Net Name=NetK7_U_relay_ladder8_7 New Net Name=NetK7_U_relay_ladder3_7
Change Net Name : Old Net Name=NetK7_U_relay_ladder8_8 New Net Name=NetK7_U_relay_ladder3_8
Change Net Name : Old Net Name=NetK7_U_relay_ladder9_3 New Net Name=NetK7_U_relay_ladder2_3
Change Net Name : Old Net Name=NetK7_U_relay_ladder9_7 New Net Name=NetK7_U_relay_ladder2_7
Change Net Name : Old Net Name=NetK7_U_relay_ladder9_8 New Net Name=NetK7_U_relay_ladder2_8
Change Net Name : Old Net Name=NetK7_U_relay_ladder10_3 New Net Name=NetK7_U_relay_ladder1_3
Change Net Name : Old Net Name=NetK7_U_relay_ladder10_7 New Net Name=NetK7_U_relay_ladder1_7
Change Net Name : Old Net Name=NetK7_U_relay_ladder10_8 New Net Name=NetK7_U_relay_ladder1_8
Change Net Name : Old Net Name=NetK8_U_relay_ladder01_8 New Net Name=NetK8_U_relay_ladder10_8
Change Net Name : Old Net Name=NetK8_U_relay_ladder02_8 New Net Name=NetK8_U_relay_ladder9_8
Change Net Name : Old Net Name=NetK8_U_relay_ladder3_8 New Net Name=NetK8_U_relay_ladder8_8
Change Net Name : Old Net Name=NetK8_U_relay_ladder4_8 New Net Name=NetK8_U_relay_ladder7_8
Change Net Name : Old Net Name=NetK8_U_relay_ladder5_8 New Net Name=NetK8_U_relay_ladder6_8
Change Net Name : Old Net Name=NetK8_U_relay_ladder6_8 New Net Name=NetK8_U_relay_ladder5_8
Change Net Name : Old Net Name=NetK8_U_relay_ladder7_8 New Net Name=NetK8_U_relay_ladder4_8
Change Net Name : Old Net Name=NetK8_U_relay_ladder8_8 New Net Name=NetK8_U_relay_ladder3_8
Change Net Name : Old Net Name=NetK8_U_relay_ladder9_8 New Net Name=NetK8_U_relay_ladder2_8
Change Net Name : Old Net Name=NetK8_U_relay_ladder10_8 New Net Name=NetK8_U_relay_ladder1_8
Added Class: Name=U_relay_ladder1
Added Class: Name=U_relay_ladder2
Added Room: Name=U_relay_ladder1
Added Room: Name=U_relay_ladder2
