Added Component: Designator=P6(HDR2X10)
Add component (AddParameter): Name = "LatestRevisionDate"; Value = "17-Jul-2002"; VariantName = "[No Variations]"
Add component (AddParameter): Name = "LatestRevisionNote"; Value = "Re-released for DXP Platform."; VariantName = "[No Variations]"
Add component (AddParameter): Name = "Publisher"; Value = "Altium Limited"; VariantName = "[No Variations]"
Added Pin To Net: NetName=A10 Pin=P6-1
Added Pin To Net: NetName=B10 Pin=P6-2
Added Pin To Net: NetName=C10 Pin=P6-3
Added Pin To Net: NetName=AGND Pin=P6-4
Added Pin To Net: NetName=A9 Pin=P6-5
Added Pin To Net: NetName=B9 Pin=P6-6
Added Pin To Net: NetName=C9 Pin=P6-7
Added Pin To Net: NetName=AGND Pin=P6-8
Added Pin To Net: NetName=A8 Pin=P6-9
Added Pin To Net: NetName=B8 Pin=P6-10
Added Pin To Net: NetName=C8 Pin=P6-11
Added Pin To Net: NetName=AGND Pin=P6-12
Added Pin To Net: NetName=A7 Pin=P6-13
Added Pin To Net: NetName=B7 Pin=P6-14
Added Pin To Net: NetName=C7 Pin=P6-15
Added Pin To Net: NetName=AGND Pin=P6-16
Added Pin To Net: NetName=A6 Pin=P6-17
Added Pin To Net: NetName=B6 Pin=P6-18
Added Pin To Net: NetName=C6 Pin=P6-19
Added Pin To Net: NetName=AGND Pin=P6-20
Added Member To Class: ClassName=U_relay_driver Member=Component P6 Header 10X2
