Removed Pin From Net: NetName=B2 Pin=J2_U_rel_ladder1-1
Removed Pin From Net: NetName=B2 Pin=J2_U_rel_ladder1-2
Removed Pin From Net: NetName=B1 Pin=J2_U_rel_ladder2-1
Removed Pin From Net: NetName=B1 Pin=J2_U_rel_ladder2-2
Removed Pin From Net: NetName=+12 Pin=K1_U_rel_ladder1-1
Removed Pin From Net: NetName=B2 Pin=K1_U_rel_ladder1-3
Removed Pin From Net: NetName=NetK1_U_rel_ladder1_4 Pin=K1_U_rel_ladder1-4
Removed Pin From Net: NetName=NetK1_U_rel_ladder1_6 Pin=K1_U_rel_ladder1-6
Removed Pin From Net: NetName=B2 Pin=K1_U_rel_ladder1-7
Removed Pin From Net: NetName=NetK1_U_rel_ladder1_8 Pin=K1_U_rel_ladder1-8
Removed Pin From Net: NetName=+12 Pin=K1_U_rel_ladder2-1
Removed Pin From Net: NetName=B1 Pin=K1_U_rel_ladder2-3
Removed Pin From Net: NetName=NetK1_U_rel_ladder2_4 Pin=K1_U_rel_ladder2-4
Removed Pin From Net: NetName=NetK1_U_rel_ladder2_6 Pin=K1_U_rel_ladder2-6
Removed Pin From Net: NetName=B1 Pin=K1_U_rel_ladder2-7
Removed Pin From Net: NetName=NetK1_U_rel_ladder2_8 Pin=K1_U_rel_ladder2-8
Removed Pin From Net: NetName=+12 Pin=K2_U_rel_ladder1-1
Removed Pin From Net: NetName=NetK1_U_rel_ladder1_4 Pin=K2_U_rel_ladder1-3
Removed Pin From Net: NetName=NetK2_U_rel_ladder1_4 Pin=K2_U_rel_ladder1-4
Removed Pin From Net: NetName=NetK2_U_rel_ladder1_6 Pin=K2_U_rel_ladder1-6
Removed Pin From Net: NetName=NetK1_U_rel_ladder1_6 Pin=K2_U_rel_ladder1-7
Removed Pin From Net: NetName=NetK2_U_rel_ladder1_8 Pin=K2_U_rel_ladder1-8
Removed Pin From Net: NetName=+12 Pin=K2_U_rel_ladder2-1
Removed Pin From Net: NetName=NetK1_U_rel_ladder2_4 Pin=K2_U_rel_ladder2-3
Removed Pin From Net: NetName=NetK2_U_rel_ladder2_4 Pin=K2_U_rel_ladder2-4
Removed Pin From Net: NetName=NetK2_U_rel_ladder2_6 Pin=K2_U_rel_ladder2-6
Removed Pin From Net: NetName=NetK1_U_rel_ladder2_6 Pin=K2_U_rel_ladder2-7
Removed Pin From Net: NetName=NetK2_U_rel_ladder2_8 Pin=K2_U_rel_ladder2-8
Removed Pin From Net: NetName=+12 Pin=K3_U_rel_ladder1-1
Removed Pin From Net: NetName=NetK2_U_rel_ladder1_4 Pin=K3_U_rel_ladder1-3
Removed Pin From Net: NetName=NetK3_U_rel_ladder1_4 Pin=K3_U_rel_ladder1-4
Removed Pin From Net: NetName=NetK3_U_rel_ladder1_6 Pin=K3_U_rel_ladder1-6
Removed Pin From Net: NetName=NetK2_U_rel_ladder1_6 Pin=K3_U_rel_ladder1-7
Removed Pin From Net: NetName=NetK3_U_rel_ladder1_8 Pin=K3_U_rel_ladder1-8
Removed Pin From Net: NetName=+12 Pin=K3_U_rel_ladder2-1
Removed Pin From Net: NetName=NetK2_U_rel_ladder2_4 Pin=K3_U_rel_ladder2-3
Removed Pin From Net: NetName=NetK3_U_rel_ladder2_4 Pin=K3_U_rel_ladder2-4
Removed Pin From Net: NetName=NetK3_U_rel_ladder2_6 Pin=K3_U_rel_ladder2-6
Removed Pin From Net: NetName=NetK2_U_rel_ladder2_6 Pin=K3_U_rel_ladder2-7
Removed Pin From Net: NetName=NetK3_U_rel_ladder2_8 Pin=K3_U_rel_ladder2-8
Removed Pin From Net: NetName=+12 Pin=K4_U_rel_ladder1-1
Removed Pin From Net: NetName=NetK3_U_rel_ladder1_4 Pin=K4_U_rel_ladder1-3
Removed Pin From Net: NetName=NetK4_U_rel_ladder1_4 Pin=K4_U_rel_ladder1-4
Removed Pin From Net: NetName=NetK4_U_rel_ladder1_6 Pin=K4_U_rel_ladder1-6
Removed Pin From Net: NetName=NetK3_U_rel_ladder1_6 Pin=K4_U_rel_ladder1-7
Removed Pin From Net: NetName=NetK4_U_rel_ladder1_8 Pin=K4_U_rel_ladder1-8
Removed Pin From Net: NetName=+12 Pin=K4_U_rel_ladder2-1
Removed Pin From Net: NetName=NetK3_U_rel_ladder2_4 Pin=K4_U_rel_ladder2-3
Removed Pin From Net: NetName=NetK4_U_rel_ladder2_4 Pin=K4_U_rel_ladder2-4
Removed Pin From Net: NetName=NetK4_U_rel_ladder2_6 Pin=K4_U_rel_ladder2-6
Removed Pin From Net: NetName=NetK3_U_rel_ladder2_6 Pin=K4_U_rel_ladder2-7
Removed Pin From Net: NetName=NetK4_U_rel_ladder2_8 Pin=K4_U_rel_ladder2-8
Removed Pin From Net: NetName=+12 Pin=K5_U_rel_ladder1-1
Removed Pin From Net: NetName=NetK4_U_rel_ladder1_4 Pin=K5_U_rel_ladder1-3
Removed Pin From Net: NetName=NetK5_U_rel_ladder1_4 Pin=K5_U_rel_ladder1-4
Removed Pin From Net: NetName=NetK5_U_rel_ladder1_6 Pin=K5_U_rel_ladder1-6
Removed Pin From Net: NetName=NetK4_U_rel_ladder1_6 Pin=K5_U_rel_ladder1-7
Removed Pin From Net: NetName=NetK5_U_rel_ladder1_8 Pin=K5_U_rel_ladder1-8
Removed Pin From Net: NetName=+12 Pin=K5_U_rel_ladder2-1
Removed Pin From Net: NetName=NetK4_U_rel_ladder2_4 Pin=K5_U_rel_ladder2-3
Removed Pin From Net: NetName=NetK5_U_rel_ladder2_4 Pin=K5_U_rel_ladder2-4
Removed Pin From Net: NetName=NetK5_U_rel_ladder2_6 Pin=K5_U_rel_ladder2-6
Removed Pin From Net: NetName=NetK4_U_rel_ladder2_6 Pin=K5_U_rel_ladder2-7
Removed Pin From Net: NetName=NetK5_U_rel_ladder2_8 Pin=K5_U_rel_ladder2-8
Removed Pin From Net: NetName=+12 Pin=K6_U_rel_ladder1-1
Removed Pin From Net: NetName=NetK5_U_rel_ladder1_4 Pin=K6_U_rel_ladder1-3
Removed Pin From Net: NetName=NetK6_U_rel_ladder1_4 Pin=K6_U_rel_ladder1-4
Removed Pin From Net: NetName=NetK6_U_rel_ladder1_6 Pin=K6_U_rel_ladder1-6
Removed Pin From Net: NetName=NetK5_U_rel_ladder1_6 Pin=K6_U_rel_ladder1-7
Removed Pin From Net: NetName=NetK6_U_rel_ladder1_8 Pin=K6_U_rel_ladder1-8
Removed Pin From Net: NetName=+12 Pin=K6_U_rel_ladder2-1
Removed Pin From Net: NetName=NetK5_U_rel_ladder2_4 Pin=K6_U_rel_ladder2-3
Removed Pin From Net: NetName=NetK6_U_rel_ladder2_4 Pin=K6_U_rel_ladder2-4
Removed Pin From Net: NetName=NetK6_U_rel_ladder2_6 Pin=K6_U_rel_ladder2-6
Removed Pin From Net: NetName=NetK5_U_rel_ladder2_6 Pin=K6_U_rel_ladder2-7
Removed Pin From Net: NetName=NetK6_U_rel_ladder2_8 Pin=K6_U_rel_ladder2-8
Removed Pin From Net: NetName=+12 Pin=K7_U_rel_ladder1-1
Removed Pin From Net: NetName=NetK6_U_rel_ladder1_4 Pin=K7_U_rel_ladder1-3
Removed Pin From Net: NetName=NetK7_U_rel_ladder1_4 Pin=K7_U_rel_ladder1-4
Removed Pin From Net: NetName=NetK7_U_rel_ladder1_6 Pin=K7_U_rel_ladder1-6
Removed Pin From Net: NetName=NetK6_U_rel_ladder1_6 Pin=K7_U_rel_ladder1-7
Removed Pin From Net: NetName=NetK7_U_rel_ladder1_8 Pin=K7_U_rel_ladder1-8
Removed Pin From Net: NetName=+12 Pin=K7_U_rel_ladder2-1
Removed Pin From Net: NetName=NetK6_U_rel_ladder2_4 Pin=K7_U_rel_ladder2-3
Removed Pin From Net: NetName=NetK7_U_rel_ladder2_4 Pin=K7_U_rel_ladder2-4
Removed Pin From Net: NetName=NetK7_U_rel_ladder2_6 Pin=K7_U_rel_ladder2-6
Removed Pin From Net: NetName=NetK6_U_rel_ladder2_6 Pin=K7_U_rel_ladder2-7
Removed Pin From Net: NetName=NetK7_U_rel_ladder2_8 Pin=K7_U_rel_ladder2-8
Removed Pin From Net: NetName=+12 Pin=K8_U_rel_ladder1-1
Removed Pin From Net: NetName=NetK7_U_rel_ladder1_4 Pin=K8_U_rel_ladder1-3
Removed Pin From Net: NetName=C2 Pin=K8_U_rel_ladder1-4
Removed Pin From Net: NetName=A2 Pin=K8_U_rel_ladder1-6
Removed Pin From Net: NetName=NetK7_U_rel_ladder1_6 Pin=K8_U_rel_ladder1-7
Removed Pin From Net: NetName=NetK8_U_rel_ladder1_8 Pin=K8_U_rel_ladder1-8
Removed Pin From Net: NetName=+12 Pin=K8_U_rel_ladder2-1
Removed Pin From Net: NetName=NetK7_U_rel_ladder2_4 Pin=K8_U_rel_ladder2-3
Removed Pin From Net: NetName=C1 Pin=K8_U_rel_ladder2-4
Removed Pin From Net: NetName=A1 Pin=K8_U_rel_ladder2-6
Removed Pin From Net: NetName=NetK7_U_rel_ladder2_6 Pin=K8_U_rel_ladder2-7
Removed Pin From Net: NetName=NetK8_U_rel_ladder2_8 Pin=K8_U_rel_ladder2-8
Removed Pin From Net: NetName=A2 Pin=R1_U_rel_ladder1-1
Removed Pin From Net: NetName=NetK7_U_rel_ladder1_6 Pin=R1_U_rel_ladder1-2
Removed Pin From Net: NetName=A1 Pin=R1_U_rel_ladder2-1
Removed Pin From Net: NetName=NetK7_U_rel_ladder2_6 Pin=R1_U_rel_ladder2-2
Removed Pin From Net: NetName=C2 Pin=R2_U_rel_ladder1-1
Removed Pin From Net: NetName=NetK7_U_rel_ladder1_4 Pin=R2_U_rel_ladder1-2
Removed Pin From Net: NetName=C1 Pin=R2_U_rel_ladder2-1
Removed Pin From Net: NetName=NetK7_U_rel_ladder2_4 Pin=R2_U_rel_ladder2-2
Removed Pin From Net: NetName=NetK7_U_rel_ladder1_6 Pin=R3_U_rel_ladder1-1
Removed Pin From Net: NetName=NetK6_U_rel_ladder1_6 Pin=R3_U_rel_ladder1-2
Removed Pin From Net: NetName=NetK7_U_rel_ladder2_6 Pin=R3_U_rel_ladder2-1
Removed Pin From Net: NetName=NetK6_U_rel_ladder2_6 Pin=R3_U_rel_ladder2-2
Removed Pin From Net: NetName=NetK7_U_rel_ladder1_4 Pin=R4_U_rel_ladder1-1
Removed Pin From Net: NetName=NetK6_U_rel_ladder1_4 Pin=R4_U_rel_ladder1-2
Removed Pin From Net: NetName=NetK7_U_rel_ladder2_4 Pin=R4_U_rel_ladder2-1
Removed Pin From Net: NetName=NetK6_U_rel_ladder2_4 Pin=R4_U_rel_ladder2-2
Removed Pin From Net: NetName=NetK6_U_rel_ladder1_6 Pin=R5_U_rel_ladder1-1
Removed Pin From Net: NetName=NetK5_U_rel_ladder1_6 Pin=R5_U_rel_ladder1-2
Removed Pin From Net: NetName=NetK6_U_rel_ladder2_6 Pin=R5_U_rel_ladder2-1
Removed Pin From Net: NetName=NetK5_U_rel_ladder2_6 Pin=R5_U_rel_ladder2-2
Removed Pin From Net: NetName=NetK6_U_rel_ladder1_4 Pin=R6_U_rel_ladder1-1
Removed Pin From Net: NetName=NetK5_U_rel_ladder1_4 Pin=R6_U_rel_ladder1-2
Removed Pin From Net: NetName=NetK6_U_rel_ladder2_4 Pin=R6_U_rel_ladder2-1
Removed Pin From Net: NetName=NetK5_U_rel_ladder2_4 Pin=R6_U_rel_ladder2-2
Removed Pin From Net: NetName=NetK5_U_rel_ladder1_6 Pin=R7_U_rel_ladder1-1
Removed Pin From Net: NetName=NetK4_U_rel_ladder1_6 Pin=R7_U_rel_ladder1-2
Removed Pin From Net: NetName=NetK5_U_rel_ladder2_6 Pin=R7_U_rel_ladder2-1
Removed Pin From Net: NetName=NetK4_U_rel_ladder2_6 Pin=R7_U_rel_ladder2-2
Removed Pin From Net: NetName=NetK5_U_rel_ladder1_4 Pin=R8_U_rel_ladder1-1
Removed Pin From Net: NetName=NetK4_U_rel_ladder1_4 Pin=R8_U_rel_ladder1-2
Removed Pin From Net: NetName=NetK5_U_rel_ladder2_4 Pin=R8_U_rel_ladder2-1
Removed Pin From Net: NetName=NetK4_U_rel_ladder2_4 Pin=R8_U_rel_ladder2-2
Removed Pin From Net: NetName=NetK4_U_rel_ladder1_6 Pin=R9_U_rel_ladder1-1
Removed Pin From Net: NetName=NetK3_U_rel_ladder1_6 Pin=R9_U_rel_ladder1-2
Removed Pin From Net: NetName=NetK4_U_rel_ladder2_6 Pin=R9_U_rel_ladder2-1
Removed Pin From Net: NetName=NetK3_U_rel_ladder2_6 Pin=R9_U_rel_ladder2-2
Removed Pin From Net: NetName=NetK4_U_rel_ladder1_4 Pin=R10_U_rel_ladder1-1
Removed Pin From Net: NetName=NetK3_U_rel_ladder1_4 Pin=R10_U_rel_ladder1-2
Removed Pin From Net: NetName=NetK4_U_rel_ladder2_4 Pin=R10_U_rel_ladder2-1
Removed Pin From Net: NetName=NetK3_U_rel_ladder2_4 Pin=R10_U_rel_ladder2-2
Removed Pin From Net: NetName=NetK3_U_rel_ladder1_6 Pin=R11_U_rel_ladder1-1
Removed Pin From Net: NetName=NetK2_U_rel_ladder1_6 Pin=R11_U_rel_ladder1-2
Removed Pin From Net: NetName=NetK3_U_rel_ladder2_6 Pin=R11_U_rel_ladder2-1
Removed Pin From Net: NetName=NetK2_U_rel_ladder2_6 Pin=R11_U_rel_ladder2-2
Removed Pin From Net: NetName=NetK3_U_rel_ladder1_4 Pin=R12_U_rel_ladder1-1
Removed Pin From Net: NetName=NetK2_U_rel_ladder1_4 Pin=R12_U_rel_ladder1-2
Removed Pin From Net: NetName=NetK3_U_rel_ladder2_4 Pin=R12_U_rel_ladder2-1
Removed Pin From Net: NetName=NetK2_U_rel_ladder2_4 Pin=R12_U_rel_ladder2-2
Removed Pin From Net: NetName=NetK2_U_rel_ladder1_6 Pin=R13_U_rel_ladder1-1
Removed Pin From Net: NetName=NetK1_U_rel_ladder1_6 Pin=R13_U_rel_ladder1-2
Removed Pin From Net: NetName=NetK2_U_rel_ladder2_6 Pin=R13_U_rel_ladder2-1
Removed Pin From Net: NetName=NetK1_U_rel_ladder2_6 Pin=R13_U_rel_ladder2-2
Removed Pin From Net: NetName=NetK2_U_rel_ladder1_4 Pin=R14_U_rel_ladder1-1
Removed Pin From Net: NetName=NetK1_U_rel_ladder1_4 Pin=R14_U_rel_ladder1-2
Removed Pin From Net: NetName=NetK2_U_rel_ladder2_4 Pin=R14_U_rel_ladder2-1
Removed Pin From Net: NetName=NetK1_U_rel_ladder2_4 Pin=R14_U_rel_ladder2-2
Removed Pin From Net: NetName=NetK1_U_rel_ladder1_6 Pin=R15_U_rel_ladder1-1
Removed Pin From Net: NetName=B2 Pin=R15_U_rel_ladder1-2
Removed Pin From Net: NetName=NetK1_U_rel_ladder2_6 Pin=R15_U_rel_ladder2-1
Removed Pin From Net: NetName=B1 Pin=R15_U_rel_ladder2-2
Removed Pin From Net: NetName=NetK1_U_rel_ladder1_4 Pin=R16_U_rel_ladder1-1
Removed Pin From Net: NetName=B2 Pin=R16_U_rel_ladder1-2
Removed Pin From Net: NetName=NetK1_U_rel_ladder2_4 Pin=R16_U_rel_ladder2-1
Removed Pin From Net: NetName=B1 Pin=R16_U_rel_ladder2-2
Removed Pin From Net: NetName=NetMCP1_22 Pin=ULN1-1
Removed Pin From Net: NetName=NetMCP1_21 Pin=ULN1-2
Removed Pin From Net: NetName=NetMCP1_20 Pin=ULN1-3
Removed Pin From Net: NetName=NetMCP1_19 Pin=ULN1-4
Removed Pin From Net: NetName=NetMCP1_18 Pin=ULN1-5
Removed Pin From Net: NetName=NetMCP1_17 Pin=ULN1-6
Removed Pin From Net: NetName=NetMCP1_24 Pin=ULN1-19
Removed Pin From Net: NetName=NetMCP1_23 Pin=ULN1-20
Removed Pin From Net: NetName=NetMCP1_2 Pin=ULN2-1
Removed Pin From Net: NetName=NetMCP1_1 Pin=ULN2-2
Removed Pin From Net: NetName=NetMCP1_28 Pin=ULN2-3
Removed Pin From Net: NetName=NetMCP1_27 Pin=ULN2-4
Removed Pin From Net: NetName=NetMCP1_26 Pin=ULN2-5
Removed Pin From Net: NetName=NetMCP1_25 Pin=ULN2-6
Removed Pin From Net: NetName=NetMCP1_4 Pin=ULN2-19
Removed Pin From Net: NetName=NetMCP1_3 Pin=ULN2-20
Removed Member From Class: ClassName=U_rel_ladder2 Member=K1_U_rel_ladder1
Removed Member From Class: ClassName=U_rel_ladder2 Member=K2_U_rel_ladder1
Removed Member From Class: ClassName=U_rel_ladder2 Member=K3_U_rel_ladder1
Removed Member From Class: ClassName=U_rel_ladder2 Member=K4_U_rel_ladder1
Removed Member From Class: ClassName=U_rel_ladder2 Member=K5_U_rel_ladder1
Removed Member From Class: ClassName=U_rel_ladder1 Member=K6_U_rel_ladder2
Removed Member From Class: ClassName=U_rel_ladder1 Member=K7_U_rel_ladder2
Removed Member From Class: ClassName=U_rel_ladder1 Member=K8_U_rel_ladder2
Removed Member From Class: ClassName=U_rel_ladder1 Member=R1_U_rel_ladder2
Removed Member From Class: ClassName=U_rel_ladder1 Member=R2_U_rel_ladder2
Removed Member From Class: ClassName=U_rel_ladder1 Member=R3_U_rel_ladder2
Removed Member From Class: ClassName=U_rel_ladder1 Member=R4_U_rel_ladder2
Removed Member From Class: ClassName=U_rel_ladder1 Member=R5_U_rel_ladder2
Removed Member From Class: ClassName=U_rel_ladder1 Member=R6_U_rel_ladder2
Removed Member From Class: ClassName=U_rel_ladder1 Member=R7_U_rel_ladder2
Removed Member From Class: ClassName=U_rel_ladder2 Member=R8_U_rel_ladder1
Removed Member From Class: ClassName=U_rel_ladder2 Member=R9_U_rel_ladder1
Removed Member From Class: ClassName=U_rel_ladder2 Member=R10_U_rel_ladder1
Removed Member From Class: ClassName=U_rel_ladder2 Member=R11_U_rel_ladder1
Removed Member From Class: ClassName=U_rel_ladder2 Member=R12_U_rel_ladder1
Removed Member From Class: ClassName=U_rel_ladder2 Member=R13_U_rel_ladder1
Removed Member From Class: ClassName=U_rel_ladder1 Member=R14_U_rel_ladder2
Removed Member From Class: ClassName=U_rel_ladder1 Member=R15_U_rel_ladder2
Removed Member From Class: ClassName=U_rel_ladder1 Member=R16_U_rel_ladder2
Added Component: Designator=J2_U_rel_ladder1(solderJumper)
Added Component: Designator=J2_U_rel_ladder2(solderJumper)
Added Component: Designator=K1_U_rel_ladder1(AXICOM IM-G Relay)
Add component (AddParameter): Name = "Farnell ID"; Value = "1175070"; VariantName = "[No Variations]"
Add component (AddParameter): Name = "URL"; Value = "http://si.farnell.com/te-connectivity-axicom/im06gr/relay-gull-wing-dpco-12vdc-2a/dp/1175070"; VariantName = "[No Variations]"
Added Component: Designator=K1_U_rel_ladder2(AXICOM IM-G Relay)
Add component (AddParameter): Name = "Farnell ID"; Value = "1175070"; VariantName = "[No Variations]"
Add component (AddParameter): Name = "URL"; Value = "http://si.farnell.com/te-connectivity-axicom/im06gr/relay-gull-wing-dpco-12vdc-2a/dp/1175070"; VariantName = "[No Variations]"
Added Component: Designator=K2_U_rel_ladder1(AXICOM IM-G Relay)
Add component (AddParameter): Name = "Farnell ID"; Value = "1175070"; VariantName = "[No Variations]"
Add component (AddParameter): Name = "URL"; Value = "http://si.farnell.com/te-connectivity-axicom/im06gr/relay-gull-wing-dpco-12vdc-2a/dp/1175070"; VariantName = "[No Variations]"
Added Component: Designator=K2_U_rel_ladder2(AXICOM IM-G Relay)
Add component (AddParameter): Name = "Farnell ID"; Value = "1175070"; VariantName = "[No Variations]"
Add component (AddParameter): Name = "URL"; Value = "http://si.farnell.com/te-connectivity-axicom/im06gr/relay-gull-wing-dpco-12vdc-2a/dp/1175070"; VariantName = "[No Variations]"
Added Component: Designator=K3_U_rel_ladder1(AXICOM IM-G Relay)
Add component (AddParameter): Name = "Farnell ID"; Value = "1175070"; VariantName = "[No Variations]"
Add component (AddParameter): Name = "URL"; Value = "http://si.farnell.com/te-connectivity-axicom/im06gr/relay-gull-wing-dpco-12vdc-2a/dp/1175070"; VariantName = "[No Variations]"
Added Component: Designator=K3_U_rel_ladder2(AXICOM IM-G Relay)
Add component (AddParameter): Name = "Farnell ID"; Value = "1175070"; VariantName = "[No Variations]"
Add component (AddParameter): Name = "URL"; Value = "http://si.farnell.com/te-connectivity-axicom/im06gr/relay-gull-wing-dpco-12vdc-2a/dp/1175070"; VariantName = "[No Variations]"
Added Component: Designator=K4_U_rel_ladder1(AXICOM IM-G Relay)
Add component (AddParameter): Name = "Farnell ID"; Value = "1175070"; VariantName = "[No Variations]"
Add component (AddParameter): Name = "URL"; Value = "http://si.farnell.com/te-connectivity-axicom/im06gr/relay-gull-wing-dpco-12vdc-2a/dp/1175070"; VariantName = "[No Variations]"
Added Component: Designator=K4_U_rel_ladder2(AXICOM IM-G Relay)
Add component (AddParameter): Name = "Farnell ID"; Value = "1175070"; VariantName = "[No Variations]"
Add component (AddParameter): Name = "URL"; Value = "http://si.farnell.com/te-connectivity-axicom/im06gr/relay-gull-wing-dpco-12vdc-2a/dp/1175070"; VariantName = "[No Variations]"
Added Component: Designator=K5_U_rel_ladder1(AXICOM IM-G Relay)
Add component (AddParameter): Name = "Farnell ID"; Value = "1175070"; VariantName = "[No Variations]"
Add component (AddParameter): Name = "URL"; Value = "http://si.farnell.com/te-connectivity-axicom/im06gr/relay-gull-wing-dpco-12vdc-2a/dp/1175070"; VariantName = "[No Variations]"
Added Component: Designator=K5_U_rel_ladder2(AXICOM IM-G Relay)
Add component (AddParameter): Name = "Farnell ID"; Value = "1175070"; VariantName = "[No Variations]"
Add component (AddParameter): Name = "URL"; Value = "http://si.farnell.com/te-connectivity-axicom/im06gr/relay-gull-wing-dpco-12vdc-2a/dp/1175070"; VariantName = "[No Variations]"
Added Component: Designator=K6_U_rel_ladder1(AXICOM IM-G Relay)
Add component (AddParameter): Name = "Farnell ID"; Value = "1175070"; VariantName = "[No Variations]"
Add component (AddParameter): Name = "URL"; Value = "http://si.farnell.com/te-connectivity-axicom/im06gr/relay-gull-wing-dpco-12vdc-2a/dp/1175070"; VariantName = "[No Variations]"
Added Component: Designator=K6_U_rel_ladder2(AXICOM IM-G Relay)
Add component (AddParameter): Name = "Farnell ID"; Value = "1175070"; VariantName = "[No Variations]"
Add component (AddParameter): Name = "URL"; Value = "http://si.farnell.com/te-connectivity-axicom/im06gr/relay-gull-wing-dpco-12vdc-2a/dp/1175070"; VariantName = "[No Variations]"
Added Component: Designator=K7_U_rel_ladder1(AXICOM IM-G Relay)
Add component (AddParameter): Name = "Farnell ID"; Value = "1175070"; VariantName = "[No Variations]"
Add component (AddParameter): Name = "URL"; Value = "http://si.farnell.com/te-connectivity-axicom/im06gr/relay-gull-wing-dpco-12vdc-2a/dp/1175070"; VariantName = "[No Variations]"
Added Component: Designator=K7_U_rel_ladder2(AXICOM IM-G Relay)
Add component (AddParameter): Name = "Farnell ID"; Value = "1175070"; VariantName = "[No Variations]"
Add component (AddParameter): Name = "URL"; Value = "http://si.farnell.com/te-connectivity-axicom/im06gr/relay-gull-wing-dpco-12vdc-2a/dp/1175070"; VariantName = "[No Variations]"
Added Component: Designator=K8_U_rel_ladder1(AXICOM IM-G Relay)
Add component (AddParameter): Name = "Farnell ID"; Value = "1175070"; VariantName = "[No Variations]"
Add component (AddParameter): Name = "URL"; Value = "http://si.farnell.com/te-connectivity-axicom/im06gr/relay-gull-wing-dpco-12vdc-2a/dp/1175070"; VariantName = "[No Variations]"
Added Component: Designator=K8_U_rel_ladder2(AXICOM IM-G Relay)
Add component (AddParameter): Name = "Farnell ID"; Value = "1175070"; VariantName = "[No Variations]"
Add component (AddParameter): Name = "URL"; Value = "http://si.farnell.com/te-connectivity-axicom/im06gr/relay-gull-wing-dpco-12vdc-2a/dp/1175070"; VariantName = "[No Variations]"
Added Component: Designator=R1_U_rel_ladder1(R2012_0805I_L)
Added Component: Designator=R1_U_rel_ladder2(R2012_0805I_L)
Added Component: Designator=R2_U_rel_ladder1(R2012_0805I_L)
Added Component: Designator=R2_U_rel_ladder2(R2012_0805I_L)
Added Component: Designator=R3_U_rel_ladder1(R2012_0805I_L)
Added Component: Designator=R3_U_rel_ladder2(R2012_0805I_L)
Added Component: Designator=R4_U_rel_ladder1(R2012_0805I_L)
Added Component: Designator=R4_U_rel_ladder2(R2012_0805I_L)
Added Component: Designator=R5_U_rel_ladder1(R2012_0805I_L)
Added Component: Designator=R5_U_rel_ladder2(R2012_0805I_L)
Added Component: Designator=R6_U_rel_ladder1(R2012_0805I_L)
Added Component: Designator=R6_U_rel_ladder2(R2012_0805I_L)
Added Component: Designator=R7_U_rel_ladder1(R2012_0805I_L)
Added Component: Designator=R7_U_rel_ladder2(R2012_0805I_L)
Added Component: Designator=R8_U_rel_ladder1(R2012_0805I_L)
Added Component: Designator=R8_U_rel_ladder2(R2012_0805I_L)
Added Component: Designator=R9_U_rel_ladder1(R2012_0805I_L)
Added Component: Designator=R9_U_rel_ladder2(R2012_0805I_L)
Added Component: Designator=R10_U_rel_ladder1(R2012_0805I_L)
Added Component: Designator=R10_U_rel_ladder2(R2012_0805I_L)
Added Component: Designator=R11_U_rel_ladder1(R2012_0805I_L)
Added Component: Designator=R11_U_rel_ladder2(R2012_0805I_L)
Added Component: Designator=R12_U_rel_ladder1(R2012_0805I_L)
Added Component: Designator=R12_U_rel_ladder2(R2012_0805I_L)
Added Component: Designator=R13_U_rel_ladder1(R2012_0805I_L)
Added Component: Designator=R13_U_rel_ladder2(R2012_0805I_L)
Added Component: Designator=R14_U_rel_ladder1(R2012_0805I_L)
Added Component: Designator=R14_U_rel_ladder2(R2012_0805I_L)
Added Component: Designator=R15_U_rel_ladder1(R2012_0805I_L)
Added Component: Designator=R15_U_rel_ladder2(R2012_0805I_L)
Added Component: Designator=R16_U_rel_ladder1(R2012_0805I_L)
Added Component: Designator=R16_U_rel_ladder2(R2012_0805I_L)
Added Component: Designator=TP1(PAD_CIRC_HOLE)
Added Component: Designator=TP2(PAD_CIRC_HOLE)
Added Pin To Net: NetName=B2 Pin=J2_U_rel_ladder1-1
Added Pin To Net: NetName=B2 Pin=J2_U_rel_ladder1-2
Added Pin To Net: NetName=B1 Pin=J2_U_rel_ladder2-1
Added Pin To Net: NetName=B1 Pin=J2_U_rel_ladder2-2
Added Pin To Net: NetName=+12 Pin=K1_U_rel_ladder1-1
Added Pin To Net: NetName=B2 Pin=K1_U_rel_ladder1-3
Added Pin To Net: NetName=NetK1_U_rel_ladder1_4 Pin=K1_U_rel_ladder1-4
Added Pin To Net: NetName=NetK1_U_rel_ladder1_6 Pin=K1_U_rel_ladder1-6
Added Pin To Net: NetName=B2 Pin=K1_U_rel_ladder1-7
Added Pin To Net: NetName=NetK1_U_rel_ladder1_8 Pin=K1_U_rel_ladder1-8
Added Pin To Net: NetName=+12 Pin=K1_U_rel_ladder2-1
Added Pin To Net: NetName=B1 Pin=K1_U_rel_ladder2-3
Added Pin To Net: NetName=NetK1_U_rel_ladder2_4 Pin=K1_U_rel_ladder2-4
Added Pin To Net: NetName=NetK1_U_rel_ladder2_6 Pin=K1_U_rel_ladder2-6
Added Pin To Net: NetName=B1 Pin=K1_U_rel_ladder2-7
Added Pin To Net: NetName=NetK1_U_rel_ladder2_8 Pin=K1_U_rel_ladder2-8
Added Pin To Net: NetName=+12 Pin=K2_U_rel_ladder1-1
Added Pin To Net: NetName=NetK1_U_rel_ladder1_4 Pin=K2_U_rel_ladder1-3
Added Pin To Net: NetName=NetK2_U_rel_ladder1_4 Pin=K2_U_rel_ladder1-4
Added Pin To Net: NetName=NetK2_U_rel_ladder1_6 Pin=K2_U_rel_ladder1-6
Added Pin To Net: NetName=NetK1_U_rel_ladder1_6 Pin=K2_U_rel_ladder1-7
Added Pin To Net: NetName=NetK2_U_rel_ladder1_8 Pin=K2_U_rel_ladder1-8
Added Pin To Net: NetName=+12 Pin=K2_U_rel_ladder2-1
Added Pin To Net: NetName=NetK1_U_rel_ladder2_4 Pin=K2_U_rel_ladder2-3
Added Pin To Net: NetName=NetK2_U_rel_ladder2_4 Pin=K2_U_rel_ladder2-4
Added Pin To Net: NetName=NetK2_U_rel_ladder2_6 Pin=K2_U_rel_ladder2-6
Added Pin To Net: NetName=NetK1_U_rel_ladder2_6 Pin=K2_U_rel_ladder2-7
Added Pin To Net: NetName=NetK2_U_rel_ladder2_8 Pin=K2_U_rel_ladder2-8
Added Pin To Net: NetName=+12 Pin=K3_U_rel_ladder1-1
Added Pin To Net: NetName=NetK2_U_rel_ladder1_4 Pin=K3_U_rel_ladder1-3
Added Pin To Net: NetName=NetK3_U_rel_ladder1_4 Pin=K3_U_rel_ladder1-4
Added Pin To Net: NetName=NetK3_U_rel_ladder1_6 Pin=K3_U_rel_ladder1-6
Added Pin To Net: NetName=NetK2_U_rel_ladder1_6 Pin=K3_U_rel_ladder1-7
Added Pin To Net: NetName=NetK3_U_rel_ladder1_8 Pin=K3_U_rel_ladder1-8
Added Pin To Net: NetName=+12 Pin=K3_U_rel_ladder2-1
Added Pin To Net: NetName=NetK2_U_rel_ladder2_4 Pin=K3_U_rel_ladder2-3
Added Pin To Net: NetName=NetK3_U_rel_ladder2_4 Pin=K3_U_rel_ladder2-4
Added Pin To Net: NetName=NetK3_U_rel_ladder2_6 Pin=K3_U_rel_ladder2-6
Added Pin To Net: NetName=NetK2_U_rel_ladder2_6 Pin=K3_U_rel_ladder2-7
Added Pin To Net: NetName=NetK3_U_rel_ladder2_8 Pin=K3_U_rel_ladder2-8
Added Pin To Net: NetName=+12 Pin=K4_U_rel_ladder1-1
Added Pin To Net: NetName=NetK3_U_rel_ladder1_4 Pin=K4_U_rel_ladder1-3
Added Pin To Net: NetName=NetK4_U_rel_ladder1_4 Pin=K4_U_rel_ladder1-4
Added Pin To Net: NetName=NetK4_U_rel_ladder1_6 Pin=K4_U_rel_ladder1-6
Added Pin To Net: NetName=NetK3_U_rel_ladder1_6 Pin=K4_U_rel_ladder1-7
Added Pin To Net: NetName=NetK4_U_rel_ladder1_8 Pin=K4_U_rel_ladder1-8
Added Pin To Net: NetName=+12 Pin=K4_U_rel_ladder2-1
Added Pin To Net: NetName=NetK3_U_rel_ladder2_4 Pin=K4_U_rel_ladder2-3
Added Pin To Net: NetName=NetK4_U_rel_ladder2_4 Pin=K4_U_rel_ladder2-4
Added Pin To Net: NetName=NetK4_U_rel_ladder2_6 Pin=K4_U_rel_ladder2-6
Added Pin To Net: NetName=NetK3_U_rel_ladder2_6 Pin=K4_U_rel_ladder2-7
Added Pin To Net: NetName=NetK4_U_rel_ladder2_8 Pin=K4_U_rel_ladder2-8
Added Pin To Net: NetName=+12 Pin=K5_U_rel_ladder1-1
Added Pin To Net: NetName=NetK4_U_rel_ladder1_4 Pin=K5_U_rel_ladder1-3
Added Pin To Net: NetName=NetK5_U_rel_ladder1_4 Pin=K5_U_rel_ladder1-4
Added Pin To Net: NetName=NetK5_U_rel_ladder1_6 Pin=K5_U_rel_ladder1-6
Added Pin To Net: NetName=NetK4_U_rel_ladder1_6 Pin=K5_U_rel_ladder1-7
Added Pin To Net: NetName=NetK5_U_rel_ladder1_8 Pin=K5_U_rel_ladder1-8
Added Pin To Net: NetName=+12 Pin=K5_U_rel_ladder2-1
Added Pin To Net: NetName=NetK4_U_rel_ladder2_4 Pin=K5_U_rel_ladder2-3
Added Pin To Net: NetName=NetK5_U_rel_ladder2_4 Pin=K5_U_rel_ladder2-4
Added Pin To Net: NetName=NetK5_U_rel_ladder2_6 Pin=K5_U_rel_ladder2-6
Added Pin To Net: NetName=NetK4_U_rel_ladder2_6 Pin=K5_U_rel_ladder2-7
Added Pin To Net: NetName=NetK5_U_rel_ladder2_8 Pin=K5_U_rel_ladder2-8
Added Pin To Net: NetName=+12 Pin=K6_U_rel_ladder1-1
Added Pin To Net: NetName=NetK5_U_rel_ladder1_4 Pin=K6_U_rel_ladder1-3
Added Pin To Net: NetName=NetK6_U_rel_ladder1_4 Pin=K6_U_rel_ladder1-4
Added Pin To Net: NetName=NetK6_U_rel_ladder1_6 Pin=K6_U_rel_ladder1-6
Added Pin To Net: NetName=NetK5_U_rel_ladder1_6 Pin=K6_U_rel_ladder1-7
Added Pin To Net: NetName=NetK6_U_rel_ladder1_8 Pin=K6_U_rel_ladder1-8
Added Pin To Net: NetName=+12 Pin=K6_U_rel_ladder2-1
Added Pin To Net: NetName=NetK5_U_rel_ladder2_4 Pin=K6_U_rel_ladder2-3
Added Pin To Net: NetName=NetK6_U_rel_ladder2_4 Pin=K6_U_rel_ladder2-4
Added Pin To Net: NetName=NetK6_U_rel_ladder2_6 Pin=K6_U_rel_ladder2-6
Added Pin To Net: NetName=NetK5_U_rel_ladder2_6 Pin=K6_U_rel_ladder2-7
Added Pin To Net: NetName=NetK6_U_rel_ladder2_8 Pin=K6_U_rel_ladder2-8
Added Pin To Net: NetName=+12 Pin=K7_U_rel_ladder1-1
Added Pin To Net: NetName=NetK6_U_rel_ladder1_4 Pin=K7_U_rel_ladder1-3
Added Pin To Net: NetName=NetK7_U_rel_ladder1_4 Pin=K7_U_rel_ladder1-4
Added Pin To Net: NetName=NetK7_U_rel_ladder1_6 Pin=K7_U_rel_ladder1-6
Added Pin To Net: NetName=NetK6_U_rel_ladder1_6 Pin=K7_U_rel_ladder1-7
Added Pin To Net: NetName=NetK7_U_rel_ladder1_8 Pin=K7_U_rel_ladder1-8
Added Pin To Net: NetName=+12 Pin=K7_U_rel_ladder2-1
Added Pin To Net: NetName=NetK6_U_rel_ladder2_4 Pin=K7_U_rel_ladder2-3
Added Pin To Net: NetName=NetK7_U_rel_ladder2_4 Pin=K7_U_rel_ladder2-4
Added Pin To Net: NetName=NetK7_U_rel_ladder2_6 Pin=K7_U_rel_ladder2-6
Added Pin To Net: NetName=NetK6_U_rel_ladder2_6 Pin=K7_U_rel_ladder2-7
Added Pin To Net: NetName=NetK7_U_rel_ladder2_8 Pin=K7_U_rel_ladder2-8
Added Pin To Net: NetName=+12 Pin=K8_U_rel_ladder1-1
Added Pin To Net: NetName=NetK7_U_rel_ladder1_4 Pin=K8_U_rel_ladder1-3
Added Pin To Net: NetName=C2 Pin=K8_U_rel_ladder1-4
Added Pin To Net: NetName=A2 Pin=K8_U_rel_ladder1-6
Added Pin To Net: NetName=NetK7_U_rel_ladder1_6 Pin=K8_U_rel_ladder1-7
Added Pin To Net: NetName=NetK8_U_rel_ladder1_8 Pin=K8_U_rel_ladder1-8
Added Pin To Net: NetName=+12 Pin=K8_U_rel_ladder2-1
Added Pin To Net: NetName=NetK7_U_rel_ladder2_4 Pin=K8_U_rel_ladder2-3
Added Pin To Net: NetName=C1 Pin=K8_U_rel_ladder2-4
Added Pin To Net: NetName=A1 Pin=K8_U_rel_ladder2-6
Added Pin To Net: NetName=NetK7_U_rel_ladder2_6 Pin=K8_U_rel_ladder2-7
Added Pin To Net: NetName=NetK8_U_rel_ladder2_8 Pin=K8_U_rel_ladder2-8
Added Pin To Net: NetName=A2 Pin=R1_U_rel_ladder1-1
Added Pin To Net: NetName=NetK7_U_rel_ladder1_6 Pin=R1_U_rel_ladder1-2
Added Pin To Net: NetName=A1 Pin=R1_U_rel_ladder2-1
Added Pin To Net: NetName=NetK7_U_rel_ladder2_6 Pin=R1_U_rel_ladder2-2
Added Pin To Net: NetName=C2 Pin=R2_U_rel_ladder1-1
Added Pin To Net: NetName=NetK7_U_rel_ladder1_4 Pin=R2_U_rel_ladder1-2
Added Pin To Net: NetName=C1 Pin=R2_U_rel_ladder2-1
Added Pin To Net: NetName=NetK7_U_rel_ladder2_4 Pin=R2_U_rel_ladder2-2
Added Pin To Net: NetName=NetK7_U_rel_ladder1_6 Pin=R3_U_rel_ladder1-1
Added Pin To Net: NetName=NetK6_U_rel_ladder1_6 Pin=R3_U_rel_ladder1-2
Added Pin To Net: NetName=NetK7_U_rel_ladder2_6 Pin=R3_U_rel_ladder2-1
Added Pin To Net: NetName=NetK6_U_rel_ladder2_6 Pin=R3_U_rel_ladder2-2
Added Pin To Net: NetName=NetK7_U_rel_ladder1_4 Pin=R4_U_rel_ladder1-1
Added Pin To Net: NetName=NetK6_U_rel_ladder1_4 Pin=R4_U_rel_ladder1-2
Added Pin To Net: NetName=NetK7_U_rel_ladder2_4 Pin=R4_U_rel_ladder2-1
Added Pin To Net: NetName=NetK6_U_rel_ladder2_4 Pin=R4_U_rel_ladder2-2
Added Pin To Net: NetName=NetK6_U_rel_ladder1_6 Pin=R5_U_rel_ladder1-1
Added Pin To Net: NetName=NetK5_U_rel_ladder1_6 Pin=R5_U_rel_ladder1-2
Added Pin To Net: NetName=NetK6_U_rel_ladder2_6 Pin=R5_U_rel_ladder2-1
Added Pin To Net: NetName=NetK5_U_rel_ladder2_6 Pin=R5_U_rel_ladder2-2
Added Pin To Net: NetName=NetK6_U_rel_ladder1_4 Pin=R6_U_rel_ladder1-1
Added Pin To Net: NetName=NetK5_U_rel_ladder1_4 Pin=R6_U_rel_ladder1-2
Added Pin To Net: NetName=NetK6_U_rel_ladder2_4 Pin=R6_U_rel_ladder2-1
Added Pin To Net: NetName=NetK5_U_rel_ladder2_4 Pin=R6_U_rel_ladder2-2
Added Pin To Net: NetName=NetK5_U_rel_ladder1_6 Pin=R7_U_rel_ladder1-1
Added Pin To Net: NetName=NetK4_U_rel_ladder1_6 Pin=R7_U_rel_ladder1-2
Added Pin To Net: NetName=NetK5_U_rel_ladder2_6 Pin=R7_U_rel_ladder2-1
Added Pin To Net: NetName=NetK4_U_rel_ladder2_6 Pin=R7_U_rel_ladder2-2
Added Pin To Net: NetName=NetK5_U_rel_ladder1_4 Pin=R8_U_rel_ladder1-1
Added Pin To Net: NetName=NetK4_U_rel_ladder1_4 Pin=R8_U_rel_ladder1-2
Added Pin To Net: NetName=NetK5_U_rel_ladder2_4 Pin=R8_U_rel_ladder2-1
Added Pin To Net: NetName=NetK4_U_rel_ladder2_4 Pin=R8_U_rel_ladder2-2
Added Pin To Net: NetName=NetK4_U_rel_ladder1_6 Pin=R9_U_rel_ladder1-1
Added Pin To Net: NetName=NetK3_U_rel_ladder1_6 Pin=R9_U_rel_ladder1-2
Added Pin To Net: NetName=NetK4_U_rel_ladder2_6 Pin=R9_U_rel_ladder2-1
Added Pin To Net: NetName=NetK3_U_rel_ladder2_6 Pin=R9_U_rel_ladder2-2
Added Pin To Net: NetName=NetK4_U_rel_ladder1_4 Pin=R10_U_rel_ladder1-1
Added Pin To Net: NetName=NetK3_U_rel_ladder1_4 Pin=R10_U_rel_ladder1-2
Added Pin To Net: NetName=NetK4_U_rel_ladder2_4 Pin=R10_U_rel_ladder2-1
Added Pin To Net: NetName=NetK3_U_rel_ladder2_4 Pin=R10_U_rel_ladder2-2
Added Pin To Net: NetName=NetK3_U_rel_ladder1_6 Pin=R11_U_rel_ladder1-1
Added Pin To Net: NetName=NetK2_U_rel_ladder1_6 Pin=R11_U_rel_ladder1-2
Added Pin To Net: NetName=NetK3_U_rel_ladder2_6 Pin=R11_U_rel_ladder2-1
Added Pin To Net: NetName=NetK2_U_rel_ladder2_6 Pin=R11_U_rel_ladder2-2
Added Pin To Net: NetName=NetK3_U_rel_ladder1_4 Pin=R12_U_rel_ladder1-1
Added Pin To Net: NetName=NetK2_U_rel_ladder1_4 Pin=R12_U_rel_ladder1-2
Added Pin To Net: NetName=NetK3_U_rel_ladder2_4 Pin=R12_U_rel_ladder2-1
Added Pin To Net: NetName=NetK2_U_rel_ladder2_4 Pin=R12_U_rel_ladder2-2
Added Pin To Net: NetName=NetK2_U_rel_ladder1_6 Pin=R13_U_rel_ladder1-1
Added Pin To Net: NetName=NetK1_U_rel_ladder1_6 Pin=R13_U_rel_ladder1-2
Added Pin To Net: NetName=NetK2_U_rel_ladder2_6 Pin=R13_U_rel_ladder2-1
Added Pin To Net: NetName=NetK1_U_rel_ladder2_6 Pin=R13_U_rel_ladder2-2
Added Pin To Net: NetName=NetK2_U_rel_ladder1_4 Pin=R14_U_rel_ladder1-1
Added Pin To Net: NetName=NetK1_U_rel_ladder1_4 Pin=R14_U_rel_ladder1-2
Added Pin To Net: NetName=NetK2_U_rel_ladder2_4 Pin=R14_U_rel_ladder2-1
Added Pin To Net: NetName=NetK1_U_rel_ladder2_4 Pin=R14_U_rel_ladder2-2
Added Pin To Net: NetName=NetK1_U_rel_ladder1_6 Pin=R15_U_rel_ladder1-1
Added Pin To Net: NetName=B2 Pin=R15_U_rel_ladder1-2
Added Pin To Net: NetName=NetK1_U_rel_ladder2_6 Pin=R15_U_rel_ladder2-1
Added Pin To Net: NetName=B1 Pin=R15_U_rel_ladder2-2
Added Pin To Net: NetName=NetK1_U_rel_ladder1_4 Pin=R16_U_rel_ladder1-1
Added Pin To Net: NetName=B2 Pin=R16_U_rel_ladder1-2
Added Pin To Net: NetName=NetK1_U_rel_ladder2_4 Pin=R16_U_rel_ladder2-1
Added Pin To Net: NetName=B1 Pin=R16_U_rel_ladder2-2
Added Pin To Net: NetName=B1 Pin=TP1-1
Added Pin To Net: NetName=B2 Pin=TP2-1
Added Pin To Net: NetName=NetMCP1_2 Pin=ULN1-1
Added Pin To Net: NetName=NetMCP1_1 Pin=ULN1-2
Added Pin To Net: NetName=NetMCP1_28 Pin=ULN1-3
Added Pin To Net: NetName=NetMCP1_27 Pin=ULN1-4
Added Pin To Net: NetName=NetMCP1_26 Pin=ULN1-5
Added Pin To Net: NetName=NetMCP1_25 Pin=ULN1-6
Added Pin To Net: NetName=NetMCP1_4 Pin=ULN1-19
Added Pin To Net: NetName=NetMCP1_3 Pin=ULN1-20
Added Pin To Net: NetName=NetMCP1_22 Pin=ULN2-1
Added Pin To Net: NetName=NetMCP1_21 Pin=ULN2-2
Added Pin To Net: NetName=NetMCP1_20 Pin=ULN2-3
Added Pin To Net: NetName=NetMCP1_19 Pin=ULN2-4
Added Pin To Net: NetName=NetMCP1_18 Pin=ULN2-5
Added Pin To Net: NetName=NetMCP1_17 Pin=ULN2-6
Added Pin To Net: NetName=NetMCP1_24 Pin=ULN2-19
Added Pin To Net: NetName=NetMCP1_23 Pin=ULN2-20
Added Member To Class: ClassName=U_rel_ladder2 Member=Component K1_U_rel_ladder2 (K1) DPDT
Added Member To Class: ClassName=U_rel_ladder2 Member=Component K2_U_rel_ladder2 (K2) DPDT
Added Member To Class: ClassName=U_rel_ladder2 Member=Component K3_U_rel_ladder2 (K3) DPDT
Added Member To Class: ClassName=U_rel_ladder2 Member=Component K4_U_rel_ladder2 (K4) DPDT
Added Member To Class: ClassName=U_rel_ladder2 Member=Component K5_U_rel_ladder2 (K5) DPDT
Added Member To Class: ClassName=U_rel_ladder1 Member=Component K6_U_rel_ladder1 (K6) DPDT
Added Member To Class: ClassName=U_rel_ladder1 Member=Component K7_U_rel_ladder1 (K7) DPDT
Added Member To Class: ClassName=U_rel_ladder1 Member=Component K8_U_rel_ladder1 (K8) DPDT
Added Member To Class: ClassName=U_rel_ladder1 Member=Component R1_U_rel_ladder1 (R1) R/2
Added Member To Class: ClassName=U_rel_ladder1 Member=Component R2_U_rel_ladder1 (R2) R/2
Added Member To Class: ClassName=U_rel_ladder1 Member=Component R3_U_rel_ladder1 (R3) R/4
Added Member To Class: ClassName=U_rel_ladder1 Member=Component R4_U_rel_ladder1 (R4) R/4
Added Member To Class: ClassName=U_rel_ladder1 Member=Component R5_U_rel_ladder1 (R5) R/8
Added Member To Class: ClassName=U_rel_ladder1 Member=Component R6_U_rel_ladder1 (R6) R/8
Added Member To Class: ClassName=U_rel_ladder1 Member=Component R7_U_rel_ladder1 (R7) R/16
Added Member To Class: ClassName=U_rel_ladder2 Member=Component R8_U_rel_ladder2 (R8) R/16
Added Member To Class: ClassName=U_rel_ladder2 Member=Component R9_U_rel_ladder2 (R9) R/32
Added Member To Class: ClassName=U_rel_ladder2 Member=Component R10_U_rel_ladder2 (R10) R/32
Added Member To Class: ClassName=U_rel_ladder2 Member=Component R11_U_rel_ladder2 (R11) R/64
Added Member To Class: ClassName=U_rel_ladder2 Member=Component R12_U_rel_ladder2 (R12) R/64
Added Member To Class: ClassName=U_rel_ladder2 Member=Component R13_U_rel_ladder2 (R13) R/128
Added Member To Class: ClassName=U_rel_ladder1 Member=Component R14_U_rel_ladder1 (R14) R/128
Added Member To Class: ClassName=U_rel_ladder1 Member=Component R15_U_rel_ladder1 (R15) R/256
Added Member To Class: ClassName=U_rel_ladder1 Member=Component R16_U_rel_ladder1 (R16) R/256
Added Member To Class: ClassName=POT 2x8 Member=Component TP1 PAD
Added Member To Class: ClassName=POT 2x8 Member=Component TP2 PAD
