Removed Pin From Net: NetName=B2 Pin=J2_U_rel_ladder2-1
Removed Pin From Net: NetName=B2 Pin=J2_U_rel_ladder2-2
Removed Pin From Net: NetName=+12 Pin=K1_U_rel_ladder2-1
Removed Pin From Net: NetName=B2 Pin=K1_U_rel_ladder2-3
Removed Pin From Net: NetName=NetK1_U_rel_ladder2_4 Pin=K1_U_rel_ladder2-4
Removed Pin From Net: NetName=NetK1_U_rel_ladder2_6 Pin=K1_U_rel_ladder2-6
Removed Pin From Net: NetName=B2 Pin=K1_U_rel_ladder2-7
Removed Pin From Net: NetName=NetK1_U_rel_ladder2_8 Pin=K1_U_rel_ladder2-8
Removed Pin From Net: NetName=+12 Pin=K2_U_rel_ladder2-1
Removed Pin From Net: NetName=NetK1_U_rel_ladder2_4 Pin=K2_U_rel_ladder2-3
Removed Pin From Net: NetName=NetK2_U_rel_ladder2_4 Pin=K2_U_rel_ladder2-4
Removed Pin From Net: NetName=NetK2_U_rel_ladder2_6 Pin=K2_U_rel_ladder2-6
Removed Pin From Net: NetName=NetK1_U_rel_ladder2_6 Pin=K2_U_rel_ladder2-7
Removed Pin From Net: NetName=NetK2_U_rel_ladder2_8 Pin=K2_U_rel_ladder2-8
Removed Pin From Net: NetName=+12 Pin=K3_U_rel_ladder2-1
Removed Pin From Net: NetName=NetK2_U_rel_ladder2_4 Pin=K3_U_rel_ladder2-3
Removed Pin From Net: NetName=NetK3_U_rel_ladder2_4 Pin=K3_U_rel_ladder2-4
Removed Pin From Net: NetName=NetK3_U_rel_ladder2_6 Pin=K3_U_rel_ladder2-6
Removed Pin From Net: NetName=NetK2_U_rel_ladder2_6 Pin=K3_U_rel_ladder2-7
Removed Pin From Net: NetName=NetK3_U_rel_ladder2_8 Pin=K3_U_rel_ladder2-8
Removed Pin From Net: NetName=+12 Pin=K4_U_rel_ladder2-1
Removed Pin From Net: NetName=NetK3_U_rel_ladder2_4 Pin=K4_U_rel_ladder2-3
Removed Pin From Net: NetName=NetK4_U_rel_ladder2_4 Pin=K4_U_rel_ladder2-4
Removed Pin From Net: NetName=NetK4_U_rel_ladder2_6 Pin=K4_U_rel_ladder2-6
Removed Pin From Net: NetName=NetK3_U_rel_ladder2_6 Pin=K4_U_rel_ladder2-7
Removed Pin From Net: NetName=NetK4_U_rel_ladder2_8 Pin=K4_U_rel_ladder2-8
Removed Pin From Net: NetName=+12 Pin=K5_U_rel_ladder2-1
Removed Pin From Net: NetName=NetK4_U_rel_ladder2_4 Pin=K5_U_rel_ladder2-3
Removed Pin From Net: NetName=NetK5_U_rel_ladder2_4 Pin=K5_U_rel_ladder2-4
Removed Pin From Net: NetName=NetK5_U_rel_ladder2_6 Pin=K5_U_rel_ladder2-6
Removed Pin From Net: NetName=NetK4_U_rel_ladder2_6 Pin=K5_U_rel_ladder2-7
Removed Pin From Net: NetName=NetK5_U_rel_ladder2_8 Pin=K5_U_rel_ladder2-8
Removed Pin From Net: NetName=+12 Pin=K6_U_rel_ladder2-1
Removed Pin From Net: NetName=NetK5_U_rel_ladder2_4 Pin=K6_U_rel_ladder2-3
Removed Pin From Net: NetName=NetK6_U_rel_ladder2_4 Pin=K6_U_rel_ladder2-4
Removed Pin From Net: NetName=NetK6_U_rel_ladder2_6 Pin=K6_U_rel_ladder2-6
Removed Pin From Net: NetName=NetK5_U_rel_ladder2_6 Pin=K6_U_rel_ladder2-7
Removed Pin From Net: NetName=NetK6_U_rel_ladder2_8 Pin=K6_U_rel_ladder2-8
Removed Pin From Net: NetName=+12 Pin=K7_U_rel_ladder2-1
Removed Pin From Net: NetName=NetK6_U_rel_ladder2_4 Pin=K7_U_rel_ladder2-3
Removed Pin From Net: NetName=NetK7_U_rel_ladder2_4 Pin=K7_U_rel_ladder2-4
Removed Pin From Net: NetName=NetK7_U_rel_ladder2_6 Pin=K7_U_rel_ladder2-6
Removed Pin From Net: NetName=NetK6_U_rel_ladder2_6 Pin=K7_U_rel_ladder2-7
Removed Pin From Net: NetName=NetK7_U_rel_ladder2_8 Pin=K7_U_rel_ladder2-8
Removed Pin From Net: NetName=+12 Pin=K8_U_rel_ladder2-1
Removed Pin From Net: NetName=NetK7_U_rel_ladder2_4 Pin=K8_U_rel_ladder2-3
Removed Pin From Net: NetName=C2 Pin=K8_U_rel_ladder2-4
Removed Pin From Net: NetName=A2 Pin=K8_U_rel_ladder2-6
Removed Pin From Net: NetName=NetK7_U_rel_ladder2_6 Pin=K8_U_rel_ladder2-7
Removed Pin From Net: NetName=NetK8_U_rel_ladder2_8 Pin=K8_U_rel_ladder2-8
Removed Pin From Net: NetName=A2 Pin=R1_U_rel_ladder2-1
Removed Pin From Net: NetName=NetK7_U_rel_ladder2_6 Pin=R1_U_rel_ladder2-2
Removed Pin From Net: NetName=C2 Pin=R2_U_rel_ladder2-1
Removed Pin From Net: NetName=NetK7_U_rel_ladder2_4 Pin=R2_U_rel_ladder2-2
Removed Pin From Net: NetName=NetK7_U_rel_ladder2_6 Pin=R3_U_rel_ladder2-1
Removed Pin From Net: NetName=NetK6_U_rel_ladder2_6 Pin=R3_U_rel_ladder2-2
Removed Pin From Net: NetName=NetK7_U_rel_ladder2_4 Pin=R4_U_rel_ladder2-1
Removed Pin From Net: NetName=NetK6_U_rel_ladder2_4 Pin=R4_U_rel_ladder2-2
Removed Pin From Net: NetName=NetK6_U_rel_ladder2_6 Pin=R5_U_rel_ladder2-1
Removed Pin From Net: NetName=NetK5_U_rel_ladder2_6 Pin=R5_U_rel_ladder2-2
Removed Pin From Net: NetName=NetK6_U_rel_ladder2_4 Pin=R6_U_rel_ladder2-1
Removed Pin From Net: NetName=NetK5_U_rel_ladder2_4 Pin=R6_U_rel_ladder2-2
Removed Pin From Net: NetName=NetK5_U_rel_ladder2_6 Pin=R7_U_rel_ladder2-1
Removed Pin From Net: NetName=NetK4_U_rel_ladder2_6 Pin=R7_U_rel_ladder2-2
Removed Pin From Net: NetName=NetK5_U_rel_ladder2_4 Pin=R8_U_rel_ladder2-1
Removed Pin From Net: NetName=NetK4_U_rel_ladder2_4 Pin=R8_U_rel_ladder2-2
Removed Pin From Net: NetName=NetK4_U_rel_ladder2_6 Pin=R9_U_rel_ladder2-1
Removed Pin From Net: NetName=NetK3_U_rel_ladder2_6 Pin=R9_U_rel_ladder2-2
Removed Pin From Net: NetName=NetK4_U_rel_ladder2_4 Pin=R10_U_rel_ladder2-1
Removed Pin From Net: NetName=NetK3_U_rel_ladder2_4 Pin=R10_U_rel_ladder2-2
Removed Pin From Net: NetName=NetK3_U_rel_ladder2_6 Pin=R11_U_rel_ladder2-1
Removed Pin From Net: NetName=NetK2_U_rel_ladder2_6 Pin=R11_U_rel_ladder2-2
Removed Pin From Net: NetName=NetK3_U_rel_ladder2_4 Pin=R12_U_rel_ladder2-1
Removed Pin From Net: NetName=NetK2_U_rel_ladder2_4 Pin=R12_U_rel_ladder2-2
Removed Pin From Net: NetName=NetK2_U_rel_ladder2_6 Pin=R13_U_rel_ladder2-1
Removed Pin From Net: NetName=NetK1_U_rel_ladder2_6 Pin=R13_U_rel_ladder2-2
Removed Pin From Net: NetName=NetK2_U_rel_ladder2_4 Pin=R14_U_rel_ladder2-1
Removed Pin From Net: NetName=NetK1_U_rel_ladder2_4 Pin=R14_U_rel_ladder2-2
Removed Pin From Net: NetName=NetK1_U_rel_ladder2_6 Pin=R15_U_rel_ladder2-1
Removed Pin From Net: NetName=B2 Pin=R15_U_rel_ladder2-2
Removed Pin From Net: NetName=NetK1_U_rel_ladder2_4 Pin=R16_U_rel_ladder2-1
Removed Pin From Net: NetName=B2 Pin=R16_U_rel_ladder2-2
Added Component: Designator=J2_U_rel_ladder2(solderJumper)
Added Component: Designator=K1_U_rel_ladder2(AXICOM IM-G Relay)
Add component (AddParameter): Name = "Farnell ID"; Value = "1175070"; VariantName = "[No Variations]"
Add component (AddParameter): Name = "URL"; Value = "http://si.farnell.com/te-connectivity-axicom/im06gr/relay-gull-wing-dpco-12vdc-2a/dp/1175070"; VariantName = "[No Variations]"
Added Component: Designator=K2_U_rel_ladder2(AXICOM IM-G Relay)
Add component (AddParameter): Name = "Farnell ID"; Value = "1175070"; VariantName = "[No Variations]"
Add component (AddParameter): Name = "URL"; Value = "http://si.farnell.com/te-connectivity-axicom/im06gr/relay-gull-wing-dpco-12vdc-2a/dp/1175070"; VariantName = "[No Variations]"
Added Component: Designator=K3_U_rel_ladder2(AXICOM IM-G Relay)
Add component (AddParameter): Name = "Farnell ID"; Value = "1175070"; VariantName = "[No Variations]"
Add component (AddParameter): Name = "URL"; Value = "http://si.farnell.com/te-connectivity-axicom/im06gr/relay-gull-wing-dpco-12vdc-2a/dp/1175070"; VariantName = "[No Variations]"
Added Component: Designator=K4_U_rel_ladder2(AXICOM IM-G Relay)
Add component (AddParameter): Name = "Farnell ID"; Value = "1175070"; VariantName = "[No Variations]"
Add component (AddParameter): Name = "URL"; Value = "http://si.farnell.com/te-connectivity-axicom/im06gr/relay-gull-wing-dpco-12vdc-2a/dp/1175070"; VariantName = "[No Variations]"
Added Component: Designator=K5_U_rel_ladder2(AXICOM IM-G Relay)
Add component (AddParameter): Name = "Farnell ID"; Value = "1175070"; VariantName = "[No Variations]"
Add component (AddParameter): Name = "URL"; Value = "http://si.farnell.com/te-connectivity-axicom/im06gr/relay-gull-wing-dpco-12vdc-2a/dp/1175070"; VariantName = "[No Variations]"
Added Component: Designator=K6_U_rel_ladder2(AXICOM IM-G Relay)
Add component (AddParameter): Name = "Farnell ID"; Value = "1175070"; VariantName = "[No Variations]"
Add component (AddParameter): Name = "URL"; Value = "http://si.farnell.com/te-connectivity-axicom/im06gr/relay-gull-wing-dpco-12vdc-2a/dp/1175070"; VariantName = "[No Variations]"
Added Component: Designator=K7_U_rel_ladder2(AXICOM IM-G Relay)
Add component (AddParameter): Name = "Farnell ID"; Value = "1175070"; VariantName = "[No Variations]"
Add component (AddParameter): Name = "URL"; Value = "http://si.farnell.com/te-connectivity-axicom/im06gr/relay-gull-wing-dpco-12vdc-2a/dp/1175070"; VariantName = "[No Variations]"
Added Component: Designator=K8_U_rel_ladder2(AXICOM IM-G Relay)
Add component (AddParameter): Name = "Farnell ID"; Value = "1175070"; VariantName = "[No Variations]"
Add component (AddParameter): Name = "URL"; Value = "http://si.farnell.com/te-connectivity-axicom/im06gr/relay-gull-wing-dpco-12vdc-2a/dp/1175070"; VariantName = "[No Variations]"
Added Component: Designator=R1_U_rel_ladder2(R2012_0805I_L)
Added Component: Designator=R2_U_rel_ladder2(R2012_0805I_L)
Added Component: Designator=R3_U_rel_ladder2(R2012_0805I_L)
Added Component: Designator=R4_U_rel_ladder2(R2012_0805I_L)
Added Component: Designator=R5_U_rel_ladder2(R2012_0805I_L)
Added Component: Designator=R6_U_rel_ladder2(R2012_0805I_L)
Added Component: Designator=R7_U_rel_ladder2(R2012_0805I_L)
Added Component: Designator=R8_U_rel_ladder2(R2012_0805I_L)
Added Component: Designator=R9_U_rel_ladder2(R2012_0805I_L)
Added Component: Designator=R10_U_rel_ladder2(R2012_0805I_L)
Added Component: Designator=R11_U_rel_ladder2(R2012_0805I_L)
Added Component: Designator=R12_U_rel_ladder2(R2012_0805I_L)
Added Component: Designator=R13_U_rel_ladder2(R2012_0805I_L)
Added Component: Designator=R14_U_rel_ladder2(R2012_0805I_L)
Added Component: Designator=R15_U_rel_ladder2(R2012_0805I_L)
Added Component: Designator=R16_U_rel_ladder2(R2012_0805I_L)
Added Pin To Net: NetName=B2 Pin=J2_U_rel_ladder2-1
Added Pin To Net: NetName=B2 Pin=J2_U_rel_ladder2-2
Added Pin To Net: NetName=+12 Pin=K1_U_rel_ladder2-1
Added Pin To Net: NetName=B2 Pin=K1_U_rel_ladder2-3
Added Pin To Net: NetName=NetK1_U_rel_ladder2_4 Pin=K1_U_rel_ladder2-4
Added Pin To Net: NetName=NetK1_U_rel_ladder2_6 Pin=K1_U_rel_ladder2-6
Added Pin To Net: NetName=B2 Pin=K1_U_rel_ladder2-7
Added Pin To Net: NetName=NetK1_U_rel_ladder2_8 Pin=K1_U_rel_ladder2-8
Added Pin To Net: NetName=+12 Pin=K2_U_rel_ladder2-1
Added Pin To Net: NetName=NetK1_U_rel_ladder2_4 Pin=K2_U_rel_ladder2-3
Added Pin To Net: NetName=NetK2_U_rel_ladder2_4 Pin=K2_U_rel_ladder2-4
Added Pin To Net: NetName=NetK2_U_rel_ladder2_6 Pin=K2_U_rel_ladder2-6
Added Pin To Net: NetName=NetK1_U_rel_ladder2_6 Pin=K2_U_rel_ladder2-7
Added Pin To Net: NetName=NetK2_U_rel_ladder2_8 Pin=K2_U_rel_ladder2-8
Added Pin To Net: NetName=+12 Pin=K3_U_rel_ladder2-1
Added Pin To Net: NetName=NetK2_U_rel_ladder2_4 Pin=K3_U_rel_ladder2-3
Added Pin To Net: NetName=NetK3_U_rel_ladder2_4 Pin=K3_U_rel_ladder2-4
Added Pin To Net: NetName=NetK3_U_rel_ladder2_6 Pin=K3_U_rel_ladder2-6
Added Pin To Net: NetName=NetK2_U_rel_ladder2_6 Pin=K3_U_rel_ladder2-7
Added Pin To Net: NetName=NetK3_U_rel_ladder2_8 Pin=K3_U_rel_ladder2-8
Added Pin To Net: NetName=+12 Pin=K4_U_rel_ladder2-1
Added Pin To Net: NetName=NetK3_U_rel_ladder2_4 Pin=K4_U_rel_ladder2-3
Added Pin To Net: NetName=NetK4_U_rel_ladder2_4 Pin=K4_U_rel_ladder2-4
Added Pin To Net: NetName=NetK4_U_rel_ladder2_6 Pin=K4_U_rel_ladder2-6
Added Pin To Net: NetName=NetK3_U_rel_ladder2_6 Pin=K4_U_rel_ladder2-7
Added Pin To Net: NetName=NetK4_U_rel_ladder2_8 Pin=K4_U_rel_ladder2-8
Added Pin To Net: NetName=+12 Pin=K5_U_rel_ladder2-1
Added Pin To Net: NetName=NetK4_U_rel_ladder2_4 Pin=K5_U_rel_ladder2-3
Added Pin To Net: NetName=NetK5_U_rel_ladder2_4 Pin=K5_U_rel_ladder2-4
Added Pin To Net: NetName=NetK5_U_rel_ladder2_6 Pin=K5_U_rel_ladder2-6
Added Pin To Net: NetName=NetK4_U_rel_ladder2_6 Pin=K5_U_rel_ladder2-7
Added Pin To Net: NetName=NetK5_U_rel_ladder2_8 Pin=K5_U_rel_ladder2-8
Added Pin To Net: NetName=+12 Pin=K6_U_rel_ladder2-1
Added Pin To Net: NetName=NetK5_U_rel_ladder2_4 Pin=K6_U_rel_ladder2-3
Added Pin To Net: NetName=NetK6_U_rel_ladder2_4 Pin=K6_U_rel_ladder2-4
Added Pin To Net: NetName=NetK6_U_rel_ladder2_6 Pin=K6_U_rel_ladder2-6
Added Pin To Net: NetName=NetK5_U_rel_ladder2_6 Pin=K6_U_rel_ladder2-7
Added Pin To Net: NetName=NetK6_U_rel_ladder2_8 Pin=K6_U_rel_ladder2-8
Added Pin To Net: NetName=+12 Pin=K7_U_rel_ladder2-1
Added Pin To Net: NetName=NetK6_U_rel_ladder2_4 Pin=K7_U_rel_ladder2-3
Added Pin To Net: NetName=NetK7_U_rel_ladder2_4 Pin=K7_U_rel_ladder2-4
Added Pin To Net: NetName=NetK7_U_rel_ladder2_6 Pin=K7_U_rel_ladder2-6
Added Pin To Net: NetName=NetK6_U_rel_ladder2_6 Pin=K7_U_rel_ladder2-7
Added Pin To Net: NetName=NetK7_U_rel_ladder2_8 Pin=K7_U_rel_ladder2-8
Added Pin To Net: NetName=+12 Pin=K8_U_rel_ladder2-1
Added Pin To Net: NetName=NetK7_U_rel_ladder2_4 Pin=K8_U_rel_ladder2-3
Added Pin To Net: NetName=C2 Pin=K8_U_rel_ladder2-4
Added Pin To Net: NetName=A2 Pin=K8_U_rel_ladder2-6
Added Pin To Net: NetName=NetK7_U_rel_ladder2_6 Pin=K8_U_rel_ladder2-7
Added Pin To Net: NetName=NetK8_U_rel_ladder2_8 Pin=K8_U_rel_ladder2-8
Added Pin To Net: NetName=A2 Pin=R1_U_rel_ladder2-1
Added Pin To Net: NetName=NetK7_U_rel_ladder2_6 Pin=R1_U_rel_ladder2-2
Added Pin To Net: NetName=C2 Pin=R2_U_rel_ladder2-1
Added Pin To Net: NetName=NetK7_U_rel_ladder2_4 Pin=R2_U_rel_ladder2-2
Added Pin To Net: NetName=NetK7_U_rel_ladder2_6 Pin=R3_U_rel_ladder2-1
Added Pin To Net: NetName=NetK6_U_rel_ladder2_6 Pin=R3_U_rel_ladder2-2
Added Pin To Net: NetName=NetK7_U_rel_ladder2_4 Pin=R4_U_rel_ladder2-1
Added Pin To Net: NetName=NetK6_U_rel_ladder2_4 Pin=R4_U_rel_ladder2-2
Added Pin To Net: NetName=NetK6_U_rel_ladder2_6 Pin=R5_U_rel_ladder2-1
Added Pin To Net: NetName=NetK5_U_rel_ladder2_6 Pin=R5_U_rel_ladder2-2
Added Pin To Net: NetName=NetK6_U_rel_ladder2_4 Pin=R6_U_rel_ladder2-1
Added Pin To Net: NetName=NetK5_U_rel_ladder2_4 Pin=R6_U_rel_ladder2-2
Added Pin To Net: NetName=NetK5_U_rel_ladder2_6 Pin=R7_U_rel_ladder2-1
Added Pin To Net: NetName=NetK4_U_rel_ladder2_6 Pin=R7_U_rel_ladder2-2
Added Pin To Net: NetName=NetK5_U_rel_ladder2_4 Pin=R8_U_rel_ladder2-1
Added Pin To Net: NetName=NetK4_U_rel_ladder2_4 Pin=R8_U_rel_ladder2-2
Added Pin To Net: NetName=NetK4_U_rel_ladder2_6 Pin=R9_U_rel_ladder2-1
Added Pin To Net: NetName=NetK3_U_rel_ladder2_6 Pin=R9_U_rel_ladder2-2
Added Pin To Net: NetName=NetK4_U_rel_ladder2_4 Pin=R10_U_rel_ladder2-1
Added Pin To Net: NetName=NetK3_U_rel_ladder2_4 Pin=R10_U_rel_ladder2-2
Added Pin To Net: NetName=NetK3_U_rel_ladder2_6 Pin=R11_U_rel_ladder2-1
Added Pin To Net: NetName=NetK2_U_rel_ladder2_6 Pin=R11_U_rel_ladder2-2
Added Pin To Net: NetName=NetK3_U_rel_ladder2_4 Pin=R12_U_rel_ladder2-1
Added Pin To Net: NetName=NetK2_U_rel_ladder2_4 Pin=R12_U_rel_ladder2-2
Added Pin To Net: NetName=NetK2_U_rel_ladder2_6 Pin=R13_U_rel_ladder2-1
Added Pin To Net: NetName=NetK1_U_rel_ladder2_6 Pin=R13_U_rel_ladder2-2
Added Pin To Net: NetName=NetK2_U_rel_ladder2_4 Pin=R14_U_rel_ladder2-1
Added Pin To Net: NetName=NetK1_U_rel_ladder2_4 Pin=R14_U_rel_ladder2-2
Added Pin To Net: NetName=NetK1_U_rel_ladder2_6 Pin=R15_U_rel_ladder2-1
Added Pin To Net: NetName=B2 Pin=R15_U_rel_ladder2-2
Added Pin To Net: NetName=NetK1_U_rel_ladder2_4 Pin=R16_U_rel_ladder2-1
Added Pin To Net: NetName=B2 Pin=R16_U_rel_ladder2-2
