Removed Pin From Net: NetName=NetMCP2_22 Pin=ULN3-1
Removed Pin From Net: NetName=NetMCP2_21 Pin=ULN3-2
Removed Pin From Net: NetName=NetMCP2_20 Pin=ULN3-3
Removed Pin From Net: NetName=NetMCP2_19 Pin=ULN3-4
Removed Pin From Net: NetName=NetMCP2_18 Pin=ULN3-5
Removed Pin From Net: NetName=NetMCP2_17 Pin=ULN3-6
Removed Pin From Net: NetName=NetMCP2_24 Pin=ULN3-19
Removed Pin From Net: NetName=NetMCP2_23 Pin=ULN3-20
Removed Pin From Net: NetName=NetMCP2_2 Pin=ULN4-1
Removed Pin From Net: NetName=NetMCP2_1 Pin=ULN4-2
Removed Pin From Net: NetName=NetMCP2_28 Pin=ULN4-3
Removed Pin From Net: NetName=NetMCP2_27 Pin=ULN4-4
Removed Pin From Net: NetName=NetMCP2_26 Pin=ULN4-5
Removed Pin From Net: NetName=NetMCP2_25 Pin=ULN4-6
Removed Pin From Net: NetName=NetMCP2_4 Pin=ULN4-19
Removed Pin From Net: NetName=NetMCP2_3 Pin=ULN4-20
Removed Pin From Net: NetName=NetMCP3_22 Pin=ULN5-1
Removed Pin From Net: NetName=NetMCP3_21 Pin=ULN5-2
Removed Pin From Net: NetName=NetMCP3_20 Pin=ULN5-3
Removed Pin From Net: NetName=NetMCP3_19 Pin=ULN5-4
Removed Pin From Net: NetName=NetMCP3_18 Pin=ULN5-5
Removed Pin From Net: NetName=NetMCP3_17 Pin=ULN5-6
Removed Pin From Net: NetName=NetMCP3_24 Pin=ULN5-19
Removed Pin From Net: NetName=NetMCP3_23 Pin=ULN5-20
Removed Pin From Net: NetName=NetMCP3_2 Pin=ULN6-1
Removed Pin From Net: NetName=NetMCP3_1 Pin=ULN6-2
Removed Pin From Net: NetName=NetMCP3_28 Pin=ULN6-3
Removed Pin From Net: NetName=NetMCP3_27 Pin=ULN6-4
Removed Pin From Net: NetName=NetMCP3_26 Pin=ULN6-5
Removed Pin From Net: NetName=NetMCP3_25 Pin=ULN6-6
Removed Pin From Net: NetName=NetMCP3_4 Pin=ULN6-19
Removed Pin From Net: NetName=NetMCP3_3 Pin=ULN6-20
Removed Pin From Net: NetName=NetMCP4_22 Pin=ULN7-1
Removed Pin From Net: NetName=NetMCP4_21 Pin=ULN7-2
Removed Pin From Net: NetName=NetMCP4_20 Pin=ULN7-3
Removed Pin From Net: NetName=NetMCP4_19 Pin=ULN7-4
Removed Pin From Net: NetName=NetMCP4_18 Pin=ULN7-5
Removed Pin From Net: NetName=NetMCP4_17 Pin=ULN7-6
Removed Pin From Net: NetName=NetMCP4_24 Pin=ULN7-19
Removed Pin From Net: NetName=NetMCP4_23 Pin=ULN7-20
Removed Pin From Net: NetName=NetMCP5_22 Pin=ULN9-1
Removed Pin From Net: NetName=NetMCP5_21 Pin=ULN9-2
Removed Pin From Net: NetName=NetMCP5_20 Pin=ULN9-3
Removed Pin From Net: NetName=NetMCP5_19 Pin=ULN9-4
Removed Pin From Net: NetName=NetMCP5_18 Pin=ULN9-5
Removed Pin From Net: NetName=NetMCP5_17 Pin=ULN9-6
Removed Pin From Net: NetName=NetMCP5_24 Pin=ULN9-19
Removed Pin From Net: NetName=NetMCP5_23 Pin=ULN9-20
Removed Pin From Net: NetName=NetMCP5_2 Pin=ULN10-1
Removed Pin From Net: NetName=NetMCP5_1 Pin=ULN10-2
Removed Pin From Net: NetName=NetMCP5_28 Pin=ULN10-3
Removed Pin From Net: NetName=NetMCP5_27 Pin=ULN10-4
Removed Pin From Net: NetName=NetMCP5_26 Pin=ULN10-5
Removed Pin From Net: NetName=NetMCP5_25 Pin=ULN10-6
Removed Pin From Net: NetName=NetMCP5_4 Pin=ULN10-19
Removed Pin From Net: NetName=NetMCP5_3 Pin=ULN10-20
Removed Pin From Net: NetName=NetMCP6_22 Pin=ULN11-1
Removed Pin From Net: NetName=NetMCP6_21 Pin=ULN11-2
Removed Pin From Net: NetName=NetMCP6_20 Pin=ULN11-3
Removed Pin From Net: NetName=NetMCP6_19 Pin=ULN11-4
Removed Pin From Net: NetName=NetMCP6_18 Pin=ULN11-5
Removed Pin From Net: NetName=NetMCP6_17 Pin=ULN11-6
Removed Pin From Net: NetName=NetMCP6_24 Pin=ULN11-19
Removed Pin From Net: NetName=NetMCP6_23 Pin=ULN11-20
Removed Pin From Net: NetName=NetMCP6_2 Pin=ULN12-1
Removed Pin From Net: NetName=NetMCP6_1 Pin=ULN12-2
Removed Pin From Net: NetName=NetMCP6_28 Pin=ULN12-3
Removed Pin From Net: NetName=NetMCP6_27 Pin=ULN12-4
Removed Pin From Net: NetName=NetMCP6_26 Pin=ULN12-5
Removed Pin From Net: NetName=NetMCP6_25 Pin=ULN12-6
Removed Pin From Net: NetName=NetMCP6_4 Pin=ULN12-19
Removed Pin From Net: NetName=NetMCP6_3 Pin=ULN12-20
Change Component Designator: OldDesignator=J2_U_rel_ladder1 NewDesignator=J2_U_rel_ladder10
Change Component Designator: OldDesignator=J2_U_rel_ladder2 NewDesignator=J2_U_rel_ladder9
Change Component Designator: OldDesignator=J2_U_rel_ladder3 NewDesignator=J2_U_rel_ladder8
Change Component Designator: OldDesignator=J2_U_rel_ladder4 NewDesignator=J2_U_rel_ladder7
Change Component Designator: OldDesignator=J2_U_rel_ladder5 NewDesignator=J2_U_rel_ladder6
Change Component Designator: OldDesignator=J2_U_rel_ladder9 NewDesignator=J2_U_rel_ladder2
Change Component Designator: OldDesignator=K1_U_rel_ladder1 NewDesignator=K1_U_rel_ladder10
Change Component Designator: OldDesignator=K1_U_rel_ladder2 NewDesignator=K1_U_rel_ladder9
Change Component Designator: OldDesignator=K1_U_rel_ladder3 NewDesignator=K1_U_rel_ladder8
Change Component Designator: OldDesignator=K1_U_rel_ladder4 NewDesignator=K1_U_rel_ladder7
Change Component Designator: OldDesignator=K1_U_rel_ladder5 NewDesignator=K1_U_rel_ladder6
Change Component Designator: OldDesignator=K1_U_rel_ladder9 NewDesignator=K1_U_rel_ladder2
Change Component Designator: OldDesignator=K2_U_rel_ladder1 NewDesignator=K2_U_rel_ladder10
Change Component Designator: OldDesignator=K2_U_rel_ladder2 NewDesignator=K2_U_rel_ladder9
Change Component Designator: OldDesignator=K2_U_rel_ladder3 NewDesignator=K2_U_rel_ladder8
Change Component Designator: OldDesignator=K2_U_rel_ladder4 NewDesignator=K2_U_rel_ladder7
Change Component Designator: OldDesignator=K2_U_rel_ladder5 NewDesignator=K2_U_rel_ladder6
Change Component Designator: OldDesignator=K2_U_rel_ladder9 NewDesignator=K2_U_rel_ladder2
Change Component Designator: OldDesignator=K3_U_rel_ladder1 NewDesignator=K3_U_rel_ladder10
Change Component Designator: OldDesignator=K3_U_rel_ladder2 NewDesignator=K3_U_rel_ladder9
Change Component Designator: OldDesignator=K3_U_rel_ladder3 NewDesignator=K3_U_rel_ladder8
Change Component Designator: OldDesignator=K3_U_rel_ladder4 NewDesignator=K3_U_rel_ladder7
Change Component Designator: OldDesignator=K3_U_rel_ladder5 NewDesignator=K3_U_rel_ladder6
Change Component Designator: OldDesignator=K3_U_rel_ladder9 NewDesignator=K3_U_rel_ladder2
Change Component Designator: OldDesignator=K4_U_rel_ladder1 NewDesignator=K4_U_rel_ladder10
Change Component Designator: OldDesignator=K4_U_rel_ladder2 NewDesignator=K4_U_rel_ladder9
Change Component Designator: OldDesignator=K4_U_rel_ladder3 NewDesignator=K4_U_rel_ladder8
Change Component Designator: OldDesignator=K4_U_rel_ladder4 NewDesignator=K4_U_rel_ladder7
Change Component Designator: OldDesignator=K4_U_rel_ladder5 NewDesignator=K4_U_rel_ladder6
Change Component Designator: OldDesignator=K4_U_rel_ladder9 NewDesignator=K4_U_rel_ladder2
Change Component Designator: OldDesignator=K5_U_rel_ladder1 NewDesignator=K5_U_rel_ladder10
Change Component Designator: OldDesignator=K5_U_rel_ladder2 NewDesignator=K5_U_rel_ladder9
Change Component Designator: OldDesignator=K5_U_rel_ladder3 NewDesignator=K5_U_rel_ladder8
Change Component Designator: OldDesignator=K5_U_rel_ladder4 NewDesignator=K5_U_rel_ladder7
Change Component Designator: OldDesignator=K5_U_rel_ladder5 NewDesignator=K5_U_rel_ladder6
Change Component Designator: OldDesignator=K5_U_rel_ladder9 NewDesignator=K5_U_rel_ladder2
Change Component Designator: OldDesignator=K6_U_rel_ladder1 NewDesignator=K6_U_rel_ladder10
Change Component Designator: OldDesignator=K6_U_rel_ladder2 NewDesignator=K6_U_rel_ladder9
Change Component Designator: OldDesignator=K6_U_rel_ladder3 NewDesignator=K6_U_rel_ladder8
Change Component Designator: OldDesignator=K6_U_rel_ladder4 NewDesignator=K6_U_rel_ladder7
Change Component Designator: OldDesignator=K6_U_rel_ladder5 NewDesignator=K6_U_rel_ladder6
Change Component Designator: OldDesignator=K6_U_rel_ladder9 NewDesignator=K6_U_rel_ladder2
Change Component Designator: OldDesignator=K7_U_rel_ladder1 NewDesignator=K7_U_rel_ladder10
Change Component Designator: OldDesignator=K7_U_rel_ladder2 NewDesignator=K7_U_rel_ladder9
Change Component Designator: OldDesignator=K7_U_rel_ladder3 NewDesignator=K7_U_rel_ladder8
Change Component Designator: OldDesignator=K7_U_rel_ladder4 NewDesignator=K7_U_rel_ladder7
Change Component Designator: OldDesignator=K7_U_rel_ladder5 NewDesignator=K7_U_rel_ladder6
Change Component Designator: OldDesignator=K7_U_rel_ladder9 NewDesignator=K7_U_rel_ladder2
Change Component Designator: OldDesignator=K8_U_rel_ladder1 NewDesignator=K8_U_rel_ladder10
Change Component Designator: OldDesignator=K8_U_rel_ladder2 NewDesignator=K8_U_rel_ladder9
Change Component Designator: OldDesignator=K8_U_rel_ladder3 NewDesignator=K8_U_rel_ladder8
Change Component Designator: OldDesignator=K8_U_rel_ladder4 NewDesignator=K8_U_rel_ladder7
Change Component Designator: OldDesignator=K8_U_rel_ladder5 NewDesignator=K8_U_rel_ladder6
Change Component Designator: OldDesignator=K8_U_rel_ladder9 NewDesignator=K8_U_rel_ladder2
Change Component Designator: OldDesignator=R1_U_rel_ladder1 NewDesignator=R1_U_rel_ladder10
Change Component Designator: OldDesignator=R1_U_rel_ladder2 NewDesignator=R1_U_rel_ladder9
Change Component Designator: OldDesignator=R1_U_rel_ladder3 NewDesignator=R1_U_rel_ladder8
Change Component Designator: OldDesignator=R1_U_rel_ladder4 NewDesignator=R1_U_rel_ladder7
Change Component Designator: OldDesignator=R1_U_rel_ladder5 NewDesignator=R1_U_rel_ladder6
Change Component Designator: OldDesignator=R1_U_rel_ladder9 NewDesignator=R1_U_rel_ladder2
Change Component Designator: OldDesignator=R2_U_rel_ladder1 NewDesignator=R2_U_rel_ladder10
Change Component Designator: OldDesignator=R2_U_rel_ladder2 NewDesignator=R2_U_rel_ladder9
Change Component Designator: OldDesignator=R2_U_rel_ladder3 NewDesignator=R2_U_rel_ladder8
Change Component Designator: OldDesignator=R2_U_rel_ladder4 NewDesignator=R2_U_rel_ladder7
Change Component Designator: OldDesignator=R2_U_rel_ladder5 NewDesignator=R2_U_rel_ladder6
Change Component Designator: OldDesignator=R2_U_rel_ladder9 NewDesignator=R2_U_rel_ladder2
Change Component Designator: OldDesignator=R3_U_rel_ladder1 NewDesignator=R3_U_rel_ladder10
Change Component Designator: OldDesignator=R3_U_rel_ladder2 NewDesignator=R3_U_rel_ladder9
Change Component Designator: OldDesignator=R3_U_rel_ladder3 NewDesignator=R3_U_rel_ladder8
Change Component Designator: OldDesignator=R3_U_rel_ladder4 NewDesignator=R3_U_rel_ladder7
Change Component Designator: OldDesignator=R3_U_rel_ladder5 NewDesignator=R3_U_rel_ladder6
Change Component Designator: OldDesignator=R3_U_rel_ladder9 NewDesignator=R3_U_rel_ladder2
Change Component Designator: OldDesignator=R4_U_rel_ladder1 NewDesignator=R4_U_rel_ladder10
Change Component Designator: OldDesignator=R4_U_rel_ladder2 NewDesignator=R4_U_rel_ladder9
Change Component Designator: OldDesignator=R4_U_rel_ladder3 NewDesignator=R4_U_rel_ladder8
Change Component Designator: OldDesignator=R4_U_rel_ladder4 NewDesignator=R4_U_rel_ladder7
Change Component Designator: OldDesignator=R4_U_rel_ladder5 NewDesignator=R4_U_rel_ladder6
Change Component Designator: OldDesignator=R4_U_rel_ladder9 NewDesignator=R4_U_rel_ladder2
Change Component Designator: OldDesignator=R5_U_rel_ladder1 NewDesignator=R5_U_rel_ladder10
Change Component Designator: OldDesignator=R5_U_rel_ladder2 NewDesignator=R5_U_rel_ladder9
Change Component Designator: OldDesignator=R5_U_rel_ladder3 NewDesignator=R5_U_rel_ladder8
Change Component Designator: OldDesignator=R5_U_rel_ladder4 NewDesignator=R5_U_rel_ladder7
Change Component Designator: OldDesignator=R5_U_rel_ladder5 NewDesignator=R5_U_rel_ladder6
Change Component Designator: OldDesignator=R5_U_rel_ladder9 NewDesignator=R5_U_rel_ladder2
Change Component Designator: OldDesignator=R6_U_rel_ladder1 NewDesignator=R6_U_rel_ladder10
Change Component Designator: OldDesignator=R6_U_rel_ladder2 NewDesignator=R6_U_rel_ladder9
Change Component Designator: OldDesignator=R6_U_rel_ladder3 NewDesignator=R6_U_rel_ladder8
Change Component Designator: OldDesignator=R6_U_rel_ladder4 NewDesignator=R6_U_rel_ladder7
Change Component Designator: OldDesignator=R6_U_rel_ladder5 NewDesignator=R6_U_rel_ladder6
Change Component Designator: OldDesignator=R6_U_rel_ladder9 NewDesignator=R6_U_rel_ladder2
Change Component Designator: OldDesignator=R7_U_rel_ladder1 NewDesignator=R7_U_rel_ladder10
Change Component Designator: OldDesignator=R7_U_rel_ladder2 NewDesignator=R7_U_rel_ladder9
Change Component Designator: OldDesignator=R7_U_rel_ladder3 NewDesignator=R7_U_rel_ladder8
Change Component Designator: OldDesignator=R7_U_rel_ladder4 NewDesignator=R7_U_rel_ladder7
Change Component Designator: OldDesignator=R7_U_rel_ladder5 NewDesignator=R7_U_rel_ladder6
Change Component Designator: OldDesignator=R7_U_rel_ladder9 NewDesignator=R7_U_rel_ladder2
Change Component Designator: OldDesignator=R8_U_rel_ladder1 NewDesignator=R8_U_rel_ladder10
Change Component Designator: OldDesignator=R8_U_rel_ladder2 NewDesignator=R8_U_rel_ladder9
Change Component Designator: OldDesignator=R8_U_rel_ladder3 NewDesignator=R8_U_rel_ladder8
Change Component Designator: OldDesignator=R8_U_rel_ladder4 NewDesignator=R8_U_rel_ladder7
Change Component Designator: OldDesignator=R8_U_rel_ladder5 NewDesignator=R8_U_rel_ladder6
Change Component Designator: OldDesignator=R8_U_rel_ladder9 NewDesignator=R8_U_rel_ladder2
Change Component Designator: OldDesignator=R9_U_rel_ladder1 NewDesignator=R9_U_rel_ladder10
Change Component Designator: OldDesignator=R9_U_rel_ladder2 NewDesignator=R9_U_rel_ladder9
Change Component Designator: OldDesignator=R9_U_rel_ladder3 NewDesignator=R9_U_rel_ladder8
Change Component Designator: OldDesignator=R9_U_rel_ladder4 NewDesignator=R9_U_rel_ladder7
Change Component Designator: OldDesignator=R9_U_rel_ladder5 NewDesignator=R9_U_rel_ladder6
Change Component Designator: OldDesignator=R9_U_rel_ladder9 NewDesignator=R9_U_rel_ladder2
Change Component Designator: OldDesignator=R10_U_rel_ladder1 NewDesignator=R10_U_rel_ladder10
Change Component Designator: OldDesignator=R10_U_rel_ladder2 NewDesignator=R10_U_rel_ladder9
Change Component Designator: OldDesignator=R10_U_rel_ladder3 NewDesignator=R10_U_rel_ladder8
Change Component Designator: OldDesignator=R10_U_rel_ladder4 NewDesignator=R10_U_rel_ladder7
Change Component Designator: OldDesignator=R10_U_rel_ladder5 NewDesignator=R10_U_rel_ladder6
Change Component Designator: OldDesignator=R10_U_rel_ladder9 NewDesignator=R10_U_rel_ladder2
Change Component Designator: OldDesignator=R11_U_rel_ladder1 NewDesignator=R11_U_rel_ladder10
Change Component Designator: OldDesignator=R11_U_rel_ladder2 NewDesignator=R11_U_rel_ladder9
Change Component Designator: OldDesignator=R11_U_rel_ladder3 NewDesignator=R11_U_rel_ladder8
Change Component Designator: OldDesignator=R11_U_rel_ladder4 NewDesignator=R11_U_rel_ladder7
Change Component Designator: OldDesignator=R11_U_rel_ladder5 NewDesignator=R11_U_rel_ladder6
Change Component Designator: OldDesignator=R11_U_rel_ladder9 NewDesignator=R11_U_rel_ladder2
Change Component Designator: OldDesignator=R12_U_rel_ladder1 NewDesignator=R12_U_rel_ladder10
Change Component Designator: OldDesignator=R12_U_rel_ladder2 NewDesignator=R12_U_rel_ladder9
Change Component Designator: OldDesignator=R12_U_rel_ladder3 NewDesignator=R12_U_rel_ladder8
Change Component Designator: OldDesignator=R12_U_rel_ladder4 NewDesignator=R12_U_rel_ladder7
Change Component Designator: OldDesignator=R12_U_rel_ladder5 NewDesignator=R12_U_rel_ladder6
Change Component Designator: OldDesignator=R12_U_rel_ladder9 NewDesignator=R12_U_rel_ladder2
Change Component Designator: OldDesignator=R13_U_rel_ladder1 NewDesignator=R13_U_rel_ladder10
Change Component Designator: OldDesignator=R13_U_rel_ladder2 NewDesignator=R13_U_rel_ladder9
Change Component Designator: OldDesignator=R13_U_rel_ladder3 NewDesignator=R13_U_rel_ladder8
Change Component Designator: OldDesignator=R13_U_rel_ladder4 NewDesignator=R13_U_rel_ladder7
Change Component Designator: OldDesignator=R13_U_rel_ladder5 NewDesignator=R13_U_rel_ladder6
Change Component Designator: OldDesignator=R13_U_rel_ladder9 NewDesignator=R13_U_rel_ladder2
Change Component Designator: OldDesignator=R14_U_rel_ladder1 NewDesignator=R14_U_rel_ladder10
Change Component Designator: OldDesignator=R14_U_rel_ladder2 NewDesignator=R14_U_rel_ladder9
Change Component Designator: OldDesignator=R14_U_rel_ladder3 NewDesignator=R14_U_rel_ladder8
Change Component Designator: OldDesignator=R14_U_rel_ladder4 NewDesignator=R14_U_rel_ladder7
Change Component Designator: OldDesignator=R14_U_rel_ladder5 NewDesignator=R14_U_rel_ladder6
Change Component Designator: OldDesignator=R14_U_rel_ladder9 NewDesignator=R14_U_rel_ladder2
Change Component Designator: OldDesignator=R15_U_rel_ladder1 NewDesignator=R15_U_rel_ladder10
Change Component Designator: OldDesignator=R15_U_rel_ladder2 NewDesignator=R15_U_rel_ladder9
Change Component Designator: OldDesignator=R15_U_rel_ladder3 NewDesignator=R15_U_rel_ladder8
Change Component Designator: OldDesignator=R15_U_rel_ladder4 NewDesignator=R15_U_rel_ladder7
Change Component Designator: OldDesignator=R15_U_rel_ladder5 NewDesignator=R15_U_rel_ladder6
Change Component Designator: OldDesignator=R15_U_rel_ladder9 NewDesignator=R15_U_rel_ladder2
Change Component Designator: OldDesignator=R16_U_rel_ladder1 NewDesignator=R16_U_rel_ladder10
Change Component Designator: OldDesignator=R16_U_rel_ladder2 NewDesignator=R16_U_rel_ladder9
Change Component Designator: OldDesignator=R16_U_rel_ladder3 NewDesignator=R16_U_rel_ladder8
Change Component Designator: OldDesignator=R16_U_rel_ladder4 NewDesignator=R16_U_rel_ladder7
Change Component Designator: OldDesignator=R16_U_rel_ladder5 NewDesignator=R16_U_rel_ladder6
Change Component Designator: OldDesignator=R16_U_rel_ladder9 NewDesignator=R16_U_rel_ladder2
Added Component: Designator=J2_U_rel_ladder1(solderJumper)
Added Component: Designator=J2_U_rel_ladder3(solderJumper)
Added Component: Designator=J2_U_rel_ladder4(solderJumper)
Added Component: Designator=J2_U_rel_ladder5(solderJumper)
Added Component: Designator=K1_U_rel_ladder1(AXICOM IM-G Relay)
Add component (AddParameter): Name = "Farnell ID"; Value = "1175070"; VariantName = "[No Variations]"
Add component (AddParameter): Name = "URL"; Value = "http://si.farnell.com/te-connectivity-axicom/im06gr/relay-gull-wing-dpco-12vdc-2a/dp/1175070"; VariantName = "[No Variations]"
Added Component: Designator=K1_U_rel_ladder3(AXICOM IM-G Relay)
Add component (AddParameter): Name = "Farnell ID"; Value = "1175070"; VariantName = "[No Variations]"
Add component (AddParameter): Name = "URL"; Value = "http://si.farnell.com/te-connectivity-axicom/im06gr/relay-gull-wing-dpco-12vdc-2a/dp/1175070"; VariantName = "[No Variations]"
Added Component: Designator=K1_U_rel_ladder4(AXICOM IM-G Relay)
Add component (AddParameter): Name = "Farnell ID"; Value = "1175070"; VariantName = "[No Variations]"
Add component (AddParameter): Name = "URL"; Value = "http://si.farnell.com/te-connectivity-axicom/im06gr/relay-gull-wing-dpco-12vdc-2a/dp/1175070"; VariantName = "[No Variations]"
Added Component: Designator=K1_U_rel_ladder5(AXICOM IM-G Relay)
Add component (AddParameter): Name = "Farnell ID"; Value = "1175070"; VariantName = "[No Variations]"
Add component (AddParameter): Name = "URL"; Value = "http://si.farnell.com/te-connectivity-axicom/im06gr/relay-gull-wing-dpco-12vdc-2a/dp/1175070"; VariantName = "[No Variations]"
Added Component: Designator=K2_U_rel_ladder1(AXICOM IM-G Relay)
Add component (AddParameter): Name = "Farnell ID"; Value = "1175070"; VariantName = "[No Variations]"
Add component (AddParameter): Name = "URL"; Value = "http://si.farnell.com/te-connectivity-axicom/im06gr/relay-gull-wing-dpco-12vdc-2a/dp/1175070"; VariantName = "[No Variations]"
Added Component: Designator=K2_U_rel_ladder3(AXICOM IM-G Relay)
Add component (AddParameter): Name = "Farnell ID"; Value = "1175070"; VariantName = "[No Variations]"
Add component (AddParameter): Name = "URL"; Value = "http://si.farnell.com/te-connectivity-axicom/im06gr/relay-gull-wing-dpco-12vdc-2a/dp/1175070"; VariantName = "[No Variations]"
Added Component: Designator=K2_U_rel_ladder4(AXICOM IM-G Relay)
Add component (AddParameter): Name = "Farnell ID"; Value = "1175070"; VariantName = "[No Variations]"
Add component (AddParameter): Name = "URL"; Value = "http://si.farnell.com/te-connectivity-axicom/im06gr/relay-gull-wing-dpco-12vdc-2a/dp/1175070"; VariantName = "[No Variations]"
Added Component: Designator=K2_U_rel_ladder5(AXICOM IM-G Relay)
Add component (AddParameter): Name = "Farnell ID"; Value = "1175070"; VariantName = "[No Variations]"
Add component (AddParameter): Name = "URL"; Value = "http://si.farnell.com/te-connectivity-axicom/im06gr/relay-gull-wing-dpco-12vdc-2a/dp/1175070"; VariantName = "[No Variations]"
Added Component: Designator=K3_U_rel_ladder1(AXICOM IM-G Relay)
Add component (AddParameter): Name = "Farnell ID"; Value = "1175070"; VariantName = "[No Variations]"
Add component (AddParameter): Name = "URL"; Value = "http://si.farnell.com/te-connectivity-axicom/im06gr/relay-gull-wing-dpco-12vdc-2a/dp/1175070"; VariantName = "[No Variations]"
Added Component: Designator=K3_U_rel_ladder3(AXICOM IM-G Relay)
Add component (AddParameter): Name = "Farnell ID"; Value = "1175070"; VariantName = "[No Variations]"
Add component (AddParameter): Name = "URL"; Value = "http://si.farnell.com/te-connectivity-axicom/im06gr/relay-gull-wing-dpco-12vdc-2a/dp/1175070"; VariantName = "[No Variations]"
Added Component: Designator=K3_U_rel_ladder4(AXICOM IM-G Relay)
Add component (AddParameter): Name = "Farnell ID"; Value = "1175070"; VariantName = "[No Variations]"
Add component (AddParameter): Name = "URL"; Value = "http://si.farnell.com/te-connectivity-axicom/im06gr/relay-gull-wing-dpco-12vdc-2a/dp/1175070"; VariantName = "[No Variations]"
Added Component: Designator=K3_U_rel_ladder5(AXICOM IM-G Relay)
Add component (AddParameter): Name = "Farnell ID"; Value = "1175070"; VariantName = "[No Variations]"
Add component (AddParameter): Name = "URL"; Value = "http://si.farnell.com/te-connectivity-axicom/im06gr/relay-gull-wing-dpco-12vdc-2a/dp/1175070"; VariantName = "[No Variations]"
Added Component: Designator=K4_U_rel_ladder1(AXICOM IM-G Relay)
Add component (AddParameter): Name = "Farnell ID"; Value = "1175070"; VariantName = "[No Variations]"
Add component (AddParameter): Name = "URL"; Value = "http://si.farnell.com/te-connectivity-axicom/im06gr/relay-gull-wing-dpco-12vdc-2a/dp/1175070"; VariantName = "[No Variations]"
Added Component: Designator=K4_U_rel_ladder3(AXICOM IM-G Relay)
Add component (AddParameter): Name = "Farnell ID"; Value = "1175070"; VariantName = "[No Variations]"
Add component (AddParameter): Name = "URL"; Value = "http://si.farnell.com/te-connectivity-axicom/im06gr/relay-gull-wing-dpco-12vdc-2a/dp/1175070"; VariantName = "[No Variations]"
Added Component: Designator=K4_U_rel_ladder4(AXICOM IM-G Relay)
Add component (AddParameter): Name = "Farnell ID"; Value = "1175070"; VariantName = "[No Variations]"
Add component (AddParameter): Name = "URL"; Value = "http://si.farnell.com/te-connectivity-axicom/im06gr/relay-gull-wing-dpco-12vdc-2a/dp/1175070"; VariantName = "[No Variations]"
Added Component: Designator=K4_U_rel_ladder5(AXICOM IM-G Relay)
Add component (AddParameter): Name = "Farnell ID"; Value = "1175070"; VariantName = "[No Variations]"
Add component (AddParameter): Name = "URL"; Value = "http://si.farnell.com/te-connectivity-axicom/im06gr/relay-gull-wing-dpco-12vdc-2a/dp/1175070"; VariantName = "[No Variations]"
Added Component: Designator=K5_U_rel_ladder1(AXICOM IM-G Relay)
Add component (AddParameter): Name = "Farnell ID"; Value = "1175070"; VariantName = "[No Variations]"
Add component (AddParameter): Name = "URL"; Value = "http://si.farnell.com/te-connectivity-axicom/im06gr/relay-gull-wing-dpco-12vdc-2a/dp/1175070"; VariantName = "[No Variations]"
Added Component: Designator=K5_U_rel_ladder3(AXICOM IM-G Relay)
Add component (AddParameter): Name = "Farnell ID"; Value = "1175070"; VariantName = "[No Variations]"
Add component (AddParameter): Name = "URL"; Value = "http://si.farnell.com/te-connectivity-axicom/im06gr/relay-gull-wing-dpco-12vdc-2a/dp/1175070"; VariantName = "[No Variations]"
Added Component: Designator=K5_U_rel_ladder4(AXICOM IM-G Relay)
Add component (AddParameter): Name = "Farnell ID"; Value = "1175070"; VariantName = "[No Variations]"
Add component (AddParameter): Name = "URL"; Value = "http://si.farnell.com/te-connectivity-axicom/im06gr/relay-gull-wing-dpco-12vdc-2a/dp/1175070"; VariantName = "[No Variations]"
Added Component: Designator=K5_U_rel_ladder5(AXICOM IM-G Relay)
Add component (AddParameter): Name = "Farnell ID"; Value = "1175070"; VariantName = "[No Variations]"
Add component (AddParameter): Name = "URL"; Value = "http://si.farnell.com/te-connectivity-axicom/im06gr/relay-gull-wing-dpco-12vdc-2a/dp/1175070"; VariantName = "[No Variations]"
Added Component: Designator=K6_U_rel_ladder1(AXICOM IM-G Relay)
Add component (AddParameter): Name = "Farnell ID"; Value = "1175070"; VariantName = "[No Variations]"
Add component (AddParameter): Name = "URL"; Value = "http://si.farnell.com/te-connectivity-axicom/im06gr/relay-gull-wing-dpco-12vdc-2a/dp/1175070"; VariantName = "[No Variations]"
Added Component: Designator=K6_U_rel_ladder3(AXICOM IM-G Relay)
Add component (AddParameter): Name = "Farnell ID"; Value = "1175070"; VariantName = "[No Variations]"
Add component (AddParameter): Name = "URL"; Value = "http://si.farnell.com/te-connectivity-axicom/im06gr/relay-gull-wing-dpco-12vdc-2a/dp/1175070"; VariantName = "[No Variations]"
Added Component: Designator=K6_U_rel_ladder4(AXICOM IM-G Relay)
Add component (AddParameter): Name = "Farnell ID"; Value = "1175070"; VariantName = "[No Variations]"
Add component (AddParameter): Name = "URL"; Value = "http://si.farnell.com/te-connectivity-axicom/im06gr/relay-gull-wing-dpco-12vdc-2a/dp/1175070"; VariantName = "[No Variations]"
Added Component: Designator=K6_U_rel_ladder5(AXICOM IM-G Relay)
Add component (AddParameter): Name = "Farnell ID"; Value = "1175070"; VariantName = "[No Variations]"
Add component (AddParameter): Name = "URL"; Value = "http://si.farnell.com/te-connectivity-axicom/im06gr/relay-gull-wing-dpco-12vdc-2a/dp/1175070"; VariantName = "[No Variations]"
Added Component: Designator=K7_U_rel_ladder1(AXICOM IM-G Relay)
Add component (AddParameter): Name = "Farnell ID"; Value = "1175070"; VariantName = "[No Variations]"
Add component (AddParameter): Name = "URL"; Value = "http://si.farnell.com/te-connectivity-axicom/im06gr/relay-gull-wing-dpco-12vdc-2a/dp/1175070"; VariantName = "[No Variations]"
Added Component: Designator=K7_U_rel_ladder3(AXICOM IM-G Relay)
Add component (AddParameter): Name = "Farnell ID"; Value = "1175070"; VariantName = "[No Variations]"
Add component (AddParameter): Name = "URL"; Value = "http://si.farnell.com/te-connectivity-axicom/im06gr/relay-gull-wing-dpco-12vdc-2a/dp/1175070"; VariantName = "[No Variations]"
Added Component: Designator=K7_U_rel_ladder4(AXICOM IM-G Relay)
Add component (AddParameter): Name = "Farnell ID"; Value = "1175070"; VariantName = "[No Variations]"
Add component (AddParameter): Name = "URL"; Value = "http://si.farnell.com/te-connectivity-axicom/im06gr/relay-gull-wing-dpco-12vdc-2a/dp/1175070"; VariantName = "[No Variations]"
Added Component: Designator=K7_U_rel_ladder5(AXICOM IM-G Relay)
Add component (AddParameter): Name = "Farnell ID"; Value = "1175070"; VariantName = "[No Variations]"
Add component (AddParameter): Name = "URL"; Value = "http://si.farnell.com/te-connectivity-axicom/im06gr/relay-gull-wing-dpco-12vdc-2a/dp/1175070"; VariantName = "[No Variations]"
Added Component: Designator=K8_U_rel_ladder1(AXICOM IM-G Relay)
Add component (AddParameter): Name = "Farnell ID"; Value = "1175070"; VariantName = "[No Variations]"
Add component (AddParameter): Name = "URL"; Value = "http://si.farnell.com/te-connectivity-axicom/im06gr/relay-gull-wing-dpco-12vdc-2a/dp/1175070"; VariantName = "[No Variations]"
Added Component: Designator=K8_U_rel_ladder3(AXICOM IM-G Relay)
Add component (AddParameter): Name = "Farnell ID"; Value = "1175070"; VariantName = "[No Variations]"
Add component (AddParameter): Name = "URL"; Value = "http://si.farnell.com/te-connectivity-axicom/im06gr/relay-gull-wing-dpco-12vdc-2a/dp/1175070"; VariantName = "[No Variations]"
Added Component: Designator=K8_U_rel_ladder4(AXICOM IM-G Relay)
Add component (AddParameter): Name = "Farnell ID"; Value = "1175070"; VariantName = "[No Variations]"
Add component (AddParameter): Name = "URL"; Value = "http://si.farnell.com/te-connectivity-axicom/im06gr/relay-gull-wing-dpco-12vdc-2a/dp/1175070"; VariantName = "[No Variations]"
Added Component: Designator=K8_U_rel_ladder5(AXICOM IM-G Relay)
Add component (AddParameter): Name = "Farnell ID"; Value = "1175070"; VariantName = "[No Variations]"
Add component (AddParameter): Name = "URL"; Value = "http://si.farnell.com/te-connectivity-axicom/im06gr/relay-gull-wing-dpco-12vdc-2a/dp/1175070"; VariantName = "[No Variations]"
Added Component: Designator=R1_U_rel_ladder1(R2012_0805I_L)
Added Component: Designator=R1_U_rel_ladder3(R2012_0805I_L)
Added Component: Designator=R1_U_rel_ladder4(R2012_0805I_L)
Added Component: Designator=R1_U_rel_ladder5(R2012_0805I_L)
Added Component: Designator=R2_U_rel_ladder1(R2012_0805I_L)
Added Component: Designator=R2_U_rel_ladder3(R2012_0805I_L)
Added Component: Designator=R2_U_rel_ladder4(R2012_0805I_L)
Added Component: Designator=R2_U_rel_ladder5(R2012_0805I_L)
Added Component: Designator=R3_U_rel_ladder1(R2012_0805I_L)
Added Component: Designator=R3_U_rel_ladder3(R2012_0805I_L)
Added Component: Designator=R3_U_rel_ladder4(R2012_0805I_L)
Added Component: Designator=R3_U_rel_ladder5(R2012_0805I_L)
Added Component: Designator=R4_U_rel_ladder1(R2012_0805I_L)
Added Component: Designator=R4_U_rel_ladder3(R2012_0805I_L)
Added Component: Designator=R4_U_rel_ladder4(R2012_0805I_L)
Added Component: Designator=R4_U_rel_ladder5(R2012_0805I_L)
Added Component: Designator=R5_U_rel_ladder1(R2012_0805I_L)
Added Component: Designator=R5_U_rel_ladder3(R2012_0805I_L)
Added Component: Designator=R5_U_rel_ladder4(R2012_0805I_L)
Added Component: Designator=R5_U_rel_ladder5(R2012_0805I_L)
Added Component: Designator=R6_U_rel_ladder1(R2012_0805I_L)
Added Component: Designator=R6_U_rel_ladder3(R2012_0805I_L)
Added Component: Designator=R6_U_rel_ladder4(R2012_0805I_L)
Added Component: Designator=R6_U_rel_ladder5(R2012_0805I_L)
Added Component: Designator=R7_U_rel_ladder1(R2012_0805I_L)
Added Component: Designator=R7_U_rel_ladder3(R2012_0805I_L)
Added Component: Designator=R7_U_rel_ladder4(R2012_0805I_L)
Added Component: Designator=R7_U_rel_ladder5(R2012_0805I_L)
Added Component: Designator=R8_U_rel_ladder1(R2012_0805I_L)
Added Component: Designator=R8_U_rel_ladder3(R2012_0805I_L)
Added Component: Designator=R8_U_rel_ladder4(R2012_0805I_L)
Added Component: Designator=R8_U_rel_ladder5(R2012_0805I_L)
Added Component: Designator=R9_U_rel_ladder1(R2012_0805I_L)
Added Component: Designator=R9_U_rel_ladder3(R2012_0805I_L)
Added Component: Designator=R9_U_rel_ladder4(R2012_0805I_L)
Added Component: Designator=R9_U_rel_ladder5(R2012_0805I_L)
Added Component: Designator=R10_U_rel_ladder1(R2012_0805I_L)
Added Component: Designator=R10_U_rel_ladder3(R2012_0805I_L)
Added Component: Designator=R10_U_rel_ladder4(R2012_0805I_L)
Added Component: Designator=R10_U_rel_ladder5(R2012_0805I_L)
Added Component: Designator=R11_U_rel_ladder1(R2012_0805I_L)
Added Component: Designator=R11_U_rel_ladder3(R2012_0805I_L)
Added Component: Designator=R11_U_rel_ladder4(R2012_0805I_L)
Added Component: Designator=R11_U_rel_ladder5(R2012_0805I_L)
Added Component: Designator=R12_U_rel_ladder1(R2012_0805I_L)
Added Component: Designator=R12_U_rel_ladder3(R2012_0805I_L)
Added Component: Designator=R12_U_rel_ladder4(R2012_0805I_L)
Added Component: Designator=R12_U_rel_ladder5(R2012_0805I_L)
Added Component: Designator=R13_U_rel_ladder1(R2012_0805I_L)
Added Component: Designator=R13_U_rel_ladder3(R2012_0805I_L)
Added Component: Designator=R13_U_rel_ladder4(R2012_0805I_L)
Added Component: Designator=R13_U_rel_ladder5(R2012_0805I_L)
Added Component: Designator=R14_U_rel_ladder1(R2012_0805I_L)
Added Component: Designator=R14_U_rel_ladder3(R2012_0805I_L)
Added Component: Designator=R14_U_rel_ladder4(R2012_0805I_L)
Added Component: Designator=R14_U_rel_ladder5(R2012_0805I_L)
Added Component: Designator=R15_U_rel_ladder1(R2012_0805I_L)
Added Component: Designator=R15_U_rel_ladder3(R2012_0805I_L)
Added Component: Designator=R15_U_rel_ladder4(R2012_0805I_L)
Added Component: Designator=R15_U_rel_ladder5(R2012_0805I_L)
Added Component: Designator=R16_U_rel_ladder1(R2012_0805I_L)
Added Component: Designator=R16_U_rel_ladder3(R2012_0805I_L)
Added Component: Designator=R16_U_rel_ladder4(R2012_0805I_L)
Added Component: Designator=R16_U_rel_ladder5(R2012_0805I_L)
Added Pin To Net: NetName=B10 Pin=J2_U_rel_ladder1-1
Added Pin To Net: NetName=B10 Pin=J2_U_rel_ladder1-2
Added Pin To Net: NetName=B8 Pin=J2_U_rel_ladder3-1
Added Pin To Net: NetName=B8 Pin=J2_U_rel_ladder3-2
Added Pin To Net: NetName=B7 Pin=J2_U_rel_ladder4-1
Added Pin To Net: NetName=B7 Pin=J2_U_rel_ladder4-2
Added Pin To Net: NetName=B6 Pin=J2_U_rel_ladder5-1
Added Pin To Net: NetName=B6 Pin=J2_U_rel_ladder5-2
Added Pin To Net: NetName=+12 Pin=K1_U_rel_ladder1-1
Added Pin To Net: NetName=B10 Pin=K1_U_rel_ladder1-3
Added Pin To Net: NetName=B10 Pin=K1_U_rel_ladder1-7
Added Pin To Net: NetName=+12 Pin=K1_U_rel_ladder3-1
Added Pin To Net: NetName=B8 Pin=K1_U_rel_ladder3-3
Added Pin To Net: NetName=B8 Pin=K1_U_rel_ladder3-7
Added Pin To Net: NetName=+12 Pin=K1_U_rel_ladder4-1
Added Pin To Net: NetName=B7 Pin=K1_U_rel_ladder4-3
Added Pin To Net: NetName=B7 Pin=K1_U_rel_ladder4-7
Added Pin To Net: NetName=+12 Pin=K1_U_rel_ladder5-1
Added Pin To Net: NetName=B6 Pin=K1_U_rel_ladder5-3
Added Pin To Net: NetName=B6 Pin=K1_U_rel_ladder5-7
Added Pin To Net: NetName=+12 Pin=K2_U_rel_ladder1-1
Added Pin To Net: NetName=+12 Pin=K2_U_rel_ladder3-1
Added Pin To Net: NetName=+12 Pin=K2_U_rel_ladder4-1
Added Pin To Net: NetName=+12 Pin=K2_U_rel_ladder5-1
Added Pin To Net: NetName=+12 Pin=K3_U_rel_ladder1-1
Added Pin To Net: NetName=+12 Pin=K3_U_rel_ladder3-1
Added Pin To Net: NetName=+12 Pin=K3_U_rel_ladder4-1
Added Pin To Net: NetName=+12 Pin=K3_U_rel_ladder5-1
Added Pin To Net: NetName=+12 Pin=K4_U_rel_ladder1-1
Added Pin To Net: NetName=+12 Pin=K4_U_rel_ladder3-1
Added Pin To Net: NetName=+12 Pin=K4_U_rel_ladder4-1
Added Pin To Net: NetName=+12 Pin=K4_U_rel_ladder5-1
Added Pin To Net: NetName=+12 Pin=K5_U_rel_ladder1-1
Added Pin To Net: NetName=+12 Pin=K5_U_rel_ladder3-1
Added Pin To Net: NetName=+12 Pin=K5_U_rel_ladder4-1
Added Pin To Net: NetName=+12 Pin=K5_U_rel_ladder5-1
Added Pin To Net: NetName=+12 Pin=K6_U_rel_ladder1-1
Added Pin To Net: NetName=+12 Pin=K6_U_rel_ladder3-1
Added Pin To Net: NetName=+12 Pin=K6_U_rel_ladder4-1
Added Pin To Net: NetName=+12 Pin=K6_U_rel_ladder5-1
Added Pin To Net: NetName=+12 Pin=K7_U_rel_ladder1-1
Added Pin To Net: NetName=+12 Pin=K7_U_rel_ladder3-1
Added Pin To Net: NetName=+12 Pin=K7_U_rel_ladder4-1
Added Pin To Net: NetName=+12 Pin=K7_U_rel_ladder5-1
Added Pin To Net: NetName=+12 Pin=K8_U_rel_ladder1-1
Added Pin To Net: NetName=C10 Pin=K8_U_rel_ladder1-4
Added Pin To Net: NetName=A10 Pin=K8_U_rel_ladder1-6
Added Pin To Net: NetName=+12 Pin=K8_U_rel_ladder3-1
Added Pin To Net: NetName=C8 Pin=K8_U_rel_ladder3-4
Added Pin To Net: NetName=A8 Pin=K8_U_rel_ladder3-6
Added Pin To Net: NetName=+12 Pin=K8_U_rel_ladder4-1
Added Pin To Net: NetName=C7 Pin=K8_U_rel_ladder4-4
Added Pin To Net: NetName=A7 Pin=K8_U_rel_ladder4-6
Added Pin To Net: NetName=+12 Pin=K8_U_rel_ladder5-1
Added Pin To Net: NetName=C6 Pin=K8_U_rel_ladder5-4
Added Pin To Net: NetName=A6 Pin=K8_U_rel_ladder5-6
Added Pin To Net: NetName=A10 Pin=R1_U_rel_ladder1-1
Added Pin To Net: NetName=A8 Pin=R1_U_rel_ladder3-1
Added Pin To Net: NetName=A7 Pin=R1_U_rel_ladder4-1
Added Pin To Net: NetName=A6 Pin=R1_U_rel_ladder5-1
Added Pin To Net: NetName=C10 Pin=R2_U_rel_ladder1-1
Added Pin To Net: NetName=C8 Pin=R2_U_rel_ladder3-1
Added Pin To Net: NetName=C7 Pin=R2_U_rel_ladder4-1
Added Pin To Net: NetName=C6 Pin=R2_U_rel_ladder5-1
Added Pin To Net: NetName=B10 Pin=R15_U_rel_ladder1-2
Added Pin To Net: NetName=B8 Pin=R15_U_rel_ladder3-2
Added Pin To Net: NetName=B7 Pin=R15_U_rel_ladder4-2
Added Pin To Net: NetName=B6 Pin=R15_U_rel_ladder5-2
Added Pin To Net: NetName=B10 Pin=R16_U_rel_ladder1-2
Added Pin To Net: NetName=B8 Pin=R16_U_rel_ladder3-2
Added Pin To Net: NetName=B7 Pin=R16_U_rel_ladder4-2
Added Pin To Net: NetName=B6 Pin=R16_U_rel_ladder5-2
Added Pin To Net: NetName=NetMCP2_19 Pin=ULN3-1
Added Pin To Net: NetName=NetMCP2_20 Pin=ULN3-2
Added Pin To Net: NetName=NetMCP2_21 Pin=ULN3-3
Added Pin To Net: NetName=NetMCP2_22 Pin=ULN3-4
Added Pin To Net: NetName=NetMCP2_23 Pin=ULN3-5
Added Pin To Net: NetName=NetMCP2_24 Pin=ULN3-6
Added Pin To Net: NetName=NetMCP2_17 Pin=ULN3-19
Added Pin To Net: NetName=NetMCP2_18 Pin=ULN3-20
Added Pin To Net: NetName=NetMCP2_27 Pin=ULN4-1
Added Pin To Net: NetName=NetMCP2_28 Pin=ULN4-2
Added Pin To Net: NetName=NetMCP2_1 Pin=ULN4-3
Added Pin To Net: NetName=NetMCP2_2 Pin=ULN4-4
Added Pin To Net: NetName=NetMCP2_3 Pin=ULN4-5
Added Pin To Net: NetName=NetMCP2_4 Pin=ULN4-6
Added Pin To Net: NetName=NetMCP2_25 Pin=ULN4-19
Added Pin To Net: NetName=NetMCP2_26 Pin=ULN4-20
Added Pin To Net: NetName=NetMCP3_19 Pin=ULN5-1
Added Pin To Net: NetName=NetMCP3_20 Pin=ULN5-2
Added Pin To Net: NetName=NetMCP3_21 Pin=ULN5-3
Added Pin To Net: NetName=NetMCP3_22 Pin=ULN5-4
Added Pin To Net: NetName=NetMCP3_23 Pin=ULN5-5
Added Pin To Net: NetName=NetMCP3_24 Pin=ULN5-6
Added Pin To Net: NetName=NetMCP3_17 Pin=ULN5-19
Added Pin To Net: NetName=NetMCP3_18 Pin=ULN5-20
Added Pin To Net: NetName=NetMCP3_27 Pin=ULN6-1
Added Pin To Net: NetName=NetMCP3_28 Pin=ULN6-2
Added Pin To Net: NetName=NetMCP3_1 Pin=ULN6-3
Added Pin To Net: NetName=NetMCP3_2 Pin=ULN6-4
Added Pin To Net: NetName=NetMCP3_3 Pin=ULN6-5
Added Pin To Net: NetName=NetMCP3_4 Pin=ULN6-6
Added Pin To Net: NetName=NetMCP3_25 Pin=ULN6-19
Added Pin To Net: NetName=NetMCP3_26 Pin=ULN6-20
Added Pin To Net: NetName=NetMCP4_19 Pin=ULN7-1
Added Pin To Net: NetName=NetMCP4_20 Pin=ULN7-2
Added Pin To Net: NetName=NetMCP4_21 Pin=ULN7-3
Added Pin To Net: NetName=NetMCP4_22 Pin=ULN7-4
Added Pin To Net: NetName=NetMCP4_23 Pin=ULN7-5
Added Pin To Net: NetName=NetMCP4_24 Pin=ULN7-6
Added Pin To Net: NetName=NetMCP4_17 Pin=ULN7-19
Added Pin To Net: NetName=NetMCP4_18 Pin=ULN7-20
Added Pin To Net: NetName=NetMCP5_19 Pin=ULN9-1
Added Pin To Net: NetName=NetMCP5_20 Pin=ULN9-2
Added Pin To Net: NetName=NetMCP5_21 Pin=ULN9-3
Added Pin To Net: NetName=NetMCP5_22 Pin=ULN9-4
Added Pin To Net: NetName=NetMCP5_23 Pin=ULN9-5
Added Pin To Net: NetName=NetMCP5_24 Pin=ULN9-6
Added Pin To Net: NetName=NetMCP5_17 Pin=ULN9-19
Added Pin To Net: NetName=NetMCP5_18 Pin=ULN9-20
Added Pin To Net: NetName=NetMCP5_27 Pin=ULN10-1
Added Pin To Net: NetName=NetMCP5_28 Pin=ULN10-2
Added Pin To Net: NetName=NetMCP5_1 Pin=ULN10-3
Added Pin To Net: NetName=NetMCP5_2 Pin=ULN10-4
Added Pin To Net: NetName=NetMCP5_3 Pin=ULN10-5
Added Pin To Net: NetName=NetMCP5_4 Pin=ULN10-6
Added Pin To Net: NetName=NetMCP5_25 Pin=ULN10-19
Added Pin To Net: NetName=NetMCP5_26 Pin=ULN10-20
Added Pin To Net: NetName=NetMCP6_19 Pin=ULN11-1
Added Pin To Net: NetName=NetMCP6_20 Pin=ULN11-2
Added Pin To Net: NetName=NetMCP6_21 Pin=ULN11-3
Added Pin To Net: NetName=NetMCP6_22 Pin=ULN11-4
Added Pin To Net: NetName=NetMCP6_23 Pin=ULN11-5
Added Pin To Net: NetName=NetMCP6_24 Pin=ULN11-6
Added Pin To Net: NetName=NetMCP6_17 Pin=ULN11-19
Added Pin To Net: NetName=NetMCP6_18 Pin=ULN11-20
Added Pin To Net: NetName=NetMCP6_27 Pin=ULN12-1
Added Pin To Net: NetName=NetMCP6_28 Pin=ULN12-2
Added Pin To Net: NetName=NetMCP6_1 Pin=ULN12-3
Added Pin To Net: NetName=NetMCP6_2 Pin=ULN12-4
Added Pin To Net: NetName=NetMCP6_3 Pin=ULN12-5
Added Pin To Net: NetName=NetMCP6_4 Pin=ULN12-6
Added Pin To Net: NetName=NetMCP6_25 Pin=ULN12-19
Added Pin To Net: NetName=NetMCP6_26 Pin=ULN12-20
Change Net Name : Old Net Name=NetK1_U_rel_ladder1_4 New Net Name=NetK1_U_rel_ladder10_4
Change Net Name : Old Net Name=NetK1_U_rel_ladder1_6 New Net Name=NetK1_U_rel_ladder10_6
Change Net Name : Old Net Name=NetK1_U_rel_ladder1_8 New Net Name=NetK1_U_rel_ladder10_8
Change Net Name : Old Net Name=NetK1_U_rel_ladder2_4 New Net Name=NetK1_U_rel_ladder9_4
Change Net Name : Old Net Name=NetK1_U_rel_ladder2_6 New Net Name=NetK1_U_rel_ladder9_6
Change Net Name : Old Net Name=NetK1_U_rel_ladder2_8 New Net Name=NetK1_U_rel_ladder9_8
Change Net Name : Old Net Name=NetK1_U_rel_ladder3_4 New Net Name=NetK1_U_rel_ladder8_4
Change Net Name : Old Net Name=NetK1_U_rel_ladder3_6 New Net Name=NetK1_U_rel_ladder8_6
Change Net Name : Old Net Name=NetK1_U_rel_ladder3_8 New Net Name=NetK1_U_rel_ladder8_8
Change Net Name : Old Net Name=NetK1_U_rel_ladder4_4 New Net Name=NetK1_U_rel_ladder7_4
Change Net Name : Old Net Name=NetK1_U_rel_ladder4_6 New Net Name=NetK1_U_rel_ladder7_6
Change Net Name : Old Net Name=NetK1_U_rel_ladder4_8 New Net Name=NetK1_U_rel_ladder7_8
Change Net Name : Old Net Name=NetK1_U_rel_ladder5_4 New Net Name=NetK1_U_rel_ladder6_4
Change Net Name : Old Net Name=NetK1_U_rel_ladder5_6 New Net Name=NetK1_U_rel_ladder6_6
Change Net Name : Old Net Name=NetK1_U_rel_ladder5_8 New Net Name=NetK1_U_rel_ladder6_8
Change Net Name : Old Net Name=NetK1_U_rel_ladder9_4 New Net Name=NetK1_U_rel_ladder2_4
Change Net Name : Old Net Name=NetK1_U_rel_ladder9_6 New Net Name=NetK1_U_rel_ladder2_6
Change Net Name : Old Net Name=NetK1_U_rel_ladder9_8 New Net Name=NetK1_U_rel_ladder2_8
Change Net Name : Old Net Name=NetK2_U_rel_ladder1_4 New Net Name=NetK2_U_rel_ladder10_4
Change Net Name : Old Net Name=NetK2_U_rel_ladder1_6 New Net Name=NetK2_U_rel_ladder10_6
Change Net Name : Old Net Name=NetK2_U_rel_ladder1_8 New Net Name=NetK2_U_rel_ladder10_8
Change Net Name : Old Net Name=NetK2_U_rel_ladder2_4 New Net Name=NetK2_U_rel_ladder9_4
Change Net Name : Old Net Name=NetK2_U_rel_ladder2_6 New Net Name=NetK2_U_rel_ladder9_6
Change Net Name : Old Net Name=NetK2_U_rel_ladder2_8 New Net Name=NetK2_U_rel_ladder9_8
Change Net Name : Old Net Name=NetK2_U_rel_ladder3_4 New Net Name=NetK2_U_rel_ladder8_4
Change Net Name : Old Net Name=NetK2_U_rel_ladder3_6 New Net Name=NetK2_U_rel_ladder8_6
Change Net Name : Old Net Name=NetK2_U_rel_ladder3_8 New Net Name=NetK2_U_rel_ladder8_8
Change Net Name : Old Net Name=NetK2_U_rel_ladder4_4 New Net Name=NetK2_U_rel_ladder7_4
Change Net Name : Old Net Name=NetK2_U_rel_ladder4_6 New Net Name=NetK2_U_rel_ladder7_6
Change Net Name : Old Net Name=NetK2_U_rel_ladder4_8 New Net Name=NetK2_U_rel_ladder7_8
Change Net Name : Old Net Name=NetK2_U_rel_ladder5_4 New Net Name=NetK2_U_rel_ladder6_4
Change Net Name : Old Net Name=NetK2_U_rel_ladder5_6 New Net Name=NetK2_U_rel_ladder6_6
Change Net Name : Old Net Name=NetK2_U_rel_ladder5_8 New Net Name=NetK2_U_rel_ladder6_8
Change Net Name : Old Net Name=NetK2_U_rel_ladder9_4 New Net Name=NetK2_U_rel_ladder2_4
Change Net Name : Old Net Name=NetK2_U_rel_ladder9_6 New Net Name=NetK2_U_rel_ladder2_6
Change Net Name : Old Net Name=NetK2_U_rel_ladder9_8 New Net Name=NetK2_U_rel_ladder2_8
Change Net Name : Old Net Name=NetK3_U_rel_ladder1_4 New Net Name=NetK3_U_rel_ladder10_4
Change Net Name : Old Net Name=NetK3_U_rel_ladder1_6 New Net Name=NetK3_U_rel_ladder10_6
Change Net Name : Old Net Name=NetK3_U_rel_ladder1_8 New Net Name=NetK3_U_rel_ladder10_8
Change Net Name : Old Net Name=NetK3_U_rel_ladder2_4 New Net Name=NetK3_U_rel_ladder9_4
Change Net Name : Old Net Name=NetK3_U_rel_ladder2_6 New Net Name=NetK3_U_rel_ladder9_6
Change Net Name : Old Net Name=NetK3_U_rel_ladder2_8 New Net Name=NetK3_U_rel_ladder9_8
Change Net Name : Old Net Name=NetK3_U_rel_ladder3_4 New Net Name=NetK3_U_rel_ladder8_4
Change Net Name : Old Net Name=NetK3_U_rel_ladder3_6 New Net Name=NetK3_U_rel_ladder8_6
Change Net Name : Old Net Name=NetK3_U_rel_ladder3_8 New Net Name=NetK3_U_rel_ladder8_8
Change Net Name : Old Net Name=NetK3_U_rel_ladder4_4 New Net Name=NetK3_U_rel_ladder7_4
Change Net Name : Old Net Name=NetK3_U_rel_ladder4_6 New Net Name=NetK3_U_rel_ladder7_6
Change Net Name : Old Net Name=NetK3_U_rel_ladder4_8 New Net Name=NetK3_U_rel_ladder7_8
Change Net Name : Old Net Name=NetK3_U_rel_ladder5_4 New Net Name=NetK3_U_rel_ladder6_4
Change Net Name : Old Net Name=NetK3_U_rel_ladder5_6 New Net Name=NetK3_U_rel_ladder6_6
Change Net Name : Old Net Name=NetK3_U_rel_ladder5_8 New Net Name=NetK3_U_rel_ladder6_8
Change Net Name : Old Net Name=NetK3_U_rel_ladder9_4 New Net Name=NetK3_U_rel_ladder2_4
Change Net Name : Old Net Name=NetK3_U_rel_ladder9_6 New Net Name=NetK3_U_rel_ladder2_6
Change Net Name : Old Net Name=NetK3_U_rel_ladder9_8 New Net Name=NetK3_U_rel_ladder2_8
Change Net Name : Old Net Name=NetK4_U_rel_ladder1_4 New Net Name=NetK4_U_rel_ladder10_4
Change Net Name : Old Net Name=NetK4_U_rel_ladder1_6 New Net Name=NetK4_U_rel_ladder10_6
Change Net Name : Old Net Name=NetK4_U_rel_ladder1_8 New Net Name=NetK4_U_rel_ladder10_8
Change Net Name : Old Net Name=NetK4_U_rel_ladder2_4 New Net Name=NetK4_U_rel_ladder9_4
Change Net Name : Old Net Name=NetK4_U_rel_ladder2_6 New Net Name=NetK4_U_rel_ladder9_6
Change Net Name : Old Net Name=NetK4_U_rel_ladder2_8 New Net Name=NetK4_U_rel_ladder9_8
Change Net Name : Old Net Name=NetK4_U_rel_ladder3_4 New Net Name=NetK4_U_rel_ladder8_4
Change Net Name : Old Net Name=NetK4_U_rel_ladder3_6 New Net Name=NetK4_U_rel_ladder8_6
Change Net Name : Old Net Name=NetK4_U_rel_ladder3_8 New Net Name=NetK4_U_rel_ladder8_8
Change Net Name : Old Net Name=NetK4_U_rel_ladder4_4 New Net Name=NetK4_U_rel_ladder7_4
Change Net Name : Old Net Name=NetK4_U_rel_ladder4_6 New Net Name=NetK4_U_rel_ladder7_6
Change Net Name : Old Net Name=NetK4_U_rel_ladder4_8 New Net Name=NetK4_U_rel_ladder7_8
Change Net Name : Old Net Name=NetK4_U_rel_ladder5_4 New Net Name=NetK4_U_rel_ladder6_4
Change Net Name : Old Net Name=NetK4_U_rel_ladder5_6 New Net Name=NetK4_U_rel_ladder6_6
Change Net Name : Old Net Name=NetK4_U_rel_ladder5_8 New Net Name=NetK4_U_rel_ladder6_8
Change Net Name : Old Net Name=NetK4_U_rel_ladder9_4 New Net Name=NetK4_U_rel_ladder2_4
Change Net Name : Old Net Name=NetK4_U_rel_ladder9_6 New Net Name=NetK4_U_rel_ladder2_6
Change Net Name : Old Net Name=NetK4_U_rel_ladder9_8 New Net Name=NetK4_U_rel_ladder2_8
Change Net Name : Old Net Name=NetK5_U_rel_ladder1_4 New Net Name=NetK5_U_rel_ladder10_4
Change Net Name : Old Net Name=NetK5_U_rel_ladder1_6 New Net Name=NetK5_U_rel_ladder10_6
Change Net Name : Old Net Name=NetK5_U_rel_ladder1_8 New Net Name=NetK5_U_rel_ladder10_8
Change Net Name : Old Net Name=NetK5_U_rel_ladder2_4 New Net Name=NetK5_U_rel_ladder9_4
Change Net Name : Old Net Name=NetK5_U_rel_ladder2_6 New Net Name=NetK5_U_rel_ladder9_6
Change Net Name : Old Net Name=NetK5_U_rel_ladder2_8 New Net Name=NetK5_U_rel_ladder9_8
Change Net Name : Old Net Name=NetK5_U_rel_ladder3_4 New Net Name=NetK5_U_rel_ladder8_4
Change Net Name : Old Net Name=NetK5_U_rel_ladder3_6 New Net Name=NetK5_U_rel_ladder8_6
Change Net Name : Old Net Name=NetK5_U_rel_ladder3_8 New Net Name=NetK5_U_rel_ladder8_8
Change Net Name : Old Net Name=NetK5_U_rel_ladder4_4 New Net Name=NetK5_U_rel_ladder7_4
Change Net Name : Old Net Name=NetK5_U_rel_ladder4_6 New Net Name=NetK5_U_rel_ladder7_6
Change Net Name : Old Net Name=NetK5_U_rel_ladder4_8 New Net Name=NetK5_U_rel_ladder7_8
Change Net Name : Old Net Name=NetK5_U_rel_ladder5_4 New Net Name=NetK5_U_rel_ladder6_4
Change Net Name : Old Net Name=NetK5_U_rel_ladder5_6 New Net Name=NetK5_U_rel_ladder6_6
Change Net Name : Old Net Name=NetK5_U_rel_ladder5_8 New Net Name=NetK5_U_rel_ladder6_8
Change Net Name : Old Net Name=NetK5_U_rel_ladder9_4 New Net Name=NetK5_U_rel_ladder2_4
Change Net Name : Old Net Name=NetK5_U_rel_ladder9_6 New Net Name=NetK5_U_rel_ladder2_6
Change Net Name : Old Net Name=NetK5_U_rel_ladder9_8 New Net Name=NetK5_U_rel_ladder2_8
Change Net Name : Old Net Name=NetK6_U_rel_ladder1_4 New Net Name=NetK6_U_rel_ladder10_4
Change Net Name : Old Net Name=NetK6_U_rel_ladder1_6 New Net Name=NetK6_U_rel_ladder10_6
Change Net Name : Old Net Name=NetK6_U_rel_ladder1_8 New Net Name=NetK6_U_rel_ladder10_8
Change Net Name : Old Net Name=NetK6_U_rel_ladder2_4 New Net Name=NetK6_U_rel_ladder9_4
Change Net Name : Old Net Name=NetK6_U_rel_ladder2_6 New Net Name=NetK6_U_rel_ladder9_6
Change Net Name : Old Net Name=NetK6_U_rel_ladder2_8 New Net Name=NetK6_U_rel_ladder9_8
Change Net Name : Old Net Name=NetK6_U_rel_ladder3_4 New Net Name=NetK6_U_rel_ladder8_4
Change Net Name : Old Net Name=NetK6_U_rel_ladder3_6 New Net Name=NetK6_U_rel_ladder8_6
Change Net Name : Old Net Name=NetK6_U_rel_ladder3_8 New Net Name=NetK6_U_rel_ladder8_8
Change Net Name : Old Net Name=NetK6_U_rel_ladder4_4 New Net Name=NetK6_U_rel_ladder7_4
Change Net Name : Old Net Name=NetK6_U_rel_ladder4_6 New Net Name=NetK6_U_rel_ladder7_6
Change Net Name : Old Net Name=NetK6_U_rel_ladder4_8 New Net Name=NetK6_U_rel_ladder7_8
Change Net Name : Old Net Name=NetK6_U_rel_ladder5_4 New Net Name=NetK6_U_rel_ladder6_4
Change Net Name : Old Net Name=NetK6_U_rel_ladder5_6 New Net Name=NetK6_U_rel_ladder6_6
Change Net Name : Old Net Name=NetK6_U_rel_ladder5_8 New Net Name=NetK6_U_rel_ladder6_8
Change Net Name : Old Net Name=NetK6_U_rel_ladder9_4 New Net Name=NetK6_U_rel_ladder2_4
Change Net Name : Old Net Name=NetK6_U_rel_ladder9_6 New Net Name=NetK6_U_rel_ladder2_6
Change Net Name : Old Net Name=NetK6_U_rel_ladder9_8 New Net Name=NetK6_U_rel_ladder2_8
Change Net Name : Old Net Name=NetK7_U_rel_ladder1_4 New Net Name=NetK7_U_rel_ladder10_4
Change Net Name : Old Net Name=NetK7_U_rel_ladder1_6 New Net Name=NetK7_U_rel_ladder10_6
Change Net Name : Old Net Name=NetK7_U_rel_ladder1_8 New Net Name=NetK7_U_rel_ladder10_8
Change Net Name : Old Net Name=NetK7_U_rel_ladder2_4 New Net Name=NetK7_U_rel_ladder9_4
Change Net Name : Old Net Name=NetK7_U_rel_ladder2_6 New Net Name=NetK7_U_rel_ladder9_6
Change Net Name : Old Net Name=NetK7_U_rel_ladder2_8 New Net Name=NetK7_U_rel_ladder9_8
Change Net Name : Old Net Name=NetK7_U_rel_ladder3_4 New Net Name=NetK7_U_rel_ladder8_4
Change Net Name : Old Net Name=NetK7_U_rel_ladder3_6 New Net Name=NetK7_U_rel_ladder8_6
Change Net Name : Old Net Name=NetK7_U_rel_ladder3_8 New Net Name=NetK7_U_rel_ladder8_8
Change Net Name : Old Net Name=NetK7_U_rel_ladder4_4 New Net Name=NetK7_U_rel_ladder7_4
Change Net Name : Old Net Name=NetK7_U_rel_ladder4_6 New Net Name=NetK7_U_rel_ladder7_6
Change Net Name : Old Net Name=NetK7_U_rel_ladder4_8 New Net Name=NetK7_U_rel_ladder7_8
Change Net Name : Old Net Name=NetK7_U_rel_ladder5_4 New Net Name=NetK7_U_rel_ladder6_4
Change Net Name : Old Net Name=NetK7_U_rel_ladder5_6 New Net Name=NetK7_U_rel_ladder6_6
Change Net Name : Old Net Name=NetK7_U_rel_ladder5_8 New Net Name=NetK7_U_rel_ladder6_8
Change Net Name : Old Net Name=NetK7_U_rel_ladder9_4 New Net Name=NetK7_U_rel_ladder2_4
Change Net Name : Old Net Name=NetK7_U_rel_ladder9_6 New Net Name=NetK7_U_rel_ladder2_6
Change Net Name : Old Net Name=NetK7_U_rel_ladder9_8 New Net Name=NetK7_U_rel_ladder2_8
Change Net Name : Old Net Name=NetK8_U_rel_ladder1_8 New Net Name=NetK8_U_rel_ladder10_8
Change Net Name : Old Net Name=NetK8_U_rel_ladder2_8 New Net Name=NetK8_U_rel_ladder9_8
Change Net Name : Old Net Name=NetK8_U_rel_ladder3_8 New Net Name=NetK8_U_rel_ladder8_8
Change Net Name : Old Net Name=NetK8_U_rel_ladder4_8 New Net Name=NetK8_U_rel_ladder7_8
Change Net Name : Old Net Name=NetK8_U_rel_ladder5_8 New Net Name=NetK8_U_rel_ladder6_8
Change Net Name : Old Net Name=NetK8_U_rel_ladder9_8 New Net Name=NetK8_U_rel_ladder2_8
Added Pin To Net: NetName=GPIO0_0 Pin=MCP4-25
Added Net: Name=GPIO0_0
Added Pin To Net: NetName=GPIO0_1 Pin=MCP4-26
Added Net: Name=GPIO0_1
Added Pin To Net: NetName=GPIO0_2 Pin=MCP4-27
Added Net: Name=GPIO0_2
Added Pin To Net: NetName=GPIO0_3 Pin=MCP4-28
Added Net: Name=GPIO0_3
Added Pin To Net: NetName=GPIO0_4 Pin=MCP4-1
Added Net: Name=GPIO0_4
Added Pin To Net: NetName=GPIO0_5 Pin=MCP4-2
Added Net: Name=GPIO0_5
Added Pin To Net: NetName=GPIO0_6 Pin=MCP4-3
Added Net: Name=GPIO0_6
Added Pin To Net: NetName=GPIO0_7 Pin=MCP4-4
Added Net: Name=GPIO0_7
Added Pin To Net: NetName=NetK1_U_rel_ladder1_4 Pin=K1_U_rel_ladder1-4
Added Pin To Net: NetName=NetK1_U_rel_ladder1_4 Pin=K2_U_rel_ladder1-3
Added Pin To Net: NetName=NetK1_U_rel_ladder1_4 Pin=R14_U_rel_ladder1-2
Added Pin To Net: NetName=NetK1_U_rel_ladder1_4 Pin=R16_U_rel_ladder1-1
Added Net: Name=NetK1_U_rel_ladder1_4
Added Pin To Net: NetName=NetK1_U_rel_ladder1_6 Pin=K1_U_rel_ladder1-6
Added Pin To Net: NetName=NetK1_U_rel_ladder1_6 Pin=K2_U_rel_ladder1-7
Added Pin To Net: NetName=NetK1_U_rel_ladder1_6 Pin=R13_U_rel_ladder1-2
Added Pin To Net: NetName=NetK1_U_rel_ladder1_6 Pin=R15_U_rel_ladder1-1
Added Net: Name=NetK1_U_rel_ladder1_6
Added Pin To Net: NetName=NetK1_U_rel_ladder1_8 Pin=K1_U_rel_ladder1-8
Added Pin To Net: NetName=NetK1_U_rel_ladder1_8 Pin=ULN12-17
Added Net: Name=NetK1_U_rel_ladder1_8
Added Pin To Net: NetName=NetK1_U_rel_ladder3_4 Pin=K1_U_rel_ladder3-4
Added Pin To Net: NetName=NetK1_U_rel_ladder3_4 Pin=K2_U_rel_ladder3-3
Added Pin To Net: NetName=NetK1_U_rel_ladder3_4 Pin=R14_U_rel_ladder3-2
Added Pin To Net: NetName=NetK1_U_rel_ladder3_4 Pin=R16_U_rel_ladder3-1
Added Net: Name=NetK1_U_rel_ladder3_4
Added Pin To Net: NetName=NetK1_U_rel_ladder3_6 Pin=K1_U_rel_ladder3-6
Added Pin To Net: NetName=NetK1_U_rel_ladder3_6 Pin=K2_U_rel_ladder3-7
Added Pin To Net: NetName=NetK1_U_rel_ladder3_6 Pin=R13_U_rel_ladder3-2
Added Pin To Net: NetName=NetK1_U_rel_ladder3_6 Pin=R15_U_rel_ladder3-1
Added Net: Name=NetK1_U_rel_ladder3_6
Added Pin To Net: NetName=NetK1_U_rel_ladder3_8 Pin=K1_U_rel_ladder3-8
Added Pin To Net: NetName=NetK1_U_rel_ladder3_8 Pin=ULN10-17
Added Net: Name=NetK1_U_rel_ladder3_8
Added Pin To Net: NetName=NetK1_U_rel_ladder4_4 Pin=K1_U_rel_ladder4-4
Added Pin To Net: NetName=NetK1_U_rel_ladder4_4 Pin=K2_U_rel_ladder4-3
Added Pin To Net: NetName=NetK1_U_rel_ladder4_4 Pin=R14_U_rel_ladder4-2
Added Pin To Net: NetName=NetK1_U_rel_ladder4_4 Pin=R16_U_rel_ladder4-1
Added Net: Name=NetK1_U_rel_ladder4_4
Added Pin To Net: NetName=NetK1_U_rel_ladder4_6 Pin=K1_U_rel_ladder4-6
Added Pin To Net: NetName=NetK1_U_rel_ladder4_6 Pin=K2_U_rel_ladder4-7
Added Pin To Net: NetName=NetK1_U_rel_ladder4_6 Pin=R13_U_rel_ladder4-2
Added Pin To Net: NetName=NetK1_U_rel_ladder4_6 Pin=R15_U_rel_ladder4-1
Added Net: Name=NetK1_U_rel_ladder4_6
Added Pin To Net: NetName=NetK1_U_rel_ladder4_8 Pin=K1_U_rel_ladder4-8
Added Pin To Net: NetName=NetK1_U_rel_ladder4_8 Pin=ULN9-17
Added Net: Name=NetK1_U_rel_ladder4_8
Added Pin To Net: NetName=NetK1_U_rel_ladder5_4 Pin=K1_U_rel_ladder5-4
Added Pin To Net: NetName=NetK1_U_rel_ladder5_4 Pin=K2_U_rel_ladder5-3
Added Pin To Net: NetName=NetK1_U_rel_ladder5_4 Pin=R14_U_rel_ladder5-2
Added Pin To Net: NetName=NetK1_U_rel_ladder5_4 Pin=R16_U_rel_ladder5-1
Added Net: Name=NetK1_U_rel_ladder5_4
Added Pin To Net: NetName=NetK1_U_rel_ladder5_6 Pin=K1_U_rel_ladder5-6
Added Pin To Net: NetName=NetK1_U_rel_ladder5_6 Pin=K2_U_rel_ladder5-7
Added Pin To Net: NetName=NetK1_U_rel_ladder5_6 Pin=R13_U_rel_ladder5-2
Added Pin To Net: NetName=NetK1_U_rel_ladder5_6 Pin=R15_U_rel_ladder5-1
Added Net: Name=NetK1_U_rel_ladder5_6
Added Pin To Net: NetName=NetK1_U_rel_ladder5_8 Pin=K1_U_rel_ladder5-8
Added Pin To Net: NetName=NetK1_U_rel_ladder5_8 Pin=ULN8-17
Added Net: Name=NetK1_U_rel_ladder5_8
Added Pin To Net: NetName=NetK2_U_rel_ladder1_4 Pin=K2_U_rel_ladder1-4
Added Pin To Net: NetName=NetK2_U_rel_ladder1_4 Pin=K3_U_rel_ladder1-3
Added Pin To Net: NetName=NetK2_U_rel_ladder1_4 Pin=R12_U_rel_ladder1-2
Added Pin To Net: NetName=NetK2_U_rel_ladder1_4 Pin=R14_U_rel_ladder1-1
Added Net: Name=NetK2_U_rel_ladder1_4
Added Pin To Net: NetName=NetK2_U_rel_ladder1_6 Pin=K2_U_rel_ladder1-6
Added Pin To Net: NetName=NetK2_U_rel_ladder1_6 Pin=K3_U_rel_ladder1-7
Added Pin To Net: NetName=NetK2_U_rel_ladder1_6 Pin=R11_U_rel_ladder1-2
Added Pin To Net: NetName=NetK2_U_rel_ladder1_6 Pin=R13_U_rel_ladder1-1
Added Net: Name=NetK2_U_rel_ladder1_6
Added Pin To Net: NetName=NetK2_U_rel_ladder1_8 Pin=K2_U_rel_ladder1-8
Added Pin To Net: NetName=NetK2_U_rel_ladder1_8 Pin=ULN12-16
Added Net: Name=NetK2_U_rel_ladder1_8
Added Pin To Net: NetName=NetK2_U_rel_ladder3_4 Pin=K2_U_rel_ladder3-4
Added Pin To Net: NetName=NetK2_U_rel_ladder3_4 Pin=K3_U_rel_ladder3-3
Added Pin To Net: NetName=NetK2_U_rel_ladder3_4 Pin=R12_U_rel_ladder3-2
Added Pin To Net: NetName=NetK2_U_rel_ladder3_4 Pin=R14_U_rel_ladder3-1
Added Net: Name=NetK2_U_rel_ladder3_4
Added Pin To Net: NetName=NetK2_U_rel_ladder3_6 Pin=K2_U_rel_ladder3-6
Added Pin To Net: NetName=NetK2_U_rel_ladder3_6 Pin=K3_U_rel_ladder3-7
Added Pin To Net: NetName=NetK2_U_rel_ladder3_6 Pin=R11_U_rel_ladder3-2
Added Pin To Net: NetName=NetK2_U_rel_ladder3_6 Pin=R13_U_rel_ladder3-1
Added Net: Name=NetK2_U_rel_ladder3_6
Added Pin To Net: NetName=NetK2_U_rel_ladder3_8 Pin=K2_U_rel_ladder3-8
Added Pin To Net: NetName=NetK2_U_rel_ladder3_8 Pin=ULN10-16
Added Net: Name=NetK2_U_rel_ladder3_8
Added Pin To Net: NetName=NetK2_U_rel_ladder4_4 Pin=K2_U_rel_ladder4-4
Added Pin To Net: NetName=NetK2_U_rel_ladder4_4 Pin=K3_U_rel_ladder4-3
Added Pin To Net: NetName=NetK2_U_rel_ladder4_4 Pin=R12_U_rel_ladder4-2
Added Pin To Net: NetName=NetK2_U_rel_ladder4_4 Pin=R14_U_rel_ladder4-1
Added Net: Name=NetK2_U_rel_ladder4_4
Added Pin To Net: NetName=NetK2_U_rel_ladder4_6 Pin=K2_U_rel_ladder4-6
Added Pin To Net: NetName=NetK2_U_rel_ladder4_6 Pin=K3_U_rel_ladder4-7
Added Pin To Net: NetName=NetK2_U_rel_ladder4_6 Pin=R11_U_rel_ladder4-2
Added Pin To Net: NetName=NetK2_U_rel_ladder4_6 Pin=R13_U_rel_ladder4-1
Added Net: Name=NetK2_U_rel_ladder4_6
Added Pin To Net: NetName=NetK2_U_rel_ladder4_8 Pin=K2_U_rel_ladder4-8
Added Pin To Net: NetName=NetK2_U_rel_ladder4_8 Pin=ULN9-16
Added Net: Name=NetK2_U_rel_ladder4_8
Added Pin To Net: NetName=NetK2_U_rel_ladder5_4 Pin=K2_U_rel_ladder5-4
Added Pin To Net: NetName=NetK2_U_rel_ladder5_4 Pin=K3_U_rel_ladder5-3
Added Pin To Net: NetName=NetK2_U_rel_ladder5_4 Pin=R12_U_rel_ladder5-2
Added Pin To Net: NetName=NetK2_U_rel_ladder5_4 Pin=R14_U_rel_ladder5-1
Added Net: Name=NetK2_U_rel_ladder5_4
Added Pin To Net: NetName=NetK2_U_rel_ladder5_6 Pin=K2_U_rel_ladder5-6
Added Pin To Net: NetName=NetK2_U_rel_ladder5_6 Pin=K3_U_rel_ladder5-7
Added Pin To Net: NetName=NetK2_U_rel_ladder5_6 Pin=R11_U_rel_ladder5-2
Added Pin To Net: NetName=NetK2_U_rel_ladder5_6 Pin=R13_U_rel_ladder5-1
Added Net: Name=NetK2_U_rel_ladder5_6
Added Pin To Net: NetName=NetK2_U_rel_ladder5_8 Pin=K2_U_rel_ladder5-8
Added Pin To Net: NetName=NetK2_U_rel_ladder5_8 Pin=ULN8-16
Added Net: Name=NetK2_U_rel_ladder5_8
Added Pin To Net: NetName=NetK3_U_rel_ladder1_4 Pin=K3_U_rel_ladder1-4
Added Pin To Net: NetName=NetK3_U_rel_ladder1_4 Pin=K4_U_rel_ladder1-3
Added Pin To Net: NetName=NetK3_U_rel_ladder1_4 Pin=R10_U_rel_ladder1-2
Added Pin To Net: NetName=NetK3_U_rel_ladder1_4 Pin=R12_U_rel_ladder1-1
Added Net: Name=NetK3_U_rel_ladder1_4
Added Pin To Net: NetName=NetK3_U_rel_ladder1_6 Pin=K3_U_rel_ladder1-6
Added Pin To Net: NetName=NetK3_U_rel_ladder1_6 Pin=K4_U_rel_ladder1-7
Added Pin To Net: NetName=NetK3_U_rel_ladder1_6 Pin=R9_U_rel_ladder1-2
Added Pin To Net: NetName=NetK3_U_rel_ladder1_6 Pin=R11_U_rel_ladder1-1
Added Net: Name=NetK3_U_rel_ladder1_6
Added Pin To Net: NetName=NetK3_U_rel_ladder1_8 Pin=K3_U_rel_ladder1-8
Added Pin To Net: NetName=NetK3_U_rel_ladder1_8 Pin=ULN12-15
Added Net: Name=NetK3_U_rel_ladder1_8
Added Pin To Net: NetName=NetK3_U_rel_ladder3_4 Pin=K3_U_rel_ladder3-4
Added Pin To Net: NetName=NetK3_U_rel_ladder3_4 Pin=K4_U_rel_ladder3-3
Added Pin To Net: NetName=NetK3_U_rel_ladder3_4 Pin=R10_U_rel_ladder3-2
Added Pin To Net: NetName=NetK3_U_rel_ladder3_4 Pin=R12_U_rel_ladder3-1
Added Net: Name=NetK3_U_rel_ladder3_4
Added Pin To Net: NetName=NetK3_U_rel_ladder3_6 Pin=K3_U_rel_ladder3-6
Added Pin To Net: NetName=NetK3_U_rel_ladder3_6 Pin=K4_U_rel_ladder3-7
Added Pin To Net: NetName=NetK3_U_rel_ladder3_6 Pin=R9_U_rel_ladder3-2
Added Pin To Net: NetName=NetK3_U_rel_ladder3_6 Pin=R11_U_rel_ladder3-1
Added Net: Name=NetK3_U_rel_ladder3_6
Added Pin To Net: NetName=NetK3_U_rel_ladder3_8 Pin=K3_U_rel_ladder3-8
Added Pin To Net: NetName=NetK3_U_rel_ladder3_8 Pin=ULN10-15
Added Net: Name=NetK3_U_rel_ladder3_8
Added Pin To Net: NetName=NetK3_U_rel_ladder4_4 Pin=K3_U_rel_ladder4-4
Added Pin To Net: NetName=NetK3_U_rel_ladder4_4 Pin=K4_U_rel_ladder4-3
Added Pin To Net: NetName=NetK3_U_rel_ladder4_4 Pin=R10_U_rel_ladder4-2
Added Pin To Net: NetName=NetK3_U_rel_ladder4_4 Pin=R12_U_rel_ladder4-1
Added Net: Name=NetK3_U_rel_ladder4_4
Added Pin To Net: NetName=NetK3_U_rel_ladder4_6 Pin=K3_U_rel_ladder4-6
Added Pin To Net: NetName=NetK3_U_rel_ladder4_6 Pin=K4_U_rel_ladder4-7
Added Pin To Net: NetName=NetK3_U_rel_ladder4_6 Pin=R9_U_rel_ladder4-2
Added Pin To Net: NetName=NetK3_U_rel_ladder4_6 Pin=R11_U_rel_ladder4-1
Added Net: Name=NetK3_U_rel_ladder4_6
Added Pin To Net: NetName=NetK3_U_rel_ladder4_8 Pin=K3_U_rel_ladder4-8
Added Pin To Net: NetName=NetK3_U_rel_ladder4_8 Pin=ULN9-15
Added Net: Name=NetK3_U_rel_ladder4_8
Added Pin To Net: NetName=NetK3_U_rel_ladder5_4 Pin=K3_U_rel_ladder5-4
Added Pin To Net: NetName=NetK3_U_rel_ladder5_4 Pin=K4_U_rel_ladder5-3
Added Pin To Net: NetName=NetK3_U_rel_ladder5_4 Pin=R10_U_rel_ladder5-2
Added Pin To Net: NetName=NetK3_U_rel_ladder5_4 Pin=R12_U_rel_ladder5-1
Added Net: Name=NetK3_U_rel_ladder5_4
Added Pin To Net: NetName=NetK3_U_rel_ladder5_6 Pin=K3_U_rel_ladder5-6
Added Pin To Net: NetName=NetK3_U_rel_ladder5_6 Pin=K4_U_rel_ladder5-7
Added Pin To Net: NetName=NetK3_U_rel_ladder5_6 Pin=R9_U_rel_ladder5-2
Added Pin To Net: NetName=NetK3_U_rel_ladder5_6 Pin=R11_U_rel_ladder5-1
Added Net: Name=NetK3_U_rel_ladder5_6
Added Pin To Net: NetName=NetK3_U_rel_ladder5_8 Pin=K3_U_rel_ladder5-8
Added Pin To Net: NetName=NetK3_U_rel_ladder5_8 Pin=ULN8-15
Added Net: Name=NetK3_U_rel_ladder5_8
Added Pin To Net: NetName=NetK4_U_rel_ladder1_4 Pin=K4_U_rel_ladder1-4
Added Pin To Net: NetName=NetK4_U_rel_ladder1_4 Pin=K5_U_rel_ladder1-3
Added Pin To Net: NetName=NetK4_U_rel_ladder1_4 Pin=R8_U_rel_ladder1-2
Added Pin To Net: NetName=NetK4_U_rel_ladder1_4 Pin=R10_U_rel_ladder1-1
Added Net: Name=NetK4_U_rel_ladder1_4
Added Pin To Net: NetName=NetK4_U_rel_ladder1_6 Pin=K4_U_rel_ladder1-6
Added Pin To Net: NetName=NetK4_U_rel_ladder1_6 Pin=K5_U_rel_ladder1-7
Added Pin To Net: NetName=NetK4_U_rel_ladder1_6 Pin=R7_U_rel_ladder1-2
Added Pin To Net: NetName=NetK4_U_rel_ladder1_6 Pin=R9_U_rel_ladder1-1
Added Net: Name=NetK4_U_rel_ladder1_6
Added Pin To Net: NetName=NetK4_U_rel_ladder1_8 Pin=K4_U_rel_ladder1-8
Added Pin To Net: NetName=NetK4_U_rel_ladder1_8 Pin=ULN12-14
Added Net: Name=NetK4_U_rel_ladder1_8
Added Pin To Net: NetName=NetK4_U_rel_ladder3_4 Pin=K4_U_rel_ladder3-4
Added Pin To Net: NetName=NetK4_U_rel_ladder3_4 Pin=K5_U_rel_ladder3-3
Added Pin To Net: NetName=NetK4_U_rel_ladder3_4 Pin=R8_U_rel_ladder3-2
Added Pin To Net: NetName=NetK4_U_rel_ladder3_4 Pin=R10_U_rel_ladder3-1
Added Net: Name=NetK4_U_rel_ladder3_4
Added Pin To Net: NetName=NetK4_U_rel_ladder3_6 Pin=K4_U_rel_ladder3-6
Added Pin To Net: NetName=NetK4_U_rel_ladder3_6 Pin=K5_U_rel_ladder3-7
Added Pin To Net: NetName=NetK4_U_rel_ladder3_6 Pin=R7_U_rel_ladder3-2
Added Pin To Net: NetName=NetK4_U_rel_ladder3_6 Pin=R9_U_rel_ladder3-1
Added Net: Name=NetK4_U_rel_ladder3_6
Added Pin To Net: NetName=NetK4_U_rel_ladder3_8 Pin=K4_U_rel_ladder3-8
Added Pin To Net: NetName=NetK4_U_rel_ladder3_8 Pin=ULN10-14
Added Net: Name=NetK4_U_rel_ladder3_8
Added Pin To Net: NetName=NetK4_U_rel_ladder4_4 Pin=K4_U_rel_ladder4-4
Added Pin To Net: NetName=NetK4_U_rel_ladder4_4 Pin=K5_U_rel_ladder4-3
Added Pin To Net: NetName=NetK4_U_rel_ladder4_4 Pin=R8_U_rel_ladder4-2
Added Pin To Net: NetName=NetK4_U_rel_ladder4_4 Pin=R10_U_rel_ladder4-1
Added Net: Name=NetK4_U_rel_ladder4_4
Added Pin To Net: NetName=NetK4_U_rel_ladder4_6 Pin=K4_U_rel_ladder4-6
Added Pin To Net: NetName=NetK4_U_rel_ladder4_6 Pin=K5_U_rel_ladder4-7
Added Pin To Net: NetName=NetK4_U_rel_ladder4_6 Pin=R7_U_rel_ladder4-2
Added Pin To Net: NetName=NetK4_U_rel_ladder4_6 Pin=R9_U_rel_ladder4-1
Added Net: Name=NetK4_U_rel_ladder4_6
Added Pin To Net: NetName=NetK4_U_rel_ladder4_8 Pin=K4_U_rel_ladder4-8
Added Pin To Net: NetName=NetK4_U_rel_ladder4_8 Pin=ULN9-14
Added Net: Name=NetK4_U_rel_ladder4_8
Added Pin To Net: NetName=NetK4_U_rel_ladder5_4 Pin=K4_U_rel_ladder5-4
Added Pin To Net: NetName=NetK4_U_rel_ladder5_4 Pin=K5_U_rel_ladder5-3
Added Pin To Net: NetName=NetK4_U_rel_ladder5_4 Pin=R8_U_rel_ladder5-2
Added Pin To Net: NetName=NetK4_U_rel_ladder5_4 Pin=R10_U_rel_ladder5-1
Added Net: Name=NetK4_U_rel_ladder5_4
Added Pin To Net: NetName=NetK4_U_rel_ladder5_6 Pin=K4_U_rel_ladder5-6
Added Pin To Net: NetName=NetK4_U_rel_ladder5_6 Pin=K5_U_rel_ladder5-7
Added Pin To Net: NetName=NetK4_U_rel_ladder5_6 Pin=R7_U_rel_ladder5-2
Added Pin To Net: NetName=NetK4_U_rel_ladder5_6 Pin=R9_U_rel_ladder5-1
Added Net: Name=NetK4_U_rel_ladder5_6
Added Pin To Net: NetName=NetK4_U_rel_ladder5_8 Pin=K4_U_rel_ladder5-8
Added Pin To Net: NetName=NetK4_U_rel_ladder5_8 Pin=ULN8-14
Added Net: Name=NetK4_U_rel_ladder5_8
Added Pin To Net: NetName=NetK5_U_rel_ladder1_4 Pin=K5_U_rel_ladder1-4
Added Pin To Net: NetName=NetK5_U_rel_ladder1_4 Pin=K6_U_rel_ladder1-3
Added Pin To Net: NetName=NetK5_U_rel_ladder1_4 Pin=R6_U_rel_ladder1-2
Added Pin To Net: NetName=NetK5_U_rel_ladder1_4 Pin=R8_U_rel_ladder1-1
Added Net: Name=NetK5_U_rel_ladder1_4
Added Pin To Net: NetName=NetK5_U_rel_ladder1_6 Pin=K5_U_rel_ladder1-6
Added Pin To Net: NetName=NetK5_U_rel_ladder1_6 Pin=K6_U_rel_ladder1-7
Added Pin To Net: NetName=NetK5_U_rel_ladder1_6 Pin=R5_U_rel_ladder1-2
Added Pin To Net: NetName=NetK5_U_rel_ladder1_6 Pin=R7_U_rel_ladder1-1
Added Net: Name=NetK5_U_rel_ladder1_6
Added Pin To Net: NetName=NetK5_U_rel_ladder1_8 Pin=K5_U_rel_ladder1-8
Added Pin To Net: NetName=NetK5_U_rel_ladder1_8 Pin=ULN12-13
Added Net: Name=NetK5_U_rel_ladder1_8
Added Pin To Net: NetName=NetK5_U_rel_ladder3_4 Pin=K5_U_rel_ladder3-4
Added Pin To Net: NetName=NetK5_U_rel_ladder3_4 Pin=K6_U_rel_ladder3-3
Added Pin To Net: NetName=NetK5_U_rel_ladder3_4 Pin=R6_U_rel_ladder3-2
Added Pin To Net: NetName=NetK5_U_rel_ladder3_4 Pin=R8_U_rel_ladder3-1
Added Net: Name=NetK5_U_rel_ladder3_4
Added Pin To Net: NetName=NetK5_U_rel_ladder3_6 Pin=K5_U_rel_ladder3-6
Added Pin To Net: NetName=NetK5_U_rel_ladder3_6 Pin=K6_U_rel_ladder3-7
Added Pin To Net: NetName=NetK5_U_rel_ladder3_6 Pin=R5_U_rel_ladder3-2
Added Pin To Net: NetName=NetK5_U_rel_ladder3_6 Pin=R7_U_rel_ladder3-1
Added Net: Name=NetK5_U_rel_ladder3_6
Added Pin To Net: NetName=NetK5_U_rel_ladder3_8 Pin=K5_U_rel_ladder3-8
Added Pin To Net: NetName=NetK5_U_rel_ladder3_8 Pin=ULN10-13
Added Net: Name=NetK5_U_rel_ladder3_8
Added Pin To Net: NetName=NetK5_U_rel_ladder4_4 Pin=K5_U_rel_ladder4-4
Added Pin To Net: NetName=NetK5_U_rel_ladder4_4 Pin=K6_U_rel_ladder4-3
Added Pin To Net: NetName=NetK5_U_rel_ladder4_4 Pin=R6_U_rel_ladder4-2
Added Pin To Net: NetName=NetK5_U_rel_ladder4_4 Pin=R8_U_rel_ladder4-1
Added Net: Name=NetK5_U_rel_ladder4_4
Added Pin To Net: NetName=NetK5_U_rel_ladder4_6 Pin=K5_U_rel_ladder4-6
Added Pin To Net: NetName=NetK5_U_rel_ladder4_6 Pin=K6_U_rel_ladder4-7
Added Pin To Net: NetName=NetK5_U_rel_ladder4_6 Pin=R5_U_rel_ladder4-2
Added Pin To Net: NetName=NetK5_U_rel_ladder4_6 Pin=R7_U_rel_ladder4-1
Added Net: Name=NetK5_U_rel_ladder4_6
Added Pin To Net: NetName=NetK5_U_rel_ladder4_8 Pin=K5_U_rel_ladder4-8
Added Pin To Net: NetName=NetK5_U_rel_ladder4_8 Pin=ULN9-13
Added Net: Name=NetK5_U_rel_ladder4_8
Added Pin To Net: NetName=NetK5_U_rel_ladder5_4 Pin=K5_U_rel_ladder5-4
Added Pin To Net: NetName=NetK5_U_rel_ladder5_4 Pin=K6_U_rel_ladder5-3
Added Pin To Net: NetName=NetK5_U_rel_ladder5_4 Pin=R6_U_rel_ladder5-2
Added Pin To Net: NetName=NetK5_U_rel_ladder5_4 Pin=R8_U_rel_ladder5-1
Added Net: Name=NetK5_U_rel_ladder5_4
Added Pin To Net: NetName=NetK5_U_rel_ladder5_6 Pin=K5_U_rel_ladder5-6
Added Pin To Net: NetName=NetK5_U_rel_ladder5_6 Pin=K6_U_rel_ladder5-7
Added Pin To Net: NetName=NetK5_U_rel_ladder5_6 Pin=R5_U_rel_ladder5-2
Added Pin To Net: NetName=NetK5_U_rel_ladder5_6 Pin=R7_U_rel_ladder5-1
Added Net: Name=NetK5_U_rel_ladder5_6
Added Pin To Net: NetName=NetK5_U_rel_ladder5_8 Pin=K5_U_rel_ladder5-8
Added Pin To Net: NetName=NetK5_U_rel_ladder5_8 Pin=ULN8-13
Added Net: Name=NetK5_U_rel_ladder5_8
Added Pin To Net: NetName=NetK6_U_rel_ladder1_4 Pin=K6_U_rel_ladder1-4
Added Pin To Net: NetName=NetK6_U_rel_ladder1_4 Pin=K7_U_rel_ladder1-3
Added Pin To Net: NetName=NetK6_U_rel_ladder1_4 Pin=R4_U_rel_ladder1-2
Added Pin To Net: NetName=NetK6_U_rel_ladder1_4 Pin=R6_U_rel_ladder1-1
Added Net: Name=NetK6_U_rel_ladder1_4
Added Pin To Net: NetName=NetK6_U_rel_ladder1_6 Pin=K6_U_rel_ladder1-6
Added Pin To Net: NetName=NetK6_U_rel_ladder1_6 Pin=K7_U_rel_ladder1-7
Added Pin To Net: NetName=NetK6_U_rel_ladder1_6 Pin=R3_U_rel_ladder1-2
Added Pin To Net: NetName=NetK6_U_rel_ladder1_6 Pin=R5_U_rel_ladder1-1
Added Net: Name=NetK6_U_rel_ladder1_6
Added Pin To Net: NetName=NetK6_U_rel_ladder1_8 Pin=K6_U_rel_ladder1-8
Added Pin To Net: NetName=NetK6_U_rel_ladder1_8 Pin=ULN12-12
Added Net: Name=NetK6_U_rel_ladder1_8
Added Pin To Net: NetName=NetK6_U_rel_ladder3_4 Pin=K6_U_rel_ladder3-4
Added Pin To Net: NetName=NetK6_U_rel_ladder3_4 Pin=K7_U_rel_ladder3-3
Added Pin To Net: NetName=NetK6_U_rel_ladder3_4 Pin=R4_U_rel_ladder3-2
Added Pin To Net: NetName=NetK6_U_rel_ladder3_4 Pin=R6_U_rel_ladder3-1
Added Net: Name=NetK6_U_rel_ladder3_4
Added Pin To Net: NetName=NetK6_U_rel_ladder3_6 Pin=K6_U_rel_ladder3-6
Added Pin To Net: NetName=NetK6_U_rel_ladder3_6 Pin=K7_U_rel_ladder3-7
Added Pin To Net: NetName=NetK6_U_rel_ladder3_6 Pin=R3_U_rel_ladder3-2
Added Pin To Net: NetName=NetK6_U_rel_ladder3_6 Pin=R5_U_rel_ladder3-1
Added Net: Name=NetK6_U_rel_ladder3_6
Added Pin To Net: NetName=NetK6_U_rel_ladder3_8 Pin=K6_U_rel_ladder3-8
Added Pin To Net: NetName=NetK6_U_rel_ladder3_8 Pin=ULN10-12
Added Net: Name=NetK6_U_rel_ladder3_8
Added Pin To Net: NetName=NetK6_U_rel_ladder4_4 Pin=K6_U_rel_ladder4-4
Added Pin To Net: NetName=NetK6_U_rel_ladder4_4 Pin=K7_U_rel_ladder4-3
Added Pin To Net: NetName=NetK6_U_rel_ladder4_4 Pin=R4_U_rel_ladder4-2
Added Pin To Net: NetName=NetK6_U_rel_ladder4_4 Pin=R6_U_rel_ladder4-1
Added Net: Name=NetK6_U_rel_ladder4_4
Added Pin To Net: NetName=NetK6_U_rel_ladder4_6 Pin=K6_U_rel_ladder4-6
Added Pin To Net: NetName=NetK6_U_rel_ladder4_6 Pin=K7_U_rel_ladder4-7
Added Pin To Net: NetName=NetK6_U_rel_ladder4_6 Pin=R3_U_rel_ladder4-2
Added Pin To Net: NetName=NetK6_U_rel_ladder4_6 Pin=R5_U_rel_ladder4-1
Added Net: Name=NetK6_U_rel_ladder4_6
Added Pin To Net: NetName=NetK6_U_rel_ladder4_8 Pin=K6_U_rel_ladder4-8
Added Pin To Net: NetName=NetK6_U_rel_ladder4_8 Pin=ULN9-12
Added Net: Name=NetK6_U_rel_ladder4_8
Added Pin To Net: NetName=NetK6_U_rel_ladder5_4 Pin=K6_U_rel_ladder5-4
Added Pin To Net: NetName=NetK6_U_rel_ladder5_4 Pin=K7_U_rel_ladder5-3
Added Pin To Net: NetName=NetK6_U_rel_ladder5_4 Pin=R4_U_rel_ladder5-2
Added Pin To Net: NetName=NetK6_U_rel_ladder5_4 Pin=R6_U_rel_ladder5-1
Added Net: Name=NetK6_U_rel_ladder5_4
Added Pin To Net: NetName=NetK6_U_rel_ladder5_6 Pin=K6_U_rel_ladder5-6
Added Pin To Net: NetName=NetK6_U_rel_ladder5_6 Pin=K7_U_rel_ladder5-7
Added Pin To Net: NetName=NetK6_U_rel_ladder5_6 Pin=R3_U_rel_ladder5-2
Added Pin To Net: NetName=NetK6_U_rel_ladder5_6 Pin=R5_U_rel_ladder5-1
Added Net: Name=NetK6_U_rel_ladder5_6
Added Pin To Net: NetName=NetK6_U_rel_ladder5_8 Pin=K6_U_rel_ladder5-8
Added Pin To Net: NetName=NetK6_U_rel_ladder5_8 Pin=ULN8-12
Added Net: Name=NetK6_U_rel_ladder5_8
Added Pin To Net: NetName=NetK7_U_rel_ladder1_4 Pin=K7_U_rel_ladder1-4
Added Pin To Net: NetName=NetK7_U_rel_ladder1_4 Pin=K8_U_rel_ladder1-3
Added Pin To Net: NetName=NetK7_U_rel_ladder1_4 Pin=R2_U_rel_ladder1-2
Added Pin To Net: NetName=NetK7_U_rel_ladder1_4 Pin=R4_U_rel_ladder1-1
Added Net: Name=NetK7_U_rel_ladder1_4
Added Pin To Net: NetName=NetK7_U_rel_ladder1_6 Pin=K7_U_rel_ladder1-6
Added Pin To Net: NetName=NetK7_U_rel_ladder1_6 Pin=K8_U_rel_ladder1-7
Added Pin To Net: NetName=NetK7_U_rel_ladder1_6 Pin=R1_U_rel_ladder1-2
Added Pin To Net: NetName=NetK7_U_rel_ladder1_6 Pin=R3_U_rel_ladder1-1
Added Net: Name=NetK7_U_rel_ladder1_6
Added Pin To Net: NetName=NetK7_U_rel_ladder1_8 Pin=K7_U_rel_ladder1-8
Added Pin To Net: NetName=NetK7_U_rel_ladder1_8 Pin=ULN12-11
Added Net: Name=NetK7_U_rel_ladder1_8
Added Pin To Net: NetName=NetK7_U_rel_ladder3_4 Pin=K7_U_rel_ladder3-4
Added Pin To Net: NetName=NetK7_U_rel_ladder3_4 Pin=K8_U_rel_ladder3-3
Added Pin To Net: NetName=NetK7_U_rel_ladder3_4 Pin=R2_U_rel_ladder3-2
Added Pin To Net: NetName=NetK7_U_rel_ladder3_4 Pin=R4_U_rel_ladder3-1
Added Net: Name=NetK7_U_rel_ladder3_4
Added Pin To Net: NetName=NetK7_U_rel_ladder3_6 Pin=K7_U_rel_ladder3-6
Added Pin To Net: NetName=NetK7_U_rel_ladder3_6 Pin=K8_U_rel_ladder3-7
Added Pin To Net: NetName=NetK7_U_rel_ladder3_6 Pin=R1_U_rel_ladder3-2
Added Pin To Net: NetName=NetK7_U_rel_ladder3_6 Pin=R3_U_rel_ladder3-1
Added Net: Name=NetK7_U_rel_ladder3_6
Added Pin To Net: NetName=NetK7_U_rel_ladder3_8 Pin=K7_U_rel_ladder3-8
Added Pin To Net: NetName=NetK7_U_rel_ladder3_8 Pin=ULN10-11
Added Net: Name=NetK7_U_rel_ladder3_8
Added Pin To Net: NetName=NetK7_U_rel_ladder4_4 Pin=K7_U_rel_ladder4-4
Added Pin To Net: NetName=NetK7_U_rel_ladder4_4 Pin=K8_U_rel_ladder4-3
Added Pin To Net: NetName=NetK7_U_rel_ladder4_4 Pin=R2_U_rel_ladder4-2
Added Pin To Net: NetName=NetK7_U_rel_ladder4_4 Pin=R4_U_rel_ladder4-1
Added Net: Name=NetK7_U_rel_ladder4_4
Added Pin To Net: NetName=NetK7_U_rel_ladder4_6 Pin=K7_U_rel_ladder4-6
Added Pin To Net: NetName=NetK7_U_rel_ladder4_6 Pin=K8_U_rel_ladder4-7
Added Pin To Net: NetName=NetK7_U_rel_ladder4_6 Pin=R1_U_rel_ladder4-2
Added Pin To Net: NetName=NetK7_U_rel_ladder4_6 Pin=R3_U_rel_ladder4-1
Added Net: Name=NetK7_U_rel_ladder4_6
Added Pin To Net: NetName=NetK7_U_rel_ladder4_8 Pin=K7_U_rel_ladder4-8
Added Pin To Net: NetName=NetK7_U_rel_ladder4_8 Pin=ULN9-11
Added Net: Name=NetK7_U_rel_ladder4_8
Added Pin To Net: NetName=NetK7_U_rel_ladder5_4 Pin=K7_U_rel_ladder5-4
Added Pin To Net: NetName=NetK7_U_rel_ladder5_4 Pin=K8_U_rel_ladder5-3
Added Pin To Net: NetName=NetK7_U_rel_ladder5_4 Pin=R2_U_rel_ladder5-2
Added Pin To Net: NetName=NetK7_U_rel_ladder5_4 Pin=R4_U_rel_ladder5-1
Added Net: Name=NetK7_U_rel_ladder5_4
Added Pin To Net: NetName=NetK7_U_rel_ladder5_6 Pin=K7_U_rel_ladder5-6
Added Pin To Net: NetName=NetK7_U_rel_ladder5_6 Pin=K8_U_rel_ladder5-7
Added Pin To Net: NetName=NetK7_U_rel_ladder5_6 Pin=R1_U_rel_ladder5-2
Added Pin To Net: NetName=NetK7_U_rel_ladder5_6 Pin=R3_U_rel_ladder5-1
Added Net: Name=NetK7_U_rel_ladder5_6
Added Pin To Net: NetName=NetK7_U_rel_ladder5_8 Pin=K7_U_rel_ladder5-8
Added Pin To Net: NetName=NetK7_U_rel_ladder5_8 Pin=ULN8-11
Added Net: Name=NetK7_U_rel_ladder5_8
Added Pin To Net: NetName=NetK8_U_rel_ladder1_8 Pin=K8_U_rel_ladder1-8
Added Pin To Net: NetName=NetK8_U_rel_ladder1_8 Pin=ULN12-10
Added Net: Name=NetK8_U_rel_ladder1_8
Added Pin To Net: NetName=NetK8_U_rel_ladder3_8 Pin=K8_U_rel_ladder3-8
Added Pin To Net: NetName=NetK8_U_rel_ladder3_8 Pin=ULN10-10
Added Net: Name=NetK8_U_rel_ladder3_8
Added Pin To Net: NetName=NetK8_U_rel_ladder4_8 Pin=K8_U_rel_ladder4-8
Added Pin To Net: NetName=NetK8_U_rel_ladder4_8 Pin=ULN9-10
Added Net: Name=NetK8_U_rel_ladder4_8
Added Pin To Net: NetName=NetK8_U_rel_ladder5_8 Pin=K8_U_rel_ladder5-8
Added Pin To Net: NetName=NetK8_U_rel_ladder5_8 Pin=ULN8-10
Added Net: Name=NetK8_U_rel_ladder5_8
Added Member To Class: ClassName=U_rel_ladder6 Member=Component J2_U_rel_ladder6 (J2) JMP_mini
Added Member To Class: ClassName=U_rel_ladder7 Member=Component J2_U_rel_ladder7 (J2) JMP_mini
Added Member To Class: ClassName=U_rel_ladder8 Member=Component J2_U_rel_ladder8 (J2) JMP_mini
Added Member To Class: ClassName=U_rel_ladder10 Member=Component J2_U_rel_ladder10 (J2) JMP_mini
Added Member To Class: ClassName=U_rel_ladder6 Member=Component K1_U_rel_ladder6 (K1) DPDT
Added Member To Class: ClassName=U_rel_ladder7 Member=Component K1_U_rel_ladder7 (K1) DPDT
Added Member To Class: ClassName=U_rel_ladder8 Member=Component K1_U_rel_ladder8 (K1) DPDT
Added Member To Class: ClassName=U_rel_ladder10 Member=Component K1_U_rel_ladder10 (K1) DPDT
Added Member To Class: ClassName=U_rel_ladder6 Member=Component K2_U_rel_ladder6 (K2) DPDT
Added Member To Class: ClassName=U_rel_ladder7 Member=Component K2_U_rel_ladder7 (K2) DPDT
Added Member To Class: ClassName=U_rel_ladder8 Member=Component K2_U_rel_ladder8 (K2) DPDT
Added Member To Class: ClassName=U_rel_ladder10 Member=Component K2_U_rel_ladder10 (K2) DPDT
Added Member To Class: ClassName=U_rel_ladder6 Member=Component K3_U_rel_ladder6 (K3) DPDT
Added Member To Class: ClassName=U_rel_ladder7 Member=Component K3_U_rel_ladder7 (K3) DPDT
Added Member To Class: ClassName=U_rel_ladder8 Member=Component K3_U_rel_ladder8 (K3) DPDT
Added Member To Class: ClassName=U_rel_ladder10 Member=Component K3_U_rel_ladder10 (K3) DPDT
Added Member To Class: ClassName=U_rel_ladder6 Member=Component K4_U_rel_ladder6 (K4) DPDT
Added Member To Class: ClassName=U_rel_ladder7 Member=Component K4_U_rel_ladder7 (K4) DPDT
Added Member To Class: ClassName=U_rel_ladder8 Member=Component K4_U_rel_ladder8 (K4) DPDT
Added Member To Class: ClassName=U_rel_ladder10 Member=Component K4_U_rel_ladder10 (K4) DPDT
Added Member To Class: ClassName=U_rel_ladder6 Member=Component K5_U_rel_ladder6 (K5) DPDT
Added Member To Class: ClassName=U_rel_ladder7 Member=Component K5_U_rel_ladder7 (K5) DPDT
Added Member To Class: ClassName=U_rel_ladder8 Member=Component K5_U_rel_ladder8 (K5) DPDT
Added Member To Class: ClassName=U_rel_ladder10 Member=Component K5_U_rel_ladder10 (K5) DPDT
Added Member To Class: ClassName=U_rel_ladder6 Member=Component K6_U_rel_ladder6 (K6) DPDT
Added Member To Class: ClassName=U_rel_ladder7 Member=Component K6_U_rel_ladder7 (K6) DPDT
Added Member To Class: ClassName=U_rel_ladder8 Member=Component K6_U_rel_ladder8 (K6) DPDT
Added Member To Class: ClassName=U_rel_ladder10 Member=Component K6_U_rel_ladder10 (K6) DPDT
Added Member To Class: ClassName=U_rel_ladder6 Member=Component K7_U_rel_ladder6 (K7) DPDT
Added Member To Class: ClassName=U_rel_ladder7 Member=Component K7_U_rel_ladder7 (K7) DPDT
Added Member To Class: ClassName=U_rel_ladder8 Member=Component K7_U_rel_ladder8 (K7) DPDT
Added Member To Class: ClassName=U_rel_ladder10 Member=Component K7_U_rel_ladder10 (K7) DPDT
Added Member To Class: ClassName=U_rel_ladder6 Member=Component K8_U_rel_ladder6 (K8) DPDT
Added Member To Class: ClassName=U_rel_ladder7 Member=Component K8_U_rel_ladder7 (K8) DPDT
Added Member To Class: ClassName=U_rel_ladder8 Member=Component K8_U_rel_ladder8 (K8) DPDT
Added Member To Class: ClassName=U_rel_ladder10 Member=Component K8_U_rel_ladder10 (K8) DPDT
Added Member To Class: ClassName=U_rel_ladder6 Member=Component R1_U_rel_ladder6 (R1) R/2
Added Member To Class: ClassName=U_rel_ladder7 Member=Component R1_U_rel_ladder7 (R1) R/2
Added Member To Class: ClassName=U_rel_ladder8 Member=Component R1_U_rel_ladder8 (R1) R/2
Added Member To Class: ClassName=U_rel_ladder10 Member=Component R1_U_rel_ladder10 (R1) R/2
Added Member To Class: ClassName=U_rel_ladder6 Member=Component R2_U_rel_ladder6 (R2) R/2
Added Member To Class: ClassName=U_rel_ladder7 Member=Component R2_U_rel_ladder7 (R2) R/2
Added Member To Class: ClassName=U_rel_ladder8 Member=Component R2_U_rel_ladder8 (R2) R/2
Added Member To Class: ClassName=U_rel_ladder10 Member=Component R2_U_rel_ladder10 (R2) R/2
Added Member To Class: ClassName=U_rel_ladder6 Member=Component R3_U_rel_ladder6 (R3) R/4
Added Member To Class: ClassName=U_rel_ladder7 Member=Component R3_U_rel_ladder7 (R3) R/4
Added Member To Class: ClassName=U_rel_ladder8 Member=Component R3_U_rel_ladder8 (R3) R/4
Added Member To Class: ClassName=U_rel_ladder10 Member=Component R3_U_rel_ladder10 (R3) R/4
Added Member To Class: ClassName=U_rel_ladder6 Member=Component R4_U_rel_ladder6 (R4) R/4
Added Member To Class: ClassName=U_rel_ladder7 Member=Component R4_U_rel_ladder7 (R4) R/4
Added Member To Class: ClassName=U_rel_ladder8 Member=Component R4_U_rel_ladder8 (R4) R/4
Added Member To Class: ClassName=U_rel_ladder10 Member=Component R4_U_rel_ladder10 (R4) R/4
Added Member To Class: ClassName=U_rel_ladder6 Member=Component R5_U_rel_ladder6 (R5) R/8
Added Member To Class: ClassName=U_rel_ladder7 Member=Component R5_U_rel_ladder7 (R5) R/8
Added Member To Class: ClassName=U_rel_ladder8 Member=Component R5_U_rel_ladder8 (R5) R/8
Added Member To Class: ClassName=U_rel_ladder10 Member=Component R5_U_rel_ladder10 (R5) R/8
Added Member To Class: ClassName=U_rel_ladder6 Member=Component R6_U_rel_ladder6 (R6) R/8
Added Member To Class: ClassName=U_rel_ladder7 Member=Component R6_U_rel_ladder7 (R6) R/8
Added Member To Class: ClassName=U_rel_ladder8 Member=Component R6_U_rel_ladder8 (R6) R/8
Added Member To Class: ClassName=U_rel_ladder10 Member=Component R6_U_rel_ladder10 (R6) R/8
Added Member To Class: ClassName=U_rel_ladder6 Member=Component R7_U_rel_ladder6 (R7) R/16
Added Member To Class: ClassName=U_rel_ladder7 Member=Component R7_U_rel_ladder7 (R7) R/16
Added Member To Class: ClassName=U_rel_ladder8 Member=Component R7_U_rel_ladder8 (R7) R/16
Added Member To Class: ClassName=U_rel_ladder10 Member=Component R7_U_rel_ladder10 (R7) R/16
Added Member To Class: ClassName=U_rel_ladder6 Member=Component R8_U_rel_ladder6 (R8) R/16
Added Member To Class: ClassName=U_rel_ladder7 Member=Component R8_U_rel_ladder7 (R8) R/16
Added Member To Class: ClassName=U_rel_ladder8 Member=Component R8_U_rel_ladder8 (R8) R/16
Added Member To Class: ClassName=U_rel_ladder10 Member=Component R8_U_rel_ladder10 (R8) R/16
Added Member To Class: ClassName=U_rel_ladder6 Member=Component R9_U_rel_ladder6 (R9) R/32
Added Member To Class: ClassName=U_rel_ladder7 Member=Component R9_U_rel_ladder7 (R9) R/32
Added Member To Class: ClassName=U_rel_ladder8 Member=Component R9_U_rel_ladder8 (R9) R/32
Added Member To Class: ClassName=U_rel_ladder10 Member=Component R9_U_rel_ladder10 (R9) R/32
Added Member To Class: ClassName=U_rel_ladder6 Member=Component R10_U_rel_ladder6 (R10) R/32
Added Member To Class: ClassName=U_rel_ladder7 Member=Component R10_U_rel_ladder7 (R10) R/32
Added Member To Class: ClassName=U_rel_ladder8 Member=Component R10_U_rel_ladder8 (R10) R/32
Added Member To Class: ClassName=U_rel_ladder10 Member=Component R10_U_rel_ladder10 (R10) R/32
Added Member To Class: ClassName=U_rel_ladder6 Member=Component R11_U_rel_ladder6 (R11) R/64
Added Member To Class: ClassName=U_rel_ladder7 Member=Component R11_U_rel_ladder7 (R11) R/64
Added Member To Class: ClassName=U_rel_ladder8 Member=Component R11_U_rel_ladder8 (R11) R/64
Added Member To Class: ClassName=U_rel_ladder10 Member=Component R11_U_rel_ladder10 (R11) R/64
Added Member To Class: ClassName=U_rel_ladder6 Member=Component R12_U_rel_ladder6 (R12) R/64
Added Member To Class: ClassName=U_rel_ladder7 Member=Component R12_U_rel_ladder7 (R12) R/64
Added Member To Class: ClassName=U_rel_ladder8 Member=Component R12_U_rel_ladder8 (R12) R/64
Added Member To Class: ClassName=U_rel_ladder10 Member=Component R12_U_rel_ladder10 (R12) R/64
Added Member To Class: ClassName=U_rel_ladder6 Member=Component R13_U_rel_ladder6 (R13) R/128
Added Member To Class: ClassName=U_rel_ladder7 Member=Component R13_U_rel_ladder7 (R13) R/128
Added Member To Class: ClassName=U_rel_ladder8 Member=Component R13_U_rel_ladder8 (R13) R/128
Added Member To Class: ClassName=U_rel_ladder10 Member=Component R13_U_rel_ladder10 (R13) R/128
Added Member To Class: ClassName=U_rel_ladder6 Member=Component R14_U_rel_ladder6 (R14) R/128
Added Member To Class: ClassName=U_rel_ladder7 Member=Component R14_U_rel_ladder7 (R14) R/128
Added Member To Class: ClassName=U_rel_ladder8 Member=Component R14_U_rel_ladder8 (R14) R/128
Added Member To Class: ClassName=U_rel_ladder10 Member=Component R14_U_rel_ladder10 (R14) R/128
Added Member To Class: ClassName=U_rel_ladder6 Member=Component R15_U_rel_ladder6 (R15) R/256
Added Member To Class: ClassName=U_rel_ladder7 Member=Component R15_U_rel_ladder7 (R15) R/256
Added Member To Class: ClassName=U_rel_ladder8 Member=Component R15_U_rel_ladder8 (R15) R/256
Added Member To Class: ClassName=U_rel_ladder10 Member=Component R15_U_rel_ladder10 (R15) R/256
Added Member To Class: ClassName=U_rel_ladder6 Member=Component R16_U_rel_ladder6 (R16) R/256
Added Member To Class: ClassName=U_rel_ladder7 Member=Component R16_U_rel_ladder7 (R16) R/256
Added Member To Class: ClassName=U_rel_ladder8 Member=Component R16_U_rel_ladder8 (R16) R/256
Added Member To Class: ClassName=U_rel_ladder10 Member=Component R16_U_rel_ladder10 (R16) R/256
Added Room: Name=POT 10x8
Added Room: Name=U_rel_ladder6
Added Room: Name=U_rel_ladder7
Added Room: Name=U_rel_ladder8
Added Room: Name=U_rel_ladder10
