Change Component Designator: OldDesignator=J2_U_rel_ladder91 NewDesignator=J2_U_rel_ladder8
Change Component Designator: OldDesignator=J2_U_rel_ladder92 NewDesignator=J2_U_rel_ladder9
Change Component Designator: OldDesignator=K1_U_rel_ladder91 NewDesignator=K1_U_rel_ladder8
Change Component Designator: OldDesignator=K1_U_rel_ladder92 NewDesignator=K1_U_rel_ladder9
Change Component Designator: OldDesignator=K2_U_rel_ladder91 NewDesignator=K2_U_rel_ladder8
Change Component Designator: OldDesignator=K2_U_rel_ladder92 NewDesignator=K2_U_rel_ladder9
Change Component Designator: OldDesignator=K3_U_rel_ladder91 NewDesignator=K3_U_rel_ladder8
Change Component Designator: OldDesignator=K3_U_rel_ladder92 NewDesignator=K3_U_rel_ladder9
Change Component Designator: OldDesignator=K4_U_rel_ladder91 NewDesignator=K4_U_rel_ladder8
Change Component Designator: OldDesignator=K4_U_rel_ladder92 NewDesignator=K4_U_rel_ladder9
Change Component Designator: OldDesignator=K5_U_rel_ladder91 NewDesignator=K5_U_rel_ladder8
Change Component Designator: OldDesignator=K5_U_rel_ladder92 NewDesignator=K5_U_rel_ladder9
Change Component Designator: OldDesignator=K6_U_rel_ladder91 NewDesignator=K6_U_rel_ladder8
Change Component Designator: OldDesignator=K6_U_rel_ladder92 NewDesignator=K6_U_rel_ladder9
Change Component Designator: OldDesignator=K7_U_rel_ladder91 NewDesignator=K7_U_rel_ladder8
Change Component Designator: OldDesignator=K7_U_rel_ladder92 NewDesignator=K7_U_rel_ladder9
Change Component Designator: OldDesignator=K8_U_rel_ladder91 NewDesignator=K8_U_rel_ladder8
Change Component Designator: OldDesignator=K8_U_rel_ladder92 NewDesignator=K8_U_rel_ladder9
Change Component Designator: OldDesignator=R1_U_rel_ladder91 NewDesignator=R1_U_rel_ladder8
Change Component Designator: OldDesignator=R1_U_rel_ladder92 NewDesignator=R1_U_rel_ladder9
Change Component Designator: OldDesignator=R2_U_rel_ladder91 NewDesignator=R2_U_rel_ladder8
Change Component Designator: OldDesignator=R2_U_rel_ladder92 NewDesignator=R2_U_rel_ladder9
Change Component Designator: OldDesignator=R3_U_rel_ladder91 NewDesignator=R3_U_rel_ladder8
Change Component Designator: OldDesignator=R3_U_rel_ladder92 NewDesignator=R3_U_rel_ladder9
Change Component Designator: OldDesignator=R4_U_rel_ladder91 NewDesignator=R4_U_rel_ladder8
Change Component Designator: OldDesignator=R4_U_rel_ladder92 NewDesignator=R4_U_rel_ladder9
Change Component Designator: OldDesignator=R5_U_rel_ladder91 NewDesignator=R5_U_rel_ladder8
Change Component Designator: OldDesignator=R5_U_rel_ladder92 NewDesignator=R5_U_rel_ladder9
Change Component Designator: OldDesignator=R6_U_rel_ladder91 NewDesignator=R6_U_rel_ladder8
Change Component Designator: OldDesignator=R6_U_rel_ladder92 NewDesignator=R6_U_rel_ladder9
Change Component Designator: OldDesignator=R7_U_rel_ladder91 NewDesignator=R7_U_rel_ladder8
Change Component Designator: OldDesignator=R7_U_rel_ladder92 NewDesignator=R7_U_rel_ladder9
Change Component Designator: OldDesignator=R8_U_rel_ladder91 NewDesignator=R8_U_rel_ladder8
Change Component Designator: OldDesignator=R8_U_rel_ladder92 NewDesignator=R8_U_rel_ladder9
Change Component Designator: OldDesignator=R9_U_rel_ladder91 NewDesignator=R9_U_rel_ladder8
Change Component Designator: OldDesignator=R9_U_rel_ladder92 NewDesignator=R9_U_rel_ladder9
Change Component Designator: OldDesignator=R10_U_rel_ladder91 NewDesignator=R10_U_rel_ladder8
Change Component Designator: OldDesignator=R10_U_rel_ladder92 NewDesignator=R10_U_rel_ladder9
Change Component Designator: OldDesignator=R11_U_rel_ladder91 NewDesignator=R11_U_rel_ladder8
Change Component Designator: OldDesignator=R11_U_rel_ladder92 NewDesignator=R11_U_rel_ladder9
Change Component Designator: OldDesignator=R12_U_rel_ladder91 NewDesignator=R12_U_rel_ladder8
Change Component Designator: OldDesignator=R12_U_rel_ladder92 NewDesignator=R12_U_rel_ladder9
Change Component Designator: OldDesignator=R13_U_rel_ladder91 NewDesignator=R13_U_rel_ladder8
Change Component Designator: OldDesignator=R13_U_rel_ladder92 NewDesignator=R13_U_rel_ladder9
Change Component Designator: OldDesignator=R14_U_rel_ladder91 NewDesignator=R14_U_rel_ladder8
Change Component Designator: OldDesignator=R14_U_rel_ladder92 NewDesignator=R14_U_rel_ladder9
Change Component Designator: OldDesignator=R15_U_rel_ladder91 NewDesignator=R15_U_rel_ladder8
Change Component Designator: OldDesignator=R15_U_rel_ladder92 NewDesignator=R15_U_rel_ladder9
Change Component Designator: OldDesignator=R16_U_rel_ladder91 NewDesignator=R16_U_rel_ladder8
Change Component Designator: OldDesignator=R16_U_rel_ladder92 NewDesignator=R16_U_rel_ladder9
Change Net Name : Old Net Name=NetK1_U_rel_ladder91_4 New Net Name=NetK1_U_rel_ladder8_4
Change Net Name : Old Net Name=NetK1_U_rel_ladder91_6 New Net Name=NetK1_U_rel_ladder8_6
Change Net Name : Old Net Name=NetK1_U_rel_ladder91_8 New Net Name=NetK1_U_rel_ladder8_8
Change Net Name : Old Net Name=NetK1_U_rel_ladder92_4 New Net Name=NetK1_U_rel_ladder9_4
Change Net Name : Old Net Name=NetK1_U_rel_ladder92_6 New Net Name=NetK1_U_rel_ladder9_6
Change Net Name : Old Net Name=NetK1_U_rel_ladder92_8 New Net Name=NetK1_U_rel_ladder9_8
Change Net Name : Old Net Name=NetK2_U_rel_ladder91_4 New Net Name=NetK2_U_rel_ladder8_4
Change Net Name : Old Net Name=NetK2_U_rel_ladder91_6 New Net Name=NetK2_U_rel_ladder8_6
Change Net Name : Old Net Name=NetK2_U_rel_ladder91_8 New Net Name=NetK2_U_rel_ladder8_8
Change Net Name : Old Net Name=NetK2_U_rel_ladder92_4 New Net Name=NetK2_U_rel_ladder9_4
Change Net Name : Old Net Name=NetK2_U_rel_ladder92_6 New Net Name=NetK2_U_rel_ladder9_6
Change Net Name : Old Net Name=NetK2_U_rel_ladder92_8 New Net Name=NetK2_U_rel_ladder9_8
Change Net Name : Old Net Name=NetK3_U_rel_ladder91_4 New Net Name=NetK3_U_rel_ladder8_4
Change Net Name : Old Net Name=NetK3_U_rel_ladder91_6 New Net Name=NetK3_U_rel_ladder8_6
Change Net Name : Old Net Name=NetK3_U_rel_ladder91_8 New Net Name=NetK3_U_rel_ladder8_8
Change Net Name : Old Net Name=NetK3_U_rel_ladder92_4 New Net Name=NetK3_U_rel_ladder9_4
Change Net Name : Old Net Name=NetK3_U_rel_ladder92_6 New Net Name=NetK3_U_rel_ladder9_6
Change Net Name : Old Net Name=NetK3_U_rel_ladder92_8 New Net Name=NetK3_U_rel_ladder9_8
Change Net Name : Old Net Name=NetK4_U_rel_ladder91_4 New Net Name=NetK4_U_rel_ladder8_4
Change Net Name : Old Net Name=NetK4_U_rel_ladder91_6 New Net Name=NetK4_U_rel_ladder8_6
Change Net Name : Old Net Name=NetK4_U_rel_ladder91_8 New Net Name=NetK4_U_rel_ladder8_8
Change Net Name : Old Net Name=NetK4_U_rel_ladder92_4 New Net Name=NetK4_U_rel_ladder9_4
Change Net Name : Old Net Name=NetK4_U_rel_ladder92_6 New Net Name=NetK4_U_rel_ladder9_6
Change Net Name : Old Net Name=NetK4_U_rel_ladder92_8 New Net Name=NetK4_U_rel_ladder9_8
Change Net Name : Old Net Name=NetK5_U_rel_ladder91_4 New Net Name=NetK5_U_rel_ladder8_4
Change Net Name : Old Net Name=NetK5_U_rel_ladder91_6 New Net Name=NetK5_U_rel_ladder8_6
Change Net Name : Old Net Name=NetK5_U_rel_ladder91_8 New Net Name=NetK5_U_rel_ladder8_8
Change Net Name : Old Net Name=NetK5_U_rel_ladder92_4 New Net Name=NetK5_U_rel_ladder9_4
Change Net Name : Old Net Name=NetK5_U_rel_ladder92_6 New Net Name=NetK5_U_rel_ladder9_6
Change Net Name : Old Net Name=NetK5_U_rel_ladder92_8 New Net Name=NetK5_U_rel_ladder9_8
Change Net Name : Old Net Name=NetK6_U_rel_ladder91_4 New Net Name=NetK6_U_rel_ladder8_4
Change Net Name : Old Net Name=NetK6_U_rel_ladder91_6 New Net Name=NetK6_U_rel_ladder8_6
Change Net Name : Old Net Name=NetK6_U_rel_ladder91_8 New Net Name=NetK6_U_rel_ladder8_8
Change Net Name : Old Net Name=NetK6_U_rel_ladder92_4 New Net Name=NetK6_U_rel_ladder9_4
Change Net Name : Old Net Name=NetK6_U_rel_ladder92_6 New Net Name=NetK6_U_rel_ladder9_6
Change Net Name : Old Net Name=NetK6_U_rel_ladder92_8 New Net Name=NetK6_U_rel_ladder9_8
Change Net Name : Old Net Name=NetK7_U_rel_ladder91_4 New Net Name=NetK7_U_rel_ladder8_4
Change Net Name : Old Net Name=NetK7_U_rel_ladder91_6 New Net Name=NetK7_U_rel_ladder8_6
Change Net Name : Old Net Name=NetK7_U_rel_ladder91_8 New Net Name=NetK7_U_rel_ladder8_8
Change Net Name : Old Net Name=NetK7_U_rel_ladder92_4 New Net Name=NetK7_U_rel_ladder9_4
Change Net Name : Old Net Name=NetK7_U_rel_ladder92_6 New Net Name=NetK7_U_rel_ladder9_6
Change Net Name : Old Net Name=NetK7_U_rel_ladder92_8 New Net Name=NetK7_U_rel_ladder9_8
Change Net Name : Old Net Name=NetK8_U_rel_ladder91_8 New Net Name=NetK8_U_rel_ladder8_8
Change Net Name : Old Net Name=NetK8_U_rel_ladder92_8 New Net Name=NetK8_U_rel_ladder9_8
Change Class Name : Old Net Name=U_rel_ladder91 New Net Name=U_rel_ladder8
Change Class Name : Old Net Name=U_rel_ladder92 New Net Name=U_rel_ladder9
Change Room Name: Old Name=U_rel_ladder92 New Name=U_rel_ladder8
Change Room Scope: Old Scope=InComponentClass('U_rel_ladder92') New Scope=InComponentClass('U_rel_ladder8')
Added Room: Name=U_rel_ladder9
