Change Component Designator: OldDesignator=J2_U_rel_ladder1 NewDesignator=J2_U_rel_ladder6
Change Component Designator: OldDesignator=J2_U_rel_ladder2 NewDesignator=J2_U_rel_ladder7
Change Component Designator: OldDesignator=J2_U_rel_ladder3 NewDesignator=J2_U_rel_ladder8
Change Component Designator: OldDesignator=J2_U_rel_ladder4 NewDesignator=J2_U_rel_ladder9
Change Component Designator: OldDesignator=J2_U_rel_ladder5 NewDesignator=J2_U_rel_ladder10
Change Component Designator: OldDesignator=J2_U_rel_ladder6 NewDesignator=J2_U_rel_ladder1
Change Component Designator: OldDesignator=J2_U_rel_ladder7 NewDesignator=J2_U_rel_ladder2
Change Component Designator: OldDesignator=J2_U_rel_ladder8 NewDesignator=J2_U_rel_ladder3
Change Component Designator: OldDesignator=J2_U_rel_ladder9 NewDesignator=J2_U_rel_ladder4
Change Component Designator: OldDesignator=J2_U_rel_ladder10 NewDesignator=J2_U_rel_ladder5
Change Component Designator: OldDesignator=K1_U_rel_ladder1 NewDesignator=K1_U_rel_ladder6
Change Component Designator: OldDesignator=K1_U_rel_ladder2 NewDesignator=K1_U_rel_ladder7
Change Component Designator: OldDesignator=K1_U_rel_ladder3 NewDesignator=K1_U_rel_ladder8
Change Component Designator: OldDesignator=K1_U_rel_ladder4 NewDesignator=K1_U_rel_ladder9
Change Component Designator: OldDesignator=K1_U_rel_ladder5 NewDesignator=K1_U_rel_ladder10
Change Component Designator: OldDesignator=K1_U_rel_ladder6 NewDesignator=K1_U_rel_ladder1
Change Component Designator: OldDesignator=K1_U_rel_ladder7 NewDesignator=K1_U_rel_ladder2
Change Component Designator: OldDesignator=K1_U_rel_ladder8 NewDesignator=K1_U_rel_ladder3
Change Component Designator: OldDesignator=K1_U_rel_ladder9 NewDesignator=K1_U_rel_ladder4
Change Component Designator: OldDesignator=K1_U_rel_ladder10 NewDesignator=K1_U_rel_ladder5
Change Component Designator: OldDesignator=K2_U_rel_ladder1 NewDesignator=K2_U_rel_ladder6
Change Component Designator: OldDesignator=K2_U_rel_ladder2 NewDesignator=K2_U_rel_ladder7
Change Component Designator: OldDesignator=K2_U_rel_ladder3 NewDesignator=K2_U_rel_ladder8
Change Component Designator: OldDesignator=K2_U_rel_ladder4 NewDesignator=K2_U_rel_ladder9
Change Component Designator: OldDesignator=K2_U_rel_ladder5 NewDesignator=K2_U_rel_ladder10
Change Component Designator: OldDesignator=K2_U_rel_ladder6 NewDesignator=K2_U_rel_ladder1
Change Component Designator: OldDesignator=K2_U_rel_ladder7 NewDesignator=K2_U_rel_ladder2
Change Component Designator: OldDesignator=K2_U_rel_ladder8 NewDesignator=K2_U_rel_ladder3
Change Component Designator: OldDesignator=K2_U_rel_ladder9 NewDesignator=K2_U_rel_ladder4
Change Component Designator: OldDesignator=K2_U_rel_ladder10 NewDesignator=K2_U_rel_ladder5
Change Component Designator: OldDesignator=K3_U_rel_ladder1 NewDesignator=K3_U_rel_ladder6
Change Component Designator: OldDesignator=K3_U_rel_ladder2 NewDesignator=K3_U_rel_ladder7
Change Component Designator: OldDesignator=K3_U_rel_ladder3 NewDesignator=K3_U_rel_ladder8
Change Component Designator: OldDesignator=K3_U_rel_ladder4 NewDesignator=K3_U_rel_ladder9
Change Component Designator: OldDesignator=K3_U_rel_ladder5 NewDesignator=K3_U_rel_ladder10
Change Component Designator: OldDesignator=K3_U_rel_ladder6 NewDesignator=K3_U_rel_ladder1
Change Component Designator: OldDesignator=K3_U_rel_ladder7 NewDesignator=K3_U_rel_ladder2
Change Component Designator: OldDesignator=K3_U_rel_ladder8 NewDesignator=K3_U_rel_ladder3
Change Component Designator: OldDesignator=K3_U_rel_ladder9 NewDesignator=K3_U_rel_ladder4
Change Component Designator: OldDesignator=K3_U_rel_ladder10 NewDesignator=K3_U_rel_ladder5
Change Component Designator: OldDesignator=K4_U_rel_ladder1 NewDesignator=K4_U_rel_ladder6
Change Component Designator: OldDesignator=K4_U_rel_ladder2 NewDesignator=K4_U_rel_ladder7
Change Component Designator: OldDesignator=K4_U_rel_ladder3 NewDesignator=K4_U_rel_ladder8
Change Component Designator: OldDesignator=K4_U_rel_ladder4 NewDesignator=K4_U_rel_ladder9
Change Component Designator: OldDesignator=K4_U_rel_ladder5 NewDesignator=K4_U_rel_ladder10
Change Component Designator: OldDesignator=K4_U_rel_ladder6 NewDesignator=K4_U_rel_ladder1
Change Component Designator: OldDesignator=K4_U_rel_ladder7 NewDesignator=K4_U_rel_ladder2
Change Component Designator: OldDesignator=K4_U_rel_ladder8 NewDesignator=K4_U_rel_ladder3
Change Component Designator: OldDesignator=K4_U_rel_ladder9 NewDesignator=K4_U_rel_ladder4
Change Component Designator: OldDesignator=K4_U_rel_ladder10 NewDesignator=K4_U_rel_ladder5
Change Component Designator: OldDesignator=K5_U_rel_ladder1 NewDesignator=K5_U_rel_ladder6
Change Component Designator: OldDesignator=K5_U_rel_ladder2 NewDesignator=K5_U_rel_ladder7
Change Component Designator: OldDesignator=K5_U_rel_ladder3 NewDesignator=K5_U_rel_ladder8
Change Component Designator: OldDesignator=K5_U_rel_ladder4 NewDesignator=K5_U_rel_ladder9
Change Component Designator: OldDesignator=K5_U_rel_ladder5 NewDesignator=K5_U_rel_ladder10
Change Component Designator: OldDesignator=K5_U_rel_ladder6 NewDesignator=K5_U_rel_ladder1
Change Component Designator: OldDesignator=K5_U_rel_ladder7 NewDesignator=K5_U_rel_ladder2
Change Component Designator: OldDesignator=K5_U_rel_ladder8 NewDesignator=K5_U_rel_ladder3
Change Component Designator: OldDesignator=K5_U_rel_ladder9 NewDesignator=K5_U_rel_ladder4
Change Component Designator: OldDesignator=K5_U_rel_ladder10 NewDesignator=K5_U_rel_ladder5
Change Component Designator: OldDesignator=K6_U_rel_ladder1 NewDesignator=K6_U_rel_ladder6
Change Component Designator: OldDesignator=K6_U_rel_ladder2 NewDesignator=K6_U_rel_ladder7
Change Component Designator: OldDesignator=K6_U_rel_ladder3 NewDesignator=K6_U_rel_ladder8
Change Component Designator: OldDesignator=K6_U_rel_ladder4 NewDesignator=K6_U_rel_ladder9
Change Component Designator: OldDesignator=K6_U_rel_ladder5 NewDesignator=K6_U_rel_ladder10
Change Component Designator: OldDesignator=K6_U_rel_ladder6 NewDesignator=K6_U_rel_ladder1
Change Component Designator: OldDesignator=K6_U_rel_ladder7 NewDesignator=K6_U_rel_ladder2
Change Component Designator: OldDesignator=K6_U_rel_ladder8 NewDesignator=K6_U_rel_ladder3
Change Component Designator: OldDesignator=K6_U_rel_ladder9 NewDesignator=K6_U_rel_ladder4
Change Component Designator: OldDesignator=K6_U_rel_ladder10 NewDesignator=K6_U_rel_ladder5
Change Component Designator: OldDesignator=K7_U_rel_ladder1 NewDesignator=K7_U_rel_ladder6
Change Component Designator: OldDesignator=K7_U_rel_ladder2 NewDesignator=K7_U_rel_ladder7
Change Component Designator: OldDesignator=K7_U_rel_ladder3 NewDesignator=K7_U_rel_ladder8
Change Component Designator: OldDesignator=K7_U_rel_ladder4 NewDesignator=K7_U_rel_ladder9
Change Component Designator: OldDesignator=K7_U_rel_ladder5 NewDesignator=K7_U_rel_ladder10
Change Component Designator: OldDesignator=K7_U_rel_ladder6 NewDesignator=K7_U_rel_ladder1
Change Component Designator: OldDesignator=K7_U_rel_ladder7 NewDesignator=K7_U_rel_ladder2
Change Component Designator: OldDesignator=K7_U_rel_ladder8 NewDesignator=K7_U_rel_ladder3
Change Component Designator: OldDesignator=K7_U_rel_ladder9 NewDesignator=K7_U_rel_ladder4
Change Component Designator: OldDesignator=K7_U_rel_ladder10 NewDesignator=K7_U_rel_ladder5
Change Component Designator: OldDesignator=K8_U_rel_ladder1 NewDesignator=K8_U_rel_ladder6
Change Component Designator: OldDesignator=K8_U_rel_ladder2 NewDesignator=K8_U_rel_ladder7
Change Component Designator: OldDesignator=K8_U_rel_ladder3 NewDesignator=K8_U_rel_ladder8
Change Component Designator: OldDesignator=K8_U_rel_ladder4 NewDesignator=K8_U_rel_ladder9
Change Component Designator: OldDesignator=K8_U_rel_ladder5 NewDesignator=K8_U_rel_ladder10
Change Component Designator: OldDesignator=K8_U_rel_ladder6 NewDesignator=K8_U_rel_ladder1
Change Component Designator: OldDesignator=K8_U_rel_ladder7 NewDesignator=K8_U_rel_ladder2
Change Component Designator: OldDesignator=K8_U_rel_ladder8 NewDesignator=K8_U_rel_ladder3
Change Component Designator: OldDesignator=K8_U_rel_ladder9 NewDesignator=K8_U_rel_ladder4
Change Component Designator: OldDesignator=K8_U_rel_ladder10 NewDesignator=K8_U_rel_ladder5
Change Component Designator: OldDesignator=R1_U_rel_ladder1 NewDesignator=R1_U_rel_ladder6
Change Component Designator: OldDesignator=R1_U_rel_ladder2 NewDesignator=R1_U_rel_ladder7
Change Component Designator: OldDesignator=R1_U_rel_ladder3 NewDesignator=R1_U_rel_ladder8
Change Component Designator: OldDesignator=R1_U_rel_ladder4 NewDesignator=R1_U_rel_ladder9
Change Component Designator: OldDesignator=R1_U_rel_ladder5 NewDesignator=R1_U_rel_ladder10
Change Component Designator: OldDesignator=R1_U_rel_ladder6 NewDesignator=R1_U_rel_ladder1
Change Component Designator: OldDesignator=R1_U_rel_ladder7 NewDesignator=R1_U_rel_ladder2
Change Component Designator: OldDesignator=R1_U_rel_ladder8 NewDesignator=R1_U_rel_ladder3
Change Component Designator: OldDesignator=R1_U_rel_ladder9 NewDesignator=R1_U_rel_ladder4
Change Component Designator: OldDesignator=R1_U_rel_ladder10 NewDesignator=R1_U_rel_ladder5
Change Component Designator: OldDesignator=R2_U_rel_ladder1 NewDesignator=R2_U_rel_ladder6
Change Component Designator: OldDesignator=R2_U_rel_ladder2 NewDesignator=R2_U_rel_ladder7
Change Component Designator: OldDesignator=R2_U_rel_ladder3 NewDesignator=R2_U_rel_ladder8
Change Component Designator: OldDesignator=R2_U_rel_ladder4 NewDesignator=R2_U_rel_ladder9
Change Component Designator: OldDesignator=R2_U_rel_ladder5 NewDesignator=R2_U_rel_ladder10
Change Component Designator: OldDesignator=R2_U_rel_ladder6 NewDesignator=R2_U_rel_ladder1
Change Component Designator: OldDesignator=R2_U_rel_ladder7 NewDesignator=R2_U_rel_ladder2
Change Component Designator: OldDesignator=R2_U_rel_ladder8 NewDesignator=R2_U_rel_ladder3
Change Component Designator: OldDesignator=R2_U_rel_ladder9 NewDesignator=R2_U_rel_ladder4
Change Component Designator: OldDesignator=R2_U_rel_ladder10 NewDesignator=R2_U_rel_ladder5
Change Component Designator: OldDesignator=R3_U_rel_ladder1 NewDesignator=R3_U_rel_ladder6
Change Component Designator: OldDesignator=R3_U_rel_ladder2 NewDesignator=R3_U_rel_ladder7
Change Component Designator: OldDesignator=R3_U_rel_ladder3 NewDesignator=R3_U_rel_ladder8
Change Component Designator: OldDesignator=R3_U_rel_ladder4 NewDesignator=R3_U_rel_ladder9
Change Component Designator: OldDesignator=R3_U_rel_ladder5 NewDesignator=R3_U_rel_ladder10
Change Component Designator: OldDesignator=R3_U_rel_ladder6 NewDesignator=R3_U_rel_ladder1
Change Component Designator: OldDesignator=R3_U_rel_ladder7 NewDesignator=R3_U_rel_ladder2
Change Component Designator: OldDesignator=R3_U_rel_ladder8 NewDesignator=R3_U_rel_ladder3
Change Component Designator: OldDesignator=R3_U_rel_ladder9 NewDesignator=R3_U_rel_ladder4
Change Component Designator: OldDesignator=R3_U_rel_ladder10 NewDesignator=R3_U_rel_ladder5
Change Component Designator: OldDesignator=R4_U_rel_ladder1 NewDesignator=R4_U_rel_ladder6
Change Component Designator: OldDesignator=R4_U_rel_ladder2 NewDesignator=R4_U_rel_ladder7
Change Component Designator: OldDesignator=R4_U_rel_ladder3 NewDesignator=R4_U_rel_ladder8
Change Component Designator: OldDesignator=R4_U_rel_ladder4 NewDesignator=R4_U_rel_ladder9
Change Component Designator: OldDesignator=R4_U_rel_ladder5 NewDesignator=R4_U_rel_ladder10
Change Component Designator: OldDesignator=R4_U_rel_ladder6 NewDesignator=R4_U_rel_ladder1
Change Component Designator: OldDesignator=R4_U_rel_ladder7 NewDesignator=R4_U_rel_ladder2
Change Component Designator: OldDesignator=R4_U_rel_ladder8 NewDesignator=R4_U_rel_ladder3
Change Component Designator: OldDesignator=R4_U_rel_ladder9 NewDesignator=R4_U_rel_ladder4
Change Component Designator: OldDesignator=R4_U_rel_ladder10 NewDesignator=R4_U_rel_ladder5
Change Component Designator: OldDesignator=R5_U_rel_ladder1 NewDesignator=R5_U_rel_ladder6
Change Component Designator: OldDesignator=R5_U_rel_ladder2 NewDesignator=R5_U_rel_ladder7
Change Component Designator: OldDesignator=R5_U_rel_ladder3 NewDesignator=R5_U_rel_ladder8
Change Component Designator: OldDesignator=R5_U_rel_ladder4 NewDesignator=R5_U_rel_ladder9
Change Component Designator: OldDesignator=R5_U_rel_ladder5 NewDesignator=R5_U_rel_ladder10
Change Component Designator: OldDesignator=R5_U_rel_ladder6 NewDesignator=R5_U_rel_ladder1
Change Component Designator: OldDesignator=R5_U_rel_ladder7 NewDesignator=R5_U_rel_ladder2
Change Component Designator: OldDesignator=R5_U_rel_ladder8 NewDesignator=R5_U_rel_ladder3
Change Component Designator: OldDesignator=R5_U_rel_ladder9 NewDesignator=R5_U_rel_ladder4
Change Component Designator: OldDesignator=R5_U_rel_ladder10 NewDesignator=R5_U_rel_ladder5
Change Component Designator: OldDesignator=R6_U_rel_ladder1 NewDesignator=R6_U_rel_ladder6
Change Component Designator: OldDesignator=R6_U_rel_ladder2 NewDesignator=R6_U_rel_ladder7
Change Component Designator: OldDesignator=R6_U_rel_ladder3 NewDesignator=R6_U_rel_ladder8
Change Component Designator: OldDesignator=R6_U_rel_ladder4 NewDesignator=R6_U_rel_ladder9
Change Component Designator: OldDesignator=R6_U_rel_ladder5 NewDesignator=R6_U_rel_ladder10
Change Component Designator: OldDesignator=R6_U_rel_ladder6 NewDesignator=R6_U_rel_ladder1
Change Component Designator: OldDesignator=R6_U_rel_ladder7 NewDesignator=R6_U_rel_ladder2
Change Component Designator: OldDesignator=R6_U_rel_ladder8 NewDesignator=R6_U_rel_ladder3
Change Component Designator: OldDesignator=R6_U_rel_ladder9 NewDesignator=R6_U_rel_ladder4
Change Component Designator: OldDesignator=R6_U_rel_ladder10 NewDesignator=R6_U_rel_ladder5
Change Component Designator: OldDesignator=R7_U_rel_ladder1 NewDesignator=R7_U_rel_ladder6
Change Component Designator: OldDesignator=R7_U_rel_ladder2 NewDesignator=R7_U_rel_ladder7
Change Component Designator: OldDesignator=R7_U_rel_ladder3 NewDesignator=R7_U_rel_ladder8
Change Component Designator: OldDesignator=R7_U_rel_ladder4 NewDesignator=R7_U_rel_ladder9
Change Component Designator: OldDesignator=R7_U_rel_ladder5 NewDesignator=R7_U_rel_ladder10
Change Component Designator: OldDesignator=R7_U_rel_ladder6 NewDesignator=R7_U_rel_ladder1
Change Component Designator: OldDesignator=R7_U_rel_ladder7 NewDesignator=R7_U_rel_ladder2
Change Component Designator: OldDesignator=R7_U_rel_ladder8 NewDesignator=R7_U_rel_ladder3
Change Component Designator: OldDesignator=R7_U_rel_ladder9 NewDesignator=R7_U_rel_ladder4
Change Component Designator: OldDesignator=R7_U_rel_ladder10 NewDesignator=R7_U_rel_ladder5
Change Component Designator: OldDesignator=R8_U_rel_ladder1 NewDesignator=R8_U_rel_ladder6
Change Component Designator: OldDesignator=R8_U_rel_ladder2 NewDesignator=R8_U_rel_ladder7
Change Component Designator: OldDesignator=R8_U_rel_ladder3 NewDesignator=R8_U_rel_ladder8
Change Component Designator: OldDesignator=R8_U_rel_ladder4 NewDesignator=R8_U_rel_ladder9
Change Component Designator: OldDesignator=R8_U_rel_ladder5 NewDesignator=R8_U_rel_ladder10
Change Component Designator: OldDesignator=R8_U_rel_ladder6 NewDesignator=R8_U_rel_ladder1
Change Component Designator: OldDesignator=R8_U_rel_ladder7 NewDesignator=R8_U_rel_ladder2
Change Component Designator: OldDesignator=R8_U_rel_ladder8 NewDesignator=R8_U_rel_ladder3
Change Component Designator: OldDesignator=R8_U_rel_ladder9 NewDesignator=R8_U_rel_ladder4
Change Component Designator: OldDesignator=R8_U_rel_ladder10 NewDesignator=R8_U_rel_ladder5
Change Component Designator: OldDesignator=R9_U_rel_ladder1 NewDesignator=R9_U_rel_ladder6
Change Component Designator: OldDesignator=R9_U_rel_ladder2 NewDesignator=R9_U_rel_ladder7
Change Component Designator: OldDesignator=R9_U_rel_ladder3 NewDesignator=R9_U_rel_ladder8
Change Component Designator: OldDesignator=R9_U_rel_ladder4 NewDesignator=R9_U_rel_ladder9
Change Component Designator: OldDesignator=R9_U_rel_ladder5 NewDesignator=R9_U_rel_ladder10
Change Component Designator: OldDesignator=R9_U_rel_ladder6 NewDesignator=R9_U_rel_ladder1
Change Component Designator: OldDesignator=R9_U_rel_ladder7 NewDesignator=R9_U_rel_ladder2
Change Component Designator: OldDesignator=R9_U_rel_ladder8 NewDesignator=R9_U_rel_ladder3
Change Component Designator: OldDesignator=R9_U_rel_ladder9 NewDesignator=R9_U_rel_ladder4
Change Component Designator: OldDesignator=R9_U_rel_ladder10 NewDesignator=R9_U_rel_ladder5
Change Component Designator: OldDesignator=R10_U_rel_ladder1 NewDesignator=R10_U_rel_ladder6
Change Component Designator: OldDesignator=R10_U_rel_ladder2 NewDesignator=R10_U_rel_ladder7
Change Component Designator: OldDesignator=R10_U_rel_ladder3 NewDesignator=R10_U_rel_ladder8
Change Component Designator: OldDesignator=R10_U_rel_ladder4 NewDesignator=R10_U_rel_ladder9
Change Component Designator: OldDesignator=R10_U_rel_ladder5 NewDesignator=R10_U_rel_ladder10
Change Component Designator: OldDesignator=R10_U_rel_ladder6 NewDesignator=R10_U_rel_ladder1
Change Component Designator: OldDesignator=R10_U_rel_ladder7 NewDesignator=R10_U_rel_ladder2
Change Component Designator: OldDesignator=R10_U_rel_ladder8 NewDesignator=R10_U_rel_ladder3
Change Component Designator: OldDesignator=R10_U_rel_ladder9 NewDesignator=R10_U_rel_ladder4
Change Component Designator: OldDesignator=R10_U_rel_ladder10 NewDesignator=R10_U_rel_ladder5
Change Component Designator: OldDesignator=R11_U_rel_ladder1 NewDesignator=R11_U_rel_ladder6
Change Component Designator: OldDesignator=R11_U_rel_ladder2 NewDesignator=R11_U_rel_ladder7
Change Component Designator: OldDesignator=R11_U_rel_ladder3 NewDesignator=R11_U_rel_ladder8
Change Component Designator: OldDesignator=R11_U_rel_ladder4 NewDesignator=R11_U_rel_ladder9
Change Component Designator: OldDesignator=R11_U_rel_ladder5 NewDesignator=R11_U_rel_ladder10
Change Component Designator: OldDesignator=R11_U_rel_ladder6 NewDesignator=R11_U_rel_ladder1
Change Component Designator: OldDesignator=R11_U_rel_ladder7 NewDesignator=R11_U_rel_ladder2
Change Component Designator: OldDesignator=R11_U_rel_ladder8 NewDesignator=R11_U_rel_ladder3
Change Component Designator: OldDesignator=R11_U_rel_ladder9 NewDesignator=R11_U_rel_ladder4
Change Component Designator: OldDesignator=R11_U_rel_ladder10 NewDesignator=R11_U_rel_ladder5
Change Component Designator: OldDesignator=R12_U_rel_ladder1 NewDesignator=R12_U_rel_ladder6
Change Component Designator: OldDesignator=R12_U_rel_ladder2 NewDesignator=R12_U_rel_ladder7
Change Component Designator: OldDesignator=R12_U_rel_ladder3 NewDesignator=R12_U_rel_ladder8
Change Component Designator: OldDesignator=R12_U_rel_ladder4 NewDesignator=R12_U_rel_ladder9
Change Component Designator: OldDesignator=R12_U_rel_ladder5 NewDesignator=R12_U_rel_ladder10
Change Component Designator: OldDesignator=R12_U_rel_ladder6 NewDesignator=R12_U_rel_ladder1
Change Component Designator: OldDesignator=R12_U_rel_ladder7 NewDesignator=R12_U_rel_ladder2
Change Component Designator: OldDesignator=R12_U_rel_ladder8 NewDesignator=R12_U_rel_ladder3
Change Component Designator: OldDesignator=R12_U_rel_ladder9 NewDesignator=R12_U_rel_ladder4
Change Component Designator: OldDesignator=R12_U_rel_ladder10 NewDesignator=R12_U_rel_ladder5
Change Component Designator: OldDesignator=R13_U_rel_ladder1 NewDesignator=R13_U_rel_ladder6
Change Component Designator: OldDesignator=R13_U_rel_ladder2 NewDesignator=R13_U_rel_ladder7
Change Component Designator: OldDesignator=R13_U_rel_ladder3 NewDesignator=R13_U_rel_ladder8
Change Component Designator: OldDesignator=R13_U_rel_ladder4 NewDesignator=R13_U_rel_ladder9
Change Component Designator: OldDesignator=R13_U_rel_ladder5 NewDesignator=R13_U_rel_ladder10
Change Component Designator: OldDesignator=R13_U_rel_ladder6 NewDesignator=R13_U_rel_ladder1
Change Component Designator: OldDesignator=R13_U_rel_ladder7 NewDesignator=R13_U_rel_ladder2
Change Component Designator: OldDesignator=R13_U_rel_ladder8 NewDesignator=R13_U_rel_ladder3
Change Component Designator: OldDesignator=R13_U_rel_ladder9 NewDesignator=R13_U_rel_ladder4
Change Component Designator: OldDesignator=R13_U_rel_ladder10 NewDesignator=R13_U_rel_ladder5
Change Component Designator: OldDesignator=R14_U_rel_ladder1 NewDesignator=R14_U_rel_ladder6
Change Component Designator: OldDesignator=R14_U_rel_ladder2 NewDesignator=R14_U_rel_ladder7
Change Component Designator: OldDesignator=R14_U_rel_ladder3 NewDesignator=R14_U_rel_ladder8
Change Component Designator: OldDesignator=R14_U_rel_ladder4 NewDesignator=R14_U_rel_ladder9
Change Component Designator: OldDesignator=R14_U_rel_ladder5 NewDesignator=R14_U_rel_ladder10
Change Component Designator: OldDesignator=R14_U_rel_ladder6 NewDesignator=R14_U_rel_ladder1
Change Component Designator: OldDesignator=R14_U_rel_ladder7 NewDesignator=R14_U_rel_ladder2
Change Component Designator: OldDesignator=R14_U_rel_ladder8 NewDesignator=R14_U_rel_ladder3
Change Component Designator: OldDesignator=R14_U_rel_ladder9 NewDesignator=R14_U_rel_ladder4
Change Component Designator: OldDesignator=R14_U_rel_ladder10 NewDesignator=R14_U_rel_ladder5
Change Component Designator: OldDesignator=R15_U_rel_ladder1 NewDesignator=R15_U_rel_ladder6
Change Component Designator: OldDesignator=R15_U_rel_ladder2 NewDesignator=R15_U_rel_ladder7
Change Component Designator: OldDesignator=R15_U_rel_ladder3 NewDesignator=R15_U_rel_ladder8
Change Component Designator: OldDesignator=R15_U_rel_ladder4 NewDesignator=R15_U_rel_ladder9
Change Component Designator: OldDesignator=R15_U_rel_ladder5 NewDesignator=R15_U_rel_ladder10
Change Component Designator: OldDesignator=R15_U_rel_ladder6 NewDesignator=R15_U_rel_ladder1
Change Component Designator: OldDesignator=R15_U_rel_ladder7 NewDesignator=R15_U_rel_ladder2
Change Component Designator: OldDesignator=R15_U_rel_ladder8 NewDesignator=R15_U_rel_ladder3
Change Component Designator: OldDesignator=R15_U_rel_ladder9 NewDesignator=R15_U_rel_ladder4
Change Component Designator: OldDesignator=R15_U_rel_ladder10 NewDesignator=R15_U_rel_ladder5
Change Component Designator: OldDesignator=R16_U_rel_ladder1 NewDesignator=R16_U_rel_ladder6
Change Component Designator: OldDesignator=R16_U_rel_ladder2 NewDesignator=R16_U_rel_ladder7
Change Component Designator: OldDesignator=R16_U_rel_ladder3 NewDesignator=R16_U_rel_ladder8
Change Component Designator: OldDesignator=R16_U_rel_ladder4 NewDesignator=R16_U_rel_ladder9
Change Component Designator: OldDesignator=R16_U_rel_ladder5 NewDesignator=R16_U_rel_ladder10
Change Component Designator: OldDesignator=R16_U_rel_ladder6 NewDesignator=R16_U_rel_ladder1
Change Component Designator: OldDesignator=R16_U_rel_ladder7 NewDesignator=R16_U_rel_ladder2
Change Component Designator: OldDesignator=R16_U_rel_ladder8 NewDesignator=R16_U_rel_ladder3
Change Component Designator: OldDesignator=R16_U_rel_ladder9 NewDesignator=R16_U_rel_ladder4
Change Component Designator: OldDesignator=R16_U_rel_ladder10 NewDesignator=R16_U_rel_ladder5
Change Net Name : Old Net Name=NetK1_U_rel_ladder1_4 New Net Name=NetK1_U_rel_ladder6_4
Change Net Name : Old Net Name=NetK1_U_rel_ladder1_6 New Net Name=NetK1_U_rel_ladder6_6
Change Net Name : Old Net Name=NetK1_U_rel_ladder2_4 New Net Name=NetK1_U_rel_ladder7_4
Change Net Name : Old Net Name=NetK1_U_rel_ladder2_6 New Net Name=NetK1_U_rel_ladder7_6
Change Net Name : Old Net Name=NetK1_U_rel_ladder3_4 New Net Name=NetK1_U_rel_ladder8_4
Change Net Name : Old Net Name=NetK1_U_rel_ladder3_6 New Net Name=NetK1_U_rel_ladder8_6
Change Net Name : Old Net Name=NetK1_U_rel_ladder4_4 New Net Name=NetK1_U_rel_ladder9_4
Change Net Name : Old Net Name=NetK1_U_rel_ladder4_6 New Net Name=NetK1_U_rel_ladder9_6
Change Net Name : Old Net Name=NetK1_U_rel_ladder5_4 New Net Name=NetK1_U_rel_ladder10_4
Change Net Name : Old Net Name=NetK1_U_rel_ladder5_6 New Net Name=NetK1_U_rel_ladder10_6
Change Net Name : Old Net Name=NetK1_U_rel_ladder6_4 New Net Name=NetK1_U_rel_ladder1_4
Change Net Name : Old Net Name=NetK1_U_rel_ladder6_6 New Net Name=NetK1_U_rel_ladder1_6
Change Net Name : Old Net Name=NetK1_U_rel_ladder6_8 New Net Name=NetK1_U_rel_ladder1_8
Change Net Name : Old Net Name=NetK1_U_rel_ladder7_4 New Net Name=NetK1_U_rel_ladder2_4
Change Net Name : Old Net Name=NetK1_U_rel_ladder7_6 New Net Name=NetK1_U_rel_ladder2_6
Change Net Name : Old Net Name=NetK1_U_rel_ladder7_8 New Net Name=NetK1_U_rel_ladder2_8
Change Net Name : Old Net Name=NetK1_U_rel_ladder8_4 New Net Name=NetK1_U_rel_ladder3_4
Change Net Name : Old Net Name=NetK1_U_rel_ladder8_6 New Net Name=NetK1_U_rel_ladder3_6
Change Net Name : Old Net Name=NetK1_U_rel_ladder8_8 New Net Name=NetK1_U_rel_ladder3_8
Change Net Name : Old Net Name=NetK1_U_rel_ladder9_4 New Net Name=NetK1_U_rel_ladder4_4
Change Net Name : Old Net Name=NetK1_U_rel_ladder9_6 New Net Name=NetK1_U_rel_ladder4_6
Change Net Name : Old Net Name=NetK1_U_rel_ladder9_8 New Net Name=NetK1_U_rel_ladder4_8
Change Net Name : Old Net Name=NetK1_U_rel_ladder10_4 New Net Name=NetK1_U_rel_ladder5_4
Change Net Name : Old Net Name=NetK1_U_rel_ladder10_6 New Net Name=NetK1_U_rel_ladder5_6
Change Net Name : Old Net Name=NetK1_U_rel_ladder10_8 New Net Name=NetK1_U_rel_ladder5_8
Change Net Name : Old Net Name=NetK2_U_rel_ladder1_4 New Net Name=NetK2_U_rel_ladder6_4
Change Net Name : Old Net Name=NetK2_U_rel_ladder1_6 New Net Name=NetK2_U_rel_ladder6_6
Change Net Name : Old Net Name=NetK2_U_rel_ladder2_4 New Net Name=NetK2_U_rel_ladder7_4
Change Net Name : Old Net Name=NetK2_U_rel_ladder2_6 New Net Name=NetK2_U_rel_ladder7_6
Change Net Name : Old Net Name=NetK2_U_rel_ladder3_4 New Net Name=NetK2_U_rel_ladder8_4
Change Net Name : Old Net Name=NetK2_U_rel_ladder3_6 New Net Name=NetK2_U_rel_ladder8_6
Change Net Name : Old Net Name=NetK2_U_rel_ladder4_4 New Net Name=NetK2_U_rel_ladder9_4
Change Net Name : Old Net Name=NetK2_U_rel_ladder4_6 New Net Name=NetK2_U_rel_ladder9_6
Change Net Name : Old Net Name=NetK2_U_rel_ladder5_4 New Net Name=NetK2_U_rel_ladder10_4
Change Net Name : Old Net Name=NetK2_U_rel_ladder5_6 New Net Name=NetK2_U_rel_ladder10_6
Change Net Name : Old Net Name=NetK2_U_rel_ladder6_4 New Net Name=NetK2_U_rel_ladder1_4
Change Net Name : Old Net Name=NetK2_U_rel_ladder6_6 New Net Name=NetK2_U_rel_ladder1_6
Change Net Name : Old Net Name=NetK2_U_rel_ladder6_8 New Net Name=NetK2_U_rel_ladder1_8
Change Net Name : Old Net Name=NetK2_U_rel_ladder7_4 New Net Name=NetK2_U_rel_ladder2_4
Change Net Name : Old Net Name=NetK2_U_rel_ladder7_6 New Net Name=NetK2_U_rel_ladder2_6
Change Net Name : Old Net Name=NetK2_U_rel_ladder7_8 New Net Name=NetK2_U_rel_ladder2_8
Change Net Name : Old Net Name=NetK2_U_rel_ladder8_4 New Net Name=NetK2_U_rel_ladder3_4
Change Net Name : Old Net Name=NetK2_U_rel_ladder8_6 New Net Name=NetK2_U_rel_ladder3_6
Change Net Name : Old Net Name=NetK2_U_rel_ladder8_8 New Net Name=NetK2_U_rel_ladder3_8
Change Net Name : Old Net Name=NetK2_U_rel_ladder9_4 New Net Name=NetK2_U_rel_ladder4_4
Change Net Name : Old Net Name=NetK2_U_rel_ladder9_6 New Net Name=NetK2_U_rel_ladder4_6
Change Net Name : Old Net Name=NetK2_U_rel_ladder9_8 New Net Name=NetK2_U_rel_ladder4_8
Change Net Name : Old Net Name=NetK2_U_rel_ladder10_4 New Net Name=NetK2_U_rel_ladder5_4
Change Net Name : Old Net Name=NetK2_U_rel_ladder10_6 New Net Name=NetK2_U_rel_ladder5_6
Change Net Name : Old Net Name=NetK2_U_rel_ladder10_8 New Net Name=NetK2_U_rel_ladder5_8
Change Net Name : Old Net Name=NetK3_U_rel_ladder1_4 New Net Name=NetK3_U_rel_ladder6_4
Change Net Name : Old Net Name=NetK3_U_rel_ladder1_6 New Net Name=NetK3_U_rel_ladder6_6
Change Net Name : Old Net Name=NetK3_U_rel_ladder2_4 New Net Name=NetK3_U_rel_ladder7_4
Change Net Name : Old Net Name=NetK3_U_rel_ladder2_6 New Net Name=NetK3_U_rel_ladder7_6
Change Net Name : Old Net Name=NetK3_U_rel_ladder3_4 New Net Name=NetK3_U_rel_ladder8_4
Change Net Name : Old Net Name=NetK3_U_rel_ladder3_6 New Net Name=NetK3_U_rel_ladder8_6
Change Net Name : Old Net Name=NetK3_U_rel_ladder4_4 New Net Name=NetK3_U_rel_ladder9_4
Change Net Name : Old Net Name=NetK3_U_rel_ladder4_6 New Net Name=NetK3_U_rel_ladder9_6
Change Net Name : Old Net Name=NetK3_U_rel_ladder5_4 New Net Name=NetK3_U_rel_ladder10_4
Change Net Name : Old Net Name=NetK3_U_rel_ladder5_6 New Net Name=NetK3_U_rel_ladder10_6
Change Net Name : Old Net Name=NetK3_U_rel_ladder6_4 New Net Name=NetK3_U_rel_ladder1_4
Change Net Name : Old Net Name=NetK3_U_rel_ladder6_6 New Net Name=NetK3_U_rel_ladder1_6
Change Net Name : Old Net Name=NetK3_U_rel_ladder6_8 New Net Name=NetK3_U_rel_ladder1_8
Change Net Name : Old Net Name=NetK3_U_rel_ladder7_4 New Net Name=NetK3_U_rel_ladder2_4
Change Net Name : Old Net Name=NetK3_U_rel_ladder7_6 New Net Name=NetK3_U_rel_ladder2_6
Change Net Name : Old Net Name=NetK3_U_rel_ladder7_8 New Net Name=NetK3_U_rel_ladder2_8
Change Net Name : Old Net Name=NetK3_U_rel_ladder8_4 New Net Name=NetK3_U_rel_ladder3_4
Change Net Name : Old Net Name=NetK3_U_rel_ladder8_6 New Net Name=NetK3_U_rel_ladder3_6
Change Net Name : Old Net Name=NetK3_U_rel_ladder8_8 New Net Name=NetK3_U_rel_ladder3_8
Change Net Name : Old Net Name=NetK3_U_rel_ladder9_4 New Net Name=NetK3_U_rel_ladder4_4
Change Net Name : Old Net Name=NetK3_U_rel_ladder9_6 New Net Name=NetK3_U_rel_ladder4_6
Change Net Name : Old Net Name=NetK3_U_rel_ladder9_8 New Net Name=NetK3_U_rel_ladder4_8
Change Net Name : Old Net Name=NetK3_U_rel_ladder10_4 New Net Name=NetK3_U_rel_ladder5_4
Change Net Name : Old Net Name=NetK3_U_rel_ladder10_6 New Net Name=NetK3_U_rel_ladder5_6
Change Net Name : Old Net Name=NetK3_U_rel_ladder10_8 New Net Name=NetK3_U_rel_ladder5_8
Change Net Name : Old Net Name=NetK4_U_rel_ladder1_4 New Net Name=NetK4_U_rel_ladder6_4
Change Net Name : Old Net Name=NetK4_U_rel_ladder1_6 New Net Name=NetK4_U_rel_ladder6_6
Change Net Name : Old Net Name=NetK4_U_rel_ladder2_4 New Net Name=NetK4_U_rel_ladder7_4
Change Net Name : Old Net Name=NetK4_U_rel_ladder2_6 New Net Name=NetK4_U_rel_ladder7_6
Change Net Name : Old Net Name=NetK4_U_rel_ladder3_4 New Net Name=NetK4_U_rel_ladder8_4
Change Net Name : Old Net Name=NetK4_U_rel_ladder3_6 New Net Name=NetK4_U_rel_ladder8_6
Change Net Name : Old Net Name=NetK4_U_rel_ladder4_4 New Net Name=NetK4_U_rel_ladder9_4
Change Net Name : Old Net Name=NetK4_U_rel_ladder4_6 New Net Name=NetK4_U_rel_ladder9_6
Change Net Name : Old Net Name=NetK4_U_rel_ladder5_4 New Net Name=NetK4_U_rel_ladder10_4
Change Net Name : Old Net Name=NetK4_U_rel_ladder5_6 New Net Name=NetK4_U_rel_ladder10_6
Change Net Name : Old Net Name=NetK4_U_rel_ladder6_4 New Net Name=NetK4_U_rel_ladder1_4
Change Net Name : Old Net Name=NetK4_U_rel_ladder6_6 New Net Name=NetK4_U_rel_ladder1_6
Change Net Name : Old Net Name=NetK4_U_rel_ladder6_8 New Net Name=NetK4_U_rel_ladder1_8
Change Net Name : Old Net Name=NetK4_U_rel_ladder7_4 New Net Name=NetK4_U_rel_ladder2_4
Change Net Name : Old Net Name=NetK4_U_rel_ladder7_6 New Net Name=NetK4_U_rel_ladder2_6
Change Net Name : Old Net Name=NetK4_U_rel_ladder7_8 New Net Name=NetK4_U_rel_ladder2_8
Change Net Name : Old Net Name=NetK4_U_rel_ladder8_4 New Net Name=NetK4_U_rel_ladder3_4
Change Net Name : Old Net Name=NetK4_U_rel_ladder8_6 New Net Name=NetK4_U_rel_ladder3_6
Change Net Name : Old Net Name=NetK4_U_rel_ladder8_8 New Net Name=NetK4_U_rel_ladder3_8
Change Net Name : Old Net Name=NetK4_U_rel_ladder9_4 New Net Name=NetK4_U_rel_ladder4_4
Change Net Name : Old Net Name=NetK4_U_rel_ladder9_6 New Net Name=NetK4_U_rel_ladder4_6
Change Net Name : Old Net Name=NetK4_U_rel_ladder9_8 New Net Name=NetK4_U_rel_ladder4_8
Change Net Name : Old Net Name=NetK4_U_rel_ladder10_4 New Net Name=NetK4_U_rel_ladder5_4
Change Net Name : Old Net Name=NetK4_U_rel_ladder10_6 New Net Name=NetK4_U_rel_ladder5_6
Change Net Name : Old Net Name=NetK4_U_rel_ladder10_8 New Net Name=NetK4_U_rel_ladder5_8
Change Net Name : Old Net Name=NetK5_U_rel_ladder1_4 New Net Name=NetK5_U_rel_ladder6_4
Change Net Name : Old Net Name=NetK5_U_rel_ladder1_6 New Net Name=NetK5_U_rel_ladder6_6
Change Net Name : Old Net Name=NetK5_U_rel_ladder2_4 New Net Name=NetK5_U_rel_ladder7_4
Change Net Name : Old Net Name=NetK5_U_rel_ladder2_6 New Net Name=NetK5_U_rel_ladder7_6
Change Net Name : Old Net Name=NetK5_U_rel_ladder3_4 New Net Name=NetK5_U_rel_ladder8_4
Change Net Name : Old Net Name=NetK5_U_rel_ladder3_6 New Net Name=NetK5_U_rel_ladder8_6
Change Net Name : Old Net Name=NetK5_U_rel_ladder4_4 New Net Name=NetK5_U_rel_ladder9_4
Change Net Name : Old Net Name=NetK5_U_rel_ladder4_6 New Net Name=NetK5_U_rel_ladder9_6
Change Net Name : Old Net Name=NetK5_U_rel_ladder5_4 New Net Name=NetK5_U_rel_ladder10_4
Change Net Name : Old Net Name=NetK5_U_rel_ladder5_6 New Net Name=NetK5_U_rel_ladder10_6
Change Net Name : Old Net Name=NetK5_U_rel_ladder6_4 New Net Name=NetK5_U_rel_ladder1_4
Change Net Name : Old Net Name=NetK5_U_rel_ladder6_6 New Net Name=NetK5_U_rel_ladder1_6
Change Net Name : Old Net Name=NetK5_U_rel_ladder6_8 New Net Name=NetK5_U_rel_ladder1_8
Change Net Name : Old Net Name=NetK5_U_rel_ladder7_4 New Net Name=NetK5_U_rel_ladder2_4
Change Net Name : Old Net Name=NetK5_U_rel_ladder7_6 New Net Name=NetK5_U_rel_ladder2_6
Change Net Name : Old Net Name=NetK5_U_rel_ladder7_8 New Net Name=NetK5_U_rel_ladder2_8
Change Net Name : Old Net Name=NetK5_U_rel_ladder8_4 New Net Name=NetK5_U_rel_ladder3_4
Change Net Name : Old Net Name=NetK5_U_rel_ladder8_6 New Net Name=NetK5_U_rel_ladder3_6
Change Net Name : Old Net Name=NetK5_U_rel_ladder8_8 New Net Name=NetK5_U_rel_ladder3_8
Change Net Name : Old Net Name=NetK5_U_rel_ladder9_4 New Net Name=NetK5_U_rel_ladder4_4
Change Net Name : Old Net Name=NetK5_U_rel_ladder9_6 New Net Name=NetK5_U_rel_ladder4_6
Change Net Name : Old Net Name=NetK5_U_rel_ladder9_8 New Net Name=NetK5_U_rel_ladder4_8
Change Net Name : Old Net Name=NetK5_U_rel_ladder10_4 New Net Name=NetK5_U_rel_ladder5_4
Change Net Name : Old Net Name=NetK5_U_rel_ladder10_6 New Net Name=NetK5_U_rel_ladder5_6
Change Net Name : Old Net Name=NetK5_U_rel_ladder10_8 New Net Name=NetK5_U_rel_ladder5_8
Change Net Name : Old Net Name=NetK6_U_rel_ladder1_4 New Net Name=NetK6_U_rel_ladder6_4
Change Net Name : Old Net Name=NetK6_U_rel_ladder1_6 New Net Name=NetK6_U_rel_ladder6_6
Change Net Name : Old Net Name=NetK6_U_rel_ladder2_4 New Net Name=NetK6_U_rel_ladder7_4
Change Net Name : Old Net Name=NetK6_U_rel_ladder2_6 New Net Name=NetK6_U_rel_ladder7_6
Change Net Name : Old Net Name=NetK6_U_rel_ladder3_4 New Net Name=NetK6_U_rel_ladder8_4
Change Net Name : Old Net Name=NetK6_U_rel_ladder3_6 New Net Name=NetK6_U_rel_ladder8_6
Change Net Name : Old Net Name=NetK6_U_rel_ladder4_4 New Net Name=NetK6_U_rel_ladder9_4
Change Net Name : Old Net Name=NetK6_U_rel_ladder4_6 New Net Name=NetK6_U_rel_ladder9_6
Change Net Name : Old Net Name=NetK6_U_rel_ladder5_4 New Net Name=NetK6_U_rel_ladder10_4
Change Net Name : Old Net Name=NetK6_U_rel_ladder5_6 New Net Name=NetK6_U_rel_ladder10_6
Change Net Name : Old Net Name=NetK6_U_rel_ladder6_4 New Net Name=NetK6_U_rel_ladder1_4
Change Net Name : Old Net Name=NetK6_U_rel_ladder6_6 New Net Name=NetK6_U_rel_ladder1_6
Change Net Name : Old Net Name=NetK6_U_rel_ladder6_8 New Net Name=NetK6_U_rel_ladder1_8
Change Net Name : Old Net Name=NetK6_U_rel_ladder7_4 New Net Name=NetK6_U_rel_ladder2_4
Change Net Name : Old Net Name=NetK6_U_rel_ladder7_6 New Net Name=NetK6_U_rel_ladder2_6
Change Net Name : Old Net Name=NetK6_U_rel_ladder7_8 New Net Name=NetK6_U_rel_ladder2_8
Change Net Name : Old Net Name=NetK6_U_rel_ladder8_4 New Net Name=NetK6_U_rel_ladder3_4
Change Net Name : Old Net Name=NetK6_U_rel_ladder8_6 New Net Name=NetK6_U_rel_ladder3_6
Change Net Name : Old Net Name=NetK6_U_rel_ladder8_8 New Net Name=NetK6_U_rel_ladder3_8
Change Net Name : Old Net Name=NetK6_U_rel_ladder9_4 New Net Name=NetK6_U_rel_ladder4_4
Change Net Name : Old Net Name=NetK6_U_rel_ladder9_6 New Net Name=NetK6_U_rel_ladder4_6
Change Net Name : Old Net Name=NetK6_U_rel_ladder9_8 New Net Name=NetK6_U_rel_ladder4_8
Change Net Name : Old Net Name=NetK6_U_rel_ladder10_4 New Net Name=NetK6_U_rel_ladder5_4
Change Net Name : Old Net Name=NetK6_U_rel_ladder10_6 New Net Name=NetK6_U_rel_ladder5_6
Change Net Name : Old Net Name=NetK6_U_rel_ladder10_8 New Net Name=NetK6_U_rel_ladder5_8
Change Net Name : Old Net Name=NetK7_U_rel_ladder1_4 New Net Name=NetK7_U_rel_ladder6_4
Change Net Name : Old Net Name=NetK7_U_rel_ladder1_6 New Net Name=NetK7_U_rel_ladder6_6
Change Net Name : Old Net Name=NetK7_U_rel_ladder2_4 New Net Name=NetK7_U_rel_ladder7_4
Change Net Name : Old Net Name=NetK7_U_rel_ladder2_6 New Net Name=NetK7_U_rel_ladder7_6
Change Net Name : Old Net Name=NetK7_U_rel_ladder3_4 New Net Name=NetK7_U_rel_ladder8_4
Change Net Name : Old Net Name=NetK7_U_rel_ladder3_6 New Net Name=NetK7_U_rel_ladder8_6
Change Net Name : Old Net Name=NetK7_U_rel_ladder4_4 New Net Name=NetK7_U_rel_ladder9_4
Change Net Name : Old Net Name=NetK7_U_rel_ladder4_6 New Net Name=NetK7_U_rel_ladder9_6
Change Net Name : Old Net Name=NetK7_U_rel_ladder5_4 New Net Name=NetK7_U_rel_ladder10_4
Change Net Name : Old Net Name=NetK7_U_rel_ladder5_6 New Net Name=NetK7_U_rel_ladder10_6
Change Net Name : Old Net Name=NetK7_U_rel_ladder6_4 New Net Name=NetK7_U_rel_ladder1_4
Change Net Name : Old Net Name=NetK7_U_rel_ladder6_6 New Net Name=NetK7_U_rel_ladder1_6
Change Net Name : Old Net Name=NetK7_U_rel_ladder6_8 New Net Name=NetK7_U_rel_ladder1_8
Change Net Name : Old Net Name=NetK7_U_rel_ladder7_4 New Net Name=NetK7_U_rel_ladder2_4
Change Net Name : Old Net Name=NetK7_U_rel_ladder7_6 New Net Name=NetK7_U_rel_ladder2_6
Change Net Name : Old Net Name=NetK7_U_rel_ladder7_8 New Net Name=NetK7_U_rel_ladder2_8
Change Net Name : Old Net Name=NetK7_U_rel_ladder8_4 New Net Name=NetK7_U_rel_ladder3_4
Change Net Name : Old Net Name=NetK7_U_rel_ladder8_6 New Net Name=NetK7_U_rel_ladder3_6
Change Net Name : Old Net Name=NetK7_U_rel_ladder8_8 New Net Name=NetK7_U_rel_ladder3_8
Change Net Name : Old Net Name=NetK7_U_rel_ladder9_4 New Net Name=NetK7_U_rel_ladder4_4
Change Net Name : Old Net Name=NetK7_U_rel_ladder9_6 New Net Name=NetK7_U_rel_ladder4_6
Change Net Name : Old Net Name=NetK7_U_rel_ladder9_8 New Net Name=NetK7_U_rel_ladder4_8
Change Net Name : Old Net Name=NetK7_U_rel_ladder10_4 New Net Name=NetK7_U_rel_ladder5_4
Change Net Name : Old Net Name=NetK7_U_rel_ladder10_6 New Net Name=NetK7_U_rel_ladder5_6
Change Net Name : Old Net Name=NetK7_U_rel_ladder10_8 New Net Name=NetK7_U_rel_ladder5_8
Change Net Name : Old Net Name=NetK8_U_rel_ladder6_8 New Net Name=NetK8_U_rel_ladder1_8
Change Net Name : Old Net Name=NetK8_U_rel_ladder7_8 New Net Name=NetK8_U_rel_ladder2_8
Change Net Name : Old Net Name=NetK8_U_rel_ladder8_8 New Net Name=NetK8_U_rel_ladder3_8
Change Net Name : Old Net Name=NetK8_U_rel_ladder9_8 New Net Name=NetK8_U_rel_ladder4_8
Change Net Name : Old Net Name=NetK8_U_rel_ladder10_8 New Net Name=NetK8_U_rel_ladder5_8
Added Pin To Net: NetName=NetK1_U_rel_ladder6_8 Pin=K1_U_rel_ladder6-8
Added Pin To Net: NetName=NetK1_U_rel_ladder6_8 Pin=ULN12-10
Added Net: Name=NetK1_U_rel_ladder6_8
Added Pin To Net: NetName=NetK1_U_rel_ladder7_8 Pin=K1_U_rel_ladder7-8
Added Pin To Net: NetName=NetK1_U_rel_ladder7_8 Pin=ULN11-10
Added Net: Name=NetK1_U_rel_ladder7_8
Added Pin To Net: NetName=NetK1_U_rel_ladder8_8 Pin=K1_U_rel_ladder8-8
Added Pin To Net: NetName=NetK1_U_rel_ladder8_8 Pin=ULN10-10
Added Net: Name=NetK1_U_rel_ladder8_8
Added Pin To Net: NetName=NetK1_U_rel_ladder9_8 Pin=K1_U_rel_ladder9-8
Added Pin To Net: NetName=NetK1_U_rel_ladder9_8 Pin=ULN9-10
Added Net: Name=NetK1_U_rel_ladder9_8
Added Pin To Net: NetName=NetK1_U_rel_ladder10_8 Pin=K1_U_rel_ladder10-8
Added Pin To Net: NetName=NetK1_U_rel_ladder10_8 Pin=ULN8-10
Added Net: Name=NetK1_U_rel_ladder10_8
Added Pin To Net: NetName=NetK2_U_rel_ladder6_8 Pin=K2_U_rel_ladder6-8
Added Pin To Net: NetName=NetK2_U_rel_ladder6_8 Pin=ULN12-11
Added Net: Name=NetK2_U_rel_ladder6_8
Added Pin To Net: NetName=NetK2_U_rel_ladder7_8 Pin=K2_U_rel_ladder7-8
Added Pin To Net: NetName=NetK2_U_rel_ladder7_8 Pin=ULN11-11
Added Net: Name=NetK2_U_rel_ladder7_8
Added Pin To Net: NetName=NetK2_U_rel_ladder8_8 Pin=K2_U_rel_ladder8-8
Added Pin To Net: NetName=NetK2_U_rel_ladder8_8 Pin=ULN10-11
Added Net: Name=NetK2_U_rel_ladder8_8
Added Pin To Net: NetName=NetK2_U_rel_ladder9_8 Pin=K2_U_rel_ladder9-8
Added Pin To Net: NetName=NetK2_U_rel_ladder9_8 Pin=ULN9-11
Added Net: Name=NetK2_U_rel_ladder9_8
Added Pin To Net: NetName=NetK2_U_rel_ladder10_8 Pin=K2_U_rel_ladder10-8
Added Pin To Net: NetName=NetK2_U_rel_ladder10_8 Pin=ULN8-11
Added Net: Name=NetK2_U_rel_ladder10_8
Added Pin To Net: NetName=NetK3_U_rel_ladder6_8 Pin=K3_U_rel_ladder6-8
Added Pin To Net: NetName=NetK3_U_rel_ladder6_8 Pin=ULN12-12
Added Net: Name=NetK3_U_rel_ladder6_8
Added Pin To Net: NetName=NetK3_U_rel_ladder7_8 Pin=K3_U_rel_ladder7-8
Added Pin To Net: NetName=NetK3_U_rel_ladder7_8 Pin=ULN11-12
Added Net: Name=NetK3_U_rel_ladder7_8
Added Pin To Net: NetName=NetK3_U_rel_ladder8_8 Pin=K3_U_rel_ladder8-8
Added Pin To Net: NetName=NetK3_U_rel_ladder8_8 Pin=ULN10-12
Added Net: Name=NetK3_U_rel_ladder8_8
Added Pin To Net: NetName=NetK3_U_rel_ladder9_8 Pin=K3_U_rel_ladder9-8
Added Pin To Net: NetName=NetK3_U_rel_ladder9_8 Pin=ULN9-12
Added Net: Name=NetK3_U_rel_ladder9_8
Added Pin To Net: NetName=NetK3_U_rel_ladder10_8 Pin=K3_U_rel_ladder10-8
Added Pin To Net: NetName=NetK3_U_rel_ladder10_8 Pin=ULN8-12
Added Net: Name=NetK3_U_rel_ladder10_8
Added Pin To Net: NetName=NetK4_U_rel_ladder6_8 Pin=K4_U_rel_ladder6-8
Added Pin To Net: NetName=NetK4_U_rel_ladder6_8 Pin=ULN12-13
Added Net: Name=NetK4_U_rel_ladder6_8
Added Pin To Net: NetName=NetK4_U_rel_ladder7_8 Pin=K4_U_rel_ladder7-8
Added Pin To Net: NetName=NetK4_U_rel_ladder7_8 Pin=ULN11-13
Added Net: Name=NetK4_U_rel_ladder7_8
Added Pin To Net: NetName=NetK4_U_rel_ladder8_8 Pin=K4_U_rel_ladder8-8
Added Pin To Net: NetName=NetK4_U_rel_ladder8_8 Pin=ULN10-13
Added Net: Name=NetK4_U_rel_ladder8_8
Added Pin To Net: NetName=NetK4_U_rel_ladder9_8 Pin=K4_U_rel_ladder9-8
Added Pin To Net: NetName=NetK4_U_rel_ladder9_8 Pin=ULN9-13
Added Net: Name=NetK4_U_rel_ladder9_8
Added Pin To Net: NetName=NetK4_U_rel_ladder10_8 Pin=K4_U_rel_ladder10-8
Added Pin To Net: NetName=NetK4_U_rel_ladder10_8 Pin=ULN8-13
Added Net: Name=NetK4_U_rel_ladder10_8
Added Pin To Net: NetName=NetK5_U_rel_ladder6_8 Pin=K5_U_rel_ladder6-8
Added Pin To Net: NetName=NetK5_U_rel_ladder6_8 Pin=ULN12-14
Added Net: Name=NetK5_U_rel_ladder6_8
Added Pin To Net: NetName=NetK5_U_rel_ladder7_8 Pin=K5_U_rel_ladder7-8
Added Pin To Net: NetName=NetK5_U_rel_ladder7_8 Pin=ULN11-14
Added Net: Name=NetK5_U_rel_ladder7_8
Added Pin To Net: NetName=NetK5_U_rel_ladder8_8 Pin=K5_U_rel_ladder8-8
Added Pin To Net: NetName=NetK5_U_rel_ladder8_8 Pin=ULN10-14
Added Net: Name=NetK5_U_rel_ladder8_8
Added Pin To Net: NetName=NetK5_U_rel_ladder9_8 Pin=K5_U_rel_ladder9-8
Added Pin To Net: NetName=NetK5_U_rel_ladder9_8 Pin=ULN9-14
Added Net: Name=NetK5_U_rel_ladder9_8
Added Pin To Net: NetName=NetK5_U_rel_ladder10_8 Pin=K5_U_rel_ladder10-8
Added Pin To Net: NetName=NetK5_U_rel_ladder10_8 Pin=ULN8-14
Added Net: Name=NetK5_U_rel_ladder10_8
Added Pin To Net: NetName=NetK6_U_rel_ladder6_8 Pin=K6_U_rel_ladder6-8
Added Pin To Net: NetName=NetK6_U_rel_ladder6_8 Pin=ULN12-15
Added Net: Name=NetK6_U_rel_ladder6_8
Added Pin To Net: NetName=NetK6_U_rel_ladder7_8 Pin=K6_U_rel_ladder7-8
Added Pin To Net: NetName=NetK6_U_rel_ladder7_8 Pin=ULN11-15
Added Net: Name=NetK6_U_rel_ladder7_8
Added Pin To Net: NetName=NetK6_U_rel_ladder8_8 Pin=K6_U_rel_ladder8-8
Added Pin To Net: NetName=NetK6_U_rel_ladder8_8 Pin=ULN10-15
Added Net: Name=NetK6_U_rel_ladder8_8
Added Pin To Net: NetName=NetK6_U_rel_ladder9_8 Pin=K6_U_rel_ladder9-8
Added Pin To Net: NetName=NetK6_U_rel_ladder9_8 Pin=ULN9-15
Added Net: Name=NetK6_U_rel_ladder9_8
Added Pin To Net: NetName=NetK6_U_rel_ladder10_8 Pin=K6_U_rel_ladder10-8
Added Pin To Net: NetName=NetK6_U_rel_ladder10_8 Pin=ULN8-15
Added Net: Name=NetK6_U_rel_ladder10_8
Added Pin To Net: NetName=NetK7_U_rel_ladder6_8 Pin=K7_U_rel_ladder6-8
Added Pin To Net: NetName=NetK7_U_rel_ladder6_8 Pin=ULN12-16
Added Net: Name=NetK7_U_rel_ladder6_8
Added Pin To Net: NetName=NetK7_U_rel_ladder7_8 Pin=K7_U_rel_ladder7-8
Added Pin To Net: NetName=NetK7_U_rel_ladder7_8 Pin=ULN11-16
Added Net: Name=NetK7_U_rel_ladder7_8
Added Pin To Net: NetName=NetK7_U_rel_ladder8_8 Pin=K7_U_rel_ladder8-8
Added Pin To Net: NetName=NetK7_U_rel_ladder8_8 Pin=ULN10-16
Added Net: Name=NetK7_U_rel_ladder8_8
Added Pin To Net: NetName=NetK7_U_rel_ladder9_8 Pin=K7_U_rel_ladder9-8
Added Pin To Net: NetName=NetK7_U_rel_ladder9_8 Pin=ULN9-16
Added Net: Name=NetK7_U_rel_ladder9_8
Added Pin To Net: NetName=NetK7_U_rel_ladder10_8 Pin=K7_U_rel_ladder10-8
Added Pin To Net: NetName=NetK7_U_rel_ladder10_8 Pin=ULN8-16
Added Net: Name=NetK7_U_rel_ladder10_8
Added Pin To Net: NetName=NetK8_U_rel_ladder6_8 Pin=K8_U_rel_ladder6-8
Added Pin To Net: NetName=NetK8_U_rel_ladder6_8 Pin=ULN12-17
Added Net: Name=NetK8_U_rel_ladder6_8
Added Pin To Net: NetName=NetK8_U_rel_ladder7_8 Pin=K8_U_rel_ladder7-8
Added Pin To Net: NetName=NetK8_U_rel_ladder7_8 Pin=ULN11-17
Added Net: Name=NetK8_U_rel_ladder7_8
Added Pin To Net: NetName=NetK8_U_rel_ladder8_8 Pin=K8_U_rel_ladder8-8
Added Pin To Net: NetName=NetK8_U_rel_ladder8_8 Pin=ULN10-17
Added Net: Name=NetK8_U_rel_ladder8_8
Added Pin To Net: NetName=NetK8_U_rel_ladder9_8 Pin=K8_U_rel_ladder9-8
Added Pin To Net: NetName=NetK8_U_rel_ladder9_8 Pin=ULN9-17
Added Net: Name=NetK8_U_rel_ladder9_8
Added Pin To Net: NetName=NetK8_U_rel_ladder10_8 Pin=K8_U_rel_ladder10-8
Added Pin To Net: NetName=NetK8_U_rel_ladder10_8 Pin=ULN8-17
Added Net: Name=NetK8_U_rel_ladder10_8
