Removed Member From Class: ClassName=U_rel_ladder9 Member=J2_U_rel_ladder2
Removed Member From Class: ClassName=U_rel_ladder8 Member=J2_U_rel_ladder3
Removed Member From Class: ClassName=U_rel_ladder6 Member=J2_U_rel_ladder5
Removed Member From Class: ClassName=U_rel_ladder4 Member=J2_U_rel_ladder7
Removed Member From Class: ClassName=U_rel_ladder9 Member=K1_U_rel_ladder2
Removed Member From Class: ClassName=U_rel_ladder8 Member=K1_U_rel_ladder3
Removed Member From Class: ClassName=U_rel_ladder7 Member=K1_U_rel_ladder4
Removed Member From Class: ClassName=U_rel_ladder6 Member=K1_U_rel_ladder5
Removed Member From Class: ClassName=U_rel_ladder7 Member=K2_U_rel_ladder4
Removed Member From Class: ClassName=U_rel_ladder6 Member=K2_U_rel_ladder5
Removed Member From Class: ClassName=U_rel_ladder3 Member=K2_U_rel_ladder8
Removed Member From Class: ClassName=U_rel_ladder2 Member=K2_U_rel_ladder9
Removed Member From Class: ClassName=U_rel_ladder8 Member=K3_U_rel_ladder3
Removed Member From Class: ClassName=U_rel_ladder6 Member=K3_U_rel_ladder5
Removed Member From Class: ClassName=U_rel_ladder4 Member=K3_U_rel_ladder7
Removed Member From Class: ClassName=U_rel_ladder2 Member=K3_U_rel_ladder9
Removed Member From Class: ClassName=U_rel_ladder9 Member=K4_U_rel_ladder2
Removed Member From Class: ClassName=U_rel_ladder8 Member=K4_U_rel_ladder3
Removed Member From Class: ClassName=U_rel_ladder7 Member=K4_U_rel_ladder4
Removed Member From Class: ClassName=U_rel_ladder6 Member=K4_U_rel_ladder5
Removed Member From Class: ClassName=U_rel_ladder9 Member=K5_U_rel_ladder2
Removed Member From Class: ClassName=U_rel_ladder8 Member=K5_U_rel_ladder3
Removed Member From Class: ClassName=U_rel_ladder6 Member=K5_U_rel_ladder5
Removed Member From Class: ClassName=U_rel_ladder4 Member=K5_U_rel_ladder7
Removed Member From Class: ClassName=U_rel_ladder9 Member=K6_U_rel_ladder2
Removed Member From Class: ClassName=U_rel_ladder8 Member=K6_U_rel_ladder3
Removed Member From Class: ClassName=U_rel_ladder7 Member=K6_U_rel_ladder4
Removed Member From Class: ClassName=U_rel_ladder5 Member=K6_U_rel_ladder6
Removed Member From Class: ClassName=U_rel_ladder8 Member=K7_U_rel_ladder3
Removed Member From Class: ClassName=U_rel_ladder7 Member=K7_U_rel_ladder4
Removed Member From Class: ClassName=U_rel_ladder5 Member=K7_U_rel_ladder6
Removed Member From Class: ClassName=U_rel_ladder2 Member=K7_U_rel_ladder9
Removed Member From Class: ClassName=U_rel_ladder8 Member=K8_U_rel_ladder3
Removed Member From Class: ClassName=U_rel_ladder7 Member=K8_U_rel_ladder4
Removed Member From Class: ClassName=U_rel_ladder5 Member=K8_U_rel_ladder6
Removed Member From Class: ClassName=U_rel_ladder2 Member=K8_U_rel_ladder9
Removed Member From Class: ClassName=U_rel_ladder8 Member=R1_U_rel_ladder3
Removed Member From Class: ClassName=U_rel_ladder6 Member=R1_U_rel_ladder5
Removed Member From Class: ClassName=U_rel_ladder4 Member=R1_U_rel_ladder7
Removed Member From Class: ClassName=U_rel_ladder2 Member=R1_U_rel_ladder9
Removed Member From Class: ClassName=U_rel_ladder9 Member=R2_U_rel_ladder2
Removed Member From Class: ClassName=U_rel_ladder8 Member=R2_U_rel_ladder3
Removed Member From Class: ClassName=U_rel_ladder7 Member=R2_U_rel_ladder4
Removed Member From Class: ClassName=U_rel_ladder5 Member=R2_U_rel_ladder6
Removed Member From Class: ClassName=U_rel_ladder8 Member=R3_U_rel_ladder3
Removed Member From Class: ClassName=U_rel_ladder6 Member=R3_U_rel_ladder5
Removed Member From Class: ClassName=U_rel_ladder4 Member=R3_U_rel_ladder7
Removed Member From Class: ClassName=U_rel_ladder2 Member=R3_U_rel_ladder9
Removed Member From Class: ClassName=U_rel_ladder9 Member=R4_U_rel_ladder2
Removed Member From Class: ClassName=U_rel_ladder8 Member=R4_U_rel_ladder3
Removed Member From Class: ClassName=U_rel_ladder7 Member=R4_U_rel_ladder4
Removed Member From Class: ClassName=U_rel_ladder5 Member=R4_U_rel_ladder6
Removed Member From Class: ClassName=U_rel_ladder9 Member=R5_U_rel_ladder2
Removed Member From Class: ClassName=U_rel_ladder7 Member=R5_U_rel_ladder4
Removed Member From Class: ClassName=U_rel_ladder5 Member=R5_U_rel_ladder6
Removed Member From Class: ClassName=U_rel_ladder3 Member=R5_U_rel_ladder8
Removed Member From Class: ClassName=U_rel_ladder9 Member=R6_U_rel_ladder2
Removed Member From Class: ClassName=U_rel_ladder7 Member=R6_U_rel_ladder4
Removed Member From Class: ClassName=U_rel_ladder5 Member=R6_U_rel_ladder6
Removed Member From Class: ClassName=U_rel_ladder3 Member=R6_U_rel_ladder8
Removed Member From Class: ClassName=U_rel_ladder8 Member=R7_U_rel_ladder3
Removed Member From Class: ClassName=U_rel_ladder6 Member=R7_U_rel_ladder5
Removed Member From Class: ClassName=U_rel_ladder4 Member=R7_U_rel_ladder7
Removed Member From Class: ClassName=U_rel_ladder2 Member=R7_U_rel_ladder9
Removed Member From Class: ClassName=U_rel_ladder7 Member=R8_U_rel_ladder4
Removed Member From Class: ClassName=U_rel_ladder5 Member=R8_U_rel_ladder6
Removed Member From Class: ClassName=U_rel_ladder3 Member=R8_U_rel_ladder8
Removed Member From Class: ClassName=U_rel_ladder2 Member=R8_U_rel_ladder9
Removed Member From Class: ClassName=U_rel_ladder8 Member=R9_U_rel_ladder3
Removed Member From Class: ClassName=U_rel_ladder7 Member=R9_U_rel_ladder4
Removed Member From Class: ClassName=U_rel_ladder6 Member=R9_U_rel_ladder5
Removed Member From Class: ClassName=U_rel_ladder2 Member=R9_U_rel_ladder9
Removed Member From Class: ClassName=U_rel_ladder9 Member=R10_U_rel_ladder2
Removed Member From Class: ClassName=U_rel_ladder8 Member=R10_U_rel_ladder3
Removed Member From Class: ClassName=U_rel_ladder7 Member=R10_U_rel_ladder4
Removed Member From Class: ClassName=U_rel_ladder6 Member=R10_U_rel_ladder5
Removed Member From Class: ClassName=U_rel_ladder9 Member=R11_U_rel_ladder2
Removed Member From Class: ClassName=U_rel_ladder7 Member=R11_U_rel_ladder4
Removed Member From Class: ClassName=U_rel_ladder5 Member=R11_U_rel_ladder6
Removed Member From Class: ClassName=U_rel_ladder3 Member=R11_U_rel_ladder8
Removed Member From Class: ClassName=U_rel_ladder9 Member=R12_U_rel_ladder2
Removed Member From Class: ClassName=U_rel_ladder8 Member=R12_U_rel_ladder3
Removed Member From Class: ClassName=U_rel_ladder7 Member=R12_U_rel_ladder4
Removed Member From Class: ClassName=U_rel_ladder5 Member=R12_U_rel_ladder6
Removed Member From Class: ClassName=U_rel_ladder7 Member=R13_U_rel_ladder4
Removed Member From Class: ClassName=U_rel_ladder5 Member=R13_U_rel_ladder6
Removed Member From Class: ClassName=U_rel_ladder3 Member=R13_U_rel_ladder8
Removed Member From Class: ClassName=U_rel_ladder2 Member=R13_U_rel_ladder9
Removed Member From Class: ClassName=U_rel_ladder9 Member=R14_U_rel_ladder2
Removed Member From Class: ClassName=U_rel_ladder8 Member=R14_U_rel_ladder3
Removed Member From Class: ClassName=U_rel_ladder7 Member=R14_U_rel_ladder4
Removed Member From Class: ClassName=U_rel_ladder6 Member=R14_U_rel_ladder5
Removed Member From Class: ClassName=U_rel_ladder9 Member=R15_U_rel_ladder2
Removed Member From Class: ClassName=U_rel_ladder8 Member=R15_U_rel_ladder3
Removed Member From Class: ClassName=U_rel_ladder7 Member=R15_U_rel_ladder4
Removed Member From Class: ClassName=U_rel_ladder5 Member=R15_U_rel_ladder6
Removed Member From Class: ClassName=U_rel_ladder9 Member=R16_U_rel_ladder2
Removed Member From Class: ClassName=U_rel_ladder7 Member=R16_U_rel_ladder4
Removed Member From Class: ClassName=U_rel_ladder6 Member=R16_U_rel_ladder5
Removed Member From Class: ClassName=U_rel_ladder3 Member=R16_U_rel_ladder8
Change Component Designator: OldDesignator=J2_U_rel_ladder NewDesignator=J2_U_rel_ladder10
Change Component Designator: OldDesignator=K1_U_rel_ladder NewDesignator=K1_U_rel_ladder10
Change Component Designator: OldDesignator=K2_U_rel_ladder NewDesignator=K2_U_rel_ladder10
Change Component Designator: OldDesignator=K3_U_rel_ladder NewDesignator=K3_U_rel_ladder10
Change Component Designator: OldDesignator=K4_U_rel_ladder NewDesignator=K4_U_rel_ladder10
Change Component Designator: OldDesignator=K5_U_rel_ladder NewDesignator=K5_U_rel_ladder10
Change Component Designator: OldDesignator=K6_U_rel_ladder NewDesignator=K6_U_rel_ladder10
Change Component Designator: OldDesignator=K7_U_rel_ladder NewDesignator=K7_U_rel_ladder10
Change Component Designator: OldDesignator=K8_U_rel_ladder NewDesignator=K8_U_rel_ladder10
Change Component Designator: OldDesignator=R1_U_rel_ladder NewDesignator=R1_U_rel_ladder10
Change Component Designator: OldDesignator=R2_U_rel_ladder NewDesignator=R2_U_rel_ladder10
Change Component Designator: OldDesignator=R3_U_rel_ladder NewDesignator=R3_U_rel_ladder10
Change Component Designator: OldDesignator=R4_U_rel_ladder NewDesignator=R4_U_rel_ladder10
Change Component Designator: OldDesignator=R5_U_rel_ladder NewDesignator=R5_U_rel_ladder10
Change Component Designator: OldDesignator=R6_U_rel_ladder NewDesignator=R6_U_rel_ladder10
Change Component Designator: OldDesignator=R7_U_rel_ladder NewDesignator=R7_U_rel_ladder10
Change Component Designator: OldDesignator=R8_U_rel_ladder NewDesignator=R8_U_rel_ladder10
Change Component Designator: OldDesignator=R9_U_rel_ladder NewDesignator=R9_U_rel_ladder10
Change Component Designator: OldDesignator=R10_U_rel_ladder NewDesignator=R10_U_rel_ladder10
Change Component Designator: OldDesignator=R11_U_rel_ladder NewDesignator=R11_U_rel_ladder10
Change Component Designator: OldDesignator=R12_U_rel_ladder NewDesignator=R12_U_rel_ladder10
Change Component Designator: OldDesignator=R13_U_rel_ladder NewDesignator=R13_U_rel_ladder10
Change Component Designator: OldDesignator=R14_U_rel_ladder NewDesignator=R14_U_rel_ladder10
Change Component Designator: OldDesignator=R15_U_rel_ladder NewDesignator=R15_U_rel_ladder10
Change Component Designator: OldDesignator=R16_U_rel_ladder NewDesignator=R16_U_rel_ladder10
Change Net Name : Old Net Name=NetK1_U_rel_ladder_4 New Net Name=NetK1_U_rel_ladder10_4
Change Net Name : Old Net Name=NetK1_U_rel_ladder_6 New Net Name=NetK1_U_rel_ladder10_6
Change Net Name : Old Net Name=NetK1_U_rel_ladder_8 New Net Name=NetK1_U_rel_ladder10_8
Change Net Name : Old Net Name=NetK2_U_rel_ladder_4 New Net Name=NetK2_U_rel_ladder10_4
Change Net Name : Old Net Name=NetK2_U_rel_ladder_6 New Net Name=NetK2_U_rel_ladder10_6
Change Net Name : Old Net Name=NetK2_U_rel_ladder_8 New Net Name=NetK2_U_rel_ladder10_8
Change Net Name : Old Net Name=NetK3_U_rel_ladder_4 New Net Name=NetK3_U_rel_ladder10_4
Change Net Name : Old Net Name=NetK3_U_rel_ladder_6 New Net Name=NetK3_U_rel_ladder10_6
Change Net Name : Old Net Name=NetK3_U_rel_ladder_8 New Net Name=NetK3_U_rel_ladder10_8
Change Net Name : Old Net Name=NetK4_U_rel_ladder_4 New Net Name=NetK4_U_rel_ladder10_4
Change Net Name : Old Net Name=NetK4_U_rel_ladder_6 New Net Name=NetK4_U_rel_ladder10_6
Change Net Name : Old Net Name=NetK4_U_rel_ladder_8 New Net Name=NetK4_U_rel_ladder10_8
Change Net Name : Old Net Name=NetK5_U_rel_ladder_4 New Net Name=NetK5_U_rel_ladder10_4
Change Net Name : Old Net Name=NetK5_U_rel_ladder_6 New Net Name=NetK5_U_rel_ladder10_6
Change Net Name : Old Net Name=NetK5_U_rel_ladder_8 New Net Name=NetK5_U_rel_ladder10_8
Change Net Name : Old Net Name=NetK6_U_rel_ladder_4 New Net Name=NetK6_U_rel_ladder10_4
Change Net Name : Old Net Name=NetK6_U_rel_ladder_6 New Net Name=NetK6_U_rel_ladder10_6
Change Net Name : Old Net Name=NetK6_U_rel_ladder_8 New Net Name=NetK6_U_rel_ladder10_8
Change Net Name : Old Net Name=NetK7_U_rel_ladder_4 New Net Name=NetK7_U_rel_ladder10_4
Change Net Name : Old Net Name=NetK7_U_rel_ladder_6 New Net Name=NetK7_U_rel_ladder10_6
Change Net Name : Old Net Name=NetK7_U_rel_ladder_8 New Net Name=NetK7_U_rel_ladder10_8
Change Net Name : Old Net Name=NetK8_U_rel_ladder_8 New Net Name=NetK8_U_rel_ladder10_8
Change Class Name : Old Net Name=U_rel_ladder1 New Net Name=U_rel_ladder10
Added Class: Name=U_rel_ladder1
Added Member To Class: ClassName=U_rel_ladder4 Member=Component J2_U_rel_ladder4 (J2) JMP_mini
Added Member To Class: ClassName=U_rel_ladder6 Member=Component J2_U_rel_ladder6 (J2) JMP_mini
Added Member To Class: ClassName=U_rel_ladder8 Member=Component J2_U_rel_ladder8 (J2) JMP_mini
Added Member To Class: ClassName=U_rel_ladder9 Member=Component J2_U_rel_ladder9 (J2) JMP_mini
Added Member To Class: ClassName=U_rel_ladder6 Member=Component K1_U_rel_ladder6 (K1) DPDT
Added Member To Class: ClassName=U_rel_ladder7 Member=Component K1_U_rel_ladder7 (K1) DPDT
Added Member To Class: ClassName=U_rel_ladder8 Member=Component K1_U_rel_ladder8 (K1) DPDT
Added Member To Class: ClassName=U_rel_ladder9 Member=Component K1_U_rel_ladder9 (K1) DPDT
Added Member To Class: ClassName=U_rel_ladder2 Member=Component K2_U_rel_ladder2 (K2) DPDT
Added Member To Class: ClassName=U_rel_ladder3 Member=Component K2_U_rel_ladder3 (K2) DPDT
Added Member To Class: ClassName=U_rel_ladder6 Member=Component K2_U_rel_ladder6 (K2) DPDT
Added Member To Class: ClassName=U_rel_ladder7 Member=Component K2_U_rel_ladder7 (K2) DPDT
Added Member To Class: ClassName=U_rel_ladder2 Member=Component K3_U_rel_ladder2 (K3) DPDT
Added Member To Class: ClassName=U_rel_ladder4 Member=Component K3_U_rel_ladder4 (K3) DPDT
Added Member To Class: ClassName=U_rel_ladder6 Member=Component K3_U_rel_ladder6 (K3) DPDT
Added Member To Class: ClassName=U_rel_ladder8 Member=Component K3_U_rel_ladder8 (K3) DPDT
Added Member To Class: ClassName=U_rel_ladder6 Member=Component K4_U_rel_ladder6 (K4) DPDT
Added Member To Class: ClassName=U_rel_ladder7 Member=Component K4_U_rel_ladder7 (K4) DPDT
Added Member To Class: ClassName=U_rel_ladder8 Member=Component K4_U_rel_ladder8 (K4) DPDT
Added Member To Class: ClassName=U_rel_ladder9 Member=Component K4_U_rel_ladder9 (K4) DPDT
Added Member To Class: ClassName=U_rel_ladder4 Member=Component K5_U_rel_ladder4 (K5) DPDT
Added Member To Class: ClassName=U_rel_ladder6 Member=Component K5_U_rel_ladder6 (K5) DPDT
Added Member To Class: ClassName=U_rel_ladder8 Member=Component K5_U_rel_ladder8 (K5) DPDT
Added Member To Class: ClassName=U_rel_ladder9 Member=Component K5_U_rel_ladder9 (K5) DPDT
Added Member To Class: ClassName=U_rel_ladder5 Member=Component K6_U_rel_ladder5 (K6) DPDT
Added Member To Class: ClassName=U_rel_ladder7 Member=Component K6_U_rel_ladder7 (K6) DPDT
Added Member To Class: ClassName=U_rel_ladder8 Member=Component K6_U_rel_ladder8 (K6) DPDT
Added Member To Class: ClassName=U_rel_ladder9 Member=Component K6_U_rel_ladder9 (K6) DPDT
Added Member To Class: ClassName=U_rel_ladder2 Member=Component K7_U_rel_ladder2 (K7) DPDT
Added Member To Class: ClassName=U_rel_ladder5 Member=Component K7_U_rel_ladder5 (K7) DPDT
Added Member To Class: ClassName=U_rel_ladder7 Member=Component K7_U_rel_ladder7 (K7) DPDT
Added Member To Class: ClassName=U_rel_ladder8 Member=Component K7_U_rel_ladder8 (K7) DPDT
Added Member To Class: ClassName=U_rel_ladder2 Member=Component K8_U_rel_ladder2 (K8) DPDT
Added Member To Class: ClassName=U_rel_ladder5 Member=Component K8_U_rel_ladder5 (K8) DPDT
Added Member To Class: ClassName=U_rel_ladder7 Member=Component K8_U_rel_ladder7 (K8) DPDT
Added Member To Class: ClassName=U_rel_ladder8 Member=Component K8_U_rel_ladder8 (K8) DPDT
Added Member To Class: ClassName=U_rel_ladder2 Member=Component R1_U_rel_ladder2 (R1) R/2
Added Member To Class: ClassName=U_rel_ladder4 Member=Component R1_U_rel_ladder4 (R1) R/2
Added Member To Class: ClassName=U_rel_ladder6 Member=Component R1_U_rel_ladder6 (R1) R/2
Added Member To Class: ClassName=U_rel_ladder8 Member=Component R1_U_rel_ladder8 (R1) R/2
Added Member To Class: ClassName=U_rel_ladder5 Member=Component R2_U_rel_ladder5 (R2) R/2
Added Member To Class: ClassName=U_rel_ladder7 Member=Component R2_U_rel_ladder7 (R2) R/2
Added Member To Class: ClassName=U_rel_ladder8 Member=Component R2_U_rel_ladder8 (R2) R/2
Added Member To Class: ClassName=U_rel_ladder9 Member=Component R2_U_rel_ladder9 (R2) R/2
Added Member To Class: ClassName=U_rel_ladder2 Member=Component R3_U_rel_ladder2 (R3) R/4
Added Member To Class: ClassName=U_rel_ladder4 Member=Component R3_U_rel_ladder4 (R3) R/4
Added Member To Class: ClassName=U_rel_ladder6 Member=Component R3_U_rel_ladder6 (R3) R/4
Added Member To Class: ClassName=U_rel_ladder8 Member=Component R3_U_rel_ladder8 (R3) R/4
Added Member To Class: ClassName=U_rel_ladder5 Member=Component R4_U_rel_ladder5 (R4) R/4
Added Member To Class: ClassName=U_rel_ladder7 Member=Component R4_U_rel_ladder7 (R4) R/4
Added Member To Class: ClassName=U_rel_ladder8 Member=Component R4_U_rel_ladder8 (R4) R/4
Added Member To Class: ClassName=U_rel_ladder9 Member=Component R4_U_rel_ladder9 (R4) R/4
Added Member To Class: ClassName=U_rel_ladder3 Member=Component R5_U_rel_ladder3 (R5) R/8
Added Member To Class: ClassName=U_rel_ladder5 Member=Component R5_U_rel_ladder5 (R5) R/8
Added Member To Class: ClassName=U_rel_ladder7 Member=Component R5_U_rel_ladder7 (R5) R/8
Added Member To Class: ClassName=U_rel_ladder9 Member=Component R5_U_rel_ladder9 (R5) R/8
Added Member To Class: ClassName=U_rel_ladder3 Member=Component R6_U_rel_ladder3 (R6) R/8
Added Member To Class: ClassName=U_rel_ladder5 Member=Component R6_U_rel_ladder5 (R6) R/8
Added Member To Class: ClassName=U_rel_ladder7 Member=Component R6_U_rel_ladder7 (R6) R/8
Added Member To Class: ClassName=U_rel_ladder9 Member=Component R6_U_rel_ladder9 (R6) R/8
Added Member To Class: ClassName=U_rel_ladder2 Member=Component R7_U_rel_ladder2 (R7) R/16
Added Member To Class: ClassName=U_rel_ladder4 Member=Component R7_U_rel_ladder4 (R7) R/16
Added Member To Class: ClassName=U_rel_ladder6 Member=Component R7_U_rel_ladder6 (R7) R/16
Added Member To Class: ClassName=U_rel_ladder8 Member=Component R7_U_rel_ladder8 (R7) R/16
Added Member To Class: ClassName=U_rel_ladder2 Member=Component R8_U_rel_ladder2 (R8) R/16
Added Member To Class: ClassName=U_rel_ladder3 Member=Component R8_U_rel_ladder3 (R8) R/16
Added Member To Class: ClassName=U_rel_ladder5 Member=Component R8_U_rel_ladder5 (R8) R/16
Added Member To Class: ClassName=U_rel_ladder7 Member=Component R8_U_rel_ladder7 (R8) R/16
Added Member To Class: ClassName=U_rel_ladder2 Member=Component R9_U_rel_ladder2 (R9) R/32
Added Member To Class: ClassName=U_rel_ladder6 Member=Component R9_U_rel_ladder6 (R9) R/32
Added Member To Class: ClassName=U_rel_ladder7 Member=Component R9_U_rel_ladder7 (R9) R/32
Added Member To Class: ClassName=U_rel_ladder8 Member=Component R9_U_rel_ladder8 (R9) R/32
Added Member To Class: ClassName=U_rel_ladder6 Member=Component R10_U_rel_ladder6 (R10) R/32
Added Member To Class: ClassName=U_rel_ladder7 Member=Component R10_U_rel_ladder7 (R10) R/32
Added Member To Class: ClassName=U_rel_ladder8 Member=Component R10_U_rel_ladder8 (R10) R/32
Added Member To Class: ClassName=U_rel_ladder9 Member=Component R10_U_rel_ladder9 (R10) R/32
Added Member To Class: ClassName=U_rel_ladder3 Member=Component R11_U_rel_ladder3 (R11) R/64
Added Member To Class: ClassName=U_rel_ladder5 Member=Component R11_U_rel_ladder5 (R11) R/64
Added Member To Class: ClassName=U_rel_ladder7 Member=Component R11_U_rel_ladder7 (R11) R/64
Added Member To Class: ClassName=U_rel_ladder9 Member=Component R11_U_rel_ladder9 (R11) R/64
Added Member To Class: ClassName=U_rel_ladder5 Member=Component R12_U_rel_ladder5 (R12) R/64
Added Member To Class: ClassName=U_rel_ladder7 Member=Component R12_U_rel_ladder7 (R12) R/64
Added Member To Class: ClassName=U_rel_ladder8 Member=Component R12_U_rel_ladder8 (R12) R/64
Added Member To Class: ClassName=U_rel_ladder9 Member=Component R12_U_rel_ladder9 (R12) R/64
Added Member To Class: ClassName=U_rel_ladder2 Member=Component R13_U_rel_ladder2 (R13) R/128
Added Member To Class: ClassName=U_rel_ladder3 Member=Component R13_U_rel_ladder3 (R13) R/128
Added Member To Class: ClassName=U_rel_ladder5 Member=Component R13_U_rel_ladder5 (R13) R/128
Added Member To Class: ClassName=U_rel_ladder7 Member=Component R13_U_rel_ladder7 (R13) R/128
Added Member To Class: ClassName=U_rel_ladder6 Member=Component R14_U_rel_ladder6 (R14) R/128
Added Member To Class: ClassName=U_rel_ladder7 Member=Component R14_U_rel_ladder7 (R14) R/128
Added Member To Class: ClassName=U_rel_ladder8 Member=Component R14_U_rel_ladder8 (R14) R/128
Added Member To Class: ClassName=U_rel_ladder9 Member=Component R14_U_rel_ladder9 (R14) R/128
Added Member To Class: ClassName=U_rel_ladder5 Member=Component R15_U_rel_ladder5 (R15) R/256
Added Member To Class: ClassName=U_rel_ladder7 Member=Component R15_U_rel_ladder7 (R15) R/256
Added Member To Class: ClassName=U_rel_ladder8 Member=Component R15_U_rel_ladder8 (R15) R/256
Added Member To Class: ClassName=U_rel_ladder9 Member=Component R15_U_rel_ladder9 (R15) R/256
Added Member To Class: ClassName=U_rel_ladder3 Member=Component R16_U_rel_ladder3 (R16) R/256
Added Member To Class: ClassName=U_rel_ladder6 Member=Component R16_U_rel_ladder6 (R16) R/256
Added Member To Class: ClassName=U_rel_ladder7 Member=Component R16_U_rel_ladder7 (R16) R/256
Added Member To Class: ClassName=U_rel_ladder9 Member=Component R16_U_rel_ladder9 (R16) R/256
Added Room: Name=POT 10x8
Added Room: Name=U_rel_ladder10
