Added Component: Designator=C1(R1005_0402i_L)
Added Component: Designator=C2(R1005_0402i_L)
Added Component: Designator=C3(R1005_0402i_L)
Added Component: Designator=C4(R1005_0402i_L)
Added Component: Designator=C5(R1005_0402i_L)
Added Component: Designator=C6(C1608_0603I_L)
Added Component: Designator=C7(R1005_0402i_L)
Added Component: Designator=C8(R1005_0402i_L)
Added Component: Designator=C9(R1005_0402i_L)
Added Component: Designator=C10(C AlElko 5x11 R2)
Added Component: Designator=C11(C AlElko 5x11 R2)
Added Component: Designator=C12(R1005_0402i_L)
Added Component: Designator=C13(R1005_0402i_L)
Added Component: Designator=C14(R1005_0402i_L)
Added Component: Designator=FB1(R1608_0603I_L)
Added Component: Designator=J1(solderJumper)
Added Component: Designator=K1(AXICOM IM-G Relay)
Add component (AddParameter): Name = "Farnell ID"; Value = "1175070"; VariantName = "[No Variations]"
Add component (AddParameter): Name = "URL"; Value = "http://si.farnell.com/te-connectivity-axicom/im06gr/relay-gull-wing-dpco-12vdc-2a/dp/1175070"; VariantName = "[No Variations]"
Added Component: Designator=K2(AXICOM IM-G Relay)
Add component (AddParameter): Name = "Farnell ID"; Value = "1175070"; VariantName = "[No Variations]"
Add component (AddParameter): Name = "URL"; Value = "http://si.farnell.com/te-connectivity-axicom/im06gr/relay-gull-wing-dpco-12vdc-2a/dp/1175070"; VariantName = "[No Variations]"
Added Component: Designator=K3(AXICOM IM-G Relay)
Add component (AddParameter): Name = "Farnell ID"; Value = "1175070"; VariantName = "[No Variations]"
Add component (AddParameter): Name = "URL"; Value = "http://si.farnell.com/te-connectivity-axicom/im06gr/relay-gull-wing-dpco-12vdc-2a/dp/1175070"; VariantName = "[No Variations]"
Added Component: Designator=K4(AXICOM IM-G Relay)
Add component (AddParameter): Name = "Farnell ID"; Value = "1175070"; VariantName = "[No Variations]"
Add component (AddParameter): Name = "URL"; Value = "http://si.farnell.com/te-connectivity-axicom/im06gr/relay-gull-wing-dpco-12vdc-2a/dp/1175070"; VariantName = "[No Variations]"
Added Component: Designator=K5(AXICOM IM-G Relay)
Add component (AddParameter): Name = "Farnell ID"; Value = "1175070"; VariantName = "[No Variations]"
Add component (AddParameter): Name = "URL"; Value = "http://si.farnell.com/te-connectivity-axicom/im06gr/relay-gull-wing-dpco-12vdc-2a/dp/1175070"; VariantName = "[No Variations]"
Added Component: Designator=K6(AXICOM IM-G Relay)
Add component (AddParameter): Name = "Farnell ID"; Value = "1175070"; VariantName = "[No Variations]"
Add component (AddParameter): Name = "URL"; Value = "http://si.farnell.com/te-connectivity-axicom/im06gr/relay-gull-wing-dpco-12vdc-2a/dp/1175070"; VariantName = "[No Variations]"
Added Component: Designator=K7(AXICOM IM-G Relay)
Add component (AddParameter): Name = "Farnell ID"; Value = "1175070"; VariantName = "[No Variations]"
Add component (AddParameter): Name = "URL"; Value = "http://si.farnell.com/te-connectivity-axicom/im06gr/relay-gull-wing-dpco-12vdc-2a/dp/1175070"; VariantName = "[No Variations]"
Added Component: Designator=K8(AXICOM IM-G Relay)
Add component (AddParameter): Name = "Farnell ID"; Value = "1175070"; VariantName = "[No Variations]"
Add component (AddParameter): Name = "URL"; Value = "http://si.farnell.com/te-connectivity-axicom/im06gr/relay-gull-wing-dpco-12vdc-2a/dp/1175070"; VariantName = "[No Variations]"
Added Component: Designator=K9(AXICOM IM-G Relay)
Add component (AddParameter): Name = "Farnell ID"; Value = "1175070"; VariantName = "[No Variations]"
Add component (AddParameter): Name = "URL"; Value = "http://si.farnell.com/te-connectivity-axicom/im06gr/relay-gull-wing-dpco-12vdc-2a/dp/1175070"; VariantName = "[No Variations]"
Added Component: Designator=K10(AXICOM IM-G Relay)
Add component (AddParameter): Name = "Farnell ID"; Value = "1175070"; VariantName = "[No Variations]"
Add component (AddParameter): Name = "URL"; Value = "http://si.farnell.com/te-connectivity-axicom/im06gr/relay-gull-wing-dpco-12vdc-2a/dp/1175070"; VariantName = "[No Variations]"
Added Component: Designator=K11(AXICOM IM-G Relay)
Add component (AddParameter): Name = "Farnell ID"; Value = "1175070"; VariantName = "[No Variations]"
Add component (AddParameter): Name = "URL"; Value = "http://si.farnell.com/te-connectivity-axicom/im06gr/relay-gull-wing-dpco-12vdc-2a/dp/1175070"; VariantName = "[No Variations]"
Added Component: Designator=K12(AXICOM IM-G Relay)
Add component (AddParameter): Name = "Farnell ID"; Value = "1175070"; VariantName = "[No Variations]"
Add component (AddParameter): Name = "URL"; Value = "http://si.farnell.com/te-connectivity-axicom/im06gr/relay-gull-wing-dpco-12vdc-2a/dp/1175070"; VariantName = "[No Variations]"
Added Component: Designator=K13(AXICOM IM-G Relay)
Add component (AddParameter): Name = "Farnell ID"; Value = "1175070"; VariantName = "[No Variations]"
Add component (AddParameter): Name = "URL"; Value = "http://si.farnell.com/te-connectivity-axicom/im06gr/relay-gull-wing-dpco-12vdc-2a/dp/1175070"; VariantName = "[No Variations]"
Added Component: Designator=K14(AXICOM IM-G Relay)
Add component (AddParameter): Name = "Farnell ID"; Value = "1175070"; VariantName = "[No Variations]"
Add component (AddParameter): Name = "URL"; Value = "http://si.farnell.com/te-connectivity-axicom/im06gr/relay-gull-wing-dpco-12vdc-2a/dp/1175070"; VariantName = "[No Variations]"
Added Component: Designator=K15(AXICOM IM-G Relay)
Add component (AddParameter): Name = "Farnell ID"; Value = "1175070"; VariantName = "[No Variations]"
Add component (AddParameter): Name = "URL"; Value = "http://si.farnell.com/te-connectivity-axicom/im06gr/relay-gull-wing-dpco-12vdc-2a/dp/1175070"; VariantName = "[No Variations]"
Added Component: Designator=K16(AXICOM IM-G Relay)
Add component (AddParameter): Name = "Farnell ID"; Value = "1175070"; VariantName = "[No Variations]"
Add component (AddParameter): Name = "URL"; Value = "http://si.farnell.com/te-connectivity-axicom/im06gr/relay-gull-wing-dpco-12vdc-2a/dp/1175070"; VariantName = "[No Variations]"
Added Component: Designator=K17(AXICOM IM-G Relay)
Add component (AddParameter): Name = "Farnell ID"; Value = "1175070"; VariantName = "[No Variations]"
Add component (AddParameter): Name = "URL"; Value = "http://si.farnell.com/te-connectivity-axicom/im06gr/relay-gull-wing-dpco-12vdc-2a/dp/1175070"; VariantName = "[No Variations]"
Added Component: Designator=K18(AXICOM IM-G Relay)
Add component (AddParameter): Name = "Farnell ID"; Value = "1175070"; VariantName = "[No Variations]"
Add component (AddParameter): Name = "URL"; Value = "http://si.farnell.com/te-connectivity-axicom/im06gr/relay-gull-wing-dpco-12vdc-2a/dp/1175070"; VariantName = "[No Variations]"
Added Component: Designator=K19(AXICOM IM-G Relay)
Add component (AddParameter): Name = "Farnell ID"; Value = "1175070"; VariantName = "[No Variations]"
Add component (AddParameter): Name = "URL"; Value = "http://si.farnell.com/te-connectivity-axicom/im06gr/relay-gull-wing-dpco-12vdc-2a/dp/1175070"; VariantName = "[No Variations]"
Added Component: Designator=K20(AXICOM IM-G Relay)
Add component (AddParameter): Name = "Farnell ID"; Value = "1175070"; VariantName = "[No Variations]"
Add component (AddParameter): Name = "URL"; Value = "http://si.farnell.com/te-connectivity-axicom/im06gr/relay-gull-wing-dpco-12vdc-2a/dp/1175070"; VariantName = "[No Variations]"
Added Component: Designator=K21(AXICOM IM-G Relay)
Add component (AddParameter): Name = "Farnell ID"; Value = "1175070"; VariantName = "[No Variations]"
Add component (AddParameter): Name = "URL"; Value = "http://si.farnell.com/te-connectivity-axicom/im06gr/relay-gull-wing-dpco-12vdc-2a/dp/1175070"; VariantName = "[No Variations]"
Added Component: Designator=K22(AXICOM IM-G Relay)
Add component (AddParameter): Name = "Farnell ID"; Value = "1175070"; VariantName = "[No Variations]"
Add component (AddParameter): Name = "URL"; Value = "http://si.farnell.com/te-connectivity-axicom/im06gr/relay-gull-wing-dpco-12vdc-2a/dp/1175070"; VariantName = "[No Variations]"
Added Component: Designator=K23(AXICOM IM-G Relay)
Add component (AddParameter): Name = "Farnell ID"; Value = "1175070"; VariantName = "[No Variations]"
Add component (AddParameter): Name = "URL"; Value = "http://si.farnell.com/te-connectivity-axicom/im06gr/relay-gull-wing-dpco-12vdc-2a/dp/1175070"; VariantName = "[No Variations]"
Added Component: Designator=K24(AXICOM IM-G Relay)
Add component (AddParameter): Name = "Farnell ID"; Value = "1175070"; VariantName = "[No Variations]"
Add component (AddParameter): Name = "URL"; Value = "http://si.farnell.com/te-connectivity-axicom/im06gr/relay-gull-wing-dpco-12vdc-2a/dp/1175070"; VariantName = "[No Variations]"
Added Component: Designator=LD1(TSOP95P280X110-6L)
Added Component: Designator=P1(HDR1X4)
Add component (AddParameter): Name = "LatestRevisionDate"; Value = "17-Jul-2002"; VariantName = "[No Variations]"
Add component (AddParameter): Name = "LatestRevisionNote"; Value = "Re-released for DXP Platform."; VariantName = "[No Variations]"
Add component (AddParameter): Name = "Publisher"; Value = "Altium Limited"; VariantName = "[No Variations]"
Added Component: Designator=P2(HDR1X4)
Add component (AddParameter): Name = "LatestRevisionDate"; Value = "17-Jul-2002"; VariantName = "[No Variations]"
Add component (AddParameter): Name = "LatestRevisionNote"; Value = "Re-released for DXP Platform."; VariantName = "[No Variations]"
Add component (AddParameter): Name = "Publisher"; Value = "Altium Limited"; VariantName = "[No Variations]"
Added Component: Designator=P3(1.27mm SMD conn)
Add component (AddParameter): Name = "LatestRevisionDate"; Value = "17-Jul-2002"; VariantName = "[No Variations]"
Add component (AddParameter): Name = "LatestRevisionNote"; Value = "Re-released for DXP Platform."; VariantName = "[No Variations]"
Add component (AddParameter): Name = "Publisher"; Value = "Altium Limited"; VariantName = "[No Variations]"
Added Component: Designator=P4(1.27mm SMD conn)
Add component (AddParameter): Name = "LatestRevisionDate"; Value = "17-Jul-2002"; VariantName = "[No Variations]"
Add component (AddParameter): Name = "LatestRevisionNote"; Value = "Re-released for DXP Platform."; VariantName = "[No Variations]"
Add component (AddParameter): Name = "Publisher"; Value = "Altium Limited"; VariantName = "[No Variations]"
Added Component: Designator=P5(HDR2X16)
Add component (AddParameter): Name = "LatestRevisionDate"; Value = "17-Jul-2002"; VariantName = "[No Variations]"
Add component (AddParameter): Name = "LatestRevisionNote"; Value = "Re-released for DXP Platform."; VariantName = "[No Variations]"
Add component (AddParameter): Name = "Publisher"; Value = "Altium Limited"; VariantName = "[No Variations]"
Added Component: Designator=P6(HDR2X10)
Add component (AddParameter): Name = "LatestRevisionDate"; Value = "17-Jul-2002"; VariantName = "[No Variations]"
Add component (AddParameter): Name = "LatestRevisionNote"; Value = "Re-released for DXP Platform."; VariantName = "[No Variations]"
Add component (AddParameter): Name = "Publisher"; Value = "Altium Limited"; VariantName = "[No Variations]"
Added Component: Designator=P7(HDR2X16)
Add component (AddParameter): Name = "LatestRevisionDate"; Value = "17-Jul-2002"; VariantName = "[No Variations]"
Add component (AddParameter): Name = "LatestRevisionNote"; Value = "Re-released for DXP Platform."; VariantName = "[No Variations]"
Add component (AddParameter): Name = "Publisher"; Value = "Altium Limited"; VariantName = "[No Variations]"
Added Component: Designator=P8(HDR2X10)
Add component (AddParameter): Name = "LatestRevisionDate"; Value = "17-Jul-2002"; VariantName = "[No Variations]"
Add component (AddParameter): Name = "LatestRevisionNote"; Value = "Re-released for DXP Platform."; VariantName = "[No Variations]"
Add component (AddParameter): Name = "Publisher"; Value = "Altium Limited"; VariantName = "[No Variations]"
Added Component: Designator=P9(HDR2X16)
Add component (AddParameter): Name = "LatestRevisionDate"; Value = "17-Jul-2002"; VariantName = "[No Variations]"
Add component (AddParameter): Name = "LatestRevisionNote"; Value = "Re-released for DXP Platform."; VariantName = "[No Variations]"
Add component (AddParameter): Name = "Publisher"; Value = "Altium Limited"; VariantName = "[No Variations]"
Added Component: Designator=P10(HDR2X10)
Add component (AddParameter): Name = "LatestRevisionDate"; Value = "17-Jul-2002"; VariantName = "[No Variations]"
Add component (AddParameter): Name = "LatestRevisionNote"; Value = "Re-released for DXP Platform."; VariantName = "[No Variations]"
Add component (AddParameter): Name = "Publisher"; Value = "Altium Limited"; VariantName = "[No Variations]"
Added Component: Designator=R1(R1608_0603I_L)
Added Component: Designator=R2(R1608_0603I_L)
Added Component: Designator=R3(R1608_0603I_L)
Added Component: Designator=R4(R1608_0603I_L)
Added Component: Designator=R5(R1608_0603I_L)
Added Component: Designator=R6(R1608_0603I_L)
Added Component: Designator=R7(R1608_0603I_L)
Added Component: Designator=R8(R1608_0603I_L)
Added Component: Designator=R9(R1608_0603I_L)
Added Component: Designator=R10(R1608_0603I_L)
Added Component: Designator=R11(R1608_0603I_L)
Added Component: Designator=R12(R1608_0603I_L)
Added Component: Designator=R13(R1608_0603I_L)
Added Component: Designator=R14(R1608_0603I_L)
Added Component: Designator=R15(R1608_0603I_L)
Added Component: Designator=R16(R1608_0603I_L)
Added Component: Designator=R17(R1005_0402i_L)
Added Component: Designator=R18(R1005_0402i_L)
Added Component: Designator=R19(R1005_0402i_L)
Added Component: Designator=R20(R1005_0402i_L)
Added Component: Designator=R21(R1005_0402i_L)
Added Component: Designator=R22(R1005_0402i_L)
Added Component: Designator=R23(R1005_0402i_L)
Added Component: Designator=R24(R1005_0402i_L)
Added Component: Designator=R25(R1005_0402i_L)
Added Component: Designator=R26(R1608_0603I_L)
Added Component: Designator=R27(R1608_0603I_L)
Added Component: Designator=R28(R1608_0603I_L)
Added Component: Designator=R29(R1608_0603I_L)
Added Component: Designator=R30(R1608_0603I_L)
Added Component: Designator=R31(R1608_0603I_L)
Added Component: Designator=R32(R1608_0603I_L)
Added Component: Designator=R33(R1608_0603I_L)
Added Component: Designator=R34(R1608_0603I_L)
Added Component: Designator=R35(R1608_0603I_L)
Added Component: Designator=R36(R1608_0603I_L)
Added Component: Designator=R37(R1608_0603I_L)
Added Component: Designator=R38(R1608_0603I_L)
Added Component: Designator=R39(R1608_0603I_L)
Added Component: Designator=R40(R1608_0603I_L)
Added Component: Designator=R41(R1608_0603I_L)
Added Component: Designator=R42(R1608_0603I_L)
Added Component: Designator=R43(R1608_0603I_L)
Added Component: Designator=R44(R1608_0603I_L)
Added Component: Designator=R45(R1608_0603I_L)
Added Component: Designator=R46(R1608_0603I_L)
Added Component: Designator=R47(R1608_0603I_L)
Added Component: Designator=R48(R1608_0603I_L)
Added Component: Designator=R49(R1608_0603I_L)
Added Component: Designator=R50(R1608_0603I_L)
Added Component: Designator=R51(R1608_0603I_L)
Added Component: Designator=R52(R1608_0603I_L)
Added Component: Designator=R53(R1608_0603I_L)
Added Component: Designator=R54(R1608_0603I_L)
Added Component: Designator=R55(R1608_0603I_L)
Added Component: Designator=R56(R1608_0603I_L)
Added Component: Designator=R57(R1608_0603I_L)
Added Component: Designator=R58(R1608_0603I_L)
Added Component: Designator=R59(R1608_0603I_L)
Added Component: Designator=R60(R1005_0402i_L)
Added Component: Designator=R61(R1608_0603I_L)
Added Component: Designator=R62(R1608_0603I_L)
Added Component: Designator=R63(R1608_0603I_L)
Added Component: Designator=R64(R1608_0603I_L)
Added Component: Designator=R65(R1608_0603I_L)
Added Component: Designator=R66(R1608_0603I_L)
Added Component: Designator=R67(R1608_0603I_L)
Added Component: Designator=R68(R1608_0603I_L)
Added Component: Designator=R69(R1608_0603I_L)
Added Component: Designator=R70(R1608_0603I_L)
Added Component: Designator=R71(R1608_0603I_L)
Added Component: Designator=R72(R1608_0603I_L)
Added Component: Designator=R73(R1608_0603I_L)
Added Component: Designator=R74(R1608_0603I_L)
Added Component: Designator=R75(R1608_0603I_L)
Added Component: Designator=R76(R1608_0603I_L)
Added Component: Designator=R77(R1608_0603I_L)
Added Component: Designator=R78(R1608_0603I_L)
Added Component: Designator=R79(R1608_0603I_L)
Added Component: Designator=R80(R1608_0603I_L)
Added Component: Designator=R81(R1608_0603I_L)
Added Component: Designator=R82(R1608_0603I_L)
Added Component: Designator=R83(R1608_0603I_L)
Added Component: Designator=R84(R1608_0603I_L)
Added Component: Designator=U1(28M1_N)
Add component (AddParameter): Name = "ComponentLink1Description"; Value = "Manufacturer Link"; VariantName = "[No Variations]"
Add component (AddParameter): Name = "ComponentLink1URL"; Value = "http://www.atmel.com/products/avr/default.asp?"; VariantName = "[No Variations]"
Add component (AddParameter): Name = "ComponentLink2Description"; Value = "ATtiny48/88 Datasheet"; VariantName = "[No Variations]"
Add component (AddParameter): Name = "ComponentLink2URL"; Value = "http://www.atmel.com/dyn/resources/prod_documents/doc8008.pdf"; VariantName = "[No Variations]"
Add component (AddParameter): Name = "ComponentLink3Description"; Value = "ATtiny48/88 Summary"; VariantName = "[No Variations]"
Add component (AddParameter): Name = "ComponentLink3URL"; Value = "http://www.atmel.com/dyn/resources/prod_documents/8008S.pdf"; VariantName = "[No Variations]"
Add component (AddParameter): Name = "ComponentLink4Description"; Value = "Atmel.com Home"; VariantName = "[No Variations]"
Add component (AddParameter): Name = "ComponentLink4URL"; Value = "http://www.atmel.com"; VariantName = "[No Variations]"
Add component (AddParameter): Name = "DatasheetVersion"; Value = "revC, Mar-2009"; VariantName = "[No Variations]"
Add component (AddParameter): Name = "PackageDescription"; Value = "28-pad, 4x4x1.0mm Body, Pitch 0.45mm, 2.4x2.4mm Exposed Pad, Plastic Very Thin QFN Package (VQFN)"; VariantName = "[No Variations]"
Add component (AddParameter): Name = "PackageReference"; Value = "28M1"; VariantName = "[No Variations]"
Add component (AddParameter): Name = "PackageVersion"; Value = "revB, Nov-2008"; VariantName = "[No Variations]"
Add component (AddParameter): Name = "Published"; Value = "1-Apr-2010"; VariantName = "[No Variations]"
Add component (AddParameter): Name = "Publisher"; Value = "Altium Limited"; VariantName = "[No Variations]"
Add component (AddParameter): Name = "Supplier 1"; Value = "Digi-Key"; VariantName = "[No Variations]"
Add component (AddParameter): Name = "Supplier 2"; Value = "Mouser"; VariantName = "[No Variations]"
Add component (AddParameter): Name = "Supplier Part Number 1"; Value = "ATTINY88-MMU-ND"; VariantName = "[No Variations]"
Add component (AddParameter): Name = "Supplier Part Number 2"; Value = "556-ATTINY88-MMU"; VariantName = "[No Variations]"
Added Pin To Net: NetName=+3.3V Pin=C1-2
Added Pin To Net: NetName=+3.3V Pin=C6-1
Added Pin To Net: NetName=+3.3V Pin=C7-1
Added Pin To Net: NetName=+3.3V Pin=C8-1
Added Pin To Net: NetName=+3.3V Pin=C12-2
Added Pin To Net: NetName=+3.3V Pin=FB1-1
Added Pin To Net: NetName=+3.3V Pin=LD1-5
Added Pin To Net: NetName=+3.3V Pin=R17-1
Added Pin To Net: NetName=+3.3V Pin=R19-1
Added Pin To Net: NetName=+3.3V Pin=R20-1
Added Pin To Net: NetName=+3.3V Pin=R21-1
Added Pin To Net: NetName=+3.3V Pin=R22-1
Added Pin To Net: NetName=+3.3V Pin=R60-1
Added Pin To Net: NetName=+3.3V Pin=U1-3
Added Net: Name=+3.3V
Added Pin To Net: NetName=+5 Pin=C5-1
Added Pin To Net: NetName=+5 Pin=C11-1
Added Pin To Net: NetName=+5 Pin=LD1-1
Added Pin To Net: NetName=+5 Pin=LD1-3
Added Pin To Net: NetName=+5 Pin=P1-2
Added Pin To Net: NetName=+5 Pin=P2-2
Added Net: Name=+5
Added Pin To Net: NetName=+12 Pin=C2-1
Added Pin To Net: NetName=+12 Pin=C4-1
Added Pin To Net: NetName=+12 Pin=C10-1
Added Pin To Net: NetName=+12 Pin=C14-1
Added Pin To Net: NetName=+12 Pin=K1-1
Added Pin To Net: NetName=+12 Pin=K2-1
Added Pin To Net: NetName=+12 Pin=K3-1
Added Pin To Net: NetName=+12 Pin=K4-1
Added Pin To Net: NetName=+12 Pin=K5-1
Added Pin To Net: NetName=+12 Pin=K6-1
Added Pin To Net: NetName=+12 Pin=K7-1
Added Pin To Net: NetName=+12 Pin=K8-1
Added Pin To Net: NetName=+12 Pin=K9-1
Added Pin To Net: NetName=+12 Pin=K10-1
Added Pin To Net: NetName=+12 Pin=K11-1
Added Pin To Net: NetName=+12 Pin=K12-1
Added Pin To Net: NetName=+12 Pin=K13-1
Added Pin To Net: NetName=+12 Pin=K14-1
Added Pin To Net: NetName=+12 Pin=K15-1
Added Pin To Net: NetName=+12 Pin=K16-1
Added Pin To Net: NetName=+12 Pin=K17-1
Added Pin To Net: NetName=+12 Pin=K18-1
Added Pin To Net: NetName=+12 Pin=K19-1
Added Pin To Net: NetName=+12 Pin=K20-1
Added Pin To Net: NetName=+12 Pin=K21-1
Added Pin To Net: NetName=+12 Pin=K22-1
Added Pin To Net: NetName=+12 Pin=K23-1
Added Pin To Net: NetName=+12 Pin=K24-1
Added Pin To Net: NetName=+12 Pin=P1-3
Added Pin To Net: NetName=+12 Pin=P2-3
Added Net: Name=+12
Added Pin To Net: NetName=A1 Pin=K1-3
Added Pin To Net: NetName=A1 Pin=R1-1
Added Pin To Net: NetName=A1 Pin=R11-1
Added Pin To Net: NetName=A1 Pin=R58-2
Added Net: Name=A1
Added Pin To Net: NetName=A2 Pin=K9-3
Added Pin To Net: NetName=A2 Pin=R34-1
Added Pin To Net: NetName=A2 Pin=R44-1
Added Pin To Net: NetName=A2 Pin=R58-1
Added Net: Name=A2
Added Pin To Net: NetName=Ac11 Pin=K1-2
Added Pin To Net: NetName=Ac11 Pin=P5-4
Added Net: Name=Ac11
Added Pin To Net: NetName=Ac12 Pin=K2-2
Added Pin To Net: NetName=Ac12 Pin=P5-12
Added Net: Name=Ac12
Added Pin To Net: NetName=Ac13 Pin=K3-2
Added Pin To Net: NetName=Ac13 Pin=P5-20
Added Net: Name=Ac13
Added Pin To Net: NetName=Ac14 Pin=K4-2
Added Pin To Net: NetName=Ac14 Pin=P5-28
Added Net: Name=Ac14
Added Pin To Net: NetName=Ac21 Pin=K9-2
Added Pin To Net: NetName=Ac21 Pin=P7-7
Added Net: Name=Ac21
Added Pin To Net: NetName=Ac22 Pin=K10-2
Added Pin To Net: NetName=Ac22 Pin=P7-15
Added Net: Name=Ac22
Added Pin To Net: NetName=Ac23 Pin=K11-2
Added Pin To Net: NetName=Ac23 Pin=P7-23
Added Net: Name=Ac23
Added Pin To Net: NetName=Ac24 Pin=K12-2
Added Pin To Net: NetName=Ac24 Pin=P7-31
Added Net: Name=Ac24
Added Pin To Net: NetName=Ac31 Pin=K17-2
Added Pin To Net: NetName=Ac31 Pin=P9-3
Added Net: Name=Ac31
Added Pin To Net: NetName=Ac32 Pin=K18-2
Added Pin To Net: NetName=Ac32 Pin=P9-11
Added Net: Name=Ac32
Added Pin To Net: NetName=Ac33 Pin=K19-2
Added Pin To Net: NetName=Ac33 Pin=P9-19
Added Net: Name=Ac33
Added Pin To Net: NetName=Ac34 Pin=K20-2
Added Pin To Net: NetName=Ac34 Pin=P9-27
Added Net: Name=Ac34
Added Pin To Net: NetName=Ad11 Pin=K1-4
Added Pin To Net: NetName=Ad11 Pin=P5-1
Added Net: Name=Ad11
Added Pin To Net: NetName=Ad12 Pin=K2-4
Added Pin To Net: NetName=Ad12 Pin=P5-9
Added Net: Name=Ad12
Added Pin To Net: NetName=Ad13 Pin=K3-4
Added Pin To Net: NetName=Ad13 Pin=P5-17
Added Net: Name=Ad13
Added Pin To Net: NetName=Ad14 Pin=K4-4
Added Pin To Net: NetName=Ad14 Pin=P5-25
Added Net: Name=Ad14
Added Pin To Net: NetName=Ad15 Pin=K5-4
Added Pin To Net: NetName=Ad15 Pin=P6-2
Added Net: Name=Ad15
Added Pin To Net: NetName=Ad16 Pin=K6-4
Added Pin To Net: NetName=Ad16 Pin=P6-6
Added Net: Name=Ad16
Added Pin To Net: NetName=Ad17 Pin=K7-4
Added Pin To Net: NetName=Ad17 Pin=P6-10
Added Net: Name=Ad17
Added Pin To Net: NetName=Ad18 Pin=K8-4
Added Pin To Net: NetName=Ad18 Pin=P6-14
Added Net: Name=Ad18
Added Pin To Net: NetName=Ad21 Pin=K9-4
Added Pin To Net: NetName=Ad21 Pin=P7-6
Added Net: Name=Ad21
Added Pin To Net: NetName=Ad22 Pin=K10-4
Added Pin To Net: NetName=Ad22 Pin=P7-14
Added Net: Name=Ad22
Added Pin To Net: NetName=Ad23 Pin=K11-4
Added Pin To Net: NetName=Ad23 Pin=P7-22
Added Net: Name=Ad23
Added Pin To Net: NetName=Ad24 Pin=K12-4
Added Pin To Net: NetName=Ad24 Pin=P7-30
Added Net: Name=Ad24
Added Pin To Net: NetName=Ad25 Pin=K13-4
Added Pin To Net: NetName=Ad25 Pin=P8-3
Added Net: Name=Ad25
Added Pin To Net: NetName=Ad26 Pin=K14-4
Added Pin To Net: NetName=Ad26 Pin=P8-7
Added Net: Name=Ad26
Added Pin To Net: NetName=Ad27 Pin=K15-4
Added Pin To Net: NetName=Ad27 Pin=P8-11
Added Net: Name=Ad27
Added Pin To Net: NetName=Ad28 Pin=K16-4
Added Pin To Net: NetName=Ad28 Pin=P8-15
Added Net: Name=Ad28
Added Pin To Net: NetName=Ad31 Pin=K17-4
Added Pin To Net: NetName=Ad31 Pin=P9-2
Added Net: Name=Ad31
Added Pin To Net: NetName=Ad32 Pin=K18-4
Added Pin To Net: NetName=Ad32 Pin=P9-10
Added Net: Name=Ad32
Added Pin To Net: NetName=Ad33 Pin=K19-4
Added Pin To Net: NetName=Ad33 Pin=P9-18
Added Net: Name=Ad33
Added Pin To Net: NetName=Ad34 Pin=K20-4
Added Pin To Net: NetName=Ad34 Pin=P9-26
Added Net: Name=Ad34
Added Pin To Net: NetName=Ad35 Pin=K21-4
Added Pin To Net: NetName=Ad35 Pin=P10-1
Added Net: Name=Ad35
Added Pin To Net: NetName=Ad36 Pin=K22-4
Added Pin To Net: NetName=Ad36 Pin=P10-5
Added Net: Name=Ad36
Added Pin To Net: NetName=Ad37 Pin=K23-4
Added Pin To Net: NetName=Ad37 Pin=P10-9
Added Net: Name=Ad37
Added Pin To Net: NetName=Ad38 Pin=K24-4
Added Pin To Net: NetName=Ad38 Pin=P10-13
Added Net: Name=Ad38
Added Pin To Net: NetName=AGND1 Pin=P5-3
Added Pin To Net: NetName=AGND1 Pin=P5-7
Added Pin To Net: NetName=AGND1 Pin=P5-11
Added Pin To Net: NetName=AGND1 Pin=P5-15
Added Pin To Net: NetName=AGND1 Pin=P5-19
Added Pin To Net: NetName=AGND1 Pin=P5-23
Added Pin To Net: NetName=AGND1 Pin=P5-27
Added Pin To Net: NetName=AGND1 Pin=P5-31
Added Pin To Net: NetName=AGND1 Pin=P6-1
Added Pin To Net: NetName=AGND1 Pin=P6-3
Added Pin To Net: NetName=AGND1 Pin=P6-5
Added Pin To Net: NetName=AGND1 Pin=P6-7
Added Pin To Net: NetName=AGND1 Pin=P6-9
Added Pin To Net: NetName=AGND1 Pin=P6-11
Added Pin To Net: NetName=AGND1 Pin=P6-13
Added Pin To Net: NetName=AGND1 Pin=P6-15
Added Pin To Net: NetName=AGND1 Pin=P6-17
Added Pin To Net: NetName=AGND1 Pin=P6-19
Added Net: Name=AGND1
Added Pin To Net: NetName=AGND2 Pin=P7-4
Added Pin To Net: NetName=AGND2 Pin=P7-8
Added Pin To Net: NetName=AGND2 Pin=P7-12
Added Pin To Net: NetName=AGND2 Pin=P7-16
Added Pin To Net: NetName=AGND2 Pin=P7-20
Added Pin To Net: NetName=AGND2 Pin=P7-24
Added Pin To Net: NetName=AGND2 Pin=P7-28
Added Pin To Net: NetName=AGND2 Pin=P7-32
Added Pin To Net: NetName=AGND2 Pin=P8-2
Added Pin To Net: NetName=AGND2 Pin=P8-4
Added Pin To Net: NetName=AGND2 Pin=P8-6
Added Pin To Net: NetName=AGND2 Pin=P8-8
Added Pin To Net: NetName=AGND2 Pin=P8-10
Added Pin To Net: NetName=AGND2 Pin=P8-12
Added Pin To Net: NetName=AGND2 Pin=P8-14
Added Pin To Net: NetName=AGND2 Pin=P8-16
Added Pin To Net: NetName=AGND2 Pin=P8-18
Added Pin To Net: NetName=AGND2 Pin=P8-20
Added Pin To Net: NetName=AGND2 Pin=P9-4
Added Pin To Net: NetName=AGND2 Pin=P9-8
Added Pin To Net: NetName=AGND2 Pin=P9-12
Added Pin To Net: NetName=AGND2 Pin=P9-16
Added Pin To Net: NetName=AGND2 Pin=P9-20
Added Pin To Net: NetName=AGND2 Pin=P9-24
Added Pin To Net: NetName=AGND2 Pin=P9-28
Added Pin To Net: NetName=AGND2 Pin=P9-32
Added Pin To Net: NetName=AGND2 Pin=P10-2
Added Pin To Net: NetName=AGND2 Pin=P10-4
Added Pin To Net: NetName=AGND2 Pin=P10-6
Added Pin To Net: NetName=AGND2 Pin=P10-8
Added Pin To Net: NetName=AGND2 Pin=P10-10
Added Pin To Net: NetName=AGND2 Pin=P10-12
Added Pin To Net: NetName=AGND2 Pin=P10-14
Added Pin To Net: NetName=AGND2 Pin=P10-16
Added Pin To Net: NetName=AGND2 Pin=P10-18
Added Pin To Net: NetName=AGND2 Pin=P10-20
Added Net: Name=AGND2
Added Pin To Net: NetName=As11 Pin=P5-2
Added Pin To Net: NetName=As11 Pin=R1-2
Added Net: Name=As11
Added Pin To Net: NetName=As12 Pin=P5-10
Added Pin To Net: NetName=As12 Pin=R3-2
Added Net: Name=As12
Added Pin To Net: NetName=As13 Pin=P5-18
Added Pin To Net: NetName=As13 Pin=R5-2
Added Net: Name=As13
Added Pin To Net: NetName=As14 Pin=P5-26
Added Pin To Net: NetName=As14 Pin=R7-2
Added Net: Name=As14
Added Pin To Net: NetName=As18 Pin=P6-18
Added Pin To Net: NetName=As18 Pin=R9-2
Added Net: Name=As18
Added Pin To Net: NetName=As21 Pin=P7-5
Added Pin To Net: NetName=As21 Pin=R34-2
Added Net: Name=As21
Added Pin To Net: NetName=As22 Pin=P7-13
Added Pin To Net: NetName=As22 Pin=R36-2
Added Net: Name=As22
Added Pin To Net: NetName=As23 Pin=P7-21
Added Pin To Net: NetName=As23 Pin=R38-2
Added Net: Name=As23
Added Pin To Net: NetName=As24 Pin=P7-29
Added Pin To Net: NetName=As24 Pin=R40-2
Added Net: Name=As24
Added Pin To Net: NetName=As28 Pin=P8-19
Added Pin To Net: NetName=As28 Pin=R42-2
Added Net: Name=As28
Added Pin To Net: NetName=As31 Pin=P9-1
Added Pin To Net: NetName=As31 Pin=R61-2
Added Net: Name=As31
Added Pin To Net: NetName=As32 Pin=P9-9
Added Pin To Net: NetName=As32 Pin=R63-2
Added Net: Name=As32
Added Pin To Net: NetName=As33 Pin=P9-17
Added Pin To Net: NetName=As33 Pin=R65-2
Added Net: Name=As33
Added Pin To Net: NetName=As34 Pin=P9-25
Added Pin To Net: NetName=As34 Pin=R67-2
Added Net: Name=As34
Added Pin To Net: NetName=As38 Pin=P10-17
Added Pin To Net: NetName=As38 Pin=R69-2
Added Net: Name=As38
Added Pin To Net: NetName=AVCC Pin=C9-1
Added Pin To Net: NetName=AVCC Pin=FB1-2
Added Pin To Net: NetName=AVCC Pin=U1-16
Added Net: Name=AVCC
Added Pin To Net: NetName=B1 Pin=K1-6
Added Pin To Net: NetName=B1 Pin=R2-1
Added Pin To Net: NetName=B1 Pin=R27-1
Added Pin To Net: NetName=B1 Pin=R59-2
Added Net: Name=B1
Added Pin To Net: NetName=B2 Pin=K9-6
Added Pin To Net: NetName=B2 Pin=R35-1
Added Pin To Net: NetName=B2 Pin=R51-1
Added Pin To Net: NetName=B2 Pin=R59-1
Added Net: Name=B2
Added Pin To Net: NetName=Bc11 Pin=K1-7
Added Pin To Net: NetName=Bc11 Pin=P5-8
Added Net: Name=Bc11
Added Pin To Net: NetName=Bc12 Pin=K2-7
Added Pin To Net: NetName=Bc12 Pin=P5-16
Added Net: Name=Bc12
Added Pin To Net: NetName=Bc13 Pin=K3-7
Added Pin To Net: NetName=Bc13 Pin=P5-24
Added Net: Name=Bc13
Added Pin To Net: NetName=Bc14 Pin=K4-7
Added Pin To Net: NetName=Bc14 Pin=P5-32
Added Net: Name=Bc14
Added Pin To Net: NetName=Bc21 Pin=K9-7
Added Pin To Net: NetName=Bc21 Pin=P7-3
Added Net: Name=Bc21
Added Pin To Net: NetName=Bc22 Pin=K10-7
Added Pin To Net: NetName=Bc22 Pin=P7-11
Added Net: Name=Bc22
Added Pin To Net: NetName=Bc23 Pin=K11-7
Added Pin To Net: NetName=Bc23 Pin=P7-19
Added Net: Name=Bc23
Added Pin To Net: NetName=Bc24 Pin=K12-7
Added Pin To Net: NetName=Bc24 Pin=P7-27
Added Net: Name=Bc24
Added Pin To Net: NetName=Bc31 Pin=K17-7
Added Pin To Net: NetName=Bc31 Pin=P9-7
Added Net: Name=Bc31
Added Pin To Net: NetName=Bc32 Pin=K18-7
Added Pin To Net: NetName=Bc32 Pin=P9-15
Added Net: Name=Bc32
Added Pin To Net: NetName=Bc33 Pin=K19-7
Added Pin To Net: NetName=Bc33 Pin=P9-23
Added Net: Name=Bc33
Added Pin To Net: NetName=Bc34 Pin=K20-7
Added Pin To Net: NetName=Bc34 Pin=P9-31
Added Net: Name=Bc34
Added Pin To Net: NetName=Bd11 Pin=K1-5
Added Pin To Net: NetName=Bd11 Pin=P5-5
Added Net: Name=Bd11
Added Pin To Net: NetName=Bd12 Pin=K2-5
Added Pin To Net: NetName=Bd12 Pin=P5-13
Added Net: Name=Bd12
Added Pin To Net: NetName=Bd13 Pin=K3-5
Added Pin To Net: NetName=Bd13 Pin=P5-21
Added Net: Name=Bd13
Added Pin To Net: NetName=Bd14 Pin=K4-5
Added Pin To Net: NetName=Bd14 Pin=P5-29
Added Net: Name=Bd14
Added Pin To Net: NetName=Bd15 Pin=K5-5
Added Pin To Net: NetName=Bd15 Pin=P6-4
Added Net: Name=Bd15
Added Pin To Net: NetName=Bd16 Pin=K6-5
Added Pin To Net: NetName=Bd16 Pin=P6-8
Added Net: Name=Bd16
Added Pin To Net: NetName=Bd17 Pin=K7-5
Added Pin To Net: NetName=Bd17 Pin=P6-12
Added Net: Name=Bd17
Added Pin To Net: NetName=Bd18 Pin=K8-5
Added Pin To Net: NetName=Bd18 Pin=P6-16
Added Net: Name=Bd18
Added Pin To Net: NetName=Bd21 Pin=K9-5
Added Pin To Net: NetName=Bd21 Pin=P7-2
Added Net: Name=Bd21
Added Pin To Net: NetName=Bd22 Pin=K10-5
Added Pin To Net: NetName=Bd22 Pin=P7-10
Added Net: Name=Bd22
Added Pin To Net: NetName=Bd23 Pin=K11-5
Added Pin To Net: NetName=Bd23 Pin=P7-18
Added Net: Name=Bd23
Added Pin To Net: NetName=Bd24 Pin=K12-5
Added Pin To Net: NetName=Bd24 Pin=P7-26
Added Net: Name=Bd24
Added Pin To Net: NetName=Bd25 Pin=K13-5
Added Pin To Net: NetName=Bd25 Pin=P8-1
Added Net: Name=Bd25
Added Pin To Net: NetName=Bd26 Pin=K14-5
Added Pin To Net: NetName=Bd26 Pin=P8-5
Added Net: Name=Bd26
Added Pin To Net: NetName=Bd27 Pin=K15-5
Added Pin To Net: NetName=Bd27 Pin=P8-9
Added Net: Name=Bd27
Added Pin To Net: NetName=Bd28 Pin=K16-5
Added Pin To Net: NetName=Bd28 Pin=P8-13
Added Net: Name=Bd28
Added Pin To Net: NetName=Bd31 Pin=K17-5
Added Pin To Net: NetName=Bd31 Pin=P9-6
Added Net: Name=Bd31
Added Pin To Net: NetName=Bd32 Pin=K18-5
Added Pin To Net: NetName=Bd32 Pin=P9-14
Added Net: Name=Bd32
Added Pin To Net: NetName=Bd33 Pin=K19-5
Added Pin To Net: NetName=Bd33 Pin=P9-22
Added Net: Name=Bd33
Added Pin To Net: NetName=Bd34 Pin=K20-5
Added Pin To Net: NetName=Bd34 Pin=P9-30
Added Net: Name=Bd34
Added Pin To Net: NetName=Bd35 Pin=K21-5
Added Pin To Net: NetName=Bd35 Pin=P10-3
Added Net: Name=Bd35
Added Pin To Net: NetName=Bd36 Pin=K22-5
Added Pin To Net: NetName=Bd36 Pin=P10-7
Added Net: Name=Bd36
Added Pin To Net: NetName=Bd37 Pin=K23-5
Added Pin To Net: NetName=Bd37 Pin=P10-11
Added Net: Name=Bd37
Added Pin To Net: NetName=Bd38 Pin=K24-5
Added Pin To Net: NetName=Bd38 Pin=P10-15
Added Net: Name=Bd38
Added Pin To Net: NetName=Bs11 Pin=P5-6
Added Pin To Net: NetName=Bs11 Pin=R2-2
Added Net: Name=Bs11
Added Pin To Net: NetName=Bs12 Pin=P5-14
Added Pin To Net: NetName=Bs12 Pin=R4-2
Added Net: Name=Bs12
Added Pin To Net: NetName=Bs13 Pin=P5-22
Added Pin To Net: NetName=Bs13 Pin=R6-2
Added Net: Name=Bs13
Added Pin To Net: NetName=Bs14 Pin=P5-30
Added Pin To Net: NetName=Bs14 Pin=R8-2
Added Net: Name=Bs14
Added Pin To Net: NetName=Bs18 Pin=P6-20
Added Pin To Net: NetName=Bs18 Pin=R10-2
Added Net: Name=Bs18
Added Pin To Net: NetName=Bs21 Pin=P7-1
Added Pin To Net: NetName=Bs21 Pin=R35-2
Added Net: Name=Bs21
Added Pin To Net: NetName=Bs22 Pin=P7-9
Added Pin To Net: NetName=Bs22 Pin=R37-2
Added Net: Name=Bs22
Added Pin To Net: NetName=Bs23 Pin=P7-17
Added Pin To Net: NetName=Bs23 Pin=R39-2
Added Net: Name=Bs23
Added Pin To Net: NetName=Bs24 Pin=P7-25
Added Pin To Net: NetName=Bs24 Pin=R41-2
Added Net: Name=Bs24
Added Pin To Net: NetName=Bs28 Pin=P8-17
Added Pin To Net: NetName=Bs28 Pin=R43-2
Added Net: Name=Bs28
Added Pin To Net: NetName=Bs31 Pin=P9-5
Added Pin To Net: NetName=Bs31 Pin=R62-2
Added Net: Name=Bs31
Added Pin To Net: NetName=Bs32 Pin=P9-13
Added Pin To Net: NetName=Bs32 Pin=R64-2
Added Net: Name=Bs32
Added Pin To Net: NetName=Bs33 Pin=P9-21
Added Pin To Net: NetName=Bs33 Pin=R66-2
Added Net: Name=Bs33
Added Pin To Net: NetName=Bs34 Pin=P9-29
Added Pin To Net: NetName=Bs34 Pin=R68-2
Added Net: Name=Bs34
Added Pin To Net: NetName=Bs38 Pin=P10-19
Added Pin To Net: NetName=Bs38 Pin=R70-2
Added Net: Name=Bs38
Added Pin To Net: NetName=GND Pin=C1-1
Added Pin To Net: NetName=GND Pin=C2-2
Added Pin To Net: NetName=GND Pin=C3-1
Added Pin To Net: NetName=GND Pin=C4-2
Added Pin To Net: NetName=GND Pin=C5-2
Added Pin To Net: NetName=GND Pin=C6-2
Added Pin To Net: NetName=GND Pin=C7-2
Added Pin To Net: NetName=GND Pin=C8-2
Added Pin To Net: NetName=GND Pin=C9-2
Added Pin To Net: NetName=GND Pin=C10-2
Added Pin To Net: NetName=GND Pin=C11-2
Added Pin To Net: NetName=GND Pin=C12-1
Added Pin To Net: NetName=GND Pin=C13-1
Added Pin To Net: NetName=GND Pin=C14-2
Added Pin To Net: NetName=GND Pin=LD1-2
Added Pin To Net: NetName=GND Pin=P1-1
Added Pin To Net: NetName=GND Pin=P1-4
Added Pin To Net: NetName=GND Pin=P2-1
Added Pin To Net: NetName=GND Pin=P2-4
Added Pin To Net: NetName=GND Pin=P3-1
Added Pin To Net: NetName=GND Pin=P3-3
Added Pin To Net: NetName=GND Pin=P3-5
Added Pin To Net: NetName=GND Pin=P3-7
Added Pin To Net: NetName=GND Pin=P3-9
Added Pin To Net: NetName=GND Pin=P3-11
Added Pin To Net: NetName=GND Pin=P4-1
Added Pin To Net: NetName=GND Pin=P4-3
Added Pin To Net: NetName=GND Pin=P4-5
Added Pin To Net: NetName=GND Pin=P4-7
Added Pin To Net: NetName=GND Pin=P4-9
Added Pin To Net: NetName=GND Pin=P4-11
Added Pin To Net: NetName=GND Pin=U1-4
Added Pin To Net: NetName=GND Pin=U1-18
Added Pin To Net: NetName=GND Pin=U1-29
Added Net: Name=GND
Added Pin To Net: NetName=INT Pin=P3-12
Added Pin To Net: NetName=INT Pin=P4-12
Added Pin To Net: NetName=INT Pin=R18-1
Added Pin To Net: NetName=INT Pin=R20-2
Added Net: Name=INT
Added Pin To Net: NetName=MISO_T88 Pin=J1-1
Added Pin To Net: NetName=MISO_T88 Pin=P4-4
Added Pin To Net: NetName=MISO_T88 Pin=U1-14
Added Net: Name=MISO_T88
Added Pin To Net: NetName=MISO Pin=J1-2
Added Pin To Net: NetName=MISO Pin=P3-2
Added Pin To Net: NetName=MISO Pin=P4-2
Added Net: Name=MISO
Added Pin To Net: NetName=MOSI_T88 Pin=P3-4
Added Pin To Net: NetName=MOSI_T88 Pin=R24-1
Added Net: Name=MOSI_T88
Added Pin To Net: NetName=NetC3_2 Pin=C3-2
Added Pin To Net: NetName=NetC3_2 Pin=R17-2
Added Net: Name=NetC3_2
Added Pin To Net: NetName=NetC13_2 Pin=C13-2
Added Pin To Net: NetName=NetC13_2 Pin=R60-2
Added Net: Name=NetC13_2
Added Pin To Net: NetName=NetK2_3 Pin=K2-3
Added Pin To Net: NetName=NetK2_3 Pin=R3-1
Added Pin To Net: NetName=NetK2_3 Pin=R11-2
Added Pin To Net: NetName=NetK2_3 Pin=R12-1
Added Net: Name=NetK2_3
Added Pin To Net: NetName=NetK2_6 Pin=K2-6
Added Pin To Net: NetName=NetK2_6 Pin=R4-1
Added Pin To Net: NetName=NetK2_6 Pin=R27-2
Added Pin To Net: NetName=NetK2_6 Pin=R28-1
Added Net: Name=NetK2_6
Added Pin To Net: NetName=NetK3_3 Pin=K3-3
Added Pin To Net: NetName=NetK3_3 Pin=R5-1
Added Pin To Net: NetName=NetK3_3 Pin=R12-2
Added Pin To Net: NetName=NetK3_3 Pin=R13-1
Added Net: Name=NetK3_3
Added Pin To Net: NetName=NetK3_6 Pin=K3-6
Added Pin To Net: NetName=NetK3_6 Pin=R6-1
Added Pin To Net: NetName=NetK3_6 Pin=R28-2
Added Pin To Net: NetName=NetK3_6 Pin=R29-1
Added Net: Name=NetK3_6
Added Pin To Net: NetName=NetK4_3 Pin=K4-3
Added Pin To Net: NetName=NetK4_3 Pin=R7-1
Added Pin To Net: NetName=NetK4_3 Pin=R13-2
Added Pin To Net: NetName=NetK4_3 Pin=R14-1
Added Net: Name=NetK4_3
Added Pin To Net: NetName=NetK4_6 Pin=K4-6
Added Pin To Net: NetName=NetK4_6 Pin=R8-1
Added Pin To Net: NetName=NetK4_6 Pin=R29-2
Added Pin To Net: NetName=NetK4_6 Pin=R30-1
Added Net: Name=NetK4_6
Added Pin To Net: NetName=NetK5_3 Pin=K5-3
Added Pin To Net: NetName=NetK5_3 Pin=R14-2
Added Pin To Net: NetName=NetK5_3 Pin=R15-1
Added Net: Name=NetK5_3
Added Pin To Net: NetName=NetK5_6 Pin=K5-6
Added Pin To Net: NetName=NetK5_6 Pin=R30-2
Added Pin To Net: NetName=NetK5_6 Pin=R31-1
Added Net: Name=NetK5_6
Added Pin To Net: NetName=NetK6_3 Pin=K6-3
Added Pin To Net: NetName=NetK6_3 Pin=R15-2
Added Pin To Net: NetName=NetK6_3 Pin=R16-1
Added Net: Name=NetK6_3
Added Pin To Net: NetName=NetK6_6 Pin=K6-6
Added Pin To Net: NetName=NetK6_6 Pin=R31-2
Added Pin To Net: NetName=NetK6_6 Pin=R32-1
Added Net: Name=NetK6_6
Added Pin To Net: NetName=NetK7_3 Pin=K7-3
Added Pin To Net: NetName=NetK7_3 Pin=R16-2
Added Pin To Net: NetName=NetK7_3 Pin=R26-1
Added Net: Name=NetK7_3
Added Pin To Net: NetName=NetK7_6 Pin=K7-6
Added Pin To Net: NetName=NetK7_6 Pin=R32-2
Added Pin To Net: NetName=NetK7_6 Pin=R33-1
Added Net: Name=NetK7_6
Added Pin To Net: NetName=NetK8_3 Pin=K8-3
Added Pin To Net: NetName=NetK8_3 Pin=R9-1
Added Pin To Net: NetName=NetK8_3 Pin=R26-2
Added Net: Name=NetK8_3
Added Pin To Net: NetName=NetK8_6 Pin=K8-6
Added Pin To Net: NetName=NetK8_6 Pin=R10-1
Added Pin To Net: NetName=NetK8_6 Pin=R33-2
Added Net: Name=NetK8_6
Added Pin To Net: NetName=NetK10_3 Pin=K10-3
Added Pin To Net: NetName=NetK10_3 Pin=R36-1
Added Pin To Net: NetName=NetK10_3 Pin=R44-2
Added Pin To Net: NetName=NetK10_3 Pin=R45-1
Added Net: Name=NetK10_3
Added Pin To Net: NetName=NetK10_6 Pin=K10-6
Added Pin To Net: NetName=NetK10_6 Pin=R37-1
Added Pin To Net: NetName=NetK10_6 Pin=R51-2
Added Pin To Net: NetName=NetK10_6 Pin=R52-1
Added Net: Name=NetK10_6
Added Pin To Net: NetName=NetK11_3 Pin=K11-3
Added Pin To Net: NetName=NetK11_3 Pin=R38-1
Added Pin To Net: NetName=NetK11_3 Pin=R45-2
Added Pin To Net: NetName=NetK11_3 Pin=R46-1
Added Net: Name=NetK11_3
Added Pin To Net: NetName=NetK11_6 Pin=K11-6
Added Pin To Net: NetName=NetK11_6 Pin=R39-1
Added Pin To Net: NetName=NetK11_6 Pin=R52-2
Added Pin To Net: NetName=NetK11_6 Pin=R53-1
Added Net: Name=NetK11_6
Added Pin To Net: NetName=NetK12_3 Pin=K12-3
Added Pin To Net: NetName=NetK12_3 Pin=R40-1
Added Pin To Net: NetName=NetK12_3 Pin=R46-2
Added Pin To Net: NetName=NetK12_3 Pin=R47-1
Added Net: Name=NetK12_3
Added Pin To Net: NetName=NetK12_6 Pin=K12-6
Added Pin To Net: NetName=NetK12_6 Pin=R41-1
Added Pin To Net: NetName=NetK12_6 Pin=R53-2
Added Pin To Net: NetName=NetK12_6 Pin=R54-1
Added Net: Name=NetK12_6
Added Pin To Net: NetName=NetK13_3 Pin=K13-3
Added Pin To Net: NetName=NetK13_3 Pin=R47-2
Added Pin To Net: NetName=NetK13_3 Pin=R48-1
Added Net: Name=NetK13_3
Added Pin To Net: NetName=NetK13_6 Pin=K13-6
Added Pin To Net: NetName=NetK13_6 Pin=R54-2
Added Pin To Net: NetName=NetK13_6 Pin=R55-1
Added Net: Name=NetK13_6
Added Pin To Net: NetName=NetK14_3 Pin=K14-3
Added Pin To Net: NetName=NetK14_3 Pin=R48-2
Added Pin To Net: NetName=NetK14_3 Pin=R49-1
Added Net: Name=NetK14_3
Added Pin To Net: NetName=NetK14_6 Pin=K14-6
Added Pin To Net: NetName=NetK14_6 Pin=R55-2
Added Pin To Net: NetName=NetK14_6 Pin=R56-1
Added Net: Name=NetK14_6
Added Pin To Net: NetName=NetK15_3 Pin=K15-3
Added Pin To Net: NetName=NetK15_3 Pin=R49-2
Added Pin To Net: NetName=NetK15_3 Pin=R50-1
Added Net: Name=NetK15_3
Added Pin To Net: NetName=NetK15_6 Pin=K15-6
Added Pin To Net: NetName=NetK15_6 Pin=R56-2
Added Pin To Net: NetName=NetK15_6 Pin=R57-1
Added Net: Name=NetK15_6
Added Pin To Net: NetName=NetK16_3 Pin=K16-3
Added Pin To Net: NetName=NetK16_3 Pin=R42-1
Added Pin To Net: NetName=NetK16_3 Pin=R50-2
Added Net: Name=NetK16_3
Added Pin To Net: NetName=NetK16_6 Pin=K16-6
Added Pin To Net: NetName=NetK16_6 Pin=R43-1
Added Pin To Net: NetName=NetK16_6 Pin=R57-2
Added Net: Name=NetK16_6
Added Pin To Net: NetName=NetK17_3 Pin=K17-3
Added Pin To Net: NetName=NetK17_3 Pin=R61-1
Added Pin To Net: NetName=NetK17_3 Pin=R71-1
Added Net: Name=NetK17_3
Added Pin To Net: NetName=NetK17_6 Pin=K17-6
Added Pin To Net: NetName=NetK17_6 Pin=R62-1
Added Pin To Net: NetName=NetK17_6 Pin=R78-1
Added Net: Name=NetK17_6
Added Pin To Net: NetName=NetK18_3 Pin=K18-3
Added Pin To Net: NetName=NetK18_3 Pin=R63-1
Added Pin To Net: NetName=NetK18_3 Pin=R71-2
Added Pin To Net: NetName=NetK18_3 Pin=R72-1
Added Net: Name=NetK18_3
Added Pin To Net: NetName=NetK18_6 Pin=K18-6
Added Pin To Net: NetName=NetK18_6 Pin=R64-1
Added Pin To Net: NetName=NetK18_6 Pin=R78-2
Added Pin To Net: NetName=NetK18_6 Pin=R79-1
Added Net: Name=NetK18_6
Added Pin To Net: NetName=NetK19_3 Pin=K19-3
Added Pin To Net: NetName=NetK19_3 Pin=R65-1
Added Pin To Net: NetName=NetK19_3 Pin=R72-2
Added Pin To Net: NetName=NetK19_3 Pin=R73-1
Added Net: Name=NetK19_3
Added Pin To Net: NetName=NetK19_6 Pin=K19-6
Added Pin To Net: NetName=NetK19_6 Pin=R66-1
Added Pin To Net: NetName=NetK19_6 Pin=R79-2
Added Pin To Net: NetName=NetK19_6 Pin=R80-1
Added Net: Name=NetK19_6
Added Pin To Net: NetName=NetK20_3 Pin=K20-3
Added Pin To Net: NetName=NetK20_3 Pin=R67-1
Added Pin To Net: NetName=NetK20_3 Pin=R73-2
Added Pin To Net: NetName=NetK20_3 Pin=R74-1
Added Net: Name=NetK20_3
Added Pin To Net: NetName=NetK20_6 Pin=K20-6
Added Pin To Net: NetName=NetK20_6 Pin=R68-1
Added Pin To Net: NetName=NetK20_6 Pin=R80-2
Added Pin To Net: NetName=NetK20_6 Pin=R81-1
Added Net: Name=NetK20_6
Added Pin To Net: NetName=NetK21_3 Pin=K21-3
Added Pin To Net: NetName=NetK21_3 Pin=R74-2
Added Pin To Net: NetName=NetK21_3 Pin=R75-1
Added Net: Name=NetK21_3
Added Pin To Net: NetName=NetK21_6 Pin=K21-6
Added Pin To Net: NetName=NetK21_6 Pin=R81-2
Added Pin To Net: NetName=NetK21_6 Pin=R82-1
Added Net: Name=NetK21_6
Added Pin To Net: NetName=NetK22_3 Pin=K22-3
Added Pin To Net: NetName=NetK22_3 Pin=R75-2
Added Pin To Net: NetName=NetK22_3 Pin=R76-1
Added Net: Name=NetK22_3
Added Pin To Net: NetName=NetK22_6 Pin=K22-6
Added Pin To Net: NetName=NetK22_6 Pin=R82-2
Added Pin To Net: NetName=NetK22_6 Pin=R83-1
Added Net: Name=NetK22_6
Added Pin To Net: NetName=NetK23_3 Pin=K23-3
Added Pin To Net: NetName=NetK23_3 Pin=R76-2
Added Pin To Net: NetName=NetK23_3 Pin=R77-1
Added Net: Name=NetK23_3
Added Pin To Net: NetName=NetK23_6 Pin=K23-6
Added Pin To Net: NetName=NetK23_6 Pin=R83-2
Added Pin To Net: NetName=NetK23_6 Pin=R84-1
Added Net: Name=NetK23_6
Added Pin To Net: NetName=NetK24_3 Pin=K24-3
Added Pin To Net: NetName=NetK24_3 Pin=R69-1
Added Pin To Net: NetName=NetK24_3 Pin=R77-2
Added Net: Name=NetK24_3
Added Pin To Net: NetName=NetK24_6 Pin=K24-6
Added Pin To Net: NetName=NetK24_6 Pin=R70-1
Added Pin To Net: NetName=NetK24_6 Pin=R84-2
Added Net: Name=NetK24_6
Added Net: Name=NetMCP1_1
Added Net: Name=NetMCP1_2
Added Net: Name=NetMCP1_3
Added Net: Name=NetMCP1_4
Added Net: Name=NetMCP1_17
Added Net: Name=NetMCP1_18
Added Net: Name=NetMCP1_19
Added Net: Name=NetMCP1_20
Added Net: Name=NetMCP1_21
Added Net: Name=NetMCP1_22
Added Net: Name=NetMCP1_23
Added Net: Name=NetMCP1_24
Added Net: Name=NetMCP1_25
Added Net: Name=NetMCP1_26
Added Net: Name=NetMCP1_27
Added Net: Name=NetMCP1_28
Added Net: Name=NetMCP2_17
Added Net: Name=NetMCP2_18
Added Net: Name=NetMCP2_19
Added Net: Name=NetMCP2_20
Added Net: Name=NetMCP2_21
Added Net: Name=NetMCP2_22
Added Net: Name=NetMCP2_23
Added Net: Name=NetMCP2_24
Added Pin To Net: NetName=NetR18_2 Pin=R18-2
Added Pin To Net: NetName=NetR18_2 Pin=U1-6
Added Net: Name=NetR18_2
Added Pin To Net: NetName=NetR23_2 Pin=R23-2
Added Pin To Net: NetName=NetR23_2 Pin=U1-12
Added Net: Name=NetR23_2
Added Pin To Net: NetName=NetR24_2 Pin=R24-2
Added Pin To Net: NetName=NetR24_2 Pin=U1-13
Added Net: Name=NetR24_2
Added Pin To Net: NetName=NetR25_2 Pin=R25-2
Added Pin To Net: NetName=NetR25_2 Pin=U1-15
Added Net: Name=NetR25_2
Added Pin To Net: NetName=R11 Pin=K1-8
Added Net: Name=R11
Added Pin To Net: NetName=R12 Pin=K2-8
Added Net: Name=R12
Added Pin To Net: NetName=R13 Pin=K3-8
Added Net: Name=R13
Added Pin To Net: NetName=R14 Pin=K4-8
Added Net: Name=R14
Added Pin To Net: NetName=R15 Pin=K5-8
Added Net: Name=R15
Added Pin To Net: NetName=R16 Pin=K6-8
Added Net: Name=R16
Added Pin To Net: NetName=R17 Pin=K7-8
Added Net: Name=R17
Added Pin To Net: NetName=R18 Pin=K8-8
Added Net: Name=R18
Added Pin To Net: NetName=R21 Pin=K9-8
Added Net: Name=R21
Added Pin To Net: NetName=R22 Pin=K10-8
Added Net: Name=R22
Added Pin To Net: NetName=R23 Pin=K11-8
Added Net: Name=R23
Added Pin To Net: NetName=R24 Pin=K12-8
Added Net: Name=R24
Added Pin To Net: NetName=R25 Pin=K13-8
Added Net: Name=R25
Added Pin To Net: NetName=R26 Pin=K14-8
Added Net: Name=R26
Added Pin To Net: NetName=R27 Pin=K15-8
Added Net: Name=R27
Added Pin To Net: NetName=R28 Pin=K16-8
Added Net: Name=R28
Added Pin To Net: NetName=R31 Pin=K17-8
Added Net: Name=R31
Added Pin To Net: NetName=R32 Pin=K18-8
Added Net: Name=R32
Added Pin To Net: NetName=R33 Pin=K19-8
Added Net: Name=R33
Added Pin To Net: NetName=R34 Pin=K20-8
Added Net: Name=R34
Added Pin To Net: NetName=R35 Pin=K21-8
Added Net: Name=R35
Added Pin To Net: NetName=R36 Pin=K22-8
Added Net: Name=R36
Added Pin To Net: NetName=R37 Pin=K23-8
Added Net: Name=R37
Added Pin To Net: NetName=R38 Pin=K24-8
Added Net: Name=R38
Added Pin To Net: NetName=R\E\S\E\T\ Pin=P3-10
Added Pin To Net: NetName=R\E\S\E\T\ Pin=P4-10
Added Pin To Net: NetName=R\E\S\E\T\ Pin=R19-2
Added Pin To Net: NetName=R\E\S\E\T\ Pin=U1-25
Added Net: Name=R\E\S\E\T\
Added Pin To Net: NetName=S\S\ Pin=P3-8
Added Pin To Net: NetName=S\S\ Pin=P4-8
Added Pin To Net: NetName=S\S\ Pin=R23-1
Added Net: Name=S\S\
Added Pin To Net: NetName=SCK Pin=P3-6
Added Pin To Net: NetName=SCK Pin=P4-6
Added Pin To Net: NetName=SCK Pin=R25-1
Added Net: Name=SCK
Added Pin To Net: NetName=SCL Pin=R22-2
Added Pin To Net: NetName=SCL Pin=U1-24
Added Net: Name=SCL
Added Pin To Net: NetName=SDA Pin=R21-2
Added Pin To Net: NetName=SDA Pin=U1-23
Added Net: Name=SDA
Added Class: Name=SW
