Removed Pin From Net: NetName=Bc21 Pin=K9-2
Removed Pin From Net: NetName=Bd21 Pin=K9-4
Removed Pin From Net: NetName=Ad21 Pin=K9-5
Removed Pin From Net: NetName=Ac21 Pin=K9-7
Removed Pin From Net: NetName=Bc22 Pin=K10-2
Removed Pin From Net: NetName=Bd22 Pin=K10-4
Removed Pin From Net: NetName=Ad22 Pin=K10-5
Removed Pin From Net: NetName=Ac22 Pin=K10-7
Removed Pin From Net: NetName=Bc23 Pin=K11-2
Removed Pin From Net: NetName=Bd23 Pin=K11-4
Removed Pin From Net: NetName=Ad23 Pin=K11-5
Removed Pin From Net: NetName=Ac23 Pin=K11-7
Removed Pin From Net: NetName=Bc24 Pin=K12-2
Removed Pin From Net: NetName=Bd24 Pin=K12-4
Removed Pin From Net: NetName=Ad24 Pin=K12-5
Removed Pin From Net: NetName=Ac24 Pin=K12-7
Removed Pin From Net: NetName=Bd25 Pin=K13-4
Removed Pin From Net: NetName=Ad25 Pin=K13-5
Removed Pin From Net: NetName=Bd26 Pin=K14-4
Removed Pin From Net: NetName=Ad26 Pin=K14-5
Removed Pin From Net: NetName=Bd27 Pin=K15-4
Removed Pin From Net: NetName=Ad27 Pin=K15-5
Removed Pin From Net: NetName=Bd28 Pin=K16-4
Removed Pin From Net: NetName=Ad28 Pin=K16-5
Removed Pin From Net: NetName=A2 Pin=R25-1
Removed Pin From Net: NetName=B2 Pin=R26-1
Removed Pin From Net: NetName=Bs21 Pin=R27-2
Removed Pin From Net: NetName=As21 Pin=R28-2
Removed Pin From Net: NetName=Bs22 Pin=R29-2
Removed Pin From Net: NetName=As22 Pin=R30-2
Removed Pin From Net: NetName=Bs23 Pin=R31-2
Removed Pin From Net: NetName=As23 Pin=R32-2
Removed Pin From Net: NetName=Bs24 Pin=R33-2
Removed Pin From Net: NetName=As24 Pin=R34-2
Removed Pin From Net: NetName=Bs28 Pin=R35-2
Removed Pin From Net: NetName=As28 Pin=R36-2
Added Pin To Net: NetName=Ac21 Pin=K9-2
Added Pin To Net: NetName=Ad21 Pin=K9-4
Added Pin To Net: NetName=Bd21 Pin=K9-5
Added Pin To Net: NetName=Bc21 Pin=K9-7
Added Pin To Net: NetName=Ac22 Pin=K10-2
Added Pin To Net: NetName=Ad22 Pin=K10-4
Added Pin To Net: NetName=Bd22 Pin=K10-5
Added Pin To Net: NetName=Bc22 Pin=K10-7
Added Pin To Net: NetName=Ac23 Pin=K11-2
Added Pin To Net: NetName=Ad23 Pin=K11-4
Added Pin To Net: NetName=Bd23 Pin=K11-5
Added Pin To Net: NetName=Bc23 Pin=K11-7
Added Pin To Net: NetName=Ac24 Pin=K12-2
Added Pin To Net: NetName=Ad24 Pin=K12-4
Added Pin To Net: NetName=Bd24 Pin=K12-5
Added Pin To Net: NetName=Bc24 Pin=K12-7
Added Pin To Net: NetName=Ad25 Pin=K13-4
Added Pin To Net: NetName=Bd25 Pin=K13-5
Added Pin To Net: NetName=Ad26 Pin=K14-4
Added Pin To Net: NetName=Bd26 Pin=K14-5
Added Pin To Net: NetName=Ad27 Pin=K15-4
Added Pin To Net: NetName=Bd27 Pin=K15-5
Added Pin To Net: NetName=Ad28 Pin=K16-4
Added Pin To Net: NetName=Bd28 Pin=K16-5
Added Pin To Net: NetName=B2 Pin=R25-1
Added Pin To Net: NetName=A2 Pin=R26-1
Added Pin To Net: NetName=As21 Pin=R27-2
Added Pin To Net: NetName=Bs21 Pin=R28-2
Added Pin To Net: NetName=As22 Pin=R29-2
Added Pin To Net: NetName=Bs22 Pin=R30-2
Added Pin To Net: NetName=As23 Pin=R31-2
Added Pin To Net: NetName=Bs23 Pin=R32-2
Added Pin To Net: NetName=As24 Pin=R33-2
Added Pin To Net: NetName=Bs24 Pin=R34-2
Added Pin To Net: NetName=As28 Pin=R35-2
Added Pin To Net: NetName=Bs28 Pin=R36-2
Change Net Name : Old Net Name=A2 New Net Name=B2
Change Net Name : Old Net Name=B2 New Net Name=A2
