Removed Pin From Net: NetName=As41 Pin=P11-1
Removed Pin From Net: NetName=Ad41 Pin=P11-2
Removed Pin From Net: NetName=Ac41 Pin=P11-3
Removed Pin From Net: NetName=AGND4 Pin=P11-4
Removed Pin From Net: NetName=Bs41 Pin=P11-5
Removed Pin From Net: NetName=Bd41 Pin=P11-6
Removed Pin From Net: NetName=Bc41 Pin=P11-7
Removed Pin From Net: NetName=AGND4 Pin=P11-8
Removed Pin From Net: NetName=As42 Pin=P11-9
Removed Pin From Net: NetName=Ad42 Pin=P11-10
Removed Pin From Net: NetName=Ac42 Pin=P11-11
Removed Pin From Net: NetName=AGND4 Pin=P11-12
Removed Pin From Net: NetName=Bs42 Pin=P11-13
Removed Pin From Net: NetName=Bd42 Pin=P11-14
Removed Pin From Net: NetName=Bc42 Pin=P11-15
Removed Pin From Net: NetName=AGND4 Pin=P11-16
Removed Pin From Net: NetName=As43 Pin=P11-17
Removed Pin From Net: NetName=Ad43 Pin=P11-18
Removed Pin From Net: NetName=Ac43 Pin=P11-19
Removed Pin From Net: NetName=AGND4 Pin=P11-20
Removed Pin From Net: NetName=Bs43 Pin=P11-21
Removed Pin From Net: NetName=Bd43 Pin=P11-22
Removed Pin From Net: NetName=Bc43 Pin=P11-23
Removed Pin From Net: NetName=AGND4 Pin=P11-24
Removed Pin From Net: NetName=As44 Pin=P11-25
Removed Pin From Net: NetName=Ad44 Pin=P11-26
Removed Pin From Net: NetName=Ac44 Pin=P11-27
Removed Pin From Net: NetName=AGND4 Pin=P11-28
Removed Pin From Net: NetName=Bs44 Pin=P11-29
Removed Pin From Net: NetName=Bd44 Pin=P11-30
Removed Pin From Net: NetName=Bc44 Pin=P11-31
Removed Pin From Net: NetName=AGND4 Pin=P11-32
Removed Pin From Net: NetName=As45 Pin=P11-33
Removed Pin From Net: NetName=Ad45 Pin=P11-34
Removed Pin From Net: NetName=Ac45 Pin=P11-35
Removed Pin From Net: NetName=AGND4 Pin=P11-36
Removed Pin From Net: NetName=Bs45 Pin=P11-37
Removed Pin From Net: NetName=Bd45 Pin=P11-38
Removed Pin From Net: NetName=Bc45 Pin=P11-39
Removed Pin From Net: NetName=AGND4 Pin=P11-40
Removed Pin From Net: NetName=As46 Pin=P11-41
Removed Pin From Net: NetName=Ad46 Pin=P11-42
Removed Pin From Net: NetName=Ac46 Pin=P11-43
Removed Pin From Net: NetName=AGND4 Pin=P11-44
Removed Pin From Net: NetName=Bs46 Pin=P11-45
Removed Pin From Net: NetName=Bd46 Pin=P11-46
Removed Pin From Net: NetName=Bc46 Pin=P11-47
Removed Pin From Net: NetName=AGND4 Pin=P11-48
Removed Member From Class: ClassName=SW Member=P11
Added Component: Designator=P?(HDR2X24)
Add component (AddParameter): Name = "LatestRevisionDate"; Value = "17-Jul-2002"; VariantName = "[No Variations]"
Add component (AddParameter): Name = "LatestRevisionNote"; Value = "Re-released for DXP Platform."; VariantName = "[No Variations]"
Add component (AddParameter): Name = "Publisher"; Value = "Altium Limited"; VariantName = "[No Variations]"
Added Pin To Net: NetName=Ad41 Pin=P?-1
Added Pin To Net: NetName=As41 Pin=P?-2
Added Pin To Net: NetName=AGND4 Pin=P?-3
Added Pin To Net: NetName=Ac41 Pin=P?-4
Added Pin To Net: NetName=Bd41 Pin=P?-5
Added Pin To Net: NetName=Bs41 Pin=P?-6
Added Pin To Net: NetName=AGND4 Pin=P?-7
Added Pin To Net: NetName=Bc41 Pin=P?-8
Added Pin To Net: NetName=Ad42 Pin=P?-9
Added Pin To Net: NetName=As42 Pin=P?-10
Added Pin To Net: NetName=AGND4 Pin=P?-11
Added Pin To Net: NetName=Ac42 Pin=P?-12
Added Pin To Net: NetName=Bd42 Pin=P?-13
Added Pin To Net: NetName=Bs42 Pin=P?-14
Added Pin To Net: NetName=AGND4 Pin=P?-15
Added Pin To Net: NetName=Bc42 Pin=P?-16
Added Pin To Net: NetName=Ad43 Pin=P?-17
Added Pin To Net: NetName=As43 Pin=P?-18
Added Pin To Net: NetName=AGND4 Pin=P?-19
Added Pin To Net: NetName=Ac43 Pin=P?-20
Added Pin To Net: NetName=Bd43 Pin=P?-21
Added Pin To Net: NetName=Bs43 Pin=P?-22
Added Pin To Net: NetName=AGND4 Pin=P?-23
Added Pin To Net: NetName=Bc43 Pin=P?-24
Added Pin To Net: NetName=Ad44 Pin=P?-25
Added Pin To Net: NetName=As44 Pin=P?-26
Added Pin To Net: NetName=AGND4 Pin=P?-27
Added Pin To Net: NetName=Ac44 Pin=P?-28
Added Pin To Net: NetName=Bd44 Pin=P?-29
Added Pin To Net: NetName=Bs44 Pin=P?-30
Added Pin To Net: NetName=AGND4 Pin=P?-31
Added Pin To Net: NetName=Bc44 Pin=P?-32
Added Pin To Net: NetName=Ad45 Pin=P?-33
Added Pin To Net: NetName=As45 Pin=P?-34
Added Pin To Net: NetName=AGND4 Pin=P?-35
Added Pin To Net: NetName=Ac45 Pin=P?-36
Added Pin To Net: NetName=Bd45 Pin=P?-37
Added Pin To Net: NetName=Bs45 Pin=P?-38
Added Pin To Net: NetName=AGND4 Pin=P?-39
Added Pin To Net: NetName=Bc45 Pin=P?-40
Added Pin To Net: NetName=Ad46 Pin=P?-41
Added Pin To Net: NetName=As46 Pin=P?-42
Added Pin To Net: NetName=AGND4 Pin=P?-43
Added Pin To Net: NetName=Ac46 Pin=P?-44
Added Pin To Net: NetName=Bd46 Pin=P?-45
Added Pin To Net: NetName=Bs46 Pin=P?-46
Added Pin To Net: NetName=AGND4 Pin=P?-47
Added Pin To Net: NetName=Bc46 Pin=P?-48
Added Member To Class: ClassName=SW Member=Component P? Header 24X2
