Removed Pin From Net: NetName=Bc41 Pin=K25-2
Removed Pin From Net: NetName=Bs41 Pin=K25-3
Removed Pin From Net: NetName=Bd41 Pin=K25-4
Removed Pin From Net: NetName=Ad41 Pin=K25-5
Removed Pin From Net: NetName=As41 Pin=K25-6
Removed Pin From Net: NetName=Ac41 Pin=K25-7
Removed Pin From Net: NetName=Bc42 Pin=K26-2
Removed Pin From Net: NetName=Bs42 Pin=K26-3
Removed Pin From Net: NetName=Bd42 Pin=K26-4
Removed Pin From Net: NetName=Ad42 Pin=K26-5
Removed Pin From Net: NetName=As42 Pin=K26-6
Removed Pin From Net: NetName=Ac42 Pin=K26-7
Removed Pin From Net: NetName=Bc43 Pin=K27-2
Removed Pin From Net: NetName=Bs43 Pin=K27-3
Removed Pin From Net: NetName=Bd43 Pin=K27-4
Removed Pin From Net: NetName=Ad43 Pin=K27-5
Removed Pin From Net: NetName=As43 Pin=K27-6
Removed Pin From Net: NetName=Ac43 Pin=K27-7
Removed Pin From Net: NetName=Bc44 Pin=K28-2
Removed Pin From Net: NetName=Bs44 Pin=K28-3
Removed Pin From Net: NetName=Bd44 Pin=K28-4
Removed Pin From Net: NetName=Ad44 Pin=K28-5
Removed Pin From Net: NetName=As44 Pin=K28-6
Removed Pin From Net: NetName=Ac44 Pin=K28-7
Removed Pin From Net: NetName=Bc45 Pin=K29-2
Removed Pin From Net: NetName=Bs45 Pin=K29-3
Removed Pin From Net: NetName=Bd45 Pin=K29-4
Removed Pin From Net: NetName=Ad45 Pin=K29-5
Removed Pin From Net: NetName=As45 Pin=K29-6
Removed Pin From Net: NetName=Ac45 Pin=K29-7
Removed Pin From Net: NetName=Bc46 Pin=K30-2
Removed Pin From Net: NetName=Bs46 Pin=K30-3
Removed Pin From Net: NetName=Bd46 Pin=K30-4
Removed Pin From Net: NetName=Ad46 Pin=K30-5
Removed Pin From Net: NetName=As46 Pin=K30-6
Removed Pin From Net: NetName=Ac46 Pin=K30-7
Added Pin To Net: NetName=Bc46 Pin=K25-2
Added Pin To Net: NetName=Bs46 Pin=K25-3
Added Pin To Net: NetName=Bd46 Pin=K25-4
Added Pin To Net: NetName=Ad46 Pin=K25-5
Added Pin To Net: NetName=As46 Pin=K25-6
Added Pin To Net: NetName=Ac46 Pin=K25-7
Added Pin To Net: NetName=Bc45 Pin=K26-2
Added Pin To Net: NetName=Bs45 Pin=K26-3
Added Pin To Net: NetName=Bd45 Pin=K26-4
Added Pin To Net: NetName=Ad45 Pin=K26-5
Added Pin To Net: NetName=As45 Pin=K26-6
Added Pin To Net: NetName=Ac45 Pin=K26-7
Added Pin To Net: NetName=Bc44 Pin=K27-2
Added Pin To Net: NetName=Bs44 Pin=K27-3
Added Pin To Net: NetName=Bd44 Pin=K27-4
Added Pin To Net: NetName=Ad44 Pin=K27-5
Added Pin To Net: NetName=As44 Pin=K27-6
Added Pin To Net: NetName=Ac44 Pin=K27-7
Added Pin To Net: NetName=Bc43 Pin=K28-2
Added Pin To Net: NetName=Bs43 Pin=K28-3
Added Pin To Net: NetName=Bd43 Pin=K28-4
Added Pin To Net: NetName=Ad43 Pin=K28-5
Added Pin To Net: NetName=As43 Pin=K28-6
Added Pin To Net: NetName=Ac43 Pin=K28-7
Added Pin To Net: NetName=Bc42 Pin=K29-2
Added Pin To Net: NetName=Bs42 Pin=K29-3
Added Pin To Net: NetName=Bd42 Pin=K29-4
Added Pin To Net: NetName=Ad42 Pin=K29-5
Added Pin To Net: NetName=As42 Pin=K29-6
Added Pin To Net: NetName=Ac42 Pin=K29-7
Added Pin To Net: NetName=Bc41 Pin=K30-2
Added Pin To Net: NetName=Bs41 Pin=K30-3
Added Pin To Net: NetName=Bd41 Pin=K30-4
Added Pin To Net: NetName=Ad41 Pin=K30-5
Added Pin To Net: NetName=As41 Pin=K30-6
Added Pin To Net: NetName=Ac41 Pin=K30-7
Added Room: Name=SW
