Removed Pin From Net: NetName=As41 Pin=P?-1
Removed Pin From Net: NetName=Ad41 Pin=P?-2
Removed Pin From Net: NetName=Ac41 Pin=P?-3
Removed Pin From Net: NetName=Bs41 Pin=P?-5
Removed Pin From Net: NetName=Bd41 Pin=P?-6
Removed Pin From Net: NetName=Bc41 Pin=P?-7
Removed Pin From Net: NetName=As42 Pin=P?-9
Removed Pin From Net: NetName=Ad42 Pin=P?-10
Removed Pin From Net: NetName=Ac42 Pin=P?-11
Removed Pin From Net: NetName=Bs42 Pin=P?-13
Removed Pin From Net: NetName=Bd42 Pin=P?-14
Removed Pin From Net: NetName=Bc42 Pin=P?-15
Removed Pin From Net: NetName=As43 Pin=P?-17
Removed Pin From Net: NetName=Ad43 Pin=P?-18
Removed Pin From Net: NetName=Ac43 Pin=P?-19
Removed Pin From Net: NetName=Bs43 Pin=P?-21
Removed Pin From Net: NetName=Bd43 Pin=P?-22
Removed Pin From Net: NetName=Bc43 Pin=P?-23
Removed Pin From Net: NetName=As44 Pin=P?-25
Removed Pin From Net: NetName=Ad44 Pin=P?-26
Removed Pin From Net: NetName=Ac44 Pin=P?-27
Removed Pin From Net: NetName=Bs44 Pin=P?-29
Removed Pin From Net: NetName=Bd44 Pin=P?-30
Removed Pin From Net: NetName=Bc44 Pin=P?-31
Removed Pin From Net: NetName=As45 Pin=P?-33
Removed Pin From Net: NetName=Ad45 Pin=P?-34
Removed Pin From Net: NetName=Ac45 Pin=P?-35
Removed Pin From Net: NetName=Bs45 Pin=P?-37
Removed Pin From Net: NetName=Bd45 Pin=P?-38
Removed Pin From Net: NetName=Bc45 Pin=P?-39
Removed Pin From Net: NetName=As46 Pin=P?-41
Removed Pin From Net: NetName=Ad46 Pin=P?-42
Removed Pin From Net: NetName=Ac46 Pin=P?-43
Removed Pin From Net: NetName=Bs46 Pin=P?-45
Removed Pin From Net: NetName=Bd46 Pin=P?-46
Removed Pin From Net: NetName=Bc46 Pin=P?-47
Added Pin To Net: NetName=Bs41 Pin=P?-1
Added Pin To Net: NetName=Bd41 Pin=P?-2
Added Pin To Net: NetName=Bc41 Pin=P?-3
Added Pin To Net: NetName=As41 Pin=P?-5
Added Pin To Net: NetName=Ad41 Pin=P?-6
Added Pin To Net: NetName=Ac41 Pin=P?-7
Added Pin To Net: NetName=Bs42 Pin=P?-9
Added Pin To Net: NetName=Bd42 Pin=P?-10
Added Pin To Net: NetName=Bc42 Pin=P?-11
Added Pin To Net: NetName=As42 Pin=P?-13
Added Pin To Net: NetName=Ad42 Pin=P?-14
Added Pin To Net: NetName=Ac42 Pin=P?-15
Added Pin To Net: NetName=Bs43 Pin=P?-17
Added Pin To Net: NetName=Bd43 Pin=P?-18
Added Pin To Net: NetName=Bc43 Pin=P?-19
Added Pin To Net: NetName=As43 Pin=P?-21
Added Pin To Net: NetName=Ad43 Pin=P?-22
Added Pin To Net: NetName=Ac43 Pin=P?-23
Added Pin To Net: NetName=Bs44 Pin=P?-25
Added Pin To Net: NetName=Bd44 Pin=P?-26
Added Pin To Net: NetName=Bc44 Pin=P?-27
Added Pin To Net: NetName=As44 Pin=P?-29
Added Pin To Net: NetName=Ad44 Pin=P?-30
Added Pin To Net: NetName=Ac44 Pin=P?-31
Added Pin To Net: NetName=Bs45 Pin=P?-33
Added Pin To Net: NetName=Bd45 Pin=P?-34
Added Pin To Net: NetName=Bc45 Pin=P?-35
Added Pin To Net: NetName=As45 Pin=P?-37
Added Pin To Net: NetName=Ad45 Pin=P?-38
Added Pin To Net: NetName=Ac45 Pin=P?-39
Added Pin To Net: NetName=Bs46 Pin=P?-41
Added Pin To Net: NetName=Bd46 Pin=P?-42
Added Pin To Net: NetName=Bc46 Pin=P?-43
Added Pin To Net: NetName=As46 Pin=P?-45
Added Pin To Net: NetName=Ad46 Pin=P?-46
Added Pin To Net: NetName=Ac46 Pin=P?-47
Added Member To Class: ClassName=SW Member=Component K? DPDT
Added Member To Class: ClassName=SW Member=Component K? DPDT
Added Member To Class: ClassName=SW Member=Component K? DPDT
Added Member To Class: ClassName=SW Member=Component K? DPDT
Added Member To Class: ClassName=SW Member=Component K? DPDT
Added Room: Name=SW
